[2015-06-02 11:14:36 -0400] - UpdateStripeCustomerMetadataForMarket - Agricultural Connections (62) - ====================================================================================================
[2015-06-02 11:14:36 -0400] - UpdateStripeCustomerMetadataForMarket - Agricultural Connections (62) -  Agricultural Connections (62)
[2015-06-02 11:14:36 -0400] - UpdateStripeCustomerMetadataForMarket - Agricultural Connections (62) -  Updating stripe customer metadata for Market and all Organizations.
[2015-06-02 11:14:36 -0400] - UpdateStripeCustomerMetadataForMarket - Agricultural Connections (62) - 
[2015-06-02 11:14:36 -0400] - UpdateStripeCustomerMetadataForMarket - Agricultural Connections (62) -  Rails.env: production
[2015-06-02 11:14:36 -0400] - UpdateStripeCustomerMetadataForMarket - Agricultural Connections (62) -  Stripe key: pk_live_j85VTsrz51POrss3ni460qaf
[2015-06-02 11:14:36 -0400] - UpdateStripeCustomerMetadataForMarket - Agricultural Connections (62) - ====================================================================================================
[2015-06-02 11:14:37 -0400] - UpdateStripeCustomerMetadataForMarket - Agricultural Connections (62) - Updating Market's Stripe Customer with {:description=>"Agricultural Connections", :metadata=>{"lo.entity_id"=>62, "lo.entity_type"=>"market"}}
[2015-06-02 11:14:37 -0400] - UpdateStripeCustomerMetadataForMarket - Agricultural Connections (62) - No Stripe Customer linked to 10 Below (4076).
[2015-06-02 11:14:39 -0400] - UpdateStripeCustomerMetadataForMarket - Agricultural Connections (62) - Updating Organization Small Farmers Project (4046)'s Stripe Customer cus_6KyzhedDN0ueBf with {:description=>"Small Farmers Project", :metadata=>{"lo.entity_id"=>4046, "lo.entity_type"=>"organization"}}
[2015-06-02 11:14:40 -0400] - UpdateStripeCustomerMetadataForMarket - Agricultural Connections (62) - Updating Organization Foraged Goods - TS (3926)'s Stripe Customer cus_6I2eni8if8U5Hw with {:description=>"Foraged Goods - TS", :metadata=>{"lo.entity_id"=>3926, "lo.entity_type"=>"organization"}}
[2015-06-02 11:14:41 -0400] - UpdateStripeCustomerMetadataForMarket - Agricultural Connections (62) - Updating Organization DD Ranch (3881)'s Stripe Customer cus_6HFcOKNG9fetuw with {:description=>"DD Ranch", :metadata=>{"lo.entity_id"=>3881, "lo.entity_type"=>"organization"}}
[2015-06-02 11:14:42 -0400] - UpdateStripeCustomerMetadataForMarket - Agricultural Connections (62) - Updating Organization Chow Restaurant (3878)'s Stripe Customer cus_6HDIWB0N3RQZJY with {:description=>"Chow Restaurant", :metadata=>{"lo.entity_id"=>3878, "lo.entity_type"=>"organization"}}
[2015-06-02 11:14:43 -0400] - UpdateStripeCustomerMetadataForMarket - Agricultural Connections (62) - Updating Organization Mill Inn Bed & Breakfast (3832)'s Stripe Customer cus_6GOIvIzL8rGSry with {:description=>"Mill Inn Bed & Breakfast", :metadata=>{"lo.entity_id"=>3832, "lo.entity_type"=>"organization"}}
[2015-06-02 11:14:44 -0400] - UpdateStripeCustomerMetadataForMarket - Agricultural Connections (62) - Updating Organization Pronghorn Golf Resort (3783)'s Stripe Customer cus_6IhMWLa1UyxDgs with {:description=>"Pronghorn Golf Resort", :metadata=>{"lo.entity_id"=>3783, "lo.entity_type"=>"organization"}}
[2015-06-02 11:14:45 -0400] - UpdateStripeCustomerMetadataForMarket - Agricultural Connections (62) - Updating Organization Joolz (3765)'s Stripe Customer cus_6EFAcOokV0yDAG with {:description=>"Joolz", :metadata=>{"lo.entity_id"=>3765, "lo.entity_type"=>"organization"}}
[2015-06-02 11:14:46 -0400] - UpdateStripeCustomerMetadataForMarket - Agricultural Connections (62) - Updating Organization Good Earth Farms (3733)'s Stripe Customer cus_6BzC9OYOygqQQS with {:description=>"Good Earth Farms", :metadata=>{"lo.entity_id"=>3733, "lo.entity_type"=>"organization"}}
[2015-06-02 11:14:47 -0400] - UpdateStripeCustomerMetadataForMarket - Agricultural Connections (62) - Updating Organization Pine Ridge Inn (3679)'s Stripe Customer cus_69vveLguTIB5Jj with {:description=>"Pine Ridge Inn", :metadata=>{"lo.entity_id"=>3679, "lo.entity_type"=>"organization"}}
[2015-06-02 11:14:48 -0400] - UpdateStripeCustomerMetadataForMarket - Agricultural Connections (62) - Updating Organization Josh Podwils (3618)'s Stripe Customer cus_686dgPCtAm0AVq with {:description=>"Josh Podwils", :metadata=>{"lo.entity_id"=>3618, "lo.entity_type"=>"organization"}}
[2015-06-02 11:14:49 -0400] - UpdateStripeCustomerMetadataForMarket - Agricultural Connections (62) - Updating Organization Pronghorn Resort (3617)'s Stripe Customer cus_686ZuQAsLhGHTp with {:description=>"Pronghorn Resort", :metadata=>{"lo.entity_id"=>3617, "lo.entity_type"=>"organization"}}
[2015-06-02 11:14:51 -0400] - UpdateStripeCustomerMetadataForMarket - Agricultural Connections (62) - Updating Organization Fearless Baking (3616)'s Stripe Customer cus_686Qli9H1Y4yv3 with {:description=>"Fearless Baking", :metadata=>{"lo.entity_id"=>3616, "lo.entity_type"=>"organization"}}
[2015-06-02 11:14:52 -0400] - UpdateStripeCustomerMetadataForMarket - Agricultural Connections (62) - Updating Organization The Well Traveled Fork (3615)'s Stripe Customer cus_686OosjtmSl29k with {:description=>"The Well Traveled Fork", :metadata=>{"lo.entity_id"=>3615, "lo.entity_type"=>"organization"}}
[2015-06-02 11:14:52 -0400] - UpdateStripeCustomerMetadataForMarket - Agricultural Connections (62) - No Stripe Customer linked to Tate and Tate Catering (3546).
[2015-06-02 11:14:53 -0400] - UpdateStripeCustomerMetadataForMarket - Agricultural Connections (62) - Updating Organization Jackalope Grill (3540)'s Stripe Customer cus_65thwM342WaxLH with {:description=>"Jackalope Grill", :metadata=>{"lo.entity_id"=>3540, "lo.entity_type"=>"organization"}}
[2015-06-02 11:14:54 -0400] - UpdateStripeCustomerMetadataForMarket - Agricultural Connections (62) - Updating Organization Bean, Pea & the Pumpkin (3539)'s Stripe Customer cus_65ehLZOlXUecp3 with {:description=>"Bean, Pea & the Pumpkin", :metadata=>{"lo.entity_id"=>3539, "lo.entity_type"=>"organization"}}
[2015-06-02 11:14:55 -0400] - UpdateStripeCustomerMetadataForMarket - Agricultural Connections (62) - Updating Organization DumpCity Dumplings (3538)'s Stripe Customer cus_65efSU90eQE56V with {:description=>"DumpCity Dumplings", :metadata=>{"lo.entity_id"=>3538, "lo.entity_type"=>"organization"}}
[2015-06-02 11:14:56 -0400] - UpdateStripeCustomerMetadataForMarket - Agricultural Connections (62) - Updating Organization Central Oregon Locavore (3468)'s Stripe Customer cus_65uKx87sZerljO with {:description=>"Central Oregon Locavore", :metadata=>{"lo.entity_id"=>3468, "lo.entity_type"=>"organization"}}
[2015-06-02 11:14:57 -0400] - UpdateStripeCustomerMetadataForMarket - Agricultural Connections (62) - Updating Organization Sunny Yoga Cafe (3450)'s Stripe Customer cus_62KQjlFzfGtKK1 with {:description=>"Sunny Yoga Cafe", :metadata=>{"lo.entity_id"=>3450, "lo.entity_type"=>"organization"}}
[2015-06-02 11:14:58 -0400] - UpdateStripeCustomerMetadataForMarket - Agricultural Connections (62) - Updating Organization Central Oregon Locavore (3449)'s Stripe Customer cus_62KQvYLXIP0w8k with {:description=>"Central Oregon Locavore", :metadata=>{"lo.entity_id"=>3449, "lo.entity_type"=>"organization"}}
[2015-06-02 11:14:59 -0400] - UpdateStripeCustomerMetadataForMarket - Agricultural Connections (62) - Updating Organization Jackson's Corner - EAST (3381)'s Stripe Customer cus_5zZfjQLJjGMDqQ with {:description=>"Jackson's Corner - EAST", :metadata=>{"lo.entity_id"=>3381, "lo.entity_type"=>"organization"}}
[2015-06-02 11:15:00 -0400] - UpdateStripeCustomerMetadataForMarket - Agricultural Connections (62) - Updating Organization Volcano Veggies (3304)'s Stripe Customer cus_5wygRiru0cotJV with {:description=>"Volcano Veggies", :metadata=>{"lo.entity_id"=>3304, "lo.entity_type"=>"organization"}}
[2015-06-02 11:15:01 -0400] - UpdateStripeCustomerMetadataForMarket - Agricultural Connections (62) - Updating Organization Springbank Farm (3254)'s Stripe Customer cus_5vYY1rUMNwzJtZ with {:description=>"Springbank Farm", :metadata=>{"lo.entity_id"=>3254, "lo.entity_type"=>"organization"}}
[2015-06-02 11:15:02 -0400] - UpdateStripeCustomerMetadataForMarket - Agricultural Connections (62) - Updating Organization Good Food Easy (3101)'s Stripe Customer cus_5uQ5Q7ju4kapsD with {:description=>"Good Food Easy", :metadata=>{"lo.entity_id"=>3101, "lo.entity_type"=>"organization"}}
[2015-06-02 11:15:04 -0400] - UpdateStripeCustomerMetadataForMarket - Agricultural Connections (62) - Updating Organization Windflower Farm (3099)'s Stripe Customer cus_5uQ57T6Jdhmrhz with {:description=>"Windflower Farm", :metadata=>{"lo.entity_id"=>3099, "lo.entity_type"=>"organization"}}
[2015-06-02 11:15:05 -0400] - UpdateStripeCustomerMetadataForMarket - Agricultural Connections (62) - Updating Organization Rainshadow Organics (3098)'s Stripe Customer cus_5uQ5RQOYNGi8HB with {:description=>"Rainshadow Organics", :metadata=>{"lo.entity_id"=>3098, "lo.entity_type"=>"organization"}}
[2015-06-02 11:15:06 -0400] - UpdateStripeCustomerMetadataForMarket - Agricultural Connections (62) - Updating Organization Juniper Jungle Farm (2872)'s Stripe Customer cus_5uQ4sobTfJDmb1 with {:description=>"Juniper Jungle Farm", :metadata=>{"lo.entity_id"=>2872, "lo.entity_type"=>"organization"}}
[2015-06-02 11:15:07 -0400] - UpdateStripeCustomerMetadataForMarket - Agricultural Connections (62) - Updating Organization The Next Season Farm (2871)'s Stripe Customer cus_5uQ47yvCAKupte with {:description=>"The Next Season Farm", :metadata=>{"lo.entity_id"=>2871, "lo.entity_type"=>"organization"}}
[2015-06-02 11:15:08 -0400] - UpdateStripeCustomerMetadataForMarket - Agricultural Connections (62) - Updating Organization Organic Redneck (2870)'s Stripe Customer cus_5uQ4e8suqbIENC with {:description=>"Organic Redneck", :metadata=>{"lo.entity_id"=>2870, "lo.entity_type"=>"organization"}}
[2015-06-02 11:15:09 -0400] - UpdateStripeCustomerMetadataForMarket - Agricultural Connections (62) - Updating Organization Mycological Products (2869)'s Stripe Customer cus_5uQ4d7MZojxZff with {:description=>"Mycological Products", :metadata=>{"lo.entity_id"=>2869, "lo.entity_type"=>"organization"}}
[2015-06-02 11:15:10 -0400] - UpdateStripeCustomerMetadataForMarket - Agricultural Connections (62) - Updating Organization Cinco Estrellas (2621)'s Stripe Customer cus_5uQ5JOhBuBAM7G with {:description=>"Cinco Estrellas", :metadata=>{"lo.entity_id"=>2621, "lo.entity_type"=>"organization"}}
[2015-06-02 11:15:11 -0400] - UpdateStripeCustomerMetadataForMarket - Agricultural Connections (62) - Updating Organization Jackson's Corner - WEST (2620)'s Stripe Customer cus_5uQ5FjWs1wLydZ with {:description=>"Jackson's Corner - WEST", :metadata=>{"lo.entity_id"=>2620, "lo.entity_type"=>"organization"}}
