[2015-06-02 11:10:55 -0400] - UpdateStripeCustomerMetadataForMarket - The Locals Food Hub (2) - ====================================================================================================
[2015-06-02 11:10:55 -0400] - UpdateStripeCustomerMetadataForMarket - The Locals Food Hub (2) -  The Locals Food Hub (2)
[2015-06-02 11:10:55 -0400] - UpdateStripeCustomerMetadataForMarket - The Locals Food Hub (2) -  Updating stripe customer metadata for Market and all Organizations.
[2015-06-02 11:10:55 -0400] - UpdateStripeCustomerMetadataForMarket - The Locals Food Hub (2) - 
[2015-06-02 11:10:55 -0400] - UpdateStripeCustomerMetadataForMarket - The Locals Food Hub (2) -  Rails.env: production
[2015-06-02 11:10:55 -0400] - UpdateStripeCustomerMetadataForMarket - The Locals Food Hub (2) -  Stripe key: pk_live_j85VTsrz51POrss3ni460qaf
[2015-06-02 11:10:55 -0400] - UpdateStripeCustomerMetadataForMarket - The Locals Food Hub (2) - ====================================================================================================
[2015-06-02 11:10:56 -0400] - UpdateStripeCustomerMetadataForMarket - The Locals Food Hub (2) - Updating Market's Stripe Customer with {:description=>"The Locals Food Hub", :metadata=>{"lo.entity_id"=>2, "lo.entity_type"=>"market"}}
[2015-06-02 11:10:57 -0400] - UpdateStripeCustomerMetadataForMarket - The Locals Food Hub (2) - Updating Organization Kent Walker Cheese (3595)'s Stripe Customer cus_66f3t9BIiXe0BD with {:description=>"Kent Walker Cheese", :metadata=>{"lo.entity_id"=>3595, "lo.entity_type"=>"organization"}}
[2015-06-02 11:10:58 -0400] - UpdateStripeCustomerMetadataForMarket - The Locals Food Hub (2) - Updating Organization Geek Eats (3594)'s Stripe Customer cus_66drBhqcVD3mIq with {:description=>"Geek Eats", :metadata=>{"lo.entity_id"=>3594, "lo.entity_type"=>"organization"}}
[2015-06-02 11:10:59 -0400] - UpdateStripeCustomerMetadataForMarket - The Locals Food Hub (2) - Updating Organization Maria's Home Made Country Fare (3592)'s Stripe Customer cus_66dVvqhUOk0t5t with {:description=>"Maria's Home Made Country Fare", :metadata=>{"lo.entity_id"=>3592, "lo.entity_type"=>"organization"}}
[2015-06-02 11:11:00 -0400] - UpdateStripeCustomerMetadataForMarket - The Locals Food Hub (2) - Updating Organization Test Buyer (3403)'s Stripe Customer cus_60iBFluQgy9P8Y with {:description=>"Test Buyer", :metadata=>{"lo.entity_id"=>3403, "lo.entity_type"=>"organization"}}
[2015-06-02 11:11:01 -0400] - UpdateStripeCustomerMetadataForMarket - The Locals Food Hub (2) - Updating Organization Test Farmer (3400)'s Stripe Customer cus_60hFyv3X354tVU with {:description=>"Test Farmer", :metadata=>{"lo.entity_id"=>3400, "lo.entity_type"=>"organization"}}
[2015-06-02 11:11:02 -0400] - UpdateStripeCustomerMetadataForMarket - The Locals Food Hub (2) - Updating Organization The Root Cafe (3358)'s Stripe Customer cus_5ynr5dxO0BJLl1 with {:description=>"The Root Cafe", :metadata=>{"lo.entity_id"=>3358, "lo.entity_type"=>"organization"}}
[2015-06-02 11:11:03 -0400] - UpdateStripeCustomerMetadataForMarket - The Locals Food Hub (2) - Updating Organization Natural State Grillers (1808)'s Stripe Customer cus_5uQ4x2HAYyogsH with {:description=>"Natural State Grillers", :metadata=>{"lo.entity_id"=>1808, "lo.entity_type"=>"organization"}}
[2015-06-02 11:11:04 -0400] - UpdateStripeCustomerMetadataForMarket - The Locals Food Hub (2) - Updating Organization Caney Creek Berry Farm (1674)'s Stripe Customer cus_5uQ4t1ZAJDOagr with {:description=>"Caney Creek Berry Farm", :metadata=>{"lo.entity_id"=>1674, "lo.entity_type"=>"organization"}}
[2015-06-02 11:11:05 -0400] - UpdateStripeCustomerMetadataForMarket - The Locals Food Hub (2) - Updating Organization Rattle's Garden (1633)'s Stripe Customer cus_5uQ4UsOxYXNtjz with {:description=>"Rattle's Garden", :metadata=>{"lo.entity_id"=>1633, "lo.entity_type"=>"organization"}}
[2015-06-02 11:11:06 -0400] - UpdateStripeCustomerMetadataForMarket - The Locals Food Hub (2) - Updating Organization The Locals (3)'s Stripe Customer cus_5uQ4pnRudERPvK with {:description=>"The Locals", :metadata=>{"lo.entity_id"=>3, "lo.entity_type"=>"organization"}}
[2015-06-02 11:11:07 -0400] - UpdateStripeCustomerMetadataForMarket - The Locals Food Hub (2) - Updating Organization Crescent Creek Farm (4)'s Stripe Customer cus_5uQ47SNp1tfkt6 with {:description=>"Crescent Creek Farm", :metadata=>{"lo.entity_id"=>4, "lo.entity_type"=>"organization"}}
[2015-06-02 11:11:08 -0400] - UpdateStripeCustomerMetadataForMarket - The Locals Food Hub (2) - Updating Organization Kings (5)'s Stripe Customer cus_5uQ5DRhzWMri9I with {:description=>"Kings", :metadata=>{"lo.entity_id"=>5, "lo.entity_type"=>"organization"}}
[2015-06-02 11:11:09 -0400] - UpdateStripeCustomerMetadataForMarket - The Locals Food Hub (2) - Updating Organization Zaza's (6)'s Stripe Customer cus_5uQ43hL3DJTbAv with {:description=>"Zaza's", :metadata=>{"lo.entity_id"=>6, "lo.entity_type"=>"organization"}}
[2015-06-02 11:11:10 -0400] - UpdateStripeCustomerMetadataForMarket - The Locals Food Hub (2) - Updating Organization Patio Cafe (7)'s Stripe Customer cus_5uQ4vg2Jba86rd with {:description=>"Patio Cafe", :metadata=>{"lo.entity_id"=>7, "lo.entity_type"=>"organization"}}
[2015-06-02 11:11:11 -0400] - UpdateStripeCustomerMetadataForMarket - The Locals Food Hub (2) - Updating Organization Makin' Bakin' (9)'s Stripe Customer cus_5uQ4Yr5ull1YDq with {:description=>"Makin' Bakin'", :metadata=>{"lo.entity_id"=>9, "lo.entity_type"=>"organization"}}
[2015-06-02 11:11:12 -0400] - UpdateStripeCustomerMetadataForMarket - The Locals Food Hub (2) - Updating Organization The Gathering Place (10)'s Stripe Customer cus_5uQ4E6RrdYkmNL with {:description=>"The Gathering Place", :metadata=>{"lo.entity_id"=>10, "lo.entity_type"=>"organization"}}
[2015-06-02 11:11:13 -0400] - UpdateStripeCustomerMetadataForMarket - The Locals Food Hub (2) - Updating Organization Ratchford (66)'s Stripe Customer cus_5uS7iw1T7ft2B9 with {:description=>"Ratchford", :metadata=>{"lo.entity_id"=>66, "lo.entity_type"=>"organization"}}
[2015-06-02 11:11:14 -0400] - UpdateStripeCustomerMetadataForMarket - The Locals Food Hub (2) - Updating Organization Los Tibiriches (133)'s Stripe Customer cus_5uQ5bQF5ZR0Ica with {:description=>"Los Tibiriches", :metadata=>{"lo.entity_id"=>133, "lo.entity_type"=>"organization"}}
