[2015-06-02 11:07:13 -0400] - UpdateStripeCustomerMetadataForMarket - Aglink Foodservice (70) - ====================================================================================================
[2015-06-02 11:07:13 -0400] - UpdateStripeCustomerMetadataForMarket - Aglink Foodservice (70) -  Aglink Foodservice (70)
[2015-06-02 11:07:13 -0400] - UpdateStripeCustomerMetadataForMarket - Aglink Foodservice (70) -  Updating stripe customer metadata for Market and all Organizations.
[2015-06-02 11:07:13 -0400] - UpdateStripeCustomerMetadataForMarket - Aglink Foodservice (70) - 
[2015-06-02 11:07:13 -0400] - UpdateStripeCustomerMetadataForMarket - Aglink Foodservice (70) -  Rails.env: production
[2015-06-02 11:07:13 -0400] - UpdateStripeCustomerMetadataForMarket - Aglink Foodservice (70) -  Stripe key: pk_live_j85VTsrz51POrss3ni460qaf
[2015-06-02 11:07:13 -0400] - UpdateStripeCustomerMetadataForMarket - Aglink Foodservice (70) - ====================================================================================================
[2015-06-02 11:07:14 -0400] - UpdateStripeCustomerMetadataForMarket - Aglink Foodservice (70) - Updating Market's Stripe Customer with {:description=>"Aglink Foodservice", :metadata=>{"lo.entity_id"=>70, "lo.entity_type"=>"market"}}
[2015-06-02 11:07:15 -0400] - UpdateStripeCustomerMetadataForMarket - Aglink Foodservice (70) - Updating Organization Bonanza Tortilleria (3902)'s Stripe Customer cus_6Hb9xwePKliqzp with {:description=>"Bonanza Tortilleria", :metadata=>{"lo.entity_id"=>3902, "lo.entity_type"=>"organization"}}
[2015-06-02 11:07:16 -0400] - UpdateStripeCustomerMetadataForMarket - Aglink Foodservice (70) - Updating Organization Ewetopia (3901)'s Stripe Customer cus_6HaruklrcfIT07 with {:description=>"Ewetopia", :metadata=>{"lo.entity_id"=>3901, "lo.entity_type"=>"organization"}}
[2015-06-02 11:07:17 -0400] - UpdateStripeCustomerMetadataForMarket - Aglink Foodservice (70) - Updating Organization Sunwest Foods (3900)'s Stripe Customer cus_6HaLIJ7MmgcsLF with {:description=>"Sunwest Foods", :metadata=>{"lo.entity_id"=>3900, "lo.entity_type"=>"organization"}}
[2015-06-02 11:07:18 -0400] - UpdateStripeCustomerMetadataForMarket - Aglink Foodservice (70) - Updating Organization Zepeda Foods (3899)'s Stripe Customer cus_6HZMgiABro9j8a with {:description=>"Zepeda Foods", :metadata=>{"lo.entity_id"=>3899, "lo.entity_type"=>"organization"}}
[2015-06-02 11:07:19 -0400] - UpdateStripeCustomerMetadataForMarket - Aglink Foodservice (70) - Updating Organization Nicolau Farms (3897)'s Stripe Customer cus_6HXf64BGYWxzfs with {:description=>"Nicolau Farms", :metadata=>{"lo.entity_id"=>3897, "lo.entity_type"=>"organization"}}
[2015-06-02 11:07:20 -0400] - UpdateStripeCustomerMetadataForMarket - Aglink Foodservice (70) - Updating Organization Zuckerman Family Farms (3894)'s Stripe Customer cus_6HVKxvESAApFBo with {:description=>"Zuckerman Family Farms", :metadata=>{"lo.entity_id"=>3894, "lo.entity_type"=>"organization"}}
[2015-06-02 11:07:20 -0400] - UpdateStripeCustomerMetadataForMarket - Aglink Foodservice (70) - No Stripe Customer linked to Manteca USD (3815).
[2015-06-02 11:07:20 -0400] - UpdateStripeCustomerMetadataForMarket - Aglink Foodservice (70) - No Stripe Customer linked to Turlock USD (3814).
[2015-06-02 11:07:20 -0400] - UpdateStripeCustomerMetadataForMarket - Aglink Foodservice (70) - No Stripe Customer linked to La Mo's Cafe (3813).
[2015-06-02 11:07:20 -0400] - UpdateStripeCustomerMetadataForMarket - Aglink Foodservice (70) - No Stripe Customer linked to Joe On The Go Cafe  (3812).
[2015-06-02 11:07:21 -0400] - UpdateStripeCustomerMetadataForMarket - Aglink Foodservice (70) - Updating Organization Del Mar Farms (3810)'s Stripe Customer cus_6FIfe82t7pdDRL with {:description=>"Del Mar Farms", :metadata=>{"lo.entity_id"=>3810, "lo.entity_type"=>"organization"}}
[2015-06-02 11:07:22 -0400] - UpdateStripeCustomerMetadataForMarket - Aglink Foodservice (70) - Updating Organization Magnolia Citrus (3809)'s Stripe Customer cus_6FIdyLLsQfZEkx with {:description=>"Magnolia Citrus", :metadata=>{"lo.entity_id"=>3809, "lo.entity_type"=>"organization"}}
[2015-06-02 11:07:23 -0400] - UpdateStripeCustomerMetadataForMarket - Aglink Foodservice (70) - Updating Organization Live Oak Farms (3735)'s Stripe Customer cus_6CIMEKNsdvrsmE with {:description=>"Live Oak Farms", :metadata=>{"lo.entity_id"=>3735, "lo.entity_type"=>"organization"}}
[2015-06-02 11:07:24 -0400] - UpdateStripeCustomerMetadataForMarket - Aglink Foodservice (70) - Updating Organization Dave's Meat Service (3359)'s Stripe Customer cus_5ynr84sZg3wjXA with {:description=>"Dave's Meat Service", :metadata=>{"lo.entity_id"=>3359, "lo.entity_type"=>"organization"}}
[2015-06-02 11:07:25 -0400] - UpdateStripeCustomerMetadataForMarket - Aglink Foodservice (70) - Updating Organization Doreva Produce (3303)'s Stripe Customer cus_5wy6AifhPkNg15 with {:description=>"Doreva Produce", :metadata=>{"lo.entity_id"=>3303, "lo.entity_type"=>"organization"}}
[2015-06-02 11:07:26 -0400] - UpdateStripeCustomerMetadataForMarket - Aglink Foodservice (70) - Updating Organization Jelly Ranch  (3302)'s Stripe Customer cus_5wxzXPU2ivvWZy with {:description=>"Jelly Ranch ", :metadata=>{"lo.entity_id"=>3302, "lo.entity_type"=>"organization"}}
[2015-06-02 11:07:27 -0400] - UpdateStripeCustomerMetadataForMarket - Aglink Foodservice (70) - Updating Organization Ratto Bros (3164)'s Stripe Customer cus_5uQ5cw6GFXlnmm with {:description=>"Ratto Bros", :metadata=>{"lo.entity_id"=>3164, "lo.entity_type"=>"organization"}}
[2015-06-02 11:07:28 -0400] - UpdateStripeCustomerMetadataForMarket - Aglink Foodservice (70) - Updating Organization SunWest Fruit Company (3129)'s Stripe Customer cus_5uQ5eV6fImhBPD with {:description=>"SunWest Fruit Company", :metadata=>{"lo.entity_id"=>3129, "lo.entity_type"=>"organization"}}
[2015-06-02 11:07:29 -0400] - UpdateStripeCustomerMetadataForMarket - Aglink Foodservice (70) - Updating Organization Burroughs Family Farms (3003)'s Stripe Customer cus_5uQ6BSAg5qFNmt with {:description=>"Burroughs Family Farms", :metadata=>{"lo.entity_id"=>3003, "lo.entity_type"=>"organization"}}
[2015-06-02 11:07:30 -0400] - UpdateStripeCustomerMetadataForMarket - Aglink Foodservice (70) - Updating Organization Commonwealth Pub (2969)'s Stripe Customer cus_5uQ59gXTtZiK1N with {:description=>"Commonwealth Pub", :metadata=>{"lo.entity_id"=>2969, "lo.entity_type"=>"organization"}}
[2015-06-02 11:07:31 -0400] - UpdateStripeCustomerMetadataForMarket - Aglink Foodservice (70) - Updating Organization Top Line Milk (2891)'s Stripe Customer cus_5uQ4KeekjmGXK0 with {:description=>"Top Line Milk", :metadata=>{"lo.entity_id"=>2891, "lo.entity_type"=>"organization"}}
