[2015-06-02 11:06:12 -0400] - UpdateStripeCustomerMetadataForMarket - Forest Agriculture Enterprises (45) - ====================================================================================================
[2015-06-02 11:06:12 -0400] - UpdateStripeCustomerMetadataForMarket - Forest Agriculture Enterprises (45) -  Forest Agriculture Enterprises (45)
[2015-06-02 11:06:12 -0400] - UpdateStripeCustomerMetadataForMarket - Forest Agriculture Enterprises (45) -  Updating stripe customer metadata for Market and all Organizations.
[2015-06-02 11:06:12 -0400] - UpdateStripeCustomerMetadataForMarket - Forest Agriculture Enterprises (45) - 
[2015-06-02 11:06:12 -0400] - UpdateStripeCustomerMetadataForMarket - Forest Agriculture Enterprises (45) -  Rails.env: production
[2015-06-02 11:06:12 -0400] - UpdateStripeCustomerMetadataForMarket - Forest Agriculture Enterprises (45) -  Stripe key: pk_live_j85VTsrz51POrss3ni460qaf
[2015-06-02 11:06:12 -0400] - UpdateStripeCustomerMetadataForMarket - Forest Agriculture Enterprises (45) - ====================================================================================================
[2015-06-02 11:06:13 -0400] - UpdateStripeCustomerMetadataForMarket - Forest Agriculture Enterprises (45) - Updating Market's Stripe Customer with {:description=>"Forest Agriculture Enterprises", :metadata=>{"lo.entity_id"=>45, "lo.entity_type"=>"market"}}
[2015-06-02 11:06:13 -0400] - UpdateStripeCustomerMetadataForMarket - Forest Agriculture Enterprises (45) - No Stripe Customer linked to Homestead Hill Farm & Nursery (4047).
[2015-06-02 11:06:13 -0400] - UpdateStripeCustomerMetadataForMarket - Forest Agriculture Enterprises (45) - No Stripe Customer linked to RR Agriculture LLC (3972).
[2015-06-02 11:06:13 -0400] - UpdateStripeCustomerMetadataForMarket - Forest Agriculture Enterprises (45) - No Stripe Customer linked to Aaron Gobel (3963).
[2015-06-02 11:06:13 -0400] - UpdateStripeCustomerMetadataForMarket - Forest Agriculture Enterprises (45) - No Stripe Customer linked to Dry Creek Farm (3895).
[2015-06-02 11:06:13 -0400] - UpdateStripeCustomerMetadataForMarket - Forest Agriculture Enterprises (45) - No Stripe Customer linked to Amy Frick (3893).
[2015-06-02 11:06:13 -0400] - UpdateStripeCustomerMetadataForMarket - Forest Agriculture Enterprises (45) - No Stripe Customer linked to Mike Parish (3891).
[2015-06-02 11:06:13 -0400] - UpdateStripeCustomerMetadataForMarket - Forest Agriculture Enterprises (45) - No Stripe Customer linked to Bare foot design (3842).
[2015-06-02 11:06:13 -0400] - UpdateStripeCustomerMetadataForMarket - Forest Agriculture Enterprises (45) - No Stripe Customer linked to Faison Zutavern (3800).
[2015-06-02 11:06:13 -0400] - UpdateStripeCustomerMetadataForMarket - Forest Agriculture Enterprises (45) - No Stripe Customer linked to NC (3768).
[2015-06-02 11:06:14 -0400] - UpdateStripeCustomerMetadataForMarket - Forest Agriculture Enterprises (45) - Updating Organization 608 Community Supported Kitchen (3730)'s Stripe Customer cus_6BxlCFqgM4UFoU with {:description=>"608 Community Supported Kitchen", :metadata=>{"lo.entity_id"=>3730, "lo.entity_type"=>"organization"}}
[2015-06-02 11:06:14 -0400] - UpdateStripeCustomerMetadataForMarket - Forest Agriculture Enterprises (45) - No Stripe Customer linked to Helen's Hazelnuts (3728).
[2015-06-02 11:06:14 -0400] - UpdateStripeCustomerMetadataForMarket - Forest Agriculture Enterprises (45) - No Stripe Customer linked to David Jacobus, Esq.  (3665).
[2015-06-02 11:06:14 -0400] - UpdateStripeCustomerMetadataForMarket - Forest Agriculture Enterprises (45) - No Stripe Customer linked to Wilbur Davis Studios (3614).
[2015-06-02 11:06:14 -0400] - UpdateStripeCustomerMetadataForMarket - Forest Agriculture Enterprises (45) - No Stripe Customer linked to The Balanced Body (3612).
[2015-06-02 11:06:14 -0400] - UpdateStripeCustomerMetadataForMarket - Forest Agriculture Enterprises (45) - No Stripe Customer linked to P & S Solutions Inc (3610).
[2015-06-02 11:06:16 -0400] - UpdateStripeCustomerMetadataForMarket - Forest Agriculture Enterprises (45) - Updating Organization Colleen T. Bell (3572)'s Stripe Customer cus_66FfRJ0ZeguO87 with {:description=>"Colleen T. Bell", :metadata=>{"lo.entity_id"=>3572, "lo.entity_type"=>"organization"}}
[2015-06-02 11:06:16 -0400] - UpdateStripeCustomerMetadataForMarket - Forest Agriculture Enterprises (45) - No Stripe Customer linked to The Farm on Cragged Mountain LLC. (3535).
[2015-06-02 11:06:16 -0400] - UpdateStripeCustomerMetadataForMarket - Forest Agriculture Enterprises (45) - No Stripe Customer linked to Clear Creek Organics (3497).
[2015-06-02 11:06:17 -0400] - UpdateStripeCustomerMetadataForMarket - Forest Agriculture Enterprises (45) - Updating Organization Sam Spiczka (3496)'s Stripe Customer cus_63zhO82vxzcNWo with {:description=>"Sam Spiczka", :metadata=>{"lo.entity_id"=>3496, "lo.entity_type"=>"organization"}}
[2015-06-02 11:06:17 -0400] - UpdateStripeCustomerMetadataForMarket - Forest Agriculture Enterprises (45) - No Stripe Customer linked to Prospect Rock Permaculture (3478).
[2015-06-02 11:06:17 -0400] - UpdateStripeCustomerMetadataForMarket - Forest Agriculture Enterprises (45) - No Stripe Customer linked to Full Cirle Farm (3453).
[2015-06-02 11:06:17 -0400] - UpdateStripeCustomerMetadataForMarket - Forest Agriculture Enterprises (45) - No Stripe Customer linked to Ronald Rafferty (3436).
[2015-06-02 11:06:18 -0400] - UpdateStripeCustomerMetadataForMarket - Forest Agriculture Enterprises (45) - Updating Organization Kb (3432)'s Stripe Customer cus_61p6xny5Iz1cVe with {:description=>"Kb", :metadata=>{"lo.entity_id"=>3432, "lo.entity_type"=>"organization"}}
[2015-06-02 11:06:18 -0400] - UpdateStripeCustomerMetadataForMarket - Forest Agriculture Enterprises (45) - No Stripe Customer linked to All Seasons Farm (3393).
[2015-06-02 11:06:18 -0400] - UpdateStripeCustomerMetadataForMarket - Forest Agriculture Enterprises (45) - No Stripe Customer linked to Nobriga Farms (3371).
[2015-06-02 11:06:18 -0400] - UpdateStripeCustomerMetadataForMarket - Forest Agriculture Enterprises (45) - No Stripe Customer linked to Oceanic Partners Ltd (3311).
[2015-06-02 11:06:18 -0400] - UpdateStripeCustomerMetadataForMarket - Forest Agriculture Enterprises (45) - No Stripe Customer linked to Blue Sky Stewardship (3283).
[2015-06-02 11:06:18 -0400] - UpdateStripeCustomerMetadataForMarket - Forest Agriculture Enterprises (45) - No Stripe Customer linked to tree philantropist (3272).
[2015-06-02 11:06:18 -0400] - UpdateStripeCustomerMetadataForMarket - Forest Agriculture Enterprises (45) - No Stripe Customer linked to Bell Prairie Farm (3238).
[2015-06-02 11:06:18 -0400] - UpdateStripeCustomerMetadataForMarket - Forest Agriculture Enterprises (45) - No Stripe Customer linked to jim wiehe (3207).
[2015-06-02 11:06:19 -0400] - UpdateStripeCustomerMetadataForMarket - Forest Agriculture Enterprises (45) - Updating Organization Puchyan Ventures (3186)'s Stripe Customer cus_5uQ5jRDca3aT4d with {:description=>"Puchyan Ventures", :metadata=>{"lo.entity_id"=>3186, "lo.entity_type"=>"organization"}}
[2015-06-02 11:06:19 -0400] - UpdateStripeCustomerMetadataForMarket - Forest Agriculture Enterprises (45) - No Stripe Customer linked to Sandy Brook Farm (3177).
[2015-06-02 11:06:20 -0400] - UpdateStripeCustomerMetadataForMarket - Forest Agriculture Enterprises (45) - Updating Organization Coulee Meadow Farm (3171)'s Stripe Customer cus_5uQ5PndTYWX0wf with {:description=>"Coulee Meadow Farm", :metadata=>{"lo.entity_id"=>3171, "lo.entity_type"=>"organization"}}
[2015-06-02 11:06:22 -0400] - UpdateStripeCustomerMetadataForMarket - Forest Agriculture Enterprises (45) - Updating Organization Soul Springs Collective (3141)'s Stripe Customer cus_5uQ5cSsvI58xbm with {:description=>"Soul Springs Collective", :metadata=>{"lo.entity_id"=>3141, "lo.entity_type"=>"organization"}}
[2015-06-02 11:06:23 -0400] - UpdateStripeCustomerMetadataForMarket - Forest Agriculture Enterprises (45) - Updating Organization Feed the Burbs (3140)'s Stripe Customer cus_5uQ5IvlP1t7Mdc with {:description=>"Feed the Burbs", :metadata=>{"lo.entity_id"=>3140, "lo.entity_type"=>"organization"}}
[2015-06-02 11:06:24 -0400] - UpdateStripeCustomerMetadataForMarket - Forest Agriculture Enterprises (45) - Updating Organization Zachary Langer (3134)'s Stripe Customer cus_5uQ5N8BcRqyvnk with {:description=>"Zachary Langer", :metadata=>{"lo.entity_id"=>3134, "lo.entity_type"=>"organization"}}
[2015-06-02 11:06:24 -0400] - UpdateStripeCustomerMetadataForMarket - Forest Agriculture Enterprises (45) - No Stripe Customer linked to Schoen Valley Farm (3132).
[2015-06-02 11:06:25 -0400] - UpdateStripeCustomerMetadataForMarket - Forest Agriculture Enterprises (45) - Updating Organization ed costin (3104)'s Stripe Customer cus_5uS7x5bEReRszr with {:description=>"ed costin", :metadata=>{"lo.entity_id"=>3104, "lo.entity_type"=>"organization"}}
[2015-06-02 11:06:25 -0400] - UpdateStripeCustomerMetadataForMarket - Forest Agriculture Enterprises (45) - No Stripe Customer linked to Jubilee Orchard (3069).
[2015-06-02 11:06:26 -0400] - UpdateStripeCustomerMetadataForMarket - Forest Agriculture Enterprises (45) - Updating Organization Myers Livestock (2952)'s Stripe Customer cus_5uQ5BsHTqXhe2R with {:description=>"Myers Livestock", :metadata=>{"lo.entity_id"=>2952, "lo.entity_type"=>"organization"}}
[2015-06-02 11:06:27 -0400] - UpdateStripeCustomerMetadataForMarket - Forest Agriculture Enterprises (45) - Updating Organization 10 Acres Flat (2949)'s Stripe Customer cus_5uQ5Q4pe8nz62p with {:description=>"10 Acres Flat", :metadata=>{"lo.entity_id"=>2949, "lo.entity_type"=>"organization"}}
[2015-06-02 11:06:27 -0400] - UpdateStripeCustomerMetadataForMarket - Forest Agriculture Enterprises (45) - No Stripe Customer linked to Mark Shepard (2948).
[2015-06-02 11:06:28 -0400] - UpdateStripeCustomerMetadataForMarket - Forest Agriculture Enterprises (45) - Updating Organization hayskids.org (2945)'s Stripe Customer cus_5uQ5ZVHFunQv2t with {:description=>"hayskids.org", :metadata=>{"lo.entity_id"=>2945, "lo.entity_type"=>"organization"}}
[2015-06-02 11:06:30 -0400] - UpdateStripeCustomerMetadataForMarket - Forest Agriculture Enterprises (45) - Updating Organization Annette Bell (2927)'s Stripe Customer cus_5uQ5aqI0NmOCp8 with {:description=>"Annette Bell", :metadata=>{"lo.entity_id"=>2927, "lo.entity_type"=>"organization"}}
[2015-06-02 11:06:30 -0400] - UpdateStripeCustomerMetadataForMarket - Forest Agriculture Enterprises (45) - No Stripe Customer linked to Shine and Rise Farm (2918).
[2015-06-02 11:06:30 -0400] - UpdateStripeCustomerMetadataForMarket - Forest Agriculture Enterprises (45) - No Stripe Customer linked to willits nursery (2907).
[2015-06-02 11:06:30 -0400] - UpdateStripeCustomerMetadataForMarket - Forest Agriculture Enterprises (45) - No Stripe Customer linked to TemetUSA (2897).
[2015-06-02 11:06:31 -0400] - UpdateStripeCustomerMetadataForMarket - Forest Agriculture Enterprises (45) - Updating Organization Marirose Shields (2893)'s Stripe Customer cus_5uQ4YnTrVcbvvT with {:description=>"Marirose Shields", :metadata=>{"lo.entity_id"=>2893, "lo.entity_type"=>"organization"}}
[2015-06-02 11:06:31 -0400] - UpdateStripeCustomerMetadataForMarket - Forest Agriculture Enterprises (45) - No Stripe Customer linked to RHG (2880).
[2015-06-02 11:06:31 -0400] - UpdateStripeCustomerMetadataForMarket - Forest Agriculture Enterprises (45) - No Stripe Customer linked to Adam Wagner (2865).
[2015-06-02 11:06:32 -0400] - UpdateStripeCustomerMetadataForMarket - Forest Agriculture Enterprises (45) - Updating Organization Phillip Zink (2838)'s Stripe Customer cus_5uQ5CnaBUy3JQ4 with {:description=>"Phillip Zink", :metadata=>{"lo.entity_id"=>2838, "lo.entity_type"=>"organization"}}
[2015-06-02 11:06:33 -0400] - UpdateStripeCustomerMetadataForMarket - Forest Agriculture Enterprises (45) - Updating Organization Maple Hill Farm (2830)'s Stripe Customer cus_5uQ42OKS7oYaWH with {:description=>"Maple Hill Farm", :metadata=>{"lo.entity_id"=>2830, "lo.entity_type"=>"organization"}}
[2015-06-02 11:06:34 -0400] - UpdateStripeCustomerMetadataForMarket - Forest Agriculture Enterprises (45) - Updating Organization One World Permaculture (2829)'s Stripe Customer cus_5uQ47SG5LYteIP with {:description=>"One World Permaculture", :metadata=>{"lo.entity_id"=>2829, "lo.entity_type"=>"organization"}}
[2015-06-02 11:06:34 -0400] - UpdateStripeCustomerMetadataForMarket - Forest Agriculture Enterprises (45) - No Stripe Customer linked to Excited College Kid (2820).
[2015-06-02 11:06:36 -0400] - UpdateStripeCustomerMetadataForMarket - Forest Agriculture Enterprises (45) - Updating Organization Josiah Keefer (2811)'s Stripe Customer cus_5uQ4R4aa33s2Vq with {:description=>"Josiah Keefer", :metadata=>{"lo.entity_id"=>2811, "lo.entity_type"=>"organization"}}
[2015-06-02 11:06:37 -0400] - UpdateStripeCustomerMetadataForMarket - Forest Agriculture Enterprises (45) - Updating Organization Okfuskee Farm (2810)'s Stripe Customer cus_5uQ4zzJjxbFYnV with {:description=>"Okfuskee Farm", :metadata=>{"lo.entity_id"=>2810, "lo.entity_type"=>"organization"}}
[2015-06-02 11:06:38 -0400] - UpdateStripeCustomerMetadataForMarket - Forest Agriculture Enterprises (45) - Updating Organization Garfield Community Farm (2809)'s Stripe Customer cus_5uQ4y9HPeP1bcD with {:description=>"Garfield Community Farm", :metadata=>{"lo.entity_id"=>2809, "lo.entity_type"=>"organization"}}
[2015-06-02 11:06:39 -0400] - UpdateStripeCustomerMetadataForMarket - Forest Agriculture Enterprises (45) - Updating Organization Lisa DeGraff (2801)'s Stripe Customer cus_5uQ4leePSFyur4 with {:description=>"Lisa DeGraff", :metadata=>{"lo.entity_id"=>2801, "lo.entity_type"=>"organization"}}
[2015-06-02 11:06:39 -0400] - UpdateStripeCustomerMetadataForMarket - Forest Agriculture Enterprises (45) - No Stripe Customer linked to Dave Crawford (2786).
[2015-06-02 11:06:40 -0400] - UpdateStripeCustomerMetadataForMarket - Forest Agriculture Enterprises (45) - Updating Organization Brett Anderson (2782)'s Stripe Customer cus_5uQ4pjk9OB0Z15 with {:description=>"Brett Anderson", :metadata=>{"lo.entity_id"=>2782, "lo.entity_type"=>"organization"}}
[2015-06-02 11:06:40 -0400] - UpdateStripeCustomerMetadataForMarket - Forest Agriculture Enterprises (45) - No Stripe Customer linked to Dancing frog farm (2780).
[2015-06-02 11:06:40 -0400] - UpdateStripeCustomerMetadataForMarket - Forest Agriculture Enterprises (45) - No Stripe Customer linked to Larry Baner (2778).
[2015-06-02 11:06:40 -0400] - UpdateStripeCustomerMetadataForMarket - Forest Agriculture Enterprises (45) - No Stripe Customer linked to TechArt (2752).
[2015-06-02 11:06:41 -0400] - UpdateStripeCustomerMetadataForMarket - Forest Agriculture Enterprises (45) - Updating Organization Sand Box Enterprises, LLC (2751)'s Stripe Customer cus_5uQ4AEm7oKkJVj with {:description=>"Sand Box Enterprises, LLC", :metadata=>{"lo.entity_id"=>2751, "lo.entity_type"=>"organization"}}
[2015-06-02 11:06:41 -0400] - UpdateStripeCustomerMetadataForMarket - Forest Agriculture Enterprises (45) - No Stripe Customer linked to Tony Felder (2749).
[2015-06-02 11:06:43 -0400] - UpdateStripeCustomerMetadataForMarket - Forest Agriculture Enterprises (45) - Updating Organization Aaron Underwood (2748)'s Stripe Customer cus_5uQ4HcEQdHOrsk with {:description=>"Aaron Underwood", :metadata=>{"lo.entity_id"=>2748, "lo.entity_type"=>"organization"}}
[2015-06-02 11:06:44 -0400] - UpdateStripeCustomerMetadataForMarket - Forest Agriculture Enterprises (45) - Updating Organization Homestead (2723)'s Stripe Customer cus_5uQ5dbqTo3m3Zi with {:description=>"Homestead", :metadata=>{"lo.entity_id"=>2723, "lo.entity_type"=>"organization"}}
[2015-06-02 11:06:45 -0400] - UpdateStripeCustomerMetadataForMarket - Forest Agriculture Enterprises (45) - Updating Organization Tom Jens (2712)'s Stripe Customer cus_5uQ59SVHqBR2Mk with {:description=>"Tom Jens", :metadata=>{"lo.entity_id"=>2712, "lo.entity_type"=>"organization"}}
[2015-06-02 11:06:46 -0400] - UpdateStripeCustomerMetadataForMarket - Forest Agriculture Enterprises (45) - Updating Organization Ponderosa Farm (2698)'s Stripe Customer cus_5uQ5sbhUChqBac with {:description=>"Ponderosa Farm", :metadata=>{"lo.entity_id"=>2698, "lo.entity_type"=>"organization"}}
[2015-06-02 11:06:46 -0400] - UpdateStripeCustomerMetadataForMarket - Forest Agriculture Enterprises (45) - No Stripe Customer linked to Mary Alice Creasy (2691).
[2015-06-02 11:06:47 -0400] - UpdateStripeCustomerMetadataForMarket - Forest Agriculture Enterprises (45) - Updating Organization Farr Electric (2687)'s Stripe Customer cus_5uQ4qN5bTyzt1f with {:description=>"Farr Electric", :metadata=>{"lo.entity_id"=>2687, "lo.entity_type"=>"organization"}}
[2015-06-02 11:06:47 -0400] - UpdateStripeCustomerMetadataForMarket - Forest Agriculture Enterprises (45) - No Stripe Customer linked to Back to nature (me) (2681).
[2015-06-02 11:06:47 -0400] - UpdateStripeCustomerMetadataForMarket - Forest Agriculture Enterprises (45) - No Stripe Customer linked to Thomas Hanna (2676).
[2015-06-02 11:06:48 -0400] - UpdateStripeCustomerMetadataForMarket - Forest Agriculture Enterprises (45) - Updating Organization N/A (2674)'s Stripe Customer cus_5uQ4ndWL3nxSBF with {:description=>"N/A", :metadata=>{"lo.entity_id"=>2674, "lo.entity_type"=>"organization"}}
[2015-06-02 11:06:50 -0400] - UpdateStripeCustomerMetadataForMarket - Forest Agriculture Enterprises (45) - Updating Organization Bassing (2671)'s Stripe Customer cus_5uQ5ltkwLwfMqD with {:description=>"Bassing", :metadata=>{"lo.entity_id"=>2671, "lo.entity_type"=>"organization"}}
[2015-06-02 11:06:51 -0400] - UpdateStripeCustomerMetadataForMarket - Forest Agriculture Enterprises (45) - Updating Organization Far Out Farms (2670)'s Stripe Customer cus_5uQ4yzb8k4LTo1 with {:description=>"Far Out Farms", :metadata=>{"lo.entity_id"=>2670, "lo.entity_type"=>"organization"}}
[2015-06-02 11:06:51 -0400] - UpdateStripeCustomerMetadataForMarket - Forest Agriculture Enterprises (45) - No Stripe Customer linked to Artemisia's Forest Garden Nursery (2667).
[2015-06-02 11:06:51 -0400] - UpdateStripeCustomerMetadataForMarket - Forest Agriculture Enterprises (45) - No Stripe Customer linked to April Sage (2664).
[2015-06-02 11:06:52 -0400] - UpdateStripeCustomerMetadataForMarket - Forest Agriculture Enterprises (45) - Updating Organization BlueMAX farm (2660)'s Stripe Customer cus_5uQ4eoHUlyphSz with {:description=>"BlueMAX farm", :metadata=>{"lo.entity_id"=>2660, "lo.entity_type"=>"organization"}}
[2015-06-02 11:06:53 -0400] - UpdateStripeCustomerMetadataForMarket - Forest Agriculture Enterprises (45) - Updating Organization Nature's Image Farm (2659)'s Stripe Customer cus_5uQ4Td9Tb8GfqQ with {:description=>"Nature's Image Farm", :metadata=>{"lo.entity_id"=>2659, "lo.entity_type"=>"organization"}}
[2015-06-02 11:06:53 -0400] - UpdateStripeCustomerMetadataForMarket - Forest Agriculture Enterprises (45) - No Stripe Customer linked to Savanna Gardens LLC (2655).
[2015-06-02 11:06:55 -0400] - UpdateStripeCustomerMetadataForMarket - Forest Agriculture Enterprises (45) - Updating Organization none (2652)'s Stripe Customer cus_5uQ5hQYKLVzr1N with {:description=>"none", :metadata=>{"lo.entity_id"=>2652, "lo.entity_type"=>"organization"}}
[2015-06-02 11:06:55 -0400] - UpdateStripeCustomerMetadataForMarket - Forest Agriculture Enterprises (45) - No Stripe Customer linked to Red Spire Permaculture (2646).
[2015-06-02 11:06:55 -0400] - UpdateStripeCustomerMetadataForMarket - Forest Agriculture Enterprises (45) - No Stripe Customer linked to Chicks of the Wild West (2644).
[2015-06-02 11:06:55 -0400] - UpdateStripeCustomerMetadataForMarket - Forest Agriculture Enterprises (45) - No Stripe Customer linked to Underwood Forest Farms (soon to be) (2642).
[2015-06-02 11:06:56 -0400] - UpdateStripeCustomerMetadataForMarket - Forest Agriculture Enterprises (45) - Updating Organization Bossy Acres (2639)'s Stripe Customer cus_5uQ4aBhVkdWg6B with {:description=>"Bossy Acres", :metadata=>{"lo.entity_id"=>2639, "lo.entity_type"=>"organization"}}
[2015-06-02 11:06:56 -0400] - UpdateStripeCustomerMetadataForMarket - Forest Agriculture Enterprises (45) - No Stripe Customer linked to Neighborhood Partnerships (2636).
[2015-06-02 11:06:57 -0400] - UpdateStripeCustomerMetadataForMarket - Forest Agriculture Enterprises (45) - Updating Organization Four Patch Farm LLC (2635)'s Stripe Customer cus_5uQ5QiZWTjVk7N with {:description=>"Four Patch Farm LLC", :metadata=>{"lo.entity_id"=>2635, "lo.entity_type"=>"organization"}}
[2015-06-02 11:06:57 -0400] - UpdateStripeCustomerMetadataForMarket - Forest Agriculture Enterprises (45) - No Stripe Customer linked to Blyler Fruit Farm (2634).
[2015-06-02 11:06:58 -0400] - UpdateStripeCustomerMetadataForMarket - Forest Agriculture Enterprises (45) - Updating Organization Mesa Farm, LLC (2633)'s Stripe Customer cus_5uQ4shMQJwWZIb with {:description=>"Mesa Farm, LLC", :metadata=>{"lo.entity_id"=>2633, "lo.entity_type"=>"organization"}}
[2015-06-02 11:07:00 -0400] - UpdateStripeCustomerMetadataForMarket - Forest Agriculture Enterprises (45) - Updating Organization Standerfer Farms (2632)'s Stripe Customer cus_5uQ4In7Qm36Zkp with {:description=>"Standerfer Farms", :metadata=>{"lo.entity_id"=>2632, "lo.entity_type"=>"organization"}}
[2015-06-02 11:07:01 -0400] - UpdateStripeCustomerMetadataForMarket - Forest Agriculture Enterprises (45) - Updating Organization Island Grown Initiative  (2630)'s Stripe Customer cus_5uQ4uapjNFGlT9 with {:description=>"Island Grown Initiative ", :metadata=>{"lo.entity_id"=>2630, "lo.entity_type"=>"organization"}}
[2015-06-02 11:07:02 -0400] - UpdateStripeCustomerMetadataForMarket - Forest Agriculture Enterprises (45) - Updating Organization Barbara Taam (2627)'s Stripe Customer cus_5uQ5cyKcR1XZbu with {:description=>"Barbara Taam", :metadata=>{"lo.entity_id"=>2627, "lo.entity_type"=>"organization"}}
[2015-06-02 11:07:03 -0400] - UpdateStripeCustomerMetadataForMarket - Forest Agriculture Enterprises (45) - Updating Organization East Hill Tree Farm (2626)'s Stripe Customer cus_5uQ4ACZ6tuFUD4 with {:description=>"East Hill Tree Farm", :metadata=>{"lo.entity_id"=>2626, "lo.entity_type"=>"organization"}}
[2015-06-02 11:07:04 -0400] - UpdateStripeCustomerMetadataForMarket - Forest Agriculture Enterprises (45) - Updating Organization Blabaer-Li (2619)'s Stripe Customer cus_5uQ5qzl9nBML68 with {:description=>"Blabaer-Li", :metadata=>{"lo.entity_id"=>2619, "lo.entity_type"=>"organization"}}
[2015-06-02 11:07:05 -0400] - UpdateStripeCustomerMetadataForMarket - Forest Agriculture Enterprises (45) - Updating Organization Root 66 Farm (2607)'s Stripe Customer cus_5uQ4FLqZIszZyB with {:description=>"Root 66 Farm", :metadata=>{"lo.entity_id"=>2607, "lo.entity_type"=>"organization"}}
[2015-06-02 11:07:06 -0400] - UpdateStripeCustomerMetadataForMarket - Forest Agriculture Enterprises (45) - Updating Organization Peaches and Honey (2603)'s Stripe Customer cus_5uQ4UtgeZwVcW8 with {:description=>"Peaches and Honey", :metadata=>{"lo.entity_id"=>2603, "lo.entity_type"=>"organization"}}
[2015-06-02 11:07:06 -0400] - UpdateStripeCustomerMetadataForMarket - Forest Agriculture Enterprises (45) - No Stripe Customer linked to Green Dragon (2602).
[2015-06-02 11:07:06 -0400] - UpdateStripeCustomerMetadataForMarket - Forest Agriculture Enterprises (45) - No Stripe Customer linked to Cephos (2599).
[2015-06-02 11:07:08 -0400] - UpdateStripeCustomerMetadataForMarket - Forest Agriculture Enterprises (45) - Updating Organization renee steines (2595)'s Stripe Customer cus_5uQ57D3uoW9bzk with {:description=>"renee steines", :metadata=>{"lo.entity_id"=>2595, "lo.entity_type"=>"organization"}}
[2015-06-02 11:07:09 -0400] - UpdateStripeCustomerMetadataForMarket - Forest Agriculture Enterprises (45) - Updating Organization Youngblood Grassfed Farm (2576)'s Stripe Customer cus_5uQ5MBqXrR5BFc with {:description=>"Youngblood Grassfed Farm", :metadata=>{"lo.entity_id"=>2576, "lo.entity_type"=>"organization"}}
[2015-06-02 11:07:10 -0400] - UpdateStripeCustomerMetadataForMarket - Forest Agriculture Enterprises (45) - Updating Organization Esli Farm (2564)'s Stripe Customer cus_5uQ4sADoD1RvGS with {:description=>"Esli Farm", :metadata=>{"lo.entity_id"=>2564, "lo.entity_type"=>"organization"}}
[2015-06-02 11:07:11 -0400] - UpdateStripeCustomerMetadataForMarket - Forest Agriculture Enterprises (45) - Updating Organization The Resiliency Institute (2555)'s Stripe Customer cus_5uQ4LYnfjpckTp with {:description=>"The Resiliency Institute", :metadata=>{"lo.entity_id"=>2555, "lo.entity_type"=>"organization"}}
[2015-06-02 11:07:11 -0400] - UpdateStripeCustomerMetadataForMarket - Forest Agriculture Enterprises (45) - No Stripe Customer linked to Midwest Agriculture & Restoration Services LLC (2551).
[2015-06-02 11:07:11 -0400] - UpdateStripeCustomerMetadataForMarket - Forest Agriculture Enterprises (45) - No Stripe Customer linked to Savanna Institute (2550).
[2015-06-02 11:07:11 -0400] - UpdateStripeCustomerMetadataForMarket - Forest Agriculture Enterprises (45) - No Stripe Customer linked to HankyBook (2479).
[2015-06-02 11:07:12 -0400] - UpdateStripeCustomerMetadataForMarket - Forest Agriculture Enterprises (45) - Updating Organization Karen Vanek  (2478)'s Stripe Customer cus_5uQ5DmrNDIXFNS with {:description=>"Karen Vanek ", :metadata=>{"lo.entity_id"=>2478, "lo.entity_type"=>"organization"}}
