[2015-06-02 11:21:21 -0400] - UpdateStripeCustomerMetadataForMarket - Valley Roots Food Hub Wholesale (87) - ====================================================================================================
[2015-06-02 11:21:21 -0400] - UpdateStripeCustomerMetadataForMarket - Valley Roots Food Hub Wholesale (87) -  Valley Roots Food Hub Wholesale (87)
[2015-06-02 11:21:21 -0400] - UpdateStripeCustomerMetadataForMarket - Valley Roots Food Hub Wholesale (87) -  Updating stripe customer metadata for Market and all Organizations.
[2015-06-02 11:21:21 -0400] - UpdateStripeCustomerMetadataForMarket - Valley Roots Food Hub Wholesale (87) - 
[2015-06-02 11:21:21 -0400] - UpdateStripeCustomerMetadataForMarket - Valley Roots Food Hub Wholesale (87) -  Rails.env: production
[2015-06-02 11:21:21 -0400] - UpdateStripeCustomerMetadataForMarket - Valley Roots Food Hub Wholesale (87) -  Stripe key: pk_live_j85VTsrz51POrss3ni460qaf
[2015-06-02 11:21:21 -0400] - UpdateStripeCustomerMetadataForMarket - Valley Roots Food Hub Wholesale (87) - ====================================================================================================
[2015-06-02 11:21:23 -0400] - UpdateStripeCustomerMetadataForMarket - Valley Roots Food Hub Wholesale (87) - Updating Market's Stripe Customer with {:description=>"Valley Roots Food Hub Wholesale", :metadata=>{"lo.entity_id"=>87, "lo.entity_type"=>"market"}}
[2015-06-02 11:21:24 -0400] - UpdateStripeCustomerMetadataForMarket - Valley Roots Food Hub Wholesale (87) - Updating Organization Organic Food Worx (3922)'s Stripe Customer cus_6Hsf5TU9DE1jAO with {:description=>"Organic Food Worx", :metadata=>{"lo.entity_id"=>3922, "lo.entity_type"=>"organization"}}
[2015-06-02 11:21:25 -0400] - UpdateStripeCustomerMetadataForMarket - Valley Roots Food Hub Wholesale (87) - Updating Organization OFIA (3921)'s Stripe Customer cus_6HsYIUu9VPywjC with {:description=>"OFIA", :metadata=>{"lo.entity_id"=>3921, "lo.entity_type"=>"organization"}}
[2015-06-02 11:21:26 -0400] - UpdateStripeCustomerMetadataForMarket - Valley Roots Food Hub Wholesale (87) - Updating Organization Colorado Mills (3920)'s Stripe Customer cus_6HsTooU6cZAP5o with {:description=>"Colorado Mills", :metadata=>{"lo.entity_id"=>3920, "lo.entity_type"=>"organization"}}
[2015-06-02 11:21:27 -0400] - UpdateStripeCustomerMetadataForMarket - Valley Roots Food Hub Wholesale (87) - Updating Organization Mountian Mama Milling (3919)'s Stripe Customer cus_6HsJN7s5oZbnnf with {:description=>"Mountian Mama Milling", :metadata=>{"lo.entity_id"=>3919, "lo.entity_type"=>"organization"}}
[2015-06-02 11:21:28 -0400] - UpdateStripeCustomerMetadataForMarket - Valley Roots Food Hub Wholesale (87) - Updating Organization Stagecoach Organics, LLC (3918)'s Stripe Customer cus_6HsEyQ5aNoJ562 with {:description=>"Stagecoach Organics, LLC", :metadata=>{"lo.entity_id"=>3918, "lo.entity_type"=>"organization"}}
[2015-06-02 11:21:29 -0400] - UpdateStripeCustomerMetadataForMarket - Valley Roots Food Hub Wholesale (87) - Updating Organization Rocking W Cheese (3917)'s Stripe Customer cus_6Hs5XOTvN8PcX3 with {:description=>"Rocking W Cheese", :metadata=>{"lo.entity_id"=>3917, "lo.entity_type"=>"organization"}}
[2015-06-02 11:21:30 -0400] - UpdateStripeCustomerMetadataForMarket - Valley Roots Food Hub Wholesale (87) - Updating Organization Chokurei Ranch (3916)'s Stripe Customer cus_6HrkKcWgNM2iom with {:description=>"Chokurei Ranch", :metadata=>{"lo.entity_id"=>3916, "lo.entity_type"=>"organization"}}
[2015-06-02 11:21:31 -0400] - UpdateStripeCustomerMetadataForMarket - Valley Roots Food Hub Wholesale (87) - Updating Organization Gosar Natural Foods (3717)'s Stripe Customer cus_6BaIVapqIQI9KI with {:description=>"Gosar Natural Foods", :metadata=>{"lo.entity_id"=>3717, "lo.entity_type"=>"organization"}}
[2015-06-02 11:21:32 -0400] - UpdateStripeCustomerMetadataForMarket - Valley Roots Food Hub Wholesale (87) - Updating Organization High Country Hogs (3716)'s Stripe Customer cus_6BaCQBQTemLfAj with {:description=>"High Country Hogs", :metadata=>{"lo.entity_id"=>3716, "lo.entity_type"=>"organization"}}
[2015-06-02 11:21:33 -0400] - UpdateStripeCustomerMetadataForMarket - Valley Roots Food Hub Wholesale (87) - Updating Organization KW Farms (3715)'s Stripe Customer cus_6Ba69txqePP672 with {:description=>"KW Farms", :metadata=>{"lo.entity_id"=>3715, "lo.entity_type"=>"organization"}}
[2015-06-02 11:21:34 -0400] - UpdateStripeCustomerMetadataForMarket - Valley Roots Food Hub Wholesale (87) - Updating Organization Colorado Mushroom Farm (3713)'s Stripe Customer cus_6BZuG94201XcF0 with {:description=>"Colorado Mushroom Farm", :metadata=>{"lo.entity_id"=>3713, "lo.entity_type"=>"organization"}}
[2015-06-02 11:21:35 -0400] - UpdateStripeCustomerMetadataForMarket - Valley Roots Food Hub Wholesale (87) - Updating Organization Absmeier High Altitude Garlic (3712)'s Stripe Customer cus_6BZlUwXOf77sYA with {:description=>"Absmeier High Altitude Garlic", :metadata=>{"lo.entity_id"=>3712, "lo.entity_type"=>"organization"}}
[2015-06-02 11:21:36 -0400] - UpdateStripeCustomerMetadataForMarket - Valley Roots Food Hub Wholesale (87) - Updating Organization Southern Colorado Farms (3711)'s Stripe Customer cus_6BZf2FZwDfxWli with {:description=>"Southern Colorado Farms", :metadata=>{"lo.entity_id"=>3711, "lo.entity_type"=>"organization"}}
[2015-06-02 11:21:37 -0400] - UpdateStripeCustomerMetadataForMarket - Valley Roots Food Hub Wholesale (87) - Updating Organization Ring a Ding Farms (3633)'s Stripe Customer cus_68EzBgTEiayUvZ with {:description=>"Ring a Ding Farms", :metadata=>{"lo.entity_id"=>3633, "lo.entity_type"=>"organization"}}
[2015-06-02 11:21:38 -0400] - UpdateStripeCustomerMetadataForMarket - Valley Roots Food Hub Wholesale (87) - Updating Organization Simply Honey (3632)'s Stripe Customer cus_68EiZhRlUHAwf0 with {:description=>"Simply Honey", :metadata=>{"lo.entity_id"=>3632, "lo.entity_type"=>"organization"}}
[2015-06-02 11:21:39 -0400] - UpdateStripeCustomerMetadataForMarket - Valley Roots Food Hub Wholesale (87) - Updating Organization White Rock Specialties (3631)'s Stripe Customer cus_68EdqneZrepChz with {:description=>"White Rock Specialties", :metadata=>{"lo.entity_id"=>3631, "lo.entity_type"=>"organization"}}
