[2015-06-02 11:15:13 -0400] - UpdateStripeCustomerMetadataForMarket - Headwater Food Hub (15) - ====================================================================================================
[2015-06-02 11:15:13 -0400] - UpdateStripeCustomerMetadataForMarket - Headwater Food Hub (15) -  Headwater Food Hub (15)
[2015-06-02 11:15:13 -0400] - UpdateStripeCustomerMetadataForMarket - Headwater Food Hub (15) -  Updating stripe customer metadata for Market and all Organizations.
[2015-06-02 11:15:13 -0400] - UpdateStripeCustomerMetadataForMarket - Headwater Food Hub (15) - 
[2015-06-02 11:15:13 -0400] - UpdateStripeCustomerMetadataForMarket - Headwater Food Hub (15) -  Rails.env: production
[2015-06-02 11:15:13 -0400] - UpdateStripeCustomerMetadataForMarket - Headwater Food Hub (15) -  Stripe key: pk_live_j85VTsrz51POrss3ni460qaf
[2015-06-02 11:15:13 -0400] - UpdateStripeCustomerMetadataForMarket - Headwater Food Hub (15) - ====================================================================================================
[2015-06-02 11:15:14 -0400] - UpdateStripeCustomerMetadataForMarket - Headwater Food Hub (15) - Updating Market's Stripe Customer with {:description=>"Headwater Food Hub", :metadata=>{"lo.entity_id"=>15, "lo.entity_type"=>"market"}}
[2015-06-02 11:15:14 -0400] - UpdateStripeCustomerMetadataForMarket - Headwater Food Hub (15) - No Stripe Customer linked to Pedersen Farms (4072).
[2015-06-02 11:15:15 -0400] - UpdateStripeCustomerMetadataForMarket - Headwater Food Hub (15) - Updating Organization Smugtown Mushrooms (3992)'s Stripe Customer cus_6Jl9VhSmPFhl5K with {:description=>"Smugtown Mushrooms", :metadata=>{"lo.entity_id"=>3992, "lo.entity_type"=>"organization"}}
[2015-06-02 11:15:17 -0400] - UpdateStripeCustomerMetadataForMarket - Headwater Food Hub (15) - Updating Organization Smugtown Mushrooms (3991)'s Stripe Customer cus_6JkzElk6r9QQrk with {:description=>"Smugtown Mushrooms", :metadata=>{"lo.entity_id"=>3991, "lo.entity_type"=>"organization"}}
[2015-06-02 11:15:17 -0400] - UpdateStripeCustomerMetadataForMarket - Headwater Food Hub (15) - No Stripe Customer linked to The Red Fern (3946).
[2015-06-02 11:15:18 -0400] - UpdateStripeCustomerMetadataForMarket - Headwater Food Hub (15) - Updating Organization Aramark Paychex Webster (3780)'s Stripe Customer cus_6KXmKKlZW3Sblx with {:description=>"Aramark Paychex Webster", :metadata=>{"lo.entity_id"=>3780, "lo.entity_type"=>"organization"}}
[2015-06-02 11:15:18 -0400] - UpdateStripeCustomerMetadataForMarket - Headwater Food Hub (15) - No Stripe Customer linked to Aramark paychex HQ (3779).
[2015-06-02 11:15:18 -0400] - UpdateStripeCustomerMetadataForMarket - Headwater Food Hub (15) - Updating Organization Aramark Paychex Sawgrass (3778)'s Stripe Customer cus_6K2aekv57Za7tX with {:description=>"Aramark Paychex Sawgrass", :metadata=>{"lo.entity_id"=>3778, "lo.entity_type"=>"organization"}}
[2015-06-02 11:15:20 -0400] - UpdateStripeCustomerMetadataForMarket - Headwater Food Hub (15) - Updating Organization Summertime Farm (3770)'s Stripe Customer cus_6ESk7YGGVeCtCJ with {:description=>"Summertime Farm", :metadata=>{"lo.entity_id"=>3770, "lo.entity_type"=>"organization"}}
[2015-06-02 11:15:21 -0400] - UpdateStripeCustomerMetadataForMarket - Headwater Food Hub (15) - Updating Organization Root Catering (3761)'s Stripe Customer cus_6GRBff033wR58q with {:description=>"Root Catering", :metadata=>{"lo.entity_id"=>3761, "lo.entity_type"=>"organization"}}
[2015-06-02 11:15:22 -0400] - UpdateStripeCustomerMetadataForMarket - Headwater Food Hub (15) - Updating Organization kitchen at lagoner farms (3759)'s Stripe Customer cus_6LxT8adoXRhMD5 with {:description=>"kitchen at lagoner farms", :metadata=>{"lo.entity_id"=>3759, "lo.entity_type"=>"organization"}}
[2015-06-02 11:15:22 -0400] - UpdateStripeCustomerMetadataForMarket - Headwater Food Hub (15) - No Stripe Customer linked to R's Market (3758).
[2015-06-02 11:15:23 -0400] - UpdateStripeCustomerMetadataForMarket - Headwater Food Hub (15) - Updating Organization Schrader Farms Meat Market Buying (3750)'s Stripe Customer cus_6DjhdNlGfFhmTv with {:description=>"Schrader Farms Meat Market Buying", :metadata=>{"lo.entity_id"=>3750, "lo.entity_type"=>"organization"}}
[2015-06-02 11:15:23 -0400] - UpdateStripeCustomerMetadataForMarket - Headwater Food Hub (15) - No Stripe Customer linked to Farmhouse Table Catering (3714).
[2015-06-02 11:15:23 -0400] - UpdateStripeCustomerMetadataForMarket - Headwater Food Hub (15) - No Stripe Customer linked to YMCA of Greater Rochester  (3698).
[2015-06-02 11:15:24 -0400] - UpdateStripeCustomerMetadataForMarket - Headwater Food Hub (15) - Updating Organization The Genesee Valley Club (3693)'s Stripe Customer cus_6BC38VMeQ4wN4m with {:description=>"The Genesee Valley Club", :metadata=>{"lo.entity_id"=>3693, "lo.entity_type"=>"organization"}}
[2015-06-02 11:15:25 -0400] - UpdateStripeCustomerMetadataForMarket - Headwater Food Hub (15) - Updating Organization Eleven Lakes Restaurant Group (3686)'s Stripe Customer cus_6K6OdbIpBXz6KE with {:description=>"Eleven Lakes Restaurant Group", :metadata=>{"lo.entity_id"=>3686, "lo.entity_type"=>"organization"}}
[2015-06-02 11:15:26 -0400] - UpdateStripeCustomerMetadataForMarket - Headwater Food Hub (15) - Updating Organization Williams Farm (3659)'s Stripe Customer cus_69G7EvKWCgDBcm with {:description=>"Williams Farm", :metadata=>{"lo.entity_id"=>3659, "lo.entity_type"=>"organization"}}
[2015-06-02 11:15:26 -0400] - UpdateStripeCustomerMetadataForMarket - Headwater Food Hub (15) - No Stripe Customer linked to Friendly Home (3654).
[2015-06-02 11:15:26 -0400] - UpdateStripeCustomerMetadataForMarket - Headwater Food Hub (15) - No Stripe Customer linked to Shady Lane Farm (3606).
[2015-06-02 11:15:27 -0400] - UpdateStripeCustomerMetadataForMarket - Headwater Food Hub (15) - Updating Organization M/Body Cafe' (3579)'s Stripe Customer cus_6B60D2yzqFdWJ2 with {:description=>"M/Body Cafe'", :metadata=>{"lo.entity_id"=>3579, "lo.entity_type"=>"organization"}}
[2015-06-02 11:15:27 -0400] - UpdateStripeCustomerMetadataForMarket - Headwater Food Hub (15) - No Stripe Customer linked to The Summit at Brighton (3576).
[2015-06-02 11:15:27 -0400] - UpdateStripeCustomerMetadataForMarket - Headwater Food Hub (15) - No Stripe Customer linked to Camp Ramaquois (3511).
[2015-06-02 11:15:27 -0400] - UpdateStripeCustomerMetadataForMarket - Headwater Food Hub (15) - No Stripe Customer linked to University of Rochester  (3479).
[2015-06-02 11:15:28 -0400] - UpdateStripeCustomerMetadataForMarket - Headwater Food Hub (15) - Updating Organization Lackmann Culinary Services - Ward (3462)'s Stripe Customer cus_63JSBmZwHWzfAy with {:description=>"Lackmann Culinary Services - Ward", :metadata=>{"lo.entity_id"=>3462, "lo.entity_type"=>"organization"}}
[2015-06-02 11:15:28 -0400] - UpdateStripeCustomerMetadataForMarket - Headwater Food Hub (15) - No Stripe Customer linked to McCann's Local Meats  (3460).
[2015-06-02 11:15:29 -0400] - UpdateStripeCustomerMetadataForMarket - Headwater Food Hub (15) - Updating Organization Restaurant 2Vine (3448)'s Stripe Customer cus_63fzqyWTQReuy4 with {:description=>"Restaurant 2Vine", :metadata=>{"lo.entity_id"=>3448, "lo.entity_type"=>"organization"}}
[2015-06-02 11:15:29 -0400] - UpdateStripeCustomerMetadataForMarket - Headwater Food Hub (15) - No Stripe Customer linked to Radisson Hotel Rochester Riverside (3430).
[2015-06-02 11:15:30 -0400] - UpdateStripeCustomerMetadataForMarket - Headwater Food Hub (15) - Updating Organization The Highlands at Pittsford (3396)'s Stripe Customer cus_6GQfCWJlkItSUu with {:description=>"The Highlands at Pittsford", :metadata=>{"lo.entity_id"=>3396, "lo.entity_type"=>"organization"}}
[2015-06-02 11:15:31 -0400] - UpdateStripeCustomerMetadataForMarket - Headwater Food Hub (15) - Updating Organization Bolton Farms (3295)'s Stripe Customer cus_5wrTLAaJZDZKny with {:description=>"Bolton Farms", :metadata=>{"lo.entity_id"=>3295, "lo.entity_type"=>"organization"}}
[2015-06-02 11:15:31 -0400] - UpdateStripeCustomerMetadataForMarket - Headwater Food Hub (15) - No Stripe Customer linked to Label 7 Napa Eatery & Bar  (3292).
[2015-06-02 11:15:31 -0400] - UpdateStripeCustomerMetadataForMarket - Headwater Food Hub (15) - No Stripe Customer linked to John Fornarola (3277).
[2015-06-02 11:15:32 -0400] - UpdateStripeCustomerMetadataForMarket - Headwater Food Hub (15) - Updating Organization Small World Food (3271)'s Stripe Customer cus_5w7q0WMlJzi6S2 with {:description=>"Small World Food", :metadata=>{"lo.entity_id"=>3271, "lo.entity_type"=>"organization"}}
[2015-06-02 11:15:32 -0400] - UpdateStripeCustomerMetadataForMarket - Headwater Food Hub (15) - No Stripe Customer linked to Constantino's Market (3257).
[2015-06-02 11:15:33 -0400] - UpdateStripeCustomerMetadataForMarket - Headwater Food Hub (15) - Updating Organization PalMac Central School (3215)'s Stripe Customer cus_60aa1HwpQNm4Ol with {:description=>"PalMac Central School", :metadata=>{"lo.entity_id"=>3215, "lo.entity_type"=>"organization"}}
[2015-06-02 11:15:34 -0400] - UpdateStripeCustomerMetadataForMarket - Headwater Food Hub (15) - Updating Organization Newark Central School (3214)'s Stripe Customer cus_60cANaNFfdOcIf with {:description=>"Newark Central School", :metadata=>{"lo.entity_id"=>3214, "lo.entity_type"=>"organization"}}
[2015-06-02 11:15:35 -0400] - UpdateStripeCustomerMetadataForMarket - Headwater Food Hub (15) - Updating Organization Marion Central School (3213)'s Stripe Customer cus_60fRwQuhsV1AsA with {:description=>"Marion Central School", :metadata=>{"lo.entity_id"=>3213, "lo.entity_type"=>"organization"}}
[2015-06-02 11:15:36 -0400] - UpdateStripeCustomerMetadataForMarket - Headwater Food Hub (15) - Updating Organization City Grill (3205)'s Stripe Customer cus_5zJVPuKH6atGht with {:description=>"City Grill", :metadata=>{"lo.entity_id"=>3205, "lo.entity_type"=>"organization"}}
[2015-06-02 11:15:36 -0400] - UpdateStripeCustomerMetadataForMarket - Headwater Food Hub (15) - No Stripe Customer linked to chef at large (3051).
[2015-06-02 11:15:36 -0400] - UpdateStripeCustomerMetadataForMarket - Headwater Food Hub (15) - No Stripe Customer linked to Victor Central Schools (3032).
[2015-06-02 11:15:37 -0400] - UpdateStripeCustomerMetadataForMarket - Headwater Food Hub (15) - Updating Organization Heluva Good Cheese (2941)'s Stripe Customer cus_5uQ5xw2zJZmU5l with {:description=>"Heluva Good Cheese", :metadata=>{"lo.entity_id"=>2941, "lo.entity_type"=>"organization"}}
[2015-06-02 11:15:38 -0400] - UpdateStripeCustomerMetadataForMarket - Headwater Food Hub (15) - Updating Organization Good Luck (2900)'s Stripe Customer cus_5uQ4lD1U6X9OYG with {:description=>"Good Luck", :metadata=>{"lo.entity_id"=>2900, "lo.entity_type"=>"organization"}}
[2015-06-02 11:15:38 -0400] - UpdateStripeCustomerMetadataForMarket - Headwater Food Hub (15) - No Stripe Customer linked to highland hospital  (2823).
[2015-06-02 11:15:38 -0400] - UpdateStripeCustomerMetadataForMarket - Headwater Food Hub (15) - No Stripe Customer linked to Sustainable Food Systems, LLC (2819).
[2015-06-02 11:15:39 -0400] - UpdateStripeCustomerMetadataForMarket - Headwater Food Hub (15) - Updating Organization Wholeshare (2777)'s Stripe Customer cus_5uQ4W4kzFccX80 with {:description=>"Wholeshare", :metadata=>{"lo.entity_id"=>2777, "lo.entity_type"=>"organization"}}
[2015-06-02 11:15:40 -0400] - UpdateStripeCustomerMetadataForMarket - Headwater Food Hub (15) - Updating Organization Jake's Gouda (2767)'s Stripe Customer cus_5uQ4Kpu8ymv0eU with {:description=>"Jake's Gouda", :metadata=>{"lo.entity_id"=>2767, "lo.entity_type"=>"organization"}}
[2015-06-02 11:15:41 -0400] - UpdateStripeCustomerMetadataForMarket - Headwater Food Hub (15) - Updating Organization Lively Run Dairy (2756)'s Stripe Customer cus_5uQ4moRIx88wrm with {:description=>"Lively Run Dairy", :metadata=>{"lo.entity_id"=>2756, "lo.entity_type"=>"organization"}}
[2015-06-02 11:15:41 -0400] - UpdateStripeCustomerMetadataForMarket - Headwater Food Hub (15) - No Stripe Customer linked to Swillburger / The Playhouse (2686).
[2015-06-02 11:15:42 -0400] - UpdateStripeCustomerMetadataForMarket - Headwater Food Hub (15) - Updating Organization Schoonmaker's Acres (2656)'s Stripe Customer cus_5uQ4rmjwwKnH2Q with {:description=>"Schoonmaker's Acres", :metadata=>{"lo.entity_id"=>2656, "lo.entity_type"=>"organization"}}
[2015-06-02 11:15:42 -0400] - UpdateStripeCustomerMetadataForMarket - Headwater Food Hub (15) - No Stripe Customer linked to Grace Watson (2650).
[2015-06-02 11:15:42 -0400] - UpdateStripeCustomerMetadataForMarket - Headwater Food Hub (15) - No Stripe Customer linked to Grace Watson (2649).
[2015-06-02 11:15:42 -0400] - UpdateStripeCustomerMetadataForMarket - Headwater Food Hub (15) - No Stripe Customer linked to Aramark- Paychex (2608).
[2015-06-02 11:15:43 -0400] - UpdateStripeCustomerMetadataForMarket - Headwater Food Hub (15) - Updating Organization Paul (2601)'s Stripe Customer cus_5uQ5GnkrTFqfWf with {:description=>"Paul", :metadata=>{"lo.entity_id"=>2601, "lo.entity_type"=>"organization"}}
[2015-06-02 11:15:43 -0400] - UpdateStripeCustomerMetadataForMarket - Headwater Food Hub (15) - No Stripe Customer linked to RIT- Grace Watson Dining Hall (2556).
[2015-06-02 11:15:44 -0400] - UpdateStripeCustomerMetadataForMarket - Headwater Food Hub (15) - Updating Organization University of Rochester - Wilson (2444)'s Stripe Customer cus_5uQ4bkw5w8BDTI with {:description=>"University of Rochester - Wilson", :metadata=>{"lo.entity_id"=>2444, "lo.entity_type"=>"organization"}}
[2015-06-02 11:15:45 -0400] - UpdateStripeCustomerMetadataForMarket - Headwater Food Hub (15) - Updating Organization Bushart Farms (2434)'s Stripe Customer cus_5uQ5Niz6TgXRaT with {:description=>"Bushart Farms", :metadata=>{"lo.entity_id"=>2434, "lo.entity_type"=>"organization"}}
[2015-06-02 11:15:45 -0400] - UpdateStripeCustomerMetadataForMarket - Headwater Food Hub (15) - No Stripe Customer linked to North Rose Wolcott CSD (2414).
[2015-06-02 11:15:46 -0400] - UpdateStripeCustomerMetadataForMarket - Headwater Food Hub (15) - Updating Organization Williamson Central School  (2401)'s Stripe Customer cus_5uQ5wEbeSRpTpH with {:description=>"Williamson Central School ", :metadata=>{"lo.entity_id"=>2401, "lo.entity_type"=>"organization"}}
[2015-06-02 11:15:47 -0400] - UpdateStripeCustomerMetadataForMarket - Headwater Food Hub (15) - Updating Organization Lyons Central School District  (2399)'s Stripe Customer cus_5uQ4ldL71GXXy9 with {:description=>"Lyons Central School District ", :metadata=>{"lo.entity_id"=>2399, "lo.entity_type"=>"organization"}}
[2015-06-02 11:15:48 -0400] - UpdateStripeCustomerMetadataForMarket - Headwater Food Hub (15) - Updating Organization Juniper Hill Farm (2390)'s Stripe Customer cus_5uQ4b1OvamcEJY with {:description=>"Juniper Hill Farm", :metadata=>{"lo.entity_id"=>2390, "lo.entity_type"=>"organization"}}
[2015-06-02 11:15:49 -0400] - UpdateStripeCustomerMetadataForMarket - Headwater Food Hub (15) - Updating Organization ButaPub (2385)'s Stripe Customer cus_5uQ4gtcH1Ad5PY with {:description=>"ButaPub", :metadata=>{"lo.entity_id"=>2385, "lo.entity_type"=>"organization"}}
[2015-06-02 11:15:50 -0400] - UpdateStripeCustomerMetadataForMarket - Headwater Food Hub (15) - Updating Organization Bauman's Farm Market (2287)'s Stripe Customer cus_5uQ42cGo8dBYe7 with {:description=>"Bauman's Farm Market", :metadata=>{"lo.entity_id"=>2287, "lo.entity_type"=>"organization"}}
[2015-06-02 11:15:50 -0400] - UpdateStripeCustomerMetadataForMarket - Headwater Food Hub (15) - No Stripe Customer linked to Cure Cottage Foods (2273).
[2015-06-02 11:15:51 -0400] - UpdateStripeCustomerMetadataForMarket - Headwater Food Hub (15) - Updating Organization Wendale Farm (2224)'s Stripe Customer cus_5uQ4MVxhpatP7W with {:description=>"Wendale Farm", :metadata=>{"lo.entity_id"=>2224, "lo.entity_type"=>"organization"}}
[2015-06-02 11:15:52 -0400] - UpdateStripeCustomerMetadataForMarket - Headwater Food Hub (15) - Updating Organization Vercruysse & Son (2205)'s Stripe Customer cus_5uQ5L4y6G90Wc4 with {:description=>"Vercruysse & Son", :metadata=>{"lo.entity_id"=>2205, "lo.entity_type"=>"organization"}}
[2015-06-02 11:15:53 -0400] - UpdateStripeCustomerMetadataForMarket - Headwater Food Hub (15) - Updating Organization Fledging Crow (2196)'s Stripe Customer cus_5uQ4zAxS4Kbsc8 with {:description=>"Fledging Crow", :metadata=>{"lo.entity_id"=>2196, "lo.entity_type"=>"organization"}}
[2015-06-02 11:15:54 -0400] - UpdateStripeCustomerMetadataForMarket - Headwater Food Hub (15) - Updating Organization Wayne Central Schools (2169)'s Stripe Customer cus_5uQ4FjDTMpVH89 with {:description=>"Wayne Central Schools", :metadata=>{"lo.entity_id"=>2169, "lo.entity_type"=>"organization"}}
[2015-06-02 11:15:56 -0400] - UpdateStripeCustomerMetadataForMarket - Headwater Food Hub (15) - Updating Organization Winter Sun Farms (2154)'s Stripe Customer cus_5uQ4kqpAdYfeLE with {:description=>"Winter Sun Farms", :metadata=>{"lo.entity_id"=>2154, "lo.entity_type"=>"organization"}}
[2015-06-02 11:15:57 -0400] - UpdateStripeCustomerMetadataForMarket - Headwater Food Hub (15) - Updating Organization The Harley School (2146)'s Stripe Customer cus_5uQ4sPunGjewc9 with {:description=>"The Harley School", :metadata=>{"lo.entity_id"=>2146, "lo.entity_type"=>"organization"}}
[2015-06-02 11:15:57 -0400] - UpdateStripeCustomerMetadataForMarket - Headwater Food Hub (15) - Updating Organization Midtown Athletic Club (2064)'s Stripe Customer cus_5uQ4oJAQglIKfi with {:description=>"Midtown Athletic Club", :metadata=>{"lo.entity_id"=>2064, "lo.entity_type"=>"organization"}}
[2015-06-02 11:15:58 -0400] - UpdateStripeCustomerMetadataForMarket - Headwater Food Hub (15) - Updating Organization Schrader Farms Meat Market (2061)'s Stripe Customer cus_5uQ4NPvyQqglpn with {:description=>"Schrader Farms Meat Market", :metadata=>{"lo.entity_id"=>2061, "lo.entity_type"=>"organization"}}
[2015-06-02 11:15:59 -0400] - UpdateStripeCustomerMetadataForMarket - Headwater Food Hub (15) - Updating Organization University of Rochester-Eastman (2027)'s Stripe Customer cus_5xy1WBP7wKuVug with {:description=>"University of Rochester-Eastman", :metadata=>{"lo.entity_id"=>2027, "lo.entity_type"=>"organization"}}
[2015-06-02 11:15:59 -0400] - UpdateStripeCustomerMetadataForMarket - Headwater Food Hub (15) - No Stripe Customer linked to Chef's Catering (2024).
[2015-06-02 11:16:00 -0400] - UpdateStripeCustomerMetadataForMarket - Headwater Food Hub (15) - Updating Organization Stick and Stone Organic Farm (2020)'s Stripe Customer cus_5uQ48lRfsfkeCN with {:description=>"Stick and Stone Organic Farm", :metadata=>{"lo.entity_id"=>2020, "lo.entity_type"=>"organization"}}
[2015-06-02 11:16:01 -0400] - UpdateStripeCustomerMetadataForMarket - Headwater Food Hub (15) - Updating Organization Brockport Central School District (1979)'s Stripe Customer cus_5uQ5T29MdJxZGS with {:description=>"Brockport Central School District", :metadata=>{"lo.entity_id"=>1979, "lo.entity_type"=>"organization"}}
[2015-06-02 11:16:01 -0400] - UpdateStripeCustomerMetadataForMarket - Headwater Food Hub (15) - No Stripe Customer linked to Dragon Juice (1972).
[2015-06-02 11:16:03 -0400] - UpdateStripeCustomerMetadataForMarket - Headwater Food Hub (15) - Updating Organization University of Rochester- Connections Cafe (1963)'s Stripe Customer cus_5uQ4BJdJo0tAZw with {:description=>"University of Rochester- Connections Cafe", :metadata=>{"lo.entity_id"=>1963, "lo.entity_type"=>"organization"}}
[2015-06-02 11:16:04 -0400] - UpdateStripeCustomerMetadataForMarket - Headwater Food Hub (15) - Updating Organization Lackmann Culinary Services- Murphy (1962)'s Stripe Customer cus_5uQ5boFk7QiUH2 with {:description=>"Lackmann Culinary Services- Murphy", :metadata=>{"lo.entity_id"=>1962, "lo.entity_type"=>"organization"}}
[2015-06-02 11:16:05 -0400] - UpdateStripeCustomerMetadataForMarket - Headwater Food Hub (15) - Updating Organization Whiskey Hill Organics (1950)'s Stripe Customer cus_5uQ4NJgT7fBftb with {:description=>"Whiskey Hill Organics", :metadata=>{"lo.entity_id"=>1950, "lo.entity_type"=>"organization"}}
[2015-06-02 11:16:06 -0400] - UpdateStripeCustomerMetadataForMarket - Headwater Food Hub (15) - Updating Organization Green Zebra Catering (1944)'s Stripe Customer cus_5uQ5DOPAzuBNh5 with {:description=>"Green Zebra Catering", :metadata=>{"lo.entity_id"=>1944, "lo.entity_type"=>"organization"}}
[2015-06-02 11:16:07 -0400] - UpdateStripeCustomerMetadataForMarket - Headwater Food Hub (15) - Updating Organization Mason Farm (1942)'s Stripe Customer cus_5uQ4AX9L3CSs46 with {:description=>"Mason Farm", :metadata=>{"lo.entity_id"=>1942, "lo.entity_type"=>"organization"}}
[2015-06-02 11:16:08 -0400] - UpdateStripeCustomerMetadataForMarket - Headwater Food Hub (15) - Updating Organization Allendale Columbia School (1903)'s Stripe Customer cus_5uS7q938w56qSM with {:description=>"Allendale Columbia School", :metadata=>{"lo.entity_id"=>1903, "lo.entity_type"=>"organization"}}
[2015-06-02 11:16:09 -0400] - UpdateStripeCustomerMetadataForMarket - Headwater Food Hub (15) - Updating Organization Hart's Local Grocers (1897)'s Stripe Customer cus_5uQ4i6tF3T1OQU with {:description=>"Hart's Local Grocers", :metadata=>{"lo.entity_id"=>1897, "lo.entity_type"=>"organization"}}
[2015-06-02 11:16:09 -0400] - UpdateStripeCustomerMetadataForMarket - Headwater Food Hub (15) - No Stripe Customer linked to The Piggery inc. (1859).
[2015-06-02 11:16:09 -0400] - UpdateStripeCustomerMetadataForMarket - Headwater Food Hub (15) - No Stripe Customer linked to Crosswinds Farm & Creamery (1836).
[2015-06-02 11:16:10 -0400] - UpdateStripeCustomerMetadataForMarket - Headwater Food Hub (15) - Updating Organization University of Rochester- Douglass (1833)'s Stripe Customer cus_5uQ6QzmprZJ0VP with {:description=>"University of Rochester- Douglass", :metadata=>{"lo.entity_id"=>1833, "lo.entity_type"=>"organization"}}
[2015-06-02 11:16:10 -0400] - UpdateStripeCustomerMetadataForMarket - Headwater Food Hub (15) - No Stripe Customer linked to ACE NATURAL INC (1827).
[2015-06-02 11:16:11 -0400] - UpdateStripeCustomerMetadataForMarket - Headwater Food Hub (15) - Updating Organization Windy Ridge Organic Farm (1826)'s Stripe Customer cus_5uQ5p3kUFfDuv2 with {:description=>"Windy Ridge Organic Farm", :metadata=>{"lo.entity_id"=>1826, "lo.entity_type"=>"organization"}}
[2015-06-02 11:16:12 -0400] - UpdateStripeCustomerMetadataForMarket - Headwater Food Hub (15) - Updating Organization Max Chophouse (1814)'s Stripe Customer cus_5uQ4DugsUdQ5Ev with {:description=>"Max Chophouse", :metadata=>{"lo.entity_id"=>1814, "lo.entity_type"=>"organization"}}
[2015-06-02 11:16:12 -0400] - UpdateStripeCustomerMetadataForMarket - Headwater Food Hub (15) - No Stripe Customer linked to Inn on the Lake (1813).
[2015-06-02 11:16:13 -0400] - UpdateStripeCustomerMetadataForMarket - Headwater Food Hub (15) - Updating Organization University of Rochester- Meliora (1766)'s Stripe Customer cus_5uQ5ficqbJmonk with {:description=>"University of Rochester- Meliora", :metadata=>{"lo.entity_id"=>1766, "lo.entity_type"=>"organization"}}
[2015-06-02 11:16:14 -0400] - UpdateStripeCustomerMetadataForMarket - Headwater Food Hub (15) - Updating Organization Park Slope Food Coop (1744)'s Stripe Customer cus_5uQ43DvPxehBjg with {:description=>"Park Slope Food Coop", :metadata=>{"lo.entity_id"=>1744, "lo.entity_type"=>"organization"}}
[2015-06-02 11:16:15 -0400] - UpdateStripeCustomerMetadataForMarket - Headwater Food Hub (15) - Updating Organization Down to Earth Whole Foods, Inc (1730)'s Stripe Customer cus_5uQ4ezFeiwQhyW with {:description=>"Down to Earth Whole Foods, Inc", :metadata=>{"lo.entity_id"=>1730, "lo.entity_type"=>"organization"}}
[2015-06-02 11:16:15 -0400] - UpdateStripeCustomerMetadataForMarket - Headwater Food Hub (15) - No Stripe Customer linked to Brighton Central Schools (1727).
[2015-06-02 11:16:16 -0400] - UpdateStripeCustomerMetadataForMarket - Headwater Food Hub (15) - Updating Organization The Owl House (1726)'s Stripe Customer cus_5uQ4aya5ANKlmc with {:description=>"The Owl House", :metadata=>{"lo.entity_id"=>1726, "lo.entity_type"=>"organization"}}
[2015-06-02 11:16:17 -0400] - UpdateStripeCustomerMetadataForMarket - Headwater Food Hub (15) - Updating Organization Char Steak and Lounge (1722)'s Stripe Customer cus_5uQ4AI4zSjk7mR with {:description=>"Char Steak and Lounge", :metadata=>{"lo.entity_id"=>1722, "lo.entity_type"=>"organization"}}
[2015-06-02 11:16:18 -0400] - UpdateStripeCustomerMetadataForMarket - Headwater Food Hub (15) - Updating Organization Abundance Cooperative Market (1712)'s Stripe Customer cus_5uQ42lQqFHglCK with {:description=>"Abundance Cooperative Market", :metadata=>{"lo.entity_id"=>1712, "lo.entity_type"=>"organization"}}
[2015-06-02 11:16:18 -0400] - UpdateStripeCustomerMetadataForMarket - Headwater Food Hub (15) - No Stripe Customer linked to Eat Me Ice Cream (1710).
[2015-06-02 11:16:19 -0400] - UpdateStripeCustomerMetadataForMarket - Headwater Food Hub (15) - Updating Organization Flour City Bread (the most awesome bakery, ever) (1708)'s Stripe Customer cus_5uQ4YFFRsXqXN5 with {:description=>"Flour City Bread (the most awesome bakery, ever)", :metadata=>{"lo.entity_id"=>1708, "lo.entity_type"=>"organization"}}
[2015-06-02 11:16:20 -0400] - UpdateStripeCustomerMetadataForMarket - Headwater Food Hub (15) - Updating Organization University Of Rochester - Danforth (1641)'s Stripe Customer cus_5uQ5KTy8anxbzF with {:description=>"University Of Rochester - Danforth", :metadata=>{"lo.entity_id"=>1641, "lo.entity_type"=>"organization"}}
[2015-06-02 11:16:21 -0400] - UpdateStripeCustomerMetadataForMarket - Headwater Food Hub (15) - Updating Organization Just Juice For Life (1638)'s Stripe Customer cus_5uQ4a1Vo8vPZtI with {:description=>"Just Juice For Life", :metadata=>{"lo.entity_id"=>1638, "lo.entity_type"=>"organization"}}
[2015-06-02 11:16:22 -0400] - UpdateStripeCustomerMetadataForMarket - Headwater Food Hub (15) - Updating Organization Orbs Restaurant and Bar (1637)'s Stripe Customer cus_5uQ4xUVAhuC7fL with {:description=>"Orbs Restaurant and Bar", :metadata=>{"lo.entity_id"=>1637, "lo.entity_type"=>"organization"}}
[2015-06-02 11:16:23 -0400] - UpdateStripeCustomerMetadataForMarket - Headwater Food Hub (15) - Updating Organization Breathe Yoga (1614)'s Stripe Customer cus_5uQ5RVKi6ex7dH with {:description=>"Breathe Yoga", :metadata=>{"lo.entity_id"=>1614, "lo.entity_type"=>"organization"}}
[2015-06-02 11:16:24 -0400] - UpdateStripeCustomerMetadataForMarket - Headwater Food Hub (15) - Updating Organization Thorpe’s Organic Family Farm  (1568)'s Stripe Customer cus_5uQ5xDwqRoFtjN with {:description=>"Thorpe’s Organic Family Farm ", :metadata=>{"lo.entity_id"=>1568, "lo.entity_type"=>"organization"}}
[2015-06-02 11:16:25 -0400] - UpdateStripeCustomerMetadataForMarket - Headwater Food Hub (15) - Updating Organization Sweet Grass Meats  (1566)'s Stripe Customer cus_5uQ5GI7pjnSJEb with {:description=>"Sweet Grass Meats ", :metadata=>{"lo.entity_id"=>1566, "lo.entity_type"=>"organization"}}
[2015-06-02 11:16:26 -0400] - UpdateStripeCustomerMetadataForMarket - Headwater Food Hub (15) - Updating Organization Muranda Cheese Company  (1565)'s Stripe Customer cus_5uQ5HkfR2NL3Ee with {:description=>"Muranda Cheese Company ", :metadata=>{"lo.entity_id"=>1565, "lo.entity_type"=>"organization"}}
[2015-06-02 11:16:27 -0400] - UpdateStripeCustomerMetadataForMarket - Headwater Food Hub (15) - Updating Organization Lagoner Farms  (1564)'s Stripe Customer cus_5uQ5dXP4iAfoMr with {:description=>"Lagoner Farms ", :metadata=>{"lo.entity_id"=>1564, "lo.entity_type"=>"organization"}}
[2015-06-02 11:16:29 -0400] - UpdateStripeCustomerMetadataForMarket - Headwater Food Hub (15) - Updating Organization Joe Bean Coffee Roasters  (1563)'s Stripe Customer cus_5uQ5IRed9wMdaE with {:description=>"Joe Bean Coffee Roasters ", :metadata=>{"lo.entity_id"=>1563, "lo.entity_type"=>"organization"}}
[2015-06-02 11:16:30 -0400] - UpdateStripeCustomerMetadataForMarket - Headwater Food Hub (15) - Updating Organization Interbrook Farm (1561)'s Stripe Customer cus_5uQ5kRsfN8vnw1 with {:description=>"Interbrook Farm", :metadata=>{"lo.entity_id"=>1561, "lo.entity_type"=>"organization"}}
[2015-06-02 11:16:31 -0400] - UpdateStripeCustomerMetadataForMarket - Headwater Food Hub (15) - Updating Organization Hurd Orchards (1560)'s Stripe Customer cus_5uQ5ucQBpjyG6T with {:description=>"Hurd Orchards", :metadata=>{"lo.entity_id"=>1560, "lo.entity_type"=>"organization"}}
[2015-06-02 11:16:32 -0400] - UpdateStripeCustomerMetadataForMarket - Headwater Food Hub (15) - Updating Organization Honeyhill Farm (1559)'s Stripe Customer cus_5uQ5Ygu0nNXRXW with {:description=>"Honeyhill Farm", :metadata=>{"lo.entity_id"=>1559, "lo.entity_type"=>"organization"}}
[2015-06-02 11:16:33 -0400] - UpdateStripeCustomerMetadataForMarket - Headwater Food Hub (15) - Updating Organization Hilltop Farm (1558)'s Stripe Customer cus_5uQ5i2zEgGznXv with {:description=>"Hilltop Farm", :metadata=>{"lo.entity_id"=>1558, "lo.entity_type"=>"organization"}}
[2015-06-02 11:16:34 -0400] - UpdateStripeCustomerMetadataForMarket - Headwater Food Hub (15) - Updating Organization Growing Family Farms (1557)'s Stripe Customer cus_5uQ52UxTSCKzd2 with {:description=>"Growing Family Farms", :metadata=>{"lo.entity_id"=>1557, "lo.entity_type"=>"organization"}}
[2015-06-02 11:16:35 -0400] - UpdateStripeCustomerMetadataForMarket - Headwater Food Hub (15) - Updating Organization Flour City Pasta (1556)'s Stripe Customer cus_5uQ5c3EmRo29Pm with {:description=>"Flour City Pasta", :metadata=>{"lo.entity_id"=>1556, "lo.entity_type"=>"organization"}}
[2015-06-02 11:16:36 -0400] - UpdateStripeCustomerMetadataForMarket - Headwater Food Hub (15) - Updating Organization Fisher Hill Farm (1553)'s Stripe Customer cus_5uQ5orvzwSxNA0 with {:description=>"Fisher Hill Farm", :metadata=>{"lo.entity_id"=>1553, "lo.entity_type"=>"organization"}}
[2015-06-02 11:16:37 -0400] - UpdateStripeCustomerMetadataForMarket - Headwater Food Hub (15) - Updating Organization First Light Creamery  (1552)'s Stripe Customer cus_5uQ5N2LoWgpha7 with {:description=>"First Light Creamery ", :metadata=>{"lo.entity_id"=>1552, "lo.entity_type"=>"organization"}}
[2015-06-02 11:16:38 -0400] - UpdateStripeCustomerMetadataForMarket - Headwater Food Hub (15) - Updating Organization Engelbert Farms (1551)'s Stripe Customer cus_5uQ5ZhE6Ab9nid with {:description=>"Engelbert Farms", :metadata=>{"lo.entity_id"=>1551, "lo.entity_type"=>"organization"}}
[2015-06-02 11:16:39 -0400] - UpdateStripeCustomerMetadataForMarket - Headwater Food Hub (15) - Updating Organization Clearview Farm (1548)'s Stripe Customer cus_5uQ5JRaiBgJYlp with {:description=>"Clearview Farm", :metadata=>{"lo.entity_id"=>1548, "lo.entity_type"=>"organization"}}
[2015-06-02 11:16:40 -0400] - UpdateStripeCustomerMetadataForMarket - Headwater Food Hub (15) - Updating Organization Autumn's Harvest (1546)'s Stripe Customer cus_5uQ5jGPLTx3EwY with {:description=>"Autumn's Harvest", :metadata=>{"lo.entity_id"=>1546, "lo.entity_type"=>"organization"}}
[2015-06-02 11:16:42 -0400] - UpdateStripeCustomerMetadataForMarket - Headwater Food Hub (15) - Updating Organization Fraser Garlic Farm (1542)'s Stripe Customer cus_5uQ5LibH3DtrAZ with {:description=>"Fraser Garlic Farm", :metadata=>{"lo.entity_id"=>1542, "lo.entity_type"=>"organization"}}
[2015-06-02 11:16:43 -0400] - UpdateStripeCustomerMetadataForMarket - Headwater Food Hub (15) - Updating Organization Remembrance Farm (1540)'s Stripe Customer cus_5uQ5Xf9n8WXNOT with {:description=>"Remembrance Farm", :metadata=>{"lo.entity_id"=>1540, "lo.entity_type"=>"organization"}}
[2015-06-02 11:16:44 -0400] - UpdateStripeCustomerMetadataForMarket - Headwater Food Hub (15) - Updating Organization Raindance Harvest (1538)'s Stripe Customer cus_5uQ59GMSxA8mnx with {:description=>"Raindance Harvest", :metadata=>{"lo.entity_id"=>1538, "lo.entity_type"=>"organization"}}
[2015-06-02 11:16:45 -0400] - UpdateStripeCustomerMetadataForMarket - Headwater Food Hub (15) - Updating Organization Old Ridge Farm (1491)'s Stripe Customer cus_5uQ5uqQUM8AyXV with {:description=>"Old Ridge Farm", :metadata=>{"lo.entity_id"=>1491, "lo.entity_type"=>"organization"}}
[2015-06-02 11:16:46 -0400] - UpdateStripeCustomerMetadataForMarket - Headwater Food Hub (15) - Updating Organization Headwater Food Hub (337)'s Stripe Customer cus_5uQ4nhT9BhCRaf with {:description=>"Headwater Food Hub", :metadata=>{"lo.entity_id"=>337, "lo.entity_type"=>"organization"}}
