[2015-06-02 11:02:52 -0400] - UpdateStripeCustomerMetadataForMarket - SB Admin (84) - ====================================================================================================
[2015-06-02 11:02:52 -0400] - UpdateStripeCustomerMetadataForMarket - SB Admin (84) -  SB Admin (84)
[2015-06-02 11:02:52 -0400] - UpdateStripeCustomerMetadataForMarket - SB Admin (84) -  Updating stripe customer metadata for Market and all Organizations.
[2015-06-02 11:02:52 -0400] - UpdateStripeCustomerMetadataForMarket - SB Admin (84) - 
[2015-06-02 11:02:52 -0400] - UpdateStripeCustomerMetadataForMarket - SB Admin (84) -  Rails.env: production
[2015-06-02 11:02:52 -0400] - UpdateStripeCustomerMetadataForMarket - SB Admin (84) -  Stripe key: pk_live_j85VTsrz51POrss3ni460qaf
[2015-06-02 11:02:52 -0400] - UpdateStripeCustomerMetadataForMarket - SB Admin (84) - ====================================================================================================
[2015-06-02 11:02:53 -0400] - UpdateStripeCustomerMetadataForMarket - SB Admin (84) - Updating Market's Stripe Customer with {:description=>"SB Admin", :metadata=>{"lo.entity_id"=>84, "lo.entity_type"=>"market"}}
[2015-06-02 11:02:54 -0400] - UpdateStripeCustomerMetadataForMarket - SB Admin (84) - Updating Organization Wagner Farms (3335)'s Stripe Customer cus_5y0Zg4ikn1sedF with {:description=>"Wagner Farms", :metadata=>{"lo.entity_id"=>3335, "lo.entity_type"=>"organization"}}
[2015-06-02 11:02:55 -0400] - UpdateStripeCustomerMetadataForMarket - SB Admin (84) - Updating Organization Sungreen Living Foods (3334)'s Stripe Customer cus_5y0Ya3DcaZSN1M with {:description=>"Sungreen Living Foods", :metadata=>{"lo.entity_id"=>3334, "lo.entity_type"=>"organization"}}
[2015-06-02 11:02:56 -0400] - UpdateStripeCustomerMetadataForMarket - SB Admin (84) - Updating Organization Serrano Family Farm (3333)'s Stripe Customer cus_5y0YUE9WnDS49L with {:description=>"Serrano Family Farm", :metadata=>{"lo.entity_id"=>3333, "lo.entity_type"=>"organization"}}
[2015-06-02 11:02:57 -0400] - UpdateStripeCustomerMetadataForMarket - SB Admin (84) - Updating Organization Santa Cruz Farms (3332)'s Stripe Customer cus_5y0X4YlNR2CI2Q with {:description=>"Santa Cruz Farms", :metadata=>{"lo.entity_id"=>3332, "lo.entity_type"=>"organization"}}
[2015-06-02 11:02:58 -0400] - UpdateStripeCustomerMetadataForMarket - SB Admin (84) - Updating Organization Red Mountain Farm (3331)'s Stripe Customer cus_5y0WlqyWthvkEq with {:description=>"Red Mountain Farm", :metadata=>{"lo.entity_id"=>3331, "lo.entity_type"=>"organization"}}
[2015-06-02 11:02:59 -0400] - UpdateStripeCustomerMetadataForMarket - SB Admin (84) - Updating Organization Rancho La Jolla (3330)'s Stripe Customer cus_5y0W5Xsgk8SX2r with {:description=>"Rancho La Jolla", :metadata=>{"lo.entity_id"=>3330, "lo.entity_type"=>"organization"}}
[2015-06-02 11:03:00 -0400] - UpdateStripeCustomerMetadataForMarket - SB Admin (84) - Updating Organization Pojoaque Pueblo Farms (3329)'s Stripe Customer cus_5y0UlVUMWhJc2Y with {:description=>"Pojoaque Pueblo Farms", :metadata=>{"lo.entity_id"=>3329, "lo.entity_type"=>"organization"}}
[2015-06-02 11:03:01 -0400] - UpdateStripeCustomerMetadataForMarket - SB Admin (84) - Updating Organization Mr. G's Organic Farm (3328)'s Stripe Customer cus_5y0Tc4VlpYng0y with {:description=>"Mr. G's Organic Farm", :metadata=>{"lo.entity_id"=>3328, "lo.entity_type"=>"organization"}}
[2015-06-02 11:03:02 -0400] - UpdateStripeCustomerMetadataForMarket - SB Admin (84) - Updating Organization Monte Vista Organic Farms (3327)'s Stripe Customer cus_5y0TYebNOdgiDf with {:description=>"Monte Vista Organic Farms", :metadata=>{"lo.entity_id"=>3327, "lo.entity_type"=>"organization"}}
[2015-06-02 11:03:03 -0400] - UpdateStripeCustomerMetadataForMarket - SB Admin (84) - Updating Organization MiYoung's Farm (3326)'s Stripe Customer cus_5y0SVQWlAb61v5 with {:description=>"MiYoung's Farm", :metadata=>{"lo.entity_id"=>3326, "lo.entity_type"=>"organization"}}
[2015-06-02 11:03:05 -0400] - UpdateStripeCustomerMetadataForMarket - SB Admin (84) - Updating Organization Mendez Produce (3325)'s Stripe Customer cus_5y0SWwrRkDkfMP with {:description=>"Mendez Produce", :metadata=>{"lo.entity_id"=>3325, "lo.entity_type"=>"organization"}}
[2015-06-02 11:03:06 -0400] - UpdateStripeCustomerMetadataForMarket - SB Admin (84) - Updating Organization La Mesa Organic Farm (3324)'s Stripe Customer cus_5y0QdvNVCULfQf with {:description=>"La Mesa Organic Farm", :metadata=>{"lo.entity_id"=>3324, "lo.entity_type"=>"organization"}}
[2015-06-02 11:03:07 -0400] - UpdateStripeCustomerMetadataForMarket - SB Admin (84) - Updating Organization Green Tractor Organic Farm (3323)'s Stripe Customer cus_5y0LNW9VfwzqvU with {:description=>"Green Tractor Organic Farm", :metadata=>{"lo.entity_id"=>3323, "lo.entity_type"=>"organization"}}
[2015-06-02 11:03:08 -0400] - UpdateStripeCustomerMetadataForMarket - SB Admin (84) - Updating Organization Espanola Valley Farms (3322)'s Stripe Customer cus_5y0KDrrYYyb4R9 with {:description=>"Espanola Valley Farms", :metadata=>{"lo.entity_id"=>3322, "lo.entity_type"=>"organization"}}
[2015-06-02 11:03:09 -0400] - UpdateStripeCustomerMetadataForMarket - SB Admin (84) - Updating Organization Diamond Sow Gardens (3321)'s Stripe Customer cus_5y0I49QgZu2uO6 with {:description=>"Diamond Sow Gardens", :metadata=>{"lo.entity_id"=>3321, "lo.entity_type"=>"organization"}}
[2015-06-02 11:03:10 -0400] - UpdateStripeCustomerMetadataForMarket - SB Admin (84) - Updating Organization Charybda Farms (3320)'s Stripe Customer cus_5y0FQCHKafxnGq with {:description=>"Charybda Farms", :metadata=>{"lo.entity_id"=>3320, "lo.entity_type"=>"organization"}}
[2015-06-02 11:03:11 -0400] - UpdateStripeCustomerMetadataForMarket - SB Admin (84) - Updating Organization Box Car Organic Farm (3319)'s Stripe Customer cus_5y0D0NrnAH5Gb1 with {:description=>"Box Car Organic Farm", :metadata=>{"lo.entity_id"=>3319, "lo.entity_type"=>"organization"}}
[2015-06-02 11:03:12 -0400] - UpdateStripeCustomerMetadataForMarket - SB Admin (84) - Updating Organization Bohdi Farms (3318)'s Stripe Customer cus_5y08HNC3hiffR7 with {:description=>"Bohdi Farms", :metadata=>{"lo.entity_id"=>3318, "lo.entity_type"=>"organization"}}
[2015-06-02 11:03:13 -0400] - UpdateStripeCustomerMetadataForMarket - SB Admin (84) - Updating Organization Ancient Waters Farm (3317)'s Stripe Customer cus_5y06qfvHCDxBKe with {:description=>"Ancient Waters Farm", :metadata=>{"lo.entity_id"=>3317, "lo.entity_type"=>"organization"}}
