[2015-06-02 11:04:27 -0400] - UpdateStripeCustomerMetadataForMarket - Potluck Café Society (8) - ====================================================================================================
[2015-06-02 11:04:27 -0400] - UpdateStripeCustomerMetadataForMarket - Potluck Café Society (8) -  Potluck Café Society (8)
[2015-06-02 11:04:27 -0400] - UpdateStripeCustomerMetadataForMarket - Potluck Café Society (8) -  Updating stripe customer metadata for Market and all Organizations.
[2015-06-02 11:04:27 -0400] - UpdateStripeCustomerMetadataForMarket - Potluck Café Society (8) - 
[2015-06-02 11:04:27 -0400] - UpdateStripeCustomerMetadataForMarket - Potluck Café Society (8) -  Rails.env: production
[2015-06-02 11:04:27 -0400] - UpdateStripeCustomerMetadataForMarket - Potluck Café Society (8) -  Stripe key: pk_live_j85VTsrz51POrss3ni460qaf
[2015-06-02 11:04:27 -0400] - UpdateStripeCustomerMetadataForMarket - Potluck Café Society (8) - ====================================================================================================
[2015-06-02 11:04:27 -0400] - UpdateStripeCustomerMetadataForMarket - Potluck Café Society (8) - No Stripe Customer linked to this Market.
[2015-06-02 11:04:28 -0400] - UpdateStripeCustomerMetadataForMarket - Potluck Café Society (8) - Updating Organization Gelderman Farms (3880)'s Stripe Customer cus_6HF3NKuz4rBH54 with {:description=>"Gelderman Farms", :metadata=>{"lo.entity_id"=>3880, "lo.entity_type"=>"organization"}}
[2015-06-02 11:04:29 -0400] - UpdateStripeCustomerMetadataForMarket - Potluck Café Society (8) - Updating Organization Fresh Roots Urban Farm (3879)'s Stripe Customer cus_6HEfwArTbctS3P with {:description=>"Fresh Roots Urban Farm", :metadata=>{"lo.entity_id"=>3879, "lo.entity_type"=>"organization"}}
[2015-06-02 11:04:30 -0400] - UpdateStripeCustomerMetadataForMarket - Potluck Café Society (8) - Updating Organization Jordon Miller (2917)'s Stripe Customer cus_5uQ4GFaAb5KpAQ with {:description=>"Jordon Miller", :metadata=>{"lo.entity_id"=>2917, "lo.entity_type"=>"organization"}}
[2015-06-02 11:04:31 -0400] - UpdateStripeCustomerMetadataForMarket - Potluck Café Society (8) - Updating Organization DTES KT - Donations (2583)'s Stripe Customer cus_5uQ5YOTtozSzvC with {:description=>"DTES KT - Donations", :metadata=>{"lo.entity_id"=>2583, "lo.entity_type"=>"organization"}}
[2015-06-02 11:04:32 -0400] - UpdateStripeCustomerMetadataForMarket - Potluck Café Society (8) - Updating Organization Doris Chow (2494)'s Stripe Customer cus_5uQ5VORWXq2h1f with {:description=>"Doris Chow", :metadata=>{"lo.entity_id"=>2494, "lo.entity_type"=>"organization"}}
[2015-06-02 11:04:33 -0400] - UpdateStripeCustomerMetadataForMarket - Potluck Café Society (8) - Updating Organization Colin Stansfield (2493)'s Stripe Customer cus_5uS6xrpcm4iTZK with {:description=>"Colin Stansfield", :metadata=>{"lo.entity_id"=>2493, "lo.entity_type"=>"organization"}}
[2015-06-02 11:04:33 -0400] - UpdateStripeCustomerMetadataForMarket - Potluck Café Society (8) - Updating Organization Dugout Drop-In society (2489)'s Stripe Customer cus_5uQ5xaQQIa213g with {:description=>"Dugout Drop-In society", :metadata=>{"lo.entity_id"=>2489, "lo.entity_type"=>"organization"}}
[2015-06-02 11:04:34 -0400] - UpdateStripeCustomerMetadataForMarket - Potluck Café Society (8) - Updating Organization Lookout Emergency Aid Society - Living Room (2441)'s Stripe Customer cus_5uQ5aa0e0VpOif with {:description=>"Lookout Emergency Aid Society - Living Room", :metadata=>{"lo.entity_id"=>2441, "lo.entity_type"=>"organization"}}
[2015-06-02 11:04:35 -0400] - UpdateStripeCustomerMetadataForMarket - Potluck Café Society (8) - Updating Organization YWCA Crabtree Corner (2375)'s Stripe Customer cus_5uQ4mauBC3gIxL with {:description=>"YWCA Crabtree Corner", :metadata=>{"lo.entity_id"=>2375, "lo.entity_type"=>"organization"}}
[2015-06-02 11:04:37 -0400] - UpdateStripeCustomerMetadataForMarket - Potluck Café Society (8) - Updating Organization Lookout Emergency Aid Society - Al Mitchell Place (2308)'s Stripe Customer cus_5uQ4m8VSfvRinU with {:description=>"Lookout Emergency Aid Society - Al Mitchell Place", :metadata=>{"lo.entity_id"=>2308, "lo.entity_type"=>"organization"}}
[2015-06-02 11:04:38 -0400] - UpdateStripeCustomerMetadataForMarket - Potluck Café Society (8) - Updating Organization Hannah Brook Farms (2283)'s Stripe Customer cus_5uQ4rYyoR7cvnt with {:description=>"Hannah Brook Farms", :metadata=>{"lo.entity_id"=>2283, "lo.entity_type"=>"organization"}}
[2015-06-02 11:04:39 -0400] - UpdateStripeCustomerMetadataForMarket - Potluck Café Society (8) - Updating Organization Rossdown Farms (2282)'s Stripe Customer cus_5uQ4bUlg4tpPp9 with {:description=>"Rossdown Farms", :metadata=>{"lo.entity_id"=>2282, "lo.entity_type"=>"organization"}}
[2015-06-02 11:04:40 -0400] - UpdateStripeCustomerMetadataForMarket - Potluck Café Society (8) - Updating Organization Tenth Church (2271)'s Stripe Customer cus_5uQ4VEW6GgBEDx with {:description=>"Tenth Church", :metadata=>{"lo.entity_id"=>2271, "lo.entity_type"=>"organization"}}
[2015-06-02 11:04:41 -0400] - UpdateStripeCustomerMetadataForMarket - Potluck Café Society (8) - Updating Organization Potluck Catering Inc. (2176)'s Stripe Customer cus_5uQ4DR7GbXQIde with {:description=>"Potluck Catering Inc.", :metadata=>{"lo.entity_id"=>2176, "lo.entity_type"=>"organization"}}
[2015-06-02 11:04:42 -0400] - UpdateStripeCustomerMetadataForMarket - Potluck Café Society (8) - Updating Organization A Loving Spoonful (2080)'s Stripe Customer cus_5uQ4mDX5Qjh5St with {:description=>"A Loving Spoonful", :metadata=>{"lo.entity_id"=>2080, "lo.entity_type"=>"organization"}}
[2015-06-02 11:04:43 -0400] - UpdateStripeCustomerMetadataForMarket - Potluck Café Society (8) - Updating Organization Covenant House Vancouver (1998)'s Stripe Customer cus_5uQ49jUkD8lf3L with {:description=>"Covenant House Vancouver", :metadata=>{"lo.entity_id"=>1998, "lo.entity_type"=>"organization"}}
[2015-06-02 11:04:44 -0400] - UpdateStripeCustomerMetadataForMarket - Potluck Café Society (8) - Updating Organization Fresh Point (1862)'s Stripe Customer cus_5uQ41Ocq40iGiL with {:description=>"Fresh Point", :metadata=>{"lo.entity_id"=>1862, "lo.entity_type"=>"organization"}}
[2015-06-02 11:04:45 -0400] - UpdateStripeCustomerMetadataForMarket - Potluck Café Society (8) - Updating Organization Heppell's Potato Farm (1854)'s Stripe Customer cus_5uQ4531UuqPU40 with {:description=>"Heppell's Potato Farm", :metadata=>{"lo.entity_id"=>1854, "lo.entity_type"=>"organization"}}
[2015-06-02 11:04:46 -0400] - UpdateStripeCustomerMetadataForMarket - Potluck Café Society (8) - Updating Organization Lookout Emergency Aid Society - Yukon (1853)'s Stripe Customer cus_5uQ5oh9oKmVWIS with {:description=>"Lookout Emergency Aid Society - Yukon", :metadata=>{"lo.entity_id"=>1853, "lo.entity_type"=>"organization"}}
[2015-06-02 11:04:47 -0400] - UpdateStripeCustomerMetadataForMarket - Potluck Café Society (8) - Updating Organization Raincity Housing (1852)'s Stripe Customer cus_5uQ5gpyiMMi57O with {:description=>"Raincity Housing", :metadata=>{"lo.entity_id"=>1852, "lo.entity_type"=>"organization"}}
[2015-06-02 11:04:48 -0400] - UpdateStripeCustomerMetadataForMarket - Potluck Café Society (8) - Updating Organization BC Tree Fruits (1772)'s Stripe Customer cus_5uQ4C19ZpScwUX with {:description=>"BC Tree Fruits", :metadata=>{"lo.entity_id"=>1772, "lo.entity_type"=>"organization"}}
[2015-06-02 11:04:49 -0400] - UpdateStripeCustomerMetadataForMarket - Potluck Café Society (8) - Updating Organization DTES Fresh Produce Market (1689)'s Stripe Customer cus_5uQ4LhtrgLgjO7 with {:description=>"DTES Fresh Produce Market", :metadata=>{"lo.entity_id"=>1689, "lo.entity_type"=>"organization"}}
[2015-06-02 11:04:50 -0400] - UpdateStripeCustomerMetadataForMarket - Potluck Café Society (8) - Updating Organization Carnegie Community Centre (193)'s Stripe Customer cus_5uQ5VlBEfwbY8w with {:description=>"Carnegie Community Centre", :metadata=>{"lo.entity_id"=>193, "lo.entity_type"=>"organization"}}
[2015-06-02 11:04:51 -0400] - UpdateStripeCustomerMetadataForMarket - Potluck Café Society (8) - Updating Organization Gathering Place  (194)'s Stripe Customer cus_5uQ5I4G3yl5p76 with {:description=>"Gathering Place ", :metadata=>{"lo.entity_id"=>194, "lo.entity_type"=>"organization"}}
[2015-06-02 11:04:52 -0400] - UpdateStripeCustomerMetadataForMarket - Potluck Café Society (8) - Updating Organization Potluck Cafe Society (195)'s Stripe Customer cus_5uQ5QBjQlwrG2B with {:description=>"Potluck Cafe Society", :metadata=>{"lo.entity_id"=>195, "lo.entity_type"=>"organization"}}
