[2015-06-02 11:13:40 -0400] - UpdateStripeCustomerMetadataForMarket - Happy Valley Fresh (32) - ====================================================================================================
[2015-06-02 11:13:40 -0400] - UpdateStripeCustomerMetadataForMarket - Happy Valley Fresh (32) -  Happy Valley Fresh (32)
[2015-06-02 11:13:40 -0400] - UpdateStripeCustomerMetadataForMarket - Happy Valley Fresh (32) -  Updating stripe customer metadata for Market and all Organizations.
[2015-06-02 11:13:40 -0400] - UpdateStripeCustomerMetadataForMarket - Happy Valley Fresh (32) - 
[2015-06-02 11:13:40 -0400] - UpdateStripeCustomerMetadataForMarket - Happy Valley Fresh (32) -  Rails.env: production
[2015-06-02 11:13:40 -0400] - UpdateStripeCustomerMetadataForMarket - Happy Valley Fresh (32) -  Stripe key: pk_live_j85VTsrz51POrss3ni460qaf
[2015-06-02 11:13:40 -0400] - UpdateStripeCustomerMetadataForMarket - Happy Valley Fresh (32) - ====================================================================================================
[2015-06-02 11:13:40 -0400] - UpdateStripeCustomerMetadataForMarket - Happy Valley Fresh (32) - No Stripe Customer linked to this Market.
[2015-06-02 11:13:41 -0400] - UpdateStripeCustomerMetadataForMarket - Happy Valley Fresh (32) - Updating Organization Raley's #245 East Avenue (2547)'s Stripe Customer cus_5uQ59pVTmmuaWL with {:description=>"Raley's #245 East Avenue", :metadata=>{"lo.entity_id"=>2547, "lo.entity_type"=>"organization"}}
[2015-06-02 11:13:43 -0400] - UpdateStripeCustomerMetadataForMarket - Happy Valley Fresh (32) - Updating Organization Raley's #249 Notre Dame (2546)'s Stripe Customer cus_5uQ4TGund13nuU with {:description=>"Raley's #249 Notre Dame", :metadata=>{"lo.entity_id"=>2546, "lo.entity_type"=>"organization"}}
[2015-06-02 11:13:44 -0400] - UpdateStripeCustomerMetadataForMarket - Happy Valley Fresh (32) - Updating Organization Kent's Meats and Groceries (2536)'s Stripe Customer cus_5uQ484PcdSCBBr with {:description=>"Kent's Meats and Groceries", :metadata=>{"lo.entity_id"=>2536, "lo.entity_type"=>"organization"}}
[2015-06-02 11:13:45 -0400] - UpdateStripeCustomerMetadataForMarket - Happy Valley Fresh (32) - Updating Organization Cook's Citrus, Orland (2391)'s Stripe Customer cus_5uQ4AwUiEp4Lol with {:description=>"Cook's Citrus, Orland", :metadata=>{"lo.entity_id"=>2391, "lo.entity_type"=>"organization"}}
[2015-06-02 11:13:46 -0400] - UpdateStripeCustomerMetadataForMarket - Happy Valley Fresh (32) - Updating Organization Raley's #233, Red Bluff (2409)'s Stripe Customer cus_5uQ4z3tGi6QBoR with {:description=>"Raley's #233, Red Bluff", :metadata=>{"lo.entity_id"=>2409, "lo.entity_type"=>"organization"}}
[2015-06-02 11:13:47 -0400] - UpdateStripeCustomerMetadataForMarket - Happy Valley Fresh (32) - Updating Organization Raley's #233, Red Bluff (2408)'s Stripe Customer cus_5uQ44kCXiHf1vy with {:description=>"Raley's #233, Red Bluff", :metadata=>{"lo.entity_id"=>2408, "lo.entity_type"=>"organization"}}
[2015-06-02 11:13:48 -0400] - UpdateStripeCustomerMetadataForMarket - Happy Valley Fresh (32) - Updating Organization Raley's #248 Redding (2398)'s Stripe Customer cus_5uQ4hE63VUpnK7 with {:description=>"Raley's #248 Redding", :metadata=>{"lo.entity_id"=>2398, "lo.entity_type"=>"organization"}}
[2015-06-02 11:13:49 -0400] - UpdateStripeCustomerMetadataForMarket - Happy Valley Fresh (32) - Updating Organization Happy Valley Mandarins (2381)'s Stripe Customer cus_5uQ463GC2f8ZiR with {:description=>"Happy Valley Mandarins", :metadata=>{"lo.entity_id"=>2381, "lo.entity_type"=>"organization"}}
[2015-06-02 11:13:50 -0400] - UpdateStripeCustomerMetadataForMarket - Happy Valley Fresh (32) - Updating Organization Holiday Market#37 Penn Valley,  (2016)'s Stripe Customer cus_5uQ4VHgDv05nHw with {:description=>"Holiday Market#37 Penn Valley, ", :metadata=>{"lo.entity_id"=>2016, "lo.entity_type"=>"organization"}}
[2015-06-02 11:13:51 -0400] - UpdateStripeCustomerMetadataForMarket - Happy Valley Fresh (32) - Updating Organization Sav-Mor#12 Redding-Westwood Village, Cam Cyusta (2015)'s Stripe Customer cus_5uQ4sE3NkG42jm with {:description=>"Sav-Mor#12 Redding-Westwood Village, Cam Cyusta", :metadata=>{"lo.entity_id"=>2015, "lo.entity_type"=>"organization"}}
[2015-06-02 11:13:52 -0400] - UpdateStripeCustomerMetadataForMarket - Happy Valley Fresh (32) - Updating Organization Holiday Market#40 Palo Cedro, Eric (2007)'s Stripe Customer cus_5uQ4UClnPr4TGD with {:description=>"Holiday Market#40 Palo Cedro, Eric", :metadata=>{"lo.entity_id"=>2007, "lo.entity_type"=>"organization"}}
[2015-06-02 11:13:53 -0400] - UpdateStripeCustomerMetadataForMarket - Happy Valley Fresh (32) - Updating Organization Holiday#34 Cottonwood,  (2006)'s Stripe Customer cus_5uQ5GBj0nJO7Uv with {:description=>"Holiday#34 Cottonwood, ", :metadata=>{"lo.entity_id"=>2006, "lo.entity_type"=>"organization"}}
[2015-06-02 11:13:54 -0400] - UpdateStripeCustomerMetadataForMarket - Happy Valley Fresh (32) - Updating Organization Sav-Mor#14 Orland, Star (2004)'s Stripe Customer cus_5uQ4jhYb91FFM5 with {:description=>"Sav-Mor#14 Orland, Star", :metadata=>{"lo.entity_id"=>2004, "lo.entity_type"=>"organization"}}
[2015-06-02 11:13:55 -0400] - UpdateStripeCustomerMetadataForMarket - Happy Valley Fresh (32) - Updating Organization Holiday Market#41 Alturas, Krista (2002)'s Stripe Customer cus_5uQ4i2iuAXofyW with {:description=>"Holiday Market#41 Alturas, Krista", :metadata=>{"lo.entity_id"=>2002, "lo.entity_type"=>"organization"}}
[2015-06-02 11:13:56 -0400] - UpdateStripeCustomerMetadataForMarket - Happy Valley Fresh (32) - Updating Organization Holiday Market#38 Auburn, Cassandra Chaidez (1995)'s Stripe Customer cus_5uQ4G0UeBlF6Vy with {:description=>"Holiday Market#38 Auburn, Cassandra Chaidez", :metadata=>{"lo.entity_id"=>1995, "lo.entity_type"=>"organization"}}
[2015-06-02 11:13:57 -0400] - UpdateStripeCustomerMetadataForMarket - Happy Valley Fresh (32) - Updating Organization Sav-Mor#31 Colusa, Miguel Valladares (1988)'s Stripe Customer cus_5uQ4Ur5vQ6W4rH with {:description=>"Sav-Mor#31 Colusa, Miguel Valladares", :metadata=>{"lo.entity_id"=>1988, "lo.entity_type"=>"organization"}}
[2015-06-02 11:13:58 -0400] - UpdateStripeCustomerMetadataForMarket - Happy Valley Fresh (32) - Updating Organization Holiday Market#59 Redding Placer St., Nick (1983)'s Stripe Customer cus_5uQ55qWlV0kSRm with {:description=>"Holiday Market#59 Redding Placer St., Nick", :metadata=>{"lo.entity_id"=>1983, "lo.entity_type"=>"organization"}}
[2015-06-02 11:13:59 -0400] - UpdateStripeCustomerMetadataForMarket - Happy Valley Fresh (32) - Updating Organization Holiday Market#54 Chester, Daryl Emis (1980)'s Stripe Customer cus_5uQ47pJuvUgTj2 with {:description=>"Holiday Market#54 Chester, Daryl Emis", :metadata=>{"lo.entity_id"=>1980, "lo.entity_type"=>"organization"}}
[2015-06-02 11:13:59 -0400] - UpdateStripeCustomerMetadataForMarket - Happy Valley Fresh (32) - No Stripe Customer linked to Sav-Mor#17, Quincy, Tom Ballew (1978).
[2015-06-02 11:14:01 -0400] - UpdateStripeCustomerMetadataForMarket - Happy Valley Fresh (32) - Updating Organization Sav-Mor#33 Gridley, Michelle Dunlap (1971)'s Stripe Customer cus_5uQ4Vfz8dPEiDm with {:description=>"Sav-Mor#33 Gridley, Michelle Dunlap", :metadata=>{"lo.entity_id"=>1971, "lo.entity_type"=>"organization"}}
[2015-06-02 11:14:02 -0400] - UpdateStripeCustomerMetadataForMarket - Happy Valley Fresh (32) - Updating Organization Jim and Stacy Bianchi (1964)'s Stripe Customer cus_5uQ4XxV44PauLp with {:description=>"Jim and Stacy Bianchi", :metadata=>{"lo.entity_id"=>1964, "lo.entity_type"=>"organization"}}
[2015-06-02 11:14:03 -0400] - UpdateStripeCustomerMetadataForMarket - Happy Valley Fresh (32) - Updating Organization Holiday Market#45, Redding Hartnell (1958)'s Stripe Customer cus_5uQ5mVSCaweyC6 with {:description=>"Holiday Market#45, Redding Hartnell", :metadata=>{"lo.entity_id"=>1958, "lo.entity_type"=>"organization"}}
[2015-06-02 11:14:04 -0400] - UpdateStripeCustomerMetadataForMarket - Happy Valley Fresh (32) - Updating Organization Sav-Mor #60, Magalia (1948)'s Stripe Customer cus_5uQ4L3wZzXQDPK with {:description=>"Sav-Mor #60, Magalia", :metadata=>{"lo.entity_id"=>1948, "lo.entity_type"=>"organization"}}
[2015-06-02 11:14:05 -0400] - UpdateStripeCustomerMetadataForMarket - Happy Valley Fresh (32) - Updating Organization Sav-Mor #32 Corning, Ron Rath (1941)'s Stripe Customer cus_5uQ4Yz9FTAURSp with {:description=>"Sav-Mor #32 Corning, Ron Rath", :metadata=>{"lo.entity_id"=>1941, "lo.entity_type"=>"organization"}}
[2015-06-02 11:14:06 -0400] - UpdateStripeCustomerMetadataForMarket - Happy Valley Fresh (32) - Updating Organization Holiday Market #15 Paradise (1936)'s Stripe Customer cus_5uQ4MoQ9Jnt50N with {:description=>"Holiday Market #15 Paradise", :metadata=>{"lo.entity_id"=>1936, "lo.entity_type"=>"organization"}}
[2015-06-02 11:14:07 -0400] - UpdateStripeCustomerMetadataForMarket - Happy Valley Fresh (32) - Updating Organization Holiday Market #61 Meadow Vista (1934)'s Stripe Customer cus_5uQ4NmhHu1Im6T with {:description=>"Holiday Market #61 Meadow Vista", :metadata=>{"lo.entity_id"=>1934, "lo.entity_type"=>"organization"}}
[2015-06-02 11:14:08 -0400] - UpdateStripeCustomerMetadataForMarket - Happy Valley Fresh (32) - Updating Organization Holiday Market #62, Cool (1933)'s Stripe Customer cus_5uQ445gkvE22BY with {:description=>"Holiday Market #62, Cool", :metadata=>{"lo.entity_id"=>1933, "lo.entity_type"=>"organization"}}
[2015-06-02 11:14:09 -0400] - UpdateStripeCustomerMetadataForMarket - Happy Valley Fresh (32) - Updating Organization Irvine Fruit Growers (1926)'s Stripe Customer cus_5uQ4ZNyndsZFQS with {:description=>"Irvine Fruit Growers", :metadata=>{"lo.entity_id"=>1926, "lo.entity_type"=>"organization"}}
[2015-06-02 11:14:10 -0400] - UpdateStripeCustomerMetadataForMarket - Happy Valley Fresh (32) - Updating Organization Rose Valley, Woodland  (1848)'s Stripe Customer cus_5uQ4bl1cSNpQZN with {:description=>"Rose Valley, Woodland ", :metadata=>{"lo.entity_id"=>1848, "lo.entity_type"=>"organization"}}
[2015-06-02 11:14:11 -0400] - UpdateStripeCustomerMetadataForMarket - Happy Valley Fresh (32) - Updating Organization Stephen's Ranch, Yuba City (1844)'s Stripe Customer cus_5uQ4W3z9WsJeWR with {:description=>"Stephen's Ranch, Yuba City", :metadata=>{"lo.entity_id"=>1844, "lo.entity_type"=>"organization"}}
[2015-06-02 11:14:12 -0400] - UpdateStripeCustomerMetadataForMarket - Happy Valley Fresh (32) - Updating Organization North State Grocery Warehouse#70 (1612)'s Stripe Customer cus_5uQ4LbyK1w3JZ9 with {:description=>"North State Grocery Warehouse#70", :metadata=>{"lo.entity_id"=>1612, "lo.entity_type"=>"organization"}}
[2015-06-02 11:14:13 -0400] - UpdateStripeCustomerMetadataForMarket - Happy Valley Fresh (32) - Updating Organization Feather River Packaging, Gridley (1605)'s Stripe Customer cus_5uQ5bKUSNHsMKI with {:description=>"Feather River Packaging, Gridley", :metadata=>{"lo.entity_id"=>1605, "lo.entity_type"=>"organization"}}
[2015-06-02 11:14:14 -0400] - UpdateStripeCustomerMetadataForMarket - Happy Valley Fresh (32) - Updating Organization O'Connell Ranch, Colusa  (1602)'s Stripe Customer cus_5uQ56B29CD0ur8 with {:description=>"O'Connell Ranch, Colusa ", :metadata=>{"lo.entity_id"=>1602, "lo.entity_type"=>"organization"}}
[2015-06-02 11:14:14 -0400] - UpdateStripeCustomerMetadataForMarket - Happy Valley Fresh (32) - No Stripe Customer linked to Wooley Farms (1580).
