[2015-06-02 11:20:20 -0400] - UpdateStripeCustomerMetadataForMarket - Ohio Valley Food (94) - ====================================================================================================
[2015-06-02 11:20:20 -0400] - UpdateStripeCustomerMetadataForMarket - Ohio Valley Food (94) -  Ohio Valley Food (94)
[2015-06-02 11:20:20 -0400] - UpdateStripeCustomerMetadataForMarket - Ohio Valley Food (94) -  Updating stripe customer metadata for Market and all Organizations.
[2015-06-02 11:20:20 -0400] - UpdateStripeCustomerMetadataForMarket - Ohio Valley Food (94) - 
[2015-06-02 11:20:20 -0400] - UpdateStripeCustomerMetadataForMarket - Ohio Valley Food (94) -  Rails.env: production
[2015-06-02 11:20:20 -0400] - UpdateStripeCustomerMetadataForMarket - Ohio Valley Food (94) -  Stripe key: pk_live_j85VTsrz51POrss3ni460qaf
[2015-06-02 11:20:20 -0400] - UpdateStripeCustomerMetadataForMarket - Ohio Valley Food (94) - ====================================================================================================
[2015-06-02 11:20:20 -0400] - UpdateStripeCustomerMetadataForMarket - Ohio Valley Food (94) - No Stripe Customer linked to this Market.
[2015-06-02 11:20:21 -0400] - UpdateStripeCustomerMetadataForMarket - Ohio Valley Food (94) - Updating Organization Carriage House Farm (4060)'s Stripe Customer cus_6LQTqtCLsFvlSD with {:description=>"Carriage House Farm", :metadata=>{"lo.entity_id"=>4060, "lo.entity_type"=>"organization"}}
[2015-06-02 11:20:22 -0400] - UpdateStripeCustomerMetadataForMarket - Ohio Valley Food (94) - Updating Organization Sheltowee Farm (3925)'s Stripe Customer cus_6I1OmDDLptpCl4 with {:description=>"Sheltowee Farm", :metadata=>{"lo.entity_id"=>3925, "lo.entity_type"=>"organization"}}
[2015-06-02 11:20:23 -0400] - UpdateStripeCustomerMetadataForMarket - Ohio Valley Food (94) - Updating Organization TS Farms (3766)'s Stripe Customer cus_6EIBExSKPet5TZ with {:description=>"TS Farms", :metadata=>{"lo.entity_id"=>3766, "lo.entity_type"=>"organization"}}
[2015-06-02 11:20:24 -0400] - UpdateStripeCustomerMetadataForMarket - Ohio Valley Food (94) - Updating Organization Stoke's Berry Farm (3746)'s Stripe Customer cus_6DNgB4JxKvlrXc with {:description=>"Stoke's Berry Farm", :metadata=>{"lo.entity_id"=>3746, "lo.entity_type"=>"organization"}}
[2015-06-02 11:20:25 -0400] - UpdateStripeCustomerMetadataForMarket - Ohio Valley Food (94) - Updating Organization Our Harvest Cooperative (3889)'s Stripe Customer cus_6HRGlg1BLW7MoD with {:description=>"Our Harvest Cooperative", :metadata=>{"lo.entity_id"=>3889, "lo.entity_type"=>"organization"}}
[2015-06-02 11:20:26 -0400] - UpdateStripeCustomerMetadataForMarket - Ohio Valley Food (94) - Updating Organization Napoleon Ridge Farm (3818)'s Stripe Customer cus_6FQRpG3fsjdJu1 with {:description=>"Napoleon Ridge Farm", :metadata=>{"lo.entity_id"=>3818, "lo.entity_type"=>"organization"}}
[2015-06-02 11:20:27 -0400] - UpdateStripeCustomerMetadataForMarket - Ohio Valley Food (94) - Updating Organization Greener Portions Aquaponics (3817)'s Stripe Customer cus_6FQOH2nUxM4ca0 with {:description=>"Greener Portions Aquaponics", :metadata=>{"lo.entity_id"=>3817, "lo.entity_type"=>"organization"}}
[2015-06-02 11:20:28 -0400] - UpdateStripeCustomerMetadataForMarket - Ohio Valley Food (94) - Updating Organization Fox Tail Farm (3767)'s Stripe Customer cus_6EIKc5KYYcLOpL with {:description=>"Fox Tail Farm", :metadata=>{"lo.entity_id"=>3767, "lo.entity_type"=>"organization"}}
[2015-06-02 11:20:29 -0400] - UpdateStripeCustomerMetadataForMarket - Ohio Valley Food (94) - Updating Organization Fair Ridge Farm (3841)'s Stripe Customer cus_6GffKl7feZOBgU with {:description=>"Fair Ridge Farm", :metadata=>{"lo.entity_id"=>3841, "lo.entity_type"=>"organization"}}
[2015-06-02 11:20:30 -0400] - UpdateStripeCustomerMetadataForMarket - Ohio Valley Food (94) - Updating Organization Downing Farm  (3745)'s Stripe Customer cus_6DNe9E94GfrpdT with {:description=>"Downing Farm ", :metadata=>{"lo.entity_id"=>3745, "lo.entity_type"=>"organization"}}
[2015-06-02 11:20:31 -0400] - UpdateStripeCustomerMetadataForMarket - Ohio Valley Food (94) - Updating Organization Brookhill Farm LLC (3743)'s Stripe Customer cus_6DNcCNirwaVRLs with {:description=>"Brookhill Farm LLC", :metadata=>{"lo.entity_id"=>3743, "lo.entity_type"=>"organization"}}
[2015-06-02 11:20:32 -0400] - UpdateStripeCustomerMetadataForMarket - Ohio Valley Food (94) - Updating Organization Branstrator Farm  (3865)'s Stripe Customer cus_6GuzfeGtZbgo3Q with {:description=>"Branstrator Farm ", :metadata=>{"lo.entity_id"=>3865, "lo.entity_type"=>"organization"}}
[2015-06-02 11:20:34 -0400] - UpdateStripeCustomerMetadataForMarket - Ohio Valley Food (94) - Updating Organization 5 Oaks Organics (3742)'s Stripe Customer cus_6DNZX3JAlP3IFT with {:description=>"5 Oaks Organics", :metadata=>{"lo.entity_id"=>3742, "lo.entity_type"=>"organization"}}
[2015-06-02 11:20:35 -0400] - UpdateStripeCustomerMetadataForMarket - Ohio Valley Food (94) - Updating Organization That Guy's Family Farm  (3744)'s Stripe Customer cus_6DNddyvzzEh0z3 with {:description=>"That Guy's Family Farm ", :metadata=>{"lo.entity_id"=>3744, "lo.entity_type"=>"organization"}}
