[2015-06-02 11:10:30 -0400] - UpdateStripeCustomerMetadataForMarket - Squash Blossom WHOLESALE (76) - ====================================================================================================
[2015-06-02 11:10:30 -0400] - UpdateStripeCustomerMetadataForMarket - Squash Blossom WHOLESALE (76) -  Squash Blossom WHOLESALE (76)
[2015-06-02 11:10:30 -0400] - UpdateStripeCustomerMetadataForMarket - Squash Blossom WHOLESALE (76) -  Updating stripe customer metadata for Market and all Organizations.
[2015-06-02 11:10:30 -0400] - UpdateStripeCustomerMetadataForMarket - Squash Blossom WHOLESALE (76) - 
[2015-06-02 11:10:30 -0400] - UpdateStripeCustomerMetadataForMarket - Squash Blossom WHOLESALE (76) -  Rails.env: production
[2015-06-02 11:10:30 -0400] - UpdateStripeCustomerMetadataForMarket - Squash Blossom WHOLESALE (76) -  Stripe key: pk_live_j85VTsrz51POrss3ni460qaf
[2015-06-02 11:10:30 -0400] - UpdateStripeCustomerMetadataForMarket - Squash Blossom WHOLESALE (76) - ====================================================================================================
[2015-06-02 11:10:32 -0400] - UpdateStripeCustomerMetadataForMarket - Squash Blossom WHOLESALE (76) - Updating Market's Stripe Customer with {:description=>"Squash Blossom WHOLESALE", :metadata=>{"lo.entity_id"=>76, "lo.entity_type"=>"market"}}
[2015-06-02 11:10:33 -0400] - UpdateStripeCustomerMetadataForMarket - Squash Blossom WHOLESALE (76) - Updating Organization Red Mesa Cuisine (4074)'s Stripe Customer cus_6LiCFy9S8nokK0 with {:description=>"Red Mesa Cuisine", :metadata=>{"lo.entity_id"=>4074, "lo.entity_type"=>"organization"}}
[2015-06-02 11:10:34 -0400] - UpdateStripeCustomerMetadataForMarket - Squash Blossom WHOLESALE (76) - Updating Organization Boa Appetit @ IAIA (4035)'s Stripe Customer cus_6KcaKuILPgiDMU with {:description=>"Boa Appetit @ IAIA", :metadata=>{"lo.entity_id"=>4035, "lo.entity_type"=>"organization"}}
[2015-06-02 11:10:34 -0400] - UpdateStripeCustomerMetadataForMarket - Squash Blossom WHOLESALE (76) - No Stripe Customer linked to il piatto  (3995).
[2015-06-02 11:10:35 -0400] - UpdateStripeCustomerMetadataForMarket - Squash Blossom WHOLESALE (76) - Updating Organization Crumpackers (3943)'s Stripe Customer cus_6JllZsaZ5KwTN1 with {:description=>"Crumpackers", :metadata=>{"lo.entity_id"=>3943, "lo.entity_type"=>"organization"}}
[2015-06-02 11:10:36 -0400] - UpdateStripeCustomerMetadataForMarket - Squash Blossom WHOLESALE (76) - Updating Organization Wagner Farms (3335)'s Stripe Customer cus_5y0Zg4ikn1sedF with {:description=>"Wagner Farms", :metadata=>{"lo.entity_id"=>3335, "lo.entity_type"=>"organization"}}
[2015-06-02 11:10:38 -0400] - UpdateStripeCustomerMetadataForMarket - Squash Blossom WHOLESALE (76) - Updating Organization Sungreen Living Foods (3334)'s Stripe Customer cus_5y0Ya3DcaZSN1M with {:description=>"Sungreen Living Foods", :metadata=>{"lo.entity_id"=>3334, "lo.entity_type"=>"organization"}}
[2015-06-02 11:10:39 -0400] - UpdateStripeCustomerMetadataForMarket - Squash Blossom WHOLESALE (76) - Updating Organization Serrano Family Farm (3333)'s Stripe Customer cus_5y0YUE9WnDS49L with {:description=>"Serrano Family Farm", :metadata=>{"lo.entity_id"=>3333, "lo.entity_type"=>"organization"}}
[2015-06-02 11:10:40 -0400] - UpdateStripeCustomerMetadataForMarket - Squash Blossom WHOLESALE (76) - Updating Organization Santa Cruz Farms (3332)'s Stripe Customer cus_5y0X4YlNR2CI2Q with {:description=>"Santa Cruz Farms", :metadata=>{"lo.entity_id"=>3332, "lo.entity_type"=>"organization"}}
[2015-06-02 11:10:41 -0400] - UpdateStripeCustomerMetadataForMarket - Squash Blossom WHOLESALE (76) - Updating Organization Red Mountain Farm (3331)'s Stripe Customer cus_5y0WlqyWthvkEq with {:description=>"Red Mountain Farm", :metadata=>{"lo.entity_id"=>3331, "lo.entity_type"=>"organization"}}
[2015-06-02 11:10:42 -0400] - UpdateStripeCustomerMetadataForMarket - Squash Blossom WHOLESALE (76) - Updating Organization Rancho La Jolla (3330)'s Stripe Customer cus_5y0W5Xsgk8SX2r with {:description=>"Rancho La Jolla", :metadata=>{"lo.entity_id"=>3330, "lo.entity_type"=>"organization"}}
[2015-06-02 11:10:43 -0400] - UpdateStripeCustomerMetadataForMarket - Squash Blossom WHOLESALE (76) - Updating Organization Pojoaque Pueblo Farms (3329)'s Stripe Customer cus_5y0UlVUMWhJc2Y with {:description=>"Pojoaque Pueblo Farms", :metadata=>{"lo.entity_id"=>3329, "lo.entity_type"=>"organization"}}
[2015-06-02 11:10:44 -0400] - UpdateStripeCustomerMetadataForMarket - Squash Blossom WHOLESALE (76) - Updating Organization Mr. G's Organic Farm (3328)'s Stripe Customer cus_5y0Tc4VlpYng0y with {:description=>"Mr. G's Organic Farm", :metadata=>{"lo.entity_id"=>3328, "lo.entity_type"=>"organization"}}
[2015-06-02 11:10:45 -0400] - UpdateStripeCustomerMetadataForMarket - Squash Blossom WHOLESALE (76) - Updating Organization Monte Vista Organic Farms (3327)'s Stripe Customer cus_5y0TYebNOdgiDf with {:description=>"Monte Vista Organic Farms", :metadata=>{"lo.entity_id"=>3327, "lo.entity_type"=>"organization"}}
[2015-06-02 11:10:46 -0400] - UpdateStripeCustomerMetadataForMarket - Squash Blossom WHOLESALE (76) - Updating Organization MiYoung's Farm (3326)'s Stripe Customer cus_5y0SVQWlAb61v5 with {:description=>"MiYoung's Farm", :metadata=>{"lo.entity_id"=>3326, "lo.entity_type"=>"organization"}}
[2015-06-02 11:10:47 -0400] - UpdateStripeCustomerMetadataForMarket - Squash Blossom WHOLESALE (76) - Updating Organization Mendez Produce (3325)'s Stripe Customer cus_5y0SWwrRkDkfMP with {:description=>"Mendez Produce", :metadata=>{"lo.entity_id"=>3325, "lo.entity_type"=>"organization"}}
[2015-06-02 11:10:48 -0400] - UpdateStripeCustomerMetadataForMarket - Squash Blossom WHOLESALE (76) - Updating Organization La Mesa Organic Farm (3324)'s Stripe Customer cus_5y0QdvNVCULfQf with {:description=>"La Mesa Organic Farm", :metadata=>{"lo.entity_id"=>3324, "lo.entity_type"=>"organization"}}
[2015-06-02 11:10:49 -0400] - UpdateStripeCustomerMetadataForMarket - Squash Blossom WHOLESALE (76) - Updating Organization Green Tractor Organic Farm (3323)'s Stripe Customer cus_5y0LNW9VfwzqvU with {:description=>"Green Tractor Organic Farm", :metadata=>{"lo.entity_id"=>3323, "lo.entity_type"=>"organization"}}
[2015-06-02 11:10:50 -0400] - UpdateStripeCustomerMetadataForMarket - Squash Blossom WHOLESALE (76) - Updating Organization Espanola Valley Farms (3322)'s Stripe Customer cus_5y0KDrrYYyb4R9 with {:description=>"Espanola Valley Farms", :metadata=>{"lo.entity_id"=>3322, "lo.entity_type"=>"organization"}}
[2015-06-02 11:10:51 -0400] - UpdateStripeCustomerMetadataForMarket - Squash Blossom WHOLESALE (76) - Updating Organization Diamond Sow Gardens (3321)'s Stripe Customer cus_5y0I49QgZu2uO6 with {:description=>"Diamond Sow Gardens", :metadata=>{"lo.entity_id"=>3321, "lo.entity_type"=>"organization"}}
[2015-06-02 11:10:52 -0400] - UpdateStripeCustomerMetadataForMarket - Squash Blossom WHOLESALE (76) - Updating Organization Charybda Farms (3320)'s Stripe Customer cus_5y0FQCHKafxnGq with {:description=>"Charybda Farms", :metadata=>{"lo.entity_id"=>3320, "lo.entity_type"=>"organization"}}
[2015-06-02 11:10:53 -0400] - UpdateStripeCustomerMetadataForMarket - Squash Blossom WHOLESALE (76) - Updating Organization Box Car Organic Farm (3319)'s Stripe Customer cus_5y0D0NrnAH5Gb1 with {:description=>"Box Car Organic Farm", :metadata=>{"lo.entity_id"=>3319, "lo.entity_type"=>"organization"}}
[2015-06-02 11:10:54 -0400] - UpdateStripeCustomerMetadataForMarket - Squash Blossom WHOLESALE (76) - Updating Organization Bohdi Farms (3318)'s Stripe Customer cus_5y08HNC3hiffR7 with {:description=>"Bohdi Farms", :metadata=>{"lo.entity_id"=>3318, "lo.entity_type"=>"organization"}}
[2015-06-02 11:10:55 -0400] - UpdateStripeCustomerMetadataForMarket - Squash Blossom WHOLESALE (76) - Updating Organization Ancient Waters Farm (3317)'s Stripe Customer cus_5y06qfvHCDxBKe with {:description=>"Ancient Waters Farm", :metadata=>{"lo.entity_id"=>3317, "lo.entity_type"=>"organization"}}
