[2015-06-02 11:08:38 -0400] - UpdateStripeCustomerMetadataForMarket - Jack & Jake's Restaurant Sales (58) - ====================================================================================================
[2015-06-02 11:08:38 -0400] - UpdateStripeCustomerMetadataForMarket - Jack & Jake's Restaurant Sales (58) -  Jack & Jake's Restaurant Sales (58)
[2015-06-02 11:08:38 -0400] - UpdateStripeCustomerMetadataForMarket - Jack & Jake's Restaurant Sales (58) -  Updating stripe customer metadata for Market and all Organizations.
[2015-06-02 11:08:38 -0400] - UpdateStripeCustomerMetadataForMarket - Jack & Jake's Restaurant Sales (58) - 
[2015-06-02 11:08:38 -0400] - UpdateStripeCustomerMetadataForMarket - Jack & Jake's Restaurant Sales (58) -  Rails.env: production
[2015-06-02 11:08:38 -0400] - UpdateStripeCustomerMetadataForMarket - Jack & Jake's Restaurant Sales (58) -  Stripe key: pk_live_j85VTsrz51POrss3ni460qaf
[2015-06-02 11:08:38 -0400] - UpdateStripeCustomerMetadataForMarket - Jack & Jake's Restaurant Sales (58) - ====================================================================================================
[2015-06-02 11:08:39 -0400] - UpdateStripeCustomerMetadataForMarket - Jack & Jake's Restaurant Sales (58) - Updating Market's Stripe Customer with {:description=>"Jack & Jake's Restaurant Sales", :metadata=>{"lo.entity_id"=>58, "lo.entity_type"=>"market"}}
[2015-06-02 11:08:40 -0400] - UpdateStripeCustomerMetadataForMarket - Jack & Jake's Restaurant Sales (58) - Updating Organization Bayona (3148)'s Stripe Customer cus_5uQ5411KbMUU77 with {:description=>"Bayona", :metadata=>{"lo.entity_id"=>3148, "lo.entity_type"=>"organization"}}
[2015-06-02 11:08:41 -0400] - UpdateStripeCustomerMetadataForMarket - Jack & Jake's Restaurant Sales (58) - Updating Organization Coquette (3147)'s Stripe Customer cus_5uQ5p21FCPqkGu with {:description=>"Coquette", :metadata=>{"lo.entity_id"=>3147, "lo.entity_type"=>"organization"}}
[2015-06-02 11:08:42 -0400] - UpdateStripeCustomerMetadataForMarket - Jack & Jake's Restaurant Sales (58) - Updating Organization Commander's Palace (3146)'s Stripe Customer cus_5uQ5oBTgvWjxbu with {:description=>"Commander's Palace", :metadata=>{"lo.entity_id"=>3146, "lo.entity_type"=>"organization"}}
[2015-06-02 11:08:43 -0400] - UpdateStripeCustomerMetadataForMarket - Jack & Jake's Restaurant Sales (58) - Updating Organization St. Lawrence (3145)'s Stripe Customer cus_5uQ5Ir0arf8Ey4 with {:description=>"St. Lawrence", :metadata=>{"lo.entity_id"=>3145, "lo.entity_type"=>"organization"}}
[2015-06-02 11:08:44 -0400] - UpdateStripeCustomerMetadataForMarket - Jack & Jake's Restaurant Sales (58) - Updating Organization Brennan's (3144)'s Stripe Customer cus_5uQ52cBkOZkzCV with {:description=>"Brennan's", :metadata=>{"lo.entity_id"=>3144, "lo.entity_type"=>"organization"}}
[2015-06-02 11:08:45 -0400] - UpdateStripeCustomerMetadataForMarket - Jack & Jake's Restaurant Sales (58) - Updating Organization American Sector (3074)'s Stripe Customer cus_5uQ5n80GOr1WZF with {:description=>"American Sector", :metadata=>{"lo.entity_id"=>3074, "lo.entity_type"=>"organization"}}
[2015-06-02 11:08:46 -0400] - UpdateStripeCustomerMetadataForMarket - Jack & Jake's Restaurant Sales (58) - Updating Organization Meauxbar (3073)'s Stripe Customer cus_5uQ5LeL5q9Up3c with {:description=>"Meauxbar", :metadata=>{"lo.entity_id"=>3073, "lo.entity_type"=>"organization"}}
[2015-06-02 11:08:47 -0400] - UpdateStripeCustomerMetadataForMarket - Jack & Jake's Restaurant Sales (58) - Updating Organization Root (3071)'s Stripe Customer cus_5uQ5A8IMPmHhqs with {:description=>"Root", :metadata=>{"lo.entity_id"=>3071, "lo.entity_type"=>"organization"}}
[2015-06-02 11:08:48 -0400] - UpdateStripeCustomerMetadataForMarket - Jack & Jake's Restaurant Sales (58) - Updating Organization Marti's (3031)'s Stripe Customer cus_5uQ5QIuOyPY0et with {:description=>"Marti's", :metadata=>{"lo.entity_id"=>3031, "lo.entity_type"=>"organization"}}
[2015-06-02 11:08:49 -0400] - UpdateStripeCustomerMetadataForMarket - Jack & Jake's Restaurant Sales (58) - Updating Organization Manning's (3022)'s Stripe Customer cus_5uQ5OmCNmw2e4C with {:description=>"Manning's", :metadata=>{"lo.entity_id"=>3022, "lo.entity_type"=>"organization"}}
[2015-06-02 11:08:50 -0400] - UpdateStripeCustomerMetadataForMarket - Jack & Jake's Restaurant Sales (58) - Updating Organization Fulton Alley (2986)'s Stripe Customer cus_5uQ5hviaE3zrbP with {:description=>"Fulton Alley", :metadata=>{"lo.entity_id"=>2986, "lo.entity_type"=>"organization"}}
[2015-06-02 11:08:51 -0400] - UpdateStripeCustomerMetadataForMarket - Jack & Jake's Restaurant Sales (58) - Updating Organization Hyatt Regency New Orleans (2985)'s Stripe Customer cus_5uQ5BVGwAjHXnm with {:description=>"Hyatt Regency New Orleans", :metadata=>{"lo.entity_id"=>2985, "lo.entity_type"=>"organization"}}
[2015-06-02 11:08:52 -0400] - UpdateStripeCustomerMetadataForMarket - Jack & Jake's Restaurant Sales (58) - Updating Organization Sylvain (2983)'s Stripe Customer cus_5uQ5ECSP2whNWi with {:description=>"Sylvain", :metadata=>{"lo.entity_id"=>2983, "lo.entity_type"=>"organization"}}
[2015-06-02 11:08:53 -0400] - UpdateStripeCustomerMetadataForMarket - Jack & Jake's Restaurant Sales (58) - Updating Organization Conventional (2844)'s Stripe Customer cus_5uQ4aNaNvixXun with {:description=>"Conventional", :metadata=>{"lo.entity_id"=>2844, "lo.entity_type"=>"organization"}}
[2015-06-02 11:08:54 -0400] - UpdateStripeCustomerMetadataForMarket - Jack & Jake's Restaurant Sales (58) - Updating Organization Regional (2843)'s Stripe Customer cus_5uQ4wPyIP9EqKf with {:description=>"Regional", :metadata=>{"lo.entity_id"=>2843, "lo.entity_type"=>"organization"}}
[2015-06-02 11:08:55 -0400] - UpdateStripeCustomerMetadataForMarket - Jack & Jake's Restaurant Sales (58) - Updating Organization Local (2842)'s Stripe Customer cus_5uQ4xK5neOMPRf with {:description=>"Local", :metadata=>{"lo.entity_id"=>2842, "lo.entity_type"=>"organization"}}
[2015-06-02 11:08:56 -0400] - UpdateStripeCustomerMetadataForMarket - Jack & Jake's Restaurant Sales (58) - Updating Organization Peche (2775)'s Stripe Customer cus_5uQ460exIGqNjY with {:description=>"Peche", :metadata=>{"lo.entity_id"=>2775, "lo.entity_type"=>"organization"}}
[2015-06-02 11:08:57 -0400] - UpdateStripeCustomerMetadataForMarket - Jack & Jake's Restaurant Sales (58) - Updating Organization Herbsaint (2774)'s Stripe Customer cus_5uQ4vTb7RpULT8 with {:description=>"Herbsaint", :metadata=>{"lo.entity_id"=>2774, "lo.entity_type"=>"organization"}}
[2015-06-02 11:08:58 -0400] - UpdateStripeCustomerMetadataForMarket - Jack & Jake's Restaurant Sales (58) - Updating Organization Calcasieu (2773)'s Stripe Customer cus_5uQ46TJM9L8nNh with {:description=>"Calcasieu", :metadata=>{"lo.entity_id"=>2773, "lo.entity_type"=>"organization"}}
[2015-06-02 11:08:59 -0400] - UpdateStripeCustomerMetadataForMarket - Jack & Jake's Restaurant Sales (58) - Updating Organization Cochon Butcher (2772)'s Stripe Customer cus_5uQ4qzHkbks1yG with {:description=>"Cochon Butcher", :metadata=>{"lo.entity_id"=>2772, "lo.entity_type"=>"organization"}}
[2015-06-02 11:09:00 -0400] - UpdateStripeCustomerMetadataForMarket - Jack & Jake's Restaurant Sales (58) - Updating Organization Cochon (2771)'s Stripe Customer cus_5uQ4Xd2BNdDdU3 with {:description=>"Cochon", :metadata=>{"lo.entity_id"=>2771, "lo.entity_type"=>"organization"}}
[2015-06-02 11:09:02 -0400] - UpdateStripeCustomerMetadataForMarket - Jack & Jake's Restaurant Sales (58) - Updating Organization Delmonico (2770)'s Stripe Customer cus_5uQ4gdmfokIxu2 with {:description=>"Delmonico", :metadata=>{"lo.entity_id"=>2770, "lo.entity_type"=>"organization"}}
[2015-06-02 11:09:03 -0400] - UpdateStripeCustomerMetadataForMarket - Jack & Jake's Restaurant Sales (58) - Updating Organization NOLA (2769)'s Stripe Customer cus_5uQ4zwIJVj1klS with {:description=>"NOLA", :metadata=>{"lo.entity_id"=>2769, "lo.entity_type"=>"organization"}}
[2015-06-02 11:09:04 -0400] - UpdateStripeCustomerMetadataForMarket - Jack & Jake's Restaurant Sales (58) - Updating Organization Emeril's (2766)'s Stripe Customer cus_5uQ4VtlxzvJXdt with {:description=>"Emeril's", :metadata=>{"lo.entity_id"=>2766, "lo.entity_type"=>"organization"}}
[2015-06-02 11:09:05 -0400] - UpdateStripeCustomerMetadataForMarket - Jack & Jake's Restaurant Sales (58) - Updating Organization Tableau (2765)'s Stripe Customer cus_5uQ4QcqAcaC9Rq with {:description=>"Tableau", :metadata=>{"lo.entity_id"=>2765, "lo.entity_type"=>"organization"}}
[2015-06-02 11:09:06 -0400] - UpdateStripeCustomerMetadataForMarket - Jack & Jake's Restaurant Sales (58) - Updating Organization Palace Cafe (2764)'s Stripe Customer cus_5uQ5RdrwHz3xIW with {:description=>"Palace Cafe", :metadata=>{"lo.entity_id"=>2764, "lo.entity_type"=>"organization"}}
[2015-06-02 11:09:06 -0400] - UpdateStripeCustomerMetadataForMarket - Jack & Jake's Restaurant Sales (58) - Updating Organization Dickie Brennan's Steakhouse (2763)'s Stripe Customer cus_5uQ4xcV3c2ecna with {:description=>"Dickie Brennan's Steakhouse", :metadata=>{"lo.entity_id"=>2763, "lo.entity_type"=>"organization"}}
[2015-06-02 11:09:07 -0400] - UpdateStripeCustomerMetadataForMarket - Jack & Jake's Restaurant Sales (58) - Updating Organization Bourbon House (2762)'s Stripe Customer cus_5uQ5EEzrFJ40il with {:description=>"Bourbon House", :metadata=>{"lo.entity_id"=>2762, "lo.entity_type"=>"organization"}}
[2015-06-02 11:09:08 -0400] - UpdateStripeCustomerMetadataForMarket - Jack & Jake's Restaurant Sales (58) - Updating Organization Luke (2761)'s Stripe Customer cus_5uQ4BQr40IMxUK with {:description=>"Luke", :metadata=>{"lo.entity_id"=>2761, "lo.entity_type"=>"organization"}}
[2015-06-02 11:09:09 -0400] - UpdateStripeCustomerMetadataForMarket - Jack & Jake's Restaurant Sales (58) - Updating Organization Johnny Sanchez (2760)'s Stripe Customer cus_5uQ4aFchBilovr with {:description=>"Johnny Sanchez", :metadata=>{"lo.entity_id"=>2760, "lo.entity_type"=>"organization"}}
[2015-06-02 11:09:10 -0400] - UpdateStripeCustomerMetadataForMarket - Jack & Jake's Restaurant Sales (58) - Updating Organization Domenica (2759)'s Stripe Customer cus_5uQ4lq5HOHP1TO with {:description=>"Domenica", :metadata=>{"lo.entity_id"=>2759, "lo.entity_type"=>"organization"}}
[2015-06-02 11:09:11 -0400] - UpdateStripeCustomerMetadataForMarket - Jack & Jake's Restaurant Sales (58) - Updating Organization Borgne (2758)'s Stripe Customer cus_5uQ4SIDV1Y9coE with {:description=>"Borgne", :metadata=>{"lo.entity_id"=>2758, "lo.entity_type"=>"organization"}}
[2015-06-02 11:09:12 -0400] - UpdateStripeCustomerMetadataForMarket - Jack & Jake's Restaurant Sales (58) - Updating Organization August (2757)'s Stripe Customer cus_5uQ4ufQom0DM4o with {:description=>"August", :metadata=>{"lo.entity_id"=>2757, "lo.entity_type"=>"organization"}}
