[2015-06-02 11:02:20 -0400] - UpdateStripeCustomerMetadataForMarket - Adelante Mujeres Distributor (11) - ====================================================================================================
[2015-06-02 11:02:20 -0400] - UpdateStripeCustomerMetadataForMarket - Adelante Mujeres Distributor (11) -  Adelante Mujeres Distributor (11)
[2015-06-02 11:02:20 -0400] - UpdateStripeCustomerMetadataForMarket - Adelante Mujeres Distributor (11) -  Updating stripe customer metadata for Market and all Organizations.
[2015-06-02 11:02:20 -0400] - UpdateStripeCustomerMetadataForMarket - Adelante Mujeres Distributor (11) - 
[2015-06-02 11:02:20 -0400] - UpdateStripeCustomerMetadataForMarket - Adelante Mujeres Distributor (11) -  Rails.env: production
[2015-06-02 11:02:20 -0400] - UpdateStripeCustomerMetadataForMarket - Adelante Mujeres Distributor (11) -  Stripe key: pk_live_j85VTsrz51POrss3ni460qaf
[2015-06-02 11:02:20 -0400] - UpdateStripeCustomerMetadataForMarket - Adelante Mujeres Distributor (11) - ====================================================================================================
[2015-06-02 11:02:21 -0400] - UpdateStripeCustomerMetadataForMarket - Adelante Mujeres Distributor (11) - Updating Market's Stripe Customer with {:description=>"Adelante Mujeres Distributor", :metadata=>{"lo.entity_id"=>11, "lo.entity_type"=>"market"}}
[2015-06-02 11:02:21 -0400] - UpdateStripeCustomerMetadataForMarket - Adelante Mujeres Distributor (11) - No Stripe Customer linked to beaverton school district  (4067).
[2015-06-02 11:02:22 -0400] - UpdateStripeCustomerMetadataForMarket - Adelante Mujeres Distributor (11) - Updating Organization Nuestra Cocina (2159)'s Stripe Customer cus_5uQ5vsKg1S66ap with {:description=>"Nuestra Cocina", :metadata=>{"lo.entity_id"=>2159, "lo.entity_type"=>"organization"}}
[2015-06-02 11:02:23 -0400] - UpdateStripeCustomerMetadataForMarket - Adelante Mujeres Distributor (11) - Updating Organization Veronica Grave (2105)'s Stripe Customer cus_5uQ52s8kgGrKUp with {:description=>"Veronica Grave", :metadata=>{"lo.entity_id"=>2105, "lo.entity_type"=>"organization"}}
[2015-06-02 11:02:24 -0400] - UpdateStripeCustomerMetadataForMarket - Adelante Mujeres Distributor (11) - Updating Organization Anne Morse (2104)'s Stripe Customer cus_5uQ4TdMTTaFZc3 with {:description=>"Anne Morse", :metadata=>{"lo.entity_id"=>2104, "lo.entity_type"=>"organization"}}
[2015-06-02 11:02:25 -0400] - UpdateStripeCustomerMetadataForMarket - Adelante Mujeres Distributor (11) - Updating Organization Hillsboro School District-- Eastwood Elementary School (1918)'s Stripe Customer cus_5uQ5ECxIx0QMho with {:description=>"Hillsboro School District-- Eastwood Elementary School", :metadata=>{"lo.entity_id"=>1918, "lo.entity_type"=>"organization"}}
[2015-06-02 11:02:26 -0400] - UpdateStripeCustomerMetadataForMarket - Adelante Mujeres Distributor (11) - Updating Organization OCDC--Enterprise Center (1715)'s Stripe Customer cus_5uQ4jxVeT4lnjB with {:description=>"OCDC--Enterprise Center", :metadata=>{"lo.entity_id"=>1715, "lo.entity_type"=>"organization"}}
[2015-06-02 11:02:27 -0400] - UpdateStripeCustomerMetadataForMarket - Adelante Mujeres Distributor (11) - Updating Organization OCDC--Jose Pedro Center (1714)'s Stripe Customer cus_5uQ42VIsmYxGS6 with {:description=>"OCDC--Jose Pedro Center", :metadata=>{"lo.entity_id"=>1714, "lo.entity_type"=>"organization"}}
[2015-06-02 11:02:28 -0400] - UpdateStripeCustomerMetadataForMarket - Adelante Mujeres Distributor (11) - Updating Organization Forest Grove Farmers Market (1673)'s Stripe Customer cus_5uQ4GfcsVYkIZF with {:description=>"Forest Grove Farmers Market", :metadata=>{"lo.entity_id"=>1673, "lo.entity_type"=>"organization"}}
[2015-06-02 11:02:29 -0400] - UpdateStripeCustomerMetadataForMarket - Adelante Mujeres Distributor (11) - Updating Organization The East Portland Lunch Cart (1405)'s Stripe Customer cus_5uQ5UHWQaSlZiC with {:description=>"The East Portland Lunch Cart", :metadata=>{"lo.entity_id"=>1405, "lo.entity_type"=>"organization"}}
[2015-06-02 11:02:30 -0400] - UpdateStripeCustomerMetadataForMarket - Adelante Mujeres Distributor (11) - Updating Organization Adelante Mujeres Distributor (182)'s Stripe Customer cus_5uQ520AmewT543 with {:description=>"Adelante Mujeres Distributor", :metadata=>{"lo.entity_id"=>182, "lo.entity_type"=>"organization"}}
[2015-06-02 11:02:31 -0400] - UpdateStripeCustomerMetadataForMarket - Adelante Mujeres Distributor (11) - Updating Organization La Popular (183)'s Stripe Customer cus_5uQ54wLDJR5hQS with {:description=>"La Popular", :metadata=>{"lo.entity_id"=>183, "lo.entity_type"=>"organization"}}
[2015-06-02 11:02:32 -0400] - UpdateStripeCustomerMetadataForMarket - Adelante Mujeres Distributor (11) - Updating Organization Adelante Mujeres CSA (189)'s Stripe Customer cus_5uQ561dT5aA5DM with {:description=>"Adelante Mujeres CSA", :metadata=>{"lo.entity_id"=>189, "lo.entity_type"=>"organization"}}
[2015-06-02 11:02:33 -0400] - UpdateStripeCustomerMetadataForMarket - Adelante Mujeres Distributor (11) - Updating Organization Mudville Commons Community (Buying Club) (212)'s Stripe Customer cus_5uQ5mO2GaZQVjc with {:description=>"Mudville Commons Community (Buying Club)", :metadata=>{"lo.entity_id"=>212, "lo.entity_type"=>"organization"}}
[2015-06-02 11:02:34 -0400] - UpdateStripeCustomerMetadataForMarket - Adelante Mujeres Distributor (11) - Updating Organization Aramark Pacific University (213)'s Stripe Customer cus_5uQ5C3NrDdEeMi with {:description=>"Aramark Pacific University", :metadata=>{"lo.entity_id"=>213, "lo.entity_type"=>"organization"}}
[2015-06-02 11:02:35 -0400] - UpdateStripeCustomerMetadataForMarket - Adelante Mujeres Distributor (11) - Updating Organization Beaverton School District (217)'s Stripe Customer cus_5uQ5CD0uR3RvIC with {:description=>"Beaverton School District", :metadata=>{"lo.entity_id"=>217, "lo.entity_type"=>"organization"}}
[2015-06-02 11:02:36 -0400] - UpdateStripeCustomerMetadataForMarket - Adelante Mujeres Distributor (11) - Updating Organization Hillsboro School District--Free Orchards Elementary School (218)'s Stripe Customer cus_5uQ5a9lPtY74MI with {:description=>"Hillsboro School District--Free Orchards Elementary School", :metadata=>{"lo.entity_id"=>218, "lo.entity_type"=>"organization"}}
[2015-06-02 11:02:37 -0400] - UpdateStripeCustomerMetadataForMarket - Adelante Mujeres Distributor (11) - Updating Organization OCDC--Linden Center (220)'s Stripe Customer cus_5uQ54SMFdy7EK3 with {:description=>"OCDC--Linden Center", :metadata=>{"lo.entity_id"=>220, "lo.entity_type"=>"organization"}}
[2015-06-02 11:02:38 -0400] - UpdateStripeCustomerMetadataForMarket - Adelante Mujeres Distributor (11) - Updating Organization JF5 Bon Apetit at Intel (225)'s Stripe Customer cus_5uQ5GGuUa0DQ1w with {:description=>"JF5 Bon Apetit at Intel", :metadata=>{"lo.entity_id"=>225, "lo.entity_type"=>"organization"}}
[2015-06-02 11:02:39 -0400] - UpdateStripeCustomerMetadataForMarket - Adelante Mujeres Distributor (11) - Updating Organization Grand Lodge McMenamins (226)'s Stripe Customer cus_5uQ5tssHmsvRlt with {:description=>"Grand Lodge McMenamins", :metadata=>{"lo.entity_id"=>226, "lo.entity_type"=>"organization"}}
[2015-06-02 11:02:40 -0400] - UpdateStripeCustomerMetadataForMarket - Adelante Mujeres Distributor (11) - Updating Organization Urban Decanter (227)'s Stripe Customer cus_5uQ5f9CqIQ4042 with {:description=>"Urban Decanter", :metadata=>{"lo.entity_id"=>227, "lo.entity_type"=>"organization"}}
[2015-06-02 11:02:41 -0400] - UpdateStripeCustomerMetadataForMarket - Adelante Mujeres Distributor (11) - Updating Organization Xico (228)'s Stripe Customer cus_5uQ5LX5LsahAQh with {:description=>"Xico", :metadata=>{"lo.entity_id"=>228, "lo.entity_type"=>"organization"}}
[2015-06-02 11:02:42 -0400] - UpdateStripeCustomerMetadataForMarket - Adelante Mujeres Distributor (11) - Updating Organization 1910 Main (229)'s Stripe Customer cus_5uQ5Ku3EgCfqt8 with {:description=>"1910 Main", :metadata=>{"lo.entity_id"=>229, "lo.entity_type"=>"organization"}}
[2015-06-02 11:02:43 -0400] - UpdateStripeCustomerMetadataForMarket - Adelante Mujeres Distributor (11) - Updating Organization Tamales by Lupe (333)'s Stripe Customer cus_5uQ4WmSI230A5c with {:description=>"Tamales by Lupe", :metadata=>{"lo.entity_id"=>333, "lo.entity_type"=>"organization"}}
[2015-06-02 11:02:44 -0400] - UpdateStripeCustomerMetadataForMarket - Adelante Mujeres Distributor (11) - Updating Organization Hawthorn Farm Bon Apetit at Intel (335)'s Stripe Customer cus_5uQ4ScONJeTliq with {:description=>"Hawthorn Farm Bon Apetit at Intel", :metadata=>{"lo.entity_id"=>335, "lo.entity_type"=>"organization"}}
