[2015-06-02 11:18:00 -0400] - UpdateStripeCustomerMetadataForMarket - Central U.P. Marketplace (19) - ====================================================================================================
[2015-06-02 11:18:00 -0400] - UpdateStripeCustomerMetadataForMarket - Central U.P. Marketplace (19) -  Central U.P. Marketplace (19)
[2015-06-02 11:18:00 -0400] - UpdateStripeCustomerMetadataForMarket - Central U.P. Marketplace (19) -  Updating stripe customer metadata for Market and all Organizations.
[2015-06-02 11:18:00 -0400] - UpdateStripeCustomerMetadataForMarket - Central U.P. Marketplace (19) - 
[2015-06-02 11:18:00 -0400] - UpdateStripeCustomerMetadataForMarket - Central U.P. Marketplace (19) -  Rails.env: production
[2015-06-02 11:18:00 -0400] - UpdateStripeCustomerMetadataForMarket - Central U.P. Marketplace (19) -  Stripe key: pk_live_j85VTsrz51POrss3ni460qaf
[2015-06-02 11:18:00 -0400] - UpdateStripeCustomerMetadataForMarket - Central U.P. Marketplace (19) - ====================================================================================================
[2015-06-02 11:18:01 -0400] - UpdateStripeCustomerMetadataForMarket - Central U.P. Marketplace (19) - Updating Market's Stripe Customer with {:description=>"Central U.P. Marketplace", :metadata=>{"lo.entity_id"=>19, "lo.entity_type"=>"market"}}
[2015-06-02 11:18:02 -0400] - UpdateStripeCustomerMetadataForMarket - Central U.P. Marketplace (19) - Updating Organization Econo (4066)'s Stripe Customer cus_6LbC95HGbSurue with {:description=>"Econo", :metadata=>{"lo.entity_id"=>4066, "lo.entity_type"=>"organization"}}
[2015-06-02 11:18:02 -0400] - UpdateStripeCustomerMetadataForMarket - Central U.P. Marketplace (19) - No Stripe Customer linked to Bean Pole Farm  (3635).
[2015-06-02 11:18:02 -0400] - UpdateStripeCustomerMetadataForMarket - Central U.P. Marketplace (19) - No Stripe Customer linked to Zac Cogley (3307).
[2015-06-02 11:18:02 -0400] - UpdateStripeCustomerMetadataForMarket - Central U.P. Marketplace (19) - No Stripe Customer linked to The MarQ Restaurant (3299).
[2015-06-02 11:18:02 -0400] - UpdateStripeCustomerMetadataForMarket - Central U.P. Marketplace (19) - No Stripe Customer linked to Susie Island Farms LLC (2288).
[2015-06-02 11:18:03 -0400] - UpdateStripeCustomerMetadataForMarket - Central U.P. Marketplace (19) - Updating Organization Bay College Cafe (2964)'s Stripe Customer cus_5uQ5wtGkuNpMsH with {:description=>"Bay College Cafe", :metadata=>{"lo.entity_id"=>2964, "lo.entity_type"=>"organization"}}
[2015-06-02 11:18:03 -0400] - UpdateStripeCustomerMetadataForMarket - Central U.P. Marketplace (19) - No Stripe Customer linked to Cloverland Farm (2914).
[2015-06-02 11:18:04 -0400] - UpdateStripeCustomerMetadataForMarket - Central U.P. Marketplace (19) - Updating Organization MFC Refrigerated Foods (2722)'s Stripe Customer cus_5uQ4IWcLVuKMVI with {:description=>"MFC Refrigerated Foods", :metadata=>{"lo.entity_id"=>2722, "lo.entity_type"=>"organization"}}
[2015-06-02 11:18:04 -0400] - UpdateStripeCustomerMetadataForMarket - Central U.P. Marketplace (19) - No Stripe Customer linked to Anya Farms, LLC (2382).
[2015-06-02 11:18:05 -0400] - UpdateStripeCustomerMetadataForMarket - Central U.P. Marketplace (19) - Updating Organization Cherry Capital Foods (2421)'s Stripe Customer cus_5uQ42n7BQHksAL with {:description=>"Cherry Capital Foods", :metadata=>{"lo.entity_id"=>2421, "lo.entity_type"=>"organization"}}
[2015-06-02 11:18:05 -0400] - UpdateStripeCustomerMetadataForMarket - Central U.P. Marketplace (19) - No Stripe Customer linked to Nutty Goat (2396).
[2015-06-02 11:18:06 -0400] - UpdateStripeCustomerMetadataForMarket - Central U.P. Marketplace (19) - Updating Organization Wintergreen Farm (1087)'s Stripe Customer cus_5vQutq2KInMfpL with {:description=>"Wintergreen Farm", :metadata=>{"lo.entity_id"=>1087, "lo.entity_type"=>"organization"}}
[2015-06-02 11:18:07 -0400] - UpdateStripeCustomerMetadataForMarket - Central U.P. Marketplace (19) - Updating Organization NICE Community School District (2319)'s Stripe Customer cus_5uQ4K6GGY8nYsz with {:description=>"NICE Community School District", :metadata=>{"lo.entity_id"=>2319, "lo.entity_type"=>"organization"}}
[2015-06-02 11:18:08 -0400] - UpdateStripeCustomerMetadataForMarket - Central U.P. Marketplace (19) - Updating Organization Gwinn Area Community Schools (2307)'s Stripe Customer cus_5uQ4GIaxPTtKlQ with {:description=>"Gwinn Area Community Schools", :metadata=>{"lo.entity_id"=>2307, "lo.entity_type"=>"organization"}}
[2015-06-02 11:18:09 -0400] - UpdateStripeCustomerMetadataForMarket - Central U.P. Marketplace (19) - Updating Organization Backwoods Farm (2306)'s Stripe Customer cus_5uQ4uyJASwN4iu with {:description=>"Backwoods Farm", :metadata=>{"lo.entity_id"=>2306, "lo.entity_type"=>"organization"}}
[2015-06-02 11:18:10 -0400] - UpdateStripeCustomerMetadataForMarket - Central U.P. Marketplace (19) - Updating Organization Marquette Area Public Schools (2299)'s Stripe Customer cus_5uQ4uKiqxwwjo1 with {:description=>"Marquette Area Public Schools", :metadata=>{"lo.entity_id"=>2299, "lo.entity_type"=>"organization"}}
[2015-06-02 11:18:10 -0400] - UpdateStripeCustomerMetadataForMarket - Central U.P. Marketplace (19) - No Stripe Customer linked to Slagle's Family Farm (2215).
[2015-06-02 11:18:10 -0400] - UpdateStripeCustomerMetadataForMarket - Central U.P. Marketplace (19) - No Stripe Customer linked to RMG Maple Products, Inc. (2083).
[2015-06-02 11:18:11 -0400] - UpdateStripeCustomerMetadataForMarket - Central U.P. Marketplace (19) - Updating Organization Alger Marquette Community Action Board (2078)'s Stripe Customer cus_5uQ4GdB7fEyJUa with {:description=>"Alger Marquette Community Action Board", :metadata=>{"lo.entity_id"=>2078, "lo.entity_type"=>"organization"}}
[2015-06-02 11:18:11 -0400] - UpdateStripeCustomerMetadataForMarket - Central U.P. Marketplace (19) - No Stripe Customer linked to Central UP Demo Buyer (2077).
[2015-06-02 11:18:12 -0400] - UpdateStripeCustomerMetadataForMarket - Central U.P. Marketplace (19) - Updating Organization Sleepy Hollow Farm (2058)'s Stripe Customer cus_5vQvzNyy6rJnhN with {:description=>"Sleepy Hollow Farm", :metadata=>{"lo.entity_id"=>2058, "lo.entity_type"=>"organization"}}
[2015-06-02 11:18:13 -0400] - UpdateStripeCustomerMetadataForMarket - Central U.P. Marketplace (19) - Updating Organization Simply Superior (1961)'s Stripe Customer cus_5uQ5aLVsMUtIY2 with {:description=>"Simply Superior", :metadata=>{"lo.entity_id"=>1961, "lo.entity_type"=>"organization"}}
[2015-06-02 11:18:14 -0400] - UpdateStripeCustomerMetadataForMarket - Central U.P. Marketplace (19) - Updating Organization MFC Meat/Seafood Dept (1937)'s Stripe Customer cus_5uQ4tDUDxa5Qg1 with {:description=>"MFC Meat/Seafood Dept", :metadata=>{"lo.entity_id"=>1937, "lo.entity_type"=>"organization"}}
[2015-06-02 11:18:15 -0400] - UpdateStripeCustomerMetadataForMarket - Central U.P. Marketplace (19) - Updating Organization MFC Kitchen (1935)'s Stripe Customer cus_5uQ49NskHV7gfy with {:description=>"MFC Kitchen", :metadata=>{"lo.entity_id"=>1935, "lo.entity_type"=>"organization"}}
[2015-06-02 11:18:15 -0400] - UpdateStripeCustomerMetadataForMarket - Central U.P. Marketplace (19) - No Stripe Customer linked to BSB Farms (1834).
[2015-06-02 11:18:16 -0400] - UpdateStripeCustomerMetadataForMarket - Central U.P. Marketplace (19) - Updating Organization Treasa's Treasures (1596)'s Stripe Customer cus_5vQurDRJ3cHoCR with {:description=>"Treasa's Treasures", :metadata=>{"lo.entity_id"=>1596, "lo.entity_type"=>"organization"}}
[2015-06-02 11:18:18 -0400] - UpdateStripeCustomerMetadataForMarket - Central U.P. Marketplace (19) - Updating Organization Moonrise Gardens (1505)'s Stripe Customer cus_5uQ5w1BHozp5GT with {:description=>"Moonrise Gardens", :metadata=>{"lo.entity_id"=>1505, "lo.entity_type"=>"organization"}}
[2015-06-02 11:18:18 -0400] - UpdateStripeCustomerMetadataForMarket - Central U.P. Marketplace (19) - No Stripe Customer linked to Dancing Crane Farm (1499).
[2015-06-02 11:18:19 -0400] - UpdateStripeCustomerMetadataForMarket - Central U.P. Marketplace (19) - Updating Organization Badger Creek Farm (1153)'s Stripe Customer cus_5uQ56W6NwYpcRJ with {:description=>"Badger Creek Farm", :metadata=>{"lo.entity_id"=>1153, "lo.entity_type"=>"organization"}}
[2015-06-02 11:18:19 -0400] - UpdateStripeCustomerMetadataForMarket - Central U.P. Marketplace (19) - No Stripe Customer linked to Reh-Morr Farm (1148).
[2015-06-02 11:18:20 -0400] - UpdateStripeCustomerMetadataForMarket - Central U.P. Marketplace (19) - Updating Organization HYER FARM (1146)'s Stripe Customer cus_5vQuQQ2as6joNu with {:description=>"HYER FARM", :metadata=>{"lo.entity_id"=>1146, "lo.entity_type"=>"organization"}}
[2015-06-02 11:18:21 -0400] - UpdateStripeCustomerMetadataForMarket - Central U.P. Marketplace (19) - Updating Organization Swanzy Farm (1145)'s Stripe Customer cus_5vQu6Zjf2QE0r7 with {:description=>"Swanzy Farm", :metadata=>{"lo.entity_id"=>1145, "lo.entity_type"=>"organization"}}
[2015-06-02 11:18:22 -0400] - UpdateStripeCustomerMetadataForMarket - Central U.P. Marketplace (19) - Updating Organization Superior Angus (1079)'s Stripe Customer cus_5vQvuifcpyZ41I with {:description=>"Superior Angus", :metadata=>{"lo.entity_id"=>1079, "lo.entity_type"=>"organization"}}
[2015-06-02 11:18:22 -0400] - UpdateStripeCustomerMetadataForMarket - Central U.P. Marketplace (19) - No Stripe Customer linked to Ever Yielding Acres (1078).
[2015-06-02 11:18:22 -0400] - UpdateStripeCustomerMetadataForMarket - Central U.P. Marketplace (19) - No Stripe Customer linked to Trenary Ducks & More (1069).
[2015-06-02 11:18:22 -0400] - UpdateStripeCustomerMetadataForMarket - Central U.P. Marketplace (19) - No Stripe Customer linked to Virgin Earth Farm (1068).
[2015-06-02 11:18:23 -0400] - UpdateStripeCustomerMetadataForMarket - Central U.P. Marketplace (19) - Updating Organization Rock River Perennial Garden and Greenhouse  rockriverpg.com (1064)'s Stripe Customer cus_5vQuGcqxW8i0oB with {:description=>"Rock River Perennial Garden and Greenhouse  rockriverpg.com", :metadata=>{"lo.entity_id"=>1064, "lo.entity_type"=>"organization"}}
[2015-06-02 11:18:25 -0400] - UpdateStripeCustomerMetadataForMarket - Central U.P. Marketplace (19) - Updating Organization Seeds & Spores Family Farm (1062)'s Stripe Customer cus_5uQ4yRCqNqxEIq with {:description=>"Seeds & Spores Family Farm", :metadata=>{"lo.entity_id"=>1062, "lo.entity_type"=>"organization"}}
[2015-06-02 11:18:26 -0400] - UpdateStripeCustomerMetadataForMarket - Central U.P. Marketplace (19) - Updating Organization Wixtrom Natural Farms (1061)'s Stripe Customer cus_5uQ4YFv0Xi1CqB with {:description=>"Wixtrom Natural Farms", :metadata=>{"lo.entity_id"=>1061, "lo.entity_type"=>"organization"}}
[2015-06-02 11:18:27 -0400] - UpdateStripeCustomerMetadataForMarket - Central U.P. Marketplace (19) - Updating Organization Rock River Farm (1060)'s Stripe Customer cus_5vQuze6GbtrRAM with {:description=>"Rock River Farm", :metadata=>{"lo.entity_id"=>1060, "lo.entity_type"=>"organization"}}
[2015-06-02 11:18:28 -0400] - UpdateStripeCustomerMetadataForMarket - Central U.P. Marketplace (19) - Updating Organization Dukes Farm (1059)'s Stripe Customer cus_5vQuN1IRmtAaUI with {:description=>"Dukes Farm", :metadata=>{"lo.entity_id"=>1059, "lo.entity_type"=>"organization"}}
