[2015-06-02 11:16:46 -0400] - UpdateStripeCustomerMetadataForMarket - Nashville Grown (68) - ====================================================================================================
[2015-06-02 11:16:46 -0400] - UpdateStripeCustomerMetadataForMarket - Nashville Grown (68) -  Nashville Grown (68)
[2015-06-02 11:16:46 -0400] - UpdateStripeCustomerMetadataForMarket - Nashville Grown (68) -  Updating stripe customer metadata for Market and all Organizations.
[2015-06-02 11:16:46 -0400] - UpdateStripeCustomerMetadataForMarket - Nashville Grown (68) - 
[2015-06-02 11:16:46 -0400] - UpdateStripeCustomerMetadataForMarket - Nashville Grown (68) -  Rails.env: production
[2015-06-02 11:16:46 -0400] - UpdateStripeCustomerMetadataForMarket - Nashville Grown (68) -  Stripe key: pk_live_j85VTsrz51POrss3ni460qaf
[2015-06-02 11:16:46 -0400] - UpdateStripeCustomerMetadataForMarket - Nashville Grown (68) - ====================================================================================================
[2015-06-02 11:16:47 -0400] - UpdateStripeCustomerMetadataForMarket - Nashville Grown (68) - Updating Market's Stripe Customer with {:description=>"Nashville Grown", :metadata=>{"lo.entity_id"=>68, "lo.entity_type"=>"market"}}
[2015-06-02 11:16:48 -0400] - UpdateStripeCustomerMetadataForMarket - Nashville Grown (68) - Updating Organization Nameless Farm (4056)'s Stripe Customer cus_6LLK8ynsmEJSLv with {:description=>"Nameless Farm", :metadata=>{"lo.entity_id"=>4056, "lo.entity_type"=>"organization"}}
[2015-06-02 11:16:49 -0400] - UpdateStripeCustomerMetadataForMarket - Nashville Grown (68) - Updating Organization Firefly Grille (4019)'s Stripe Customer cus_6LamBlXAHupKdN with {:description=>"Firefly Grille", :metadata=>{"lo.entity_id"=>4019, "lo.entity_type"=>"organization"}}
[2015-06-02 11:16:49 -0400] - UpdateStripeCustomerMetadataForMarket - Nashville Grown (68) - No Stripe Customer linked to Hoot 'n' Holler Gardens (4008).
[2015-06-02 11:16:49 -0400] - UpdateStripeCustomerMetadataForMarket - Nashville Grown (68) - No Stripe Customer linked to Humble Flowers (3985).
[2015-06-02 11:16:49 -0400] - UpdateStripeCustomerMetadataForMarket - Nashville Grown (68) - No Stripe Customer linked to Buffalo Road Produce (3819).
[2015-06-02 11:16:50 -0400] - UpdateStripeCustomerMetadataForMarket - Nashville Grown (68) - Updating Organization Chic Pea Catering Co. (3796)'s Stripe Customer cus_6FDHmD3RBzB2UB with {:description=>"Chic Pea Catering Co.", :metadata=>{"lo.entity_id"=>3796, "lo.entity_type"=>"organization"}}
[2015-06-02 11:16:51 -0400] - UpdateStripeCustomerMetadataForMarket - Nashville Grown (68) - Updating Organization Bear Haven Farm (3751)'s Stripe Customer cus_6DjhGLkPosAVhk with {:description=>"Bear Haven Farm", :metadata=>{"lo.entity_id"=>3751, "lo.entity_type"=>"organization"}}
[2015-06-02 11:16:51 -0400] - UpdateStripeCustomerMetadataForMarket - Nashville Grown (68) - No Stripe Customer linked to Actual Food Nashville (3675).
[2015-06-02 11:16:52 -0400] - UpdateStripeCustomerMetadataForMarket - Nashville Grown (68) - Updating Organization Four Springs Farm (3637)'s Stripe Customer cus_68VJJaoZ2FfFeW with {:description=>"Four Springs Farm", :metadata=>{"lo.entity_id"=>3637, "lo.entity_type"=>"organization"}}
[2015-06-02 11:16:53 -0400] - UpdateStripeCustomerMetadataForMarket - Nashville Grown (68) - Updating Organization Coleman Brothers Farm (3600)'s Stripe Customer cus_671p3yywBaEsVQ with {:description=>"Coleman Brothers Farm", :metadata=>{"lo.entity_id"=>3600, "lo.entity_type"=>"organization"}}
[2015-06-02 11:16:54 -0400] - UpdateStripeCustomerMetadataForMarket - Nashville Grown (68) - Updating Organization Marche (3599)'s Stripe Customer cus_66yUckfefIGjIi with {:description=>"Marche", :metadata=>{"lo.entity_id"=>3599, "lo.entity_type"=>"organization"}}
[2015-06-02 11:16:54 -0400] - UpdateStripeCustomerMetadataForMarket - Nashville Grown (68) - No Stripe Customer linked to Highland Realm  (3570).
[2015-06-02 11:16:54 -0400] - UpdateStripeCustomerMetadataForMarket - Nashville Grown (68) - No Stripe Customer linked to Rocky Glade Farm (3566).
[2015-06-02 11:16:55 -0400] - UpdateStripeCustomerMetadataForMarket - Nashville Grown (68) - Updating Organization Pinewood Social (3555)'s Stripe Customer cus_65xiDaqGX94PYv with {:description=>"Pinewood Social", :metadata=>{"lo.entity_id"=>3555, "lo.entity_type"=>"organization"}}
[2015-06-02 11:16:55 -0400] - UpdateStripeCustomerMetadataForMarket - Nashville Grown (68) - No Stripe Customer linked to Pieceful Worlds Clothing (3542).
[2015-06-02 11:16:55 -0400] - UpdateStripeCustomerMetadataForMarket - Nashville Grown (68) - No Stripe Customer linked to mark golden (3541).
[2015-06-02 11:16:55 -0400] - UpdateStripeCustomerMetadataForMarket - Nashville Grown (68) - No Stripe Customer linked to Kate's Kitchen (3505).
[2015-06-02 11:16:56 -0400] - UpdateStripeCustomerMetadataForMarket - Nashville Grown (68) - Updating Organization From the Wild/ Alan Powell (3500)'s Stripe Customer cus_641LyoiIDJOPCh with {:description=>"From the Wild/ Alan Powell", :metadata=>{"lo.entity_id"=>3500, "lo.entity_type"=>"organization"}}
[2015-06-02 11:16:56 -0400] - UpdateStripeCustomerMetadataForMarket - Nashville Grown (68) - No Stripe Customer linked to Pinewood Farms (3475).
[2015-06-02 11:16:57 -0400] - UpdateStripeCustomerMetadataForMarket - Nashville Grown (68) - Updating Organization Hearts in the Mix (3470)'s Stripe Customer cus_63KURSwj8gJZyV with {:description=>"Hearts in the Mix", :metadata=>{"lo.entity_id"=>3470, "lo.entity_type"=>"organization"}}
[2015-06-02 11:16:57 -0400] - UpdateStripeCustomerMetadataForMarket - Nashville Grown (68) - No Stripe Customer linked to Thrive Cafe (3427).
[2015-06-02 11:16:57 -0400] - UpdateStripeCustomerMetadataForMarket - Nashville Grown (68) - No Stripe Customer linked to Ramble Hill Farm (3426).
[2015-06-02 11:16:58 -0400] - UpdateStripeCustomerMetadataForMarket - Nashville Grown (68) - Updating Organization Patterson House (3415)'s Stripe Customer cus_612BQKWxHilPQb with {:description=>"Patterson House", :metadata=>{"lo.entity_id"=>3415, "lo.entity_type"=>"organization"}}
[2015-06-02 11:16:59 -0400] - UpdateStripeCustomerMetadataForMarket - Nashville Grown (68) - Updating Organization Poultry House (3414)'s Stripe Customer cus_6121pvshxPhCdM with {:description=>"Poultry House", :metadata=>{"lo.entity_id"=>3414, "lo.entity_type"=>"organization"}}
[2015-06-02 11:17:00 -0400] - UpdateStripeCustomerMetadataForMarket - Nashville Grown (68) - Updating Organization Graves Farm (3413)'s Stripe Customer cus_611phdBKhcfPPV with {:description=>"Graves Farm", :metadata=>{"lo.entity_id"=>3413, "lo.entity_type"=>"organization"}}
[2015-06-02 11:17:00 -0400] - UpdateStripeCustomerMetadataForMarket - Nashville Grown (68) - No Stripe Customer linked to Sugar Camp Farm  (3404).
[2015-06-02 11:17:00 -0400] - UpdateStripeCustomerMetadataForMarket - Nashville Grown (68) - No Stripe Customer linked to Galloway Mushrooms (3395).
[2015-06-02 11:17:00 -0400] - UpdateStripeCustomerMetadataForMarket - Nashville Grown (68) - No Stripe Customer linked to Harrington farm (3394).
[2015-06-02 11:17:01 -0400] - UpdateStripeCustomerMetadataForMarket - Nashville Grown (68) - Updating Organization Wedge Oak Farm (3370)'s Stripe Customer cus_5zFtrfW9KqalaH with {:description=>"Wedge Oak Farm", :metadata=>{"lo.entity_id"=>3370, "lo.entity_type"=>"organization"}}
[2015-06-02 11:17:03 -0400] - UpdateStripeCustomerMetadataForMarket - Nashville Grown (68) - Updating Organization Betty Lou's Biskits (3291)'s Stripe Customer cus_62y54QOmqOrsaC with {:description=>"Betty Lou's Biskits", :metadata=>{"lo.entity_id"=>3291, "lo.entity_type"=>"organization"}}
[2015-06-02 11:17:03 -0400] - UpdateStripeCustomerMetadataForMarket - Nashville Grown (68) - No Stripe Customer linked to Forest Garden Growers (3281).
[2015-06-02 11:17:03 -0400] - UpdateStripeCustomerMetadataForMarket - Nashville Grown (68) - No Stripe Customer linked to Cottonwood Hollow Foods (3267).
[2015-06-02 11:17:04 -0400] - UpdateStripeCustomerMetadataForMarket - Nashville Grown (68) - Updating Organization Chop Wood Carry Water Farm  (3243)'s Stripe Customer cus_5vlGMAwFAq50xN with {:description=>"Chop Wood Carry Water Farm ", :metadata=>{"lo.entity_id"=>3243, "lo.entity_type"=>"organization"}}
[2015-06-02 11:17:05 -0400] - UpdateStripeCustomerMetadataForMarket - Nashville Grown (68) - Updating Organization Chef William Gentry (3188)'s Stripe Customer cus_5uQ620EDvv85lH with {:description=>"Chef William Gentry", :metadata=>{"lo.entity_id"=>3188, "lo.entity_type"=>"organization"}}
[2015-06-02 11:17:06 -0400] - UpdateStripeCustomerMetadataForMarket - Nashville Grown (68) - Updating Organization Fresh and Local LLC (3181)'s Stripe Customer cus_642zxwFr97j3bL with {:description=>"Fresh and Local LLC", :metadata=>{"lo.entity_id"=>3181, "lo.entity_type"=>"organization"}}
[2015-06-02 11:17:07 -0400] - UpdateStripeCustomerMetadataForMarket - Nashville Grown (68) - Updating Organization Smoke Et AL (3172)'s Stripe Customer cus_63JhYyCjIMH7P1 with {:description=>"Smoke Et AL", :metadata=>{"lo.entity_id"=>3172, "lo.entity_type"=>"organization"}}
[2015-06-02 11:17:07 -0400] - UpdateStripeCustomerMetadataForMarket - Nashville Grown (68) - No Stripe Customer linked to Roots True Foods LLC (3170).
[2015-06-02 11:17:07 -0400] - UpdateStripeCustomerMetadataForMarket - Nashville Grown (68) - No Stripe Customer linked to Pro Vita (3168).
[2015-06-02 11:17:07 -0400] - UpdateStripeCustomerMetadataForMarket - Nashville Grown (68) - No Stripe Customer linked to timbertop farm (3166).
[2015-06-02 11:17:07 -0400] - UpdateStripeCustomerMetadataForMarket - Nashville Grown (68) - No Stripe Customer linked to Hutton Hotel (3162).
[2015-06-02 11:17:08 -0400] - UpdateStripeCustomerMetadataForMarket - Nashville Grown (68) - Updating Organization Franklin Juice Co. (3161)'s Stripe Customer cus_5uQ5Q1YLBvbdL6 with {:description=>"Franklin Juice Co.", :metadata=>{"lo.entity_id"=>3161, "lo.entity_type"=>"organization"}}
[2015-06-02 11:17:08 -0400] - UpdateStripeCustomerMetadataForMarket - Nashville Grown (68) - No Stripe Customer linked to Le Sel (3151).
[2015-06-02 11:17:08 -0400] - UpdateStripeCustomerMetadataForMarket - Nashville Grown (68) - No Stripe Customer linked to Scott Greenwood Organic (3139).
[2015-06-02 11:17:09 -0400] - UpdateStripeCustomerMetadataForMarket - Nashville Grown (68) - Updating Organization Martha Stamps Catering (3137)'s Stripe Customer cus_5uQ5576zgZmtay with {:description=>"Martha Stamps Catering", :metadata=>{"lo.entity_id"=>3137, "lo.entity_type"=>"organization"}}
[2015-06-02 11:17:10 -0400] - UpdateStripeCustomerMetadataForMarket - Nashville Grown (68) - Updating Organization Noelle Restaurant (3117)'s Stripe Customer cus_6C3JbUyG1gkPam with {:description=>"Noelle Restaurant", :metadata=>{"lo.entity_id"=>3117, "lo.entity_type"=>"organization"}}
[2015-06-02 11:17:11 -0400] - UpdateStripeCustomerMetadataForMarket - Nashville Grown (68) - Updating Organization Short Mountain Sanctuary (3110)'s Stripe Customer cus_644IQZQOO9Hwhh with {:description=>"Short Mountain Sanctuary", :metadata=>{"lo.entity_id"=>3110, "lo.entity_type"=>"organization"}}
[2015-06-02 11:17:12 -0400] - UpdateStripeCustomerMetadataForMarket - Nashville Grown (68) - Updating Organization AVO (3106)'s Stripe Customer cus_5uQ59iY695Avk5 with {:description=>"AVO", :metadata=>{"lo.entity_id"=>3106, "lo.entity_type"=>"organization"}}
[2015-06-02 11:17:13 -0400] - UpdateStripeCustomerMetadataForMarket - Nashville Grown (68) - Updating Organization No. 9 Farms (3105)'s Stripe Customer cus_5uQ5sVX8BaOWkt with {:description=>"No. 9 Farms", :metadata=>{"lo.entity_id"=>3105, "lo.entity_type"=>"organization"}}
[2015-06-02 11:17:14 -0400] - UpdateStripeCustomerMetadataForMarket - Nashville Grown (68) - Updating Organization Miel Restaurant (3097)'s Stripe Customer cus_5uQ5Hh1vVuKP5j with {:description=>"Miel Restaurant", :metadata=>{"lo.entity_id"=>3097, "lo.entity_type"=>"organization"}}
[2015-06-02 11:17:15 -0400] - UpdateStripeCustomerMetadataForMarket - Nashville Grown (68) - Updating Organization Southern Ground Nashville (3096)'s Stripe Customer cus_5uQ5Yf33vlGJqH with {:description=>"Southern Ground Nashville", :metadata=>{"lo.entity_id"=>3096, "lo.entity_type"=>"organization"}}
[2015-06-02 11:17:15 -0400] - UpdateStripeCustomerMetadataForMarket - Nashville Grown (68) - No Stripe Customer linked to Nashville Farmers Market (3094).
[2015-06-02 11:17:16 -0400] - UpdateStripeCustomerMetadataForMarket - Nashville Grown (68) - Updating Organization Fifty First (3091)'s Stripe Customer cus_5uQ5jrKTC61iDB with {:description=>"Fifty First", :metadata=>{"lo.entity_id"=>3091, "lo.entity_type"=>"organization"}}
[2015-06-02 11:17:17 -0400] - UpdateStripeCustomerMetadataForMarket - Nashville Grown (68) - Updating Organization Capitol Grille (3090)'s Stripe Customer cus_5uQ5GxQajhEqrz with {:description=>"Capitol Grille", :metadata=>{"lo.entity_id"=>3090, "lo.entity_type"=>"organization"}}
[2015-06-02 11:17:18 -0400] - UpdateStripeCustomerMetadataForMarket - Nashville Grown (68) - Updating Organization Second Harvest Food Bank of Middle Tennessee (3089)'s Stripe Customer cus_5uQ5PkNDbYmxwJ with {:description=>"Second Harvest Food Bank of Middle Tennessee", :metadata=>{"lo.entity_id"=>3089, "lo.entity_type"=>"organization"}}
[2015-06-02 11:17:19 -0400] - UpdateStripeCustomerMetadataForMarket - Nashville Grown (68) - Updating Organization City Winery (3088)'s Stripe Customer cus_5uQ5SaBJ2yU4XQ with {:description=>"City Winery", :metadata=>{"lo.entity_id"=>3088, "lo.entity_type"=>"organization"}}
[2015-06-02 11:17:20 -0400] - UpdateStripeCustomerMetadataForMarket - Nashville Grown (68) - Updating Organization Sloco (3087)'s Stripe Customer cus_5uQ5oh0YFlV68z with {:description=>"Sloco", :metadata=>{"lo.entity_id"=>3087, "lo.entity_type"=>"organization"}}
[2015-06-02 11:17:21 -0400] - UpdateStripeCustomerMetadataForMarket - Nashville Grown (68) - Updating Organization Silly Goose (3086)'s Stripe Customer cus_5uQ5bGEA1ncXc3 with {:description=>"Silly Goose", :metadata=>{"lo.entity_id"=>3086, "lo.entity_type"=>"organization"}}
[2015-06-02 11:17:22 -0400] - UpdateStripeCustomerMetadataForMarket - Nashville Grown (68) - Updating Organization Bella (3085)'s Stripe Customer cus_5uQ5iEycYMxaJl with {:description=>"Bella", :metadata=>{"lo.entity_id"=>3085, "lo.entity_type"=>"organization"}}
[2015-06-02 11:17:23 -0400] - UpdateStripeCustomerMetadataForMarket - Nashville Grown (68) - Updating Organization Hohenwald Growers Collective (3084)'s Stripe Customer cus_5uQ5JeQ2v7ZGca with {:description=>"Hohenwald Growers Collective", :metadata=>{"lo.entity_id"=>3084, "lo.entity_type"=>"organization"}}
[2015-06-02 11:17:24 -0400] - UpdateStripeCustomerMetadataForMarket - Nashville Grown (68) - Updating Organization Husk (3035)'s Stripe Customer cus_5uQ5BcrD2pcINe with {:description=>"Husk", :metadata=>{"lo.entity_id"=>3035, "lo.entity_type"=>"organization"}}
[2015-06-02 11:17:25 -0400] - UpdateStripeCustomerMetadataForMarket - Nashville Grown (68) - Updating Organization Old School Farm (3029)'s Stripe Customer cus_5uQ5rPYJNbRcXl with {:description=>"Old School Farm", :metadata=>{"lo.entity_id"=>3029, "lo.entity_type"=>"organization"}}
[2015-06-02 11:17:26 -0400] - UpdateStripeCustomerMetadataForMarket - Nashville Grown (68) - Updating Organization Six Boots Collective (3028)'s Stripe Customer cus_5uQ5pb4xxqv3Bl with {:description=>"Six Boots Collective", :metadata=>{"lo.entity_id"=>3028, "lo.entity_type"=>"organization"}}
[2015-06-02 11:17:27 -0400] - UpdateStripeCustomerMetadataForMarket - Nashville Grown (68) - Updating Organization Stony Creek Farm (3026)'s Stripe Customer cus_5uQ6AWFMSTjKxn with {:description=>"Stony Creek Farm", :metadata=>{"lo.entity_id"=>3026, "lo.entity_type"=>"organization"}}
[2015-06-02 11:17:28 -0400] - UpdateStripeCustomerMetadataForMarket - Nashville Grown (68) - Updating Organization Sherrill Homestead (3025)'s Stripe Customer cus_5uQ5c3knjEvXVt with {:description=>"Sherrill Homestead", :metadata=>{"lo.entity_id"=>3025, "lo.entity_type"=>"organization"}}
[2015-06-02 11:17:29 -0400] - UpdateStripeCustomerMetadataForMarket - Nashville Grown (68) - Updating Organization Hungry Gnome Farm (3006)'s Stripe Customer cus_5uQ5ceeGj9Eb6r with {:description=>"Hungry Gnome Farm", :metadata=>{"lo.entity_id"=>3006, "lo.entity_type"=>"organization"}}
[2015-06-02 11:17:30 -0400] - UpdateStripeCustomerMetadataForMarket - Nashville Grown (68) - Updating Organization The Nashville Food Project (2955)'s Stripe Customer cus_5uQ5O1rlN5UuzN with {:description=>"The Nashville Food Project", :metadata=>{"lo.entity_id"=>2955, "lo.entity_type"=>"organization"}}
[2015-06-02 11:17:31 -0400] - UpdateStripeCustomerMetadataForMarket - Nashville Grown (68) - Updating Organization Wild Cow (2954)'s Stripe Customer cus_5uQ5zBFje7ihJJ with {:description=>"Wild Cow", :metadata=>{"lo.entity_id"=>2954, "lo.entity_type"=>"organization"}}
[2015-06-02 11:17:32 -0400] - UpdateStripeCustomerMetadataForMarket - Nashville Grown (68) - Updating Organization Whispering Creek Mushrooms (2892)'s Stripe Customer cus_5uQ46qeJKwFj0f with {:description=>"Whispering Creek Mushrooms", :metadata=>{"lo.entity_id"=>2892, "lo.entity_type"=>"organization"}}
[2015-06-02 11:17:33 -0400] - UpdateStripeCustomerMetadataForMarket - Nashville Grown (68) - Updating Organization Merchants (2883)'s Stripe Customer cus_5uQ45d0fa1KB6G with {:description=>"Merchants", :metadata=>{"lo.entity_id"=>2883, "lo.entity_type"=>"organization"}}
[2015-06-02 11:17:34 -0400] - UpdateStripeCustomerMetadataForMarket - Nashville Grown (68) - Updating Organization Table 3 (2882)'s Stripe Customer cus_5uQ4wbvG0xYD4q with {:description=>"Table 3", :metadata=>{"lo.entity_id"=>2882, "lo.entity_type"=>"organization"}}
[2015-06-02 11:17:35 -0400] - UpdateStripeCustomerMetadataForMarket - Nashville Grown (68) - Updating Organization Green Door Gourmet Farm (2878)'s Stripe Customer cus_5uQ4Y6cb5YBjcP with {:description=>"Green Door Gourmet Farm", :metadata=>{"lo.entity_id"=>2878, "lo.entity_type"=>"organization"}}
[2015-06-02 11:17:36 -0400] - UpdateStripeCustomerMetadataForMarket - Nashville Grown (68) - Updating Organization Windy Acres Farm (2877)'s Stripe Customer cus_5uQ4FWPgNJxORq with {:description=>"Windy Acres Farm", :metadata=>{"lo.entity_id"=>2877, "lo.entity_type"=>"organization"}}
[2015-06-02 11:17:37 -0400] - UpdateStripeCustomerMetadataForMarket - Nashville Grown (68) - Updating Organization Jeff Poppen aka The Barefoot Farmer (2876)'s Stripe Customer cus_5uQ4rPCVh230je with {:description=>"Jeff Poppen aka The Barefoot Farmer", :metadata=>{"lo.entity_id"=>2876, "lo.entity_type"=>"organization"}}
[2015-06-02 11:17:39 -0400] - UpdateStripeCustomerMetadataForMarket - Nashville Grown (68) - Updating Organization Greener Roots Farm (2875)'s Stripe Customer cus_5uQ4XZdli1aQz0 with {:description=>"Greener Roots Farm", :metadata=>{"lo.entity_id"=>2875, "lo.entity_type"=>"organization"}}
[2015-06-02 11:17:40 -0400] - UpdateStripeCustomerMetadataForMarket - Nashville Grown (68) - Updating Organization Bloomsbury Farm (2874)'s Stripe Customer cus_5uQ4cMadW0AArc with {:description=>"Bloomsbury Farm", :metadata=>{"lo.entity_id"=>2874, "lo.entity_type"=>"organization"}}
[2015-06-02 11:17:41 -0400] - UpdateStripeCustomerMetadataForMarket - Nashville Grown (68) - Updating Organization Bloomin Shrooms (2873)'s Stripe Customer cus_5uQ4pRHZ3isdHz with {:description=>"Bloomin Shrooms", :metadata=>{"lo.entity_id"=>2873, "lo.entity_type"=>"organization"}}
[2015-06-02 11:17:42 -0400] - UpdateStripeCustomerMetadataForMarket - Nashville Grown (68) - Updating Organization Nashville Grown (2848)'s Stripe Customer cus_5uQ4kkkd34VkiI with {:description=>"Nashville Grown", :metadata=>{"lo.entity_id"=>2848, "lo.entity_type"=>"organization"}}
[2015-06-02 11:17:43 -0400] - UpdateStripeCustomerMetadataForMarket - Nashville Grown (68) - Updating Organization Bountiful Blessings Farm (2847)'s Stripe Customer cus_5uQ4MDG8vzYMKS with {:description=>"Bountiful Blessings Farm", :metadata=>{"lo.entity_id"=>2847, "lo.entity_type"=>"organization"}}
[2015-06-02 11:17:44 -0400] - UpdateStripeCustomerMetadataForMarket - Nashville Grown (68) - Updating Organization Jenny's Farm (2846)'s Stripe Customer cus_5uQ4Ti68zgpNmo with {:description=>"Jenny's Farm", :metadata=>{"lo.entity_id"=>2846, "lo.entity_type"=>"organization"}}
[2015-06-02 11:17:44 -0400] - UpdateStripeCustomerMetadataForMarket - Nashville Grown (68) - Updating Organization Bells Bend Farms (2845)'s Stripe Customer cus_5uQ4Z5jnPns4xh with {:description=>"Bells Bend Farms", :metadata=>{"lo.entity_id"=>2845, "lo.entity_type"=>"organization"}}
