[2015-06-02 11:04:55 -0400] - UpdateStripeCustomerMetadataForMarket - LINC Foods (38) - ====================================================================================================
[2015-06-02 11:04:55 -0400] - UpdateStripeCustomerMetadataForMarket - LINC Foods (38) -  LINC Foods (38)
[2015-06-02 11:04:55 -0400] - UpdateStripeCustomerMetadataForMarket - LINC Foods (38) -  Updating stripe customer metadata for Market and all Organizations.
[2015-06-02 11:04:55 -0400] - UpdateStripeCustomerMetadataForMarket - LINC Foods (38) - 
[2015-06-02 11:04:55 -0400] - UpdateStripeCustomerMetadataForMarket - LINC Foods (38) -  Rails.env: production
[2015-06-02 11:04:55 -0400] - UpdateStripeCustomerMetadataForMarket - LINC Foods (38) -  Stripe key: pk_live_j85VTsrz51POrss3ni460qaf
[2015-06-02 11:04:55 -0400] - UpdateStripeCustomerMetadataForMarket - LINC Foods (38) - ====================================================================================================
[2015-06-02 11:04:56 -0400] - UpdateStripeCustomerMetadataForMarket - LINC Foods (38) - Updating Market's Stripe Customer with {:description=>"LINC Foods", :metadata=>{"lo.entity_id"=>38, "lo.entity_type"=>"market"}}
[2015-06-02 11:04:58 -0400] - UpdateStripeCustomerMetadataForMarket - LINC Foods (38) - Updating Organization LINC Foods CSA (4054)'s Stripe Customer cus_6LGzNFSiNVqiCk with {:description=>"LINC Foods CSA", :metadata=>{"lo.entity_id"=>4054, "lo.entity_type"=>"organization"}}
[2015-06-02 11:04:58 -0400] - UpdateStripeCustomerMetadataForMarket - LINC Foods (38) - No Stripe Customer linked to Mediterrano (3966).
[2015-06-02 11:04:59 -0400] - UpdateStripeCustomerMetadataForMarket - LINC Foods (38) - Updating Organization Frisson Farm (3896)'s Stripe Customer cus_6HXZQgiaMf0G11 with {:description=>"Frisson Farm", :metadata=>{"lo.entity_id"=>3896, "lo.entity_type"=>"organization"}}
[2015-06-02 11:05:00 -0400] - UpdateStripeCustomerMetadataForMarket - LINC Foods (38) - Updating Organization Luna (3876)'s Stripe Customer cus_6HBYTHaGToiwWh with {:description=>"Luna", :metadata=>{"lo.entity_id"=>3876, "lo.entity_type"=>"organization"}}
[2015-06-02 11:05:00 -0400] - UpdateStripeCustomerMetadataForMarket - LINC Foods (38) - No Stripe Customer linked to CasaCano Farms LLC (3867).
[2015-06-02 11:05:00 -0400] - UpdateStripeCustomerMetadataForMarket - LINC Foods (38) - No Stripe Customer linked to Black Estates (3792).
[2015-06-02 11:05:01 -0400] - UpdateStripeCustomerMetadataForMarket - LINC Foods (38) - Updating Organization Chez Beth (3605)'s Stripe Customer cus_6DRPFjqXnVtLeu with {:description=>"Chez Beth", :metadata=>{"lo.entity_id"=>3605, "lo.entity_type"=>"organization"}}
[2015-06-02 11:05:01 -0400] - UpdateStripeCustomerMetadataForMarket - LINC Foods (38) - No Stripe Customer linked to Patient Meadows  (3519).
[2015-06-02 11:05:01 -0400] - UpdateStripeCustomerMetadataForMarket - LINC Foods (38) - No Stripe Customer linked to Common Crumb Bakery (3516).
[2015-06-02 11:05:03 -0400] - UpdateStripeCustomerMetadataForMarket - LINC Foods (38) - Updating Organization The Wandering Table (3485)'s Stripe Customer cus_64rrc8oGSZWzdx with {:description=>"The Wandering Table", :metadata=>{"lo.entity_id"=>3485, "lo.entity_type"=>"organization"}}
[2015-06-02 11:05:04 -0400] - UpdateStripeCustomerMetadataForMarket - LINC Foods (38) - Updating Organization Bouzies Bakeshop (3477)'s Stripe Customer cus_660WA5hfNiRwyV with {:description=>"Bouzies Bakeshop", :metadata=>{"lo.entity_id"=>3477, "lo.entity_type"=>"organization"}}
[2015-06-02 11:05:04 -0400] - UpdateStripeCustomerMetadataForMarket - LINC Foods (38) - No Stripe Customer linked to Farmacy Tower Gardens (3474).
[2015-06-02 11:05:04 -0400] - UpdateStripeCustomerMetadataForMarket - LINC Foods (38) - No Stripe Customer linked to Tamarack Public House (3417).
[2015-06-02 11:05:05 -0400] - UpdateStripeCustomerMetadataForMarket - LINC Foods (38) - Updating Organization Cloudview EcoFarms (3409)'s Stripe Customer cus_610RJwtexKVVrU with {:description=>"Cloudview EcoFarms", :metadata=>{"lo.entity_id"=>3409, "lo.entity_type"=>"organization"}}
[2015-06-02 11:05:05 -0400] - UpdateStripeCustomerMetadataForMarket - LINC Foods (38) - No Stripe Customer linked to Shared Growth Cooperative (3354).
[2015-06-02 11:05:05 -0400] - UpdateStripeCustomerMetadataForMarket - LINC Foods (38) - No Stripe Customer linked to Ace of Spades Farm (3282).
[2015-06-02 11:05:05 -0400] - UpdateStripeCustomerMetadataForMarket - LINC Foods (38) - No Stripe Customer linked to Winniford Family Farm LLC (3279).
[2015-06-02 11:05:05 -0400] - UpdateStripeCustomerMetadataForMarket - LINC Foods (38) - No Stripe Customer linked to Vern's Veggies and More!/Spencer Heritage Farm (3253).
[2015-06-02 11:05:06 -0400] - UpdateStripeCustomerMetadataForMarket - LINC Foods (38) - Updating Organization Scabland Farm (3242)'s Stripe Customer cus_5vOTh0WVUZ6eou with {:description=>"Scabland Farm", :metadata=>{"lo.entity_id"=>3242, "lo.entity_type"=>"organization"}}
[2015-06-02 11:05:06 -0400] - UpdateStripeCustomerMetadataForMarket - LINC Foods (38) - No Stripe Customer linked to Liberty Naturals (3123).
[2015-06-02 11:05:06 -0400] - UpdateStripeCustomerMetadataForMarket - LINC Foods (38) - No Stripe Customer linked to Deaconess Hospital (3048).
[2015-06-02 11:05:06 -0400] - UpdateStripeCustomerMetadataForMarket - LINC Foods (38) - No Stripe Customer linked to Lantern Taphouse (2924).
[2015-06-02 11:05:07 -0400] - UpdateStripeCustomerMetadataForMarket - LINC Foods (38) - Updating Organization Common Crumb (2915)'s Stripe Customer cus_5uQ4xwWYHD2Cve with {:description=>"Common Crumb", :metadata=>{"lo.entity_id"=>2915, "lo.entity_type"=>"organization"}}
[2015-06-02 11:05:08 -0400] - UpdateStripeCustomerMetadataForMarket - LINC Foods (38) - Updating Organization EGA Farms (2732)'s Stripe Customer cus_5uQ4LjGQfYDhin with {:description=>"EGA Farms", :metadata=>{"lo.entity_id"=>2732, "lo.entity_type"=>"organization"}}
[2015-06-02 11:05:08 -0400] - UpdateStripeCustomerMetadataForMarket - LINC Foods (38) - No Stripe Customer linked to RimRock Ranches (2730).
[2015-06-02 11:05:09 -0400] - UpdateStripeCustomerMetadataForMarket - LINC Foods (38) - Updating Organization Prairie Pantry LLC (2669)'s Stripe Customer cus_5xpyM8R0E9vY0P with {:description=>"Prairie Pantry LLC", :metadata=>{"lo.entity_id"=>2669, "lo.entity_type"=>"organization"}}
[2015-06-02 11:05:09 -0400] - UpdateStripeCustomerMetadataForMarket - LINC Foods (38) - No Stripe Customer linked to East Valley School District (2661).
[2015-06-02 11:05:10 -0400] - UpdateStripeCustomerMetadataForMarket - LINC Foods (38) - Updating Organization Olsen Farms (2580)'s Stripe Customer cus_5uQ49UOwAFQtAi with {:description=>"Olsen Farms", :metadata=>{"lo.entity_id"=>2580, "lo.entity_type"=>"organization"}}
[2015-06-02 11:05:10 -0400] - UpdateStripeCustomerMetadataForMarket - LINC Foods (38) - No Stripe Customer linked to S & P Homestead Farm (2568).
[2015-06-02 11:05:10 -0400] - UpdateStripeCustomerMetadataForMarket - LINC Foods (38) - No Stripe Customer linked to Hubbard's Herb Hub (2458).
[2015-06-02 11:05:11 -0400] - UpdateStripeCustomerMetadataForMarket - LINC Foods (38) - Updating Organization Channing Farm (2456)'s Stripe Customer cus_5uQ5HNxOqJRBIz with {:description=>"Channing Farm", :metadata=>{"lo.entity_id"=>2456, "lo.entity_type"=>"organization"}}
[2015-06-02 11:05:12 -0400] - UpdateStripeCustomerMetadataForMarket - LINC Foods (38) - Updating Organization Sodexo - University of Idaho (2455)'s Stripe Customer cus_5uQ5QBbuc2IyNh with {:description=>"Sodexo - University of Idaho", :metadata=>{"lo.entity_id"=>2455, "lo.entity_type"=>"organization"}}
[2015-06-02 11:05:13 -0400] - UpdateStripeCustomerMetadataForMarket - LINC Foods (38) - Updating Organization Northern Quest Casino (2440)'s Stripe Customer cus_5uQ4LZIGjzIGM0 with {:description=>"Northern Quest Casino", :metadata=>{"lo.entity_id"=>2440, "lo.entity_type"=>"organization"}}
[2015-06-02 11:05:14 -0400] - UpdateStripeCustomerMetadataForMarket - LINC Foods (38) - Updating Organization Bunny Laine Fruit (2426)'s Stripe Customer cus_5uQ5NzI9j1EuVt with {:description=>"Bunny Laine Fruit", :metadata=>{"lo.entity_id"=>2426, "lo.entity_type"=>"organization"}}
[2015-06-02 11:05:15 -0400] - UpdateStripeCustomerMetadataForMarket - LINC Foods (38) - Updating Organization Sodexo - Whitworth (2393)'s Stripe Customer cus_5uQ4L7BEUtwcsi with {:description=>"Sodexo - Whitworth", :metadata=>{"lo.entity_id"=>2393, "lo.entity_type"=>"organization"}}
[2015-06-02 11:05:16 -0400] - UpdateStripeCustomerMetadataForMarket - LINC Foods (38) - Updating Organization Harlequin Produce (2386)'s Stripe Customer cus_5uQ4J2mhDEYhQ7 with {:description=>"Harlequin Produce", :metadata=>{"lo.entity_id"=>2386, "lo.entity_type"=>"organization"}}
[2015-06-02 11:05:16 -0400] - UpdateStripeCustomerMetadataForMarket - LINC Foods (38) - No Stripe Customer linked to Deer Park Homemakers (2352).
[2015-06-02 11:05:16 -0400] - UpdateStripeCustomerMetadataForMarket - LINC Foods (38) - No Stripe Customer linked to JP's Farms (2348).
[2015-06-02 11:05:17 -0400] - UpdateStripeCustomerMetadataForMarket - LINC Foods (38) - Updating Organization SODEXO - Spokane Community College (2346)'s Stripe Customer cus_5uQ45sTaugtGcG with {:description=>"SODEXO - Spokane Community College", :metadata=>{"lo.entity_id"=>2346, "lo.entity_type"=>"organization"}}
[2015-06-02 11:05:17 -0400] - UpdateStripeCustomerMetadataForMarket - LINC Foods (38) - No Stripe Customer linked to Manito Tap House (2341).
[2015-06-02 11:05:18 -0400] - UpdateStripeCustomerMetadataForMarket - LINC Foods (38) - Updating Organization South Perry Pizza (2340)'s Stripe Customer cus_64oBf4Q5sLyNk9 with {:description=>"South Perry Pizza", :metadata=>{"lo.entity_id"=>2340, "lo.entity_type"=>"organization"}}
[2015-06-02 11:05:18 -0400] - UpdateStripeCustomerMetadataForMarket - LINC Foods (38) - No Stripe Customer linked to Red Wheelbarrow Produce (2329).
[2015-06-02 11:05:18 -0400] - UpdateStripeCustomerMetadataForMarket - LINC Foods (38) - No Stripe Customer linked to veraci pizza (2316).
[2015-06-02 11:05:19 -0400] - UpdateStripeCustomerMetadataForMarket - LINC Foods (38) - Updating Organization Sante Restaurant & Charcuterie (2313)'s Stripe Customer cus_5uQ46oiS9fqxSe with {:description=>"Sante Restaurant & Charcuterie", :metadata=>{"lo.entity_id"=>2313, "lo.entity_type"=>"organization"}}
[2015-06-02 11:05:19 -0400] - UpdateStripeCustomerMetadataForMarket - LINC Foods (38) - No Stripe Customer linked to Bodacious Berries, Fruits and Brews (2302).
[2015-06-02 11:05:19 -0400] - UpdateStripeCustomerMetadataForMarket - LINC Foods (38) - No Stripe Customer linked to organic mushrooms (2301).
[2015-06-02 11:05:20 -0400] - UpdateStripeCustomerMetadataForMarket - LINC Foods (38) - Updating Organization The Lolo (2291)'s Stripe Customer cus_5uQ4pR3Ym9e7GE with {:description=>"The Lolo", :metadata=>{"lo.entity_id"=>2291, "lo.entity_type"=>"organization"}}
[2015-06-02 11:05:20 -0400] - UpdateStripeCustomerMetadataForMarket - LINC Foods (38) - No Stripe Customer linked to Full Bushel Farm (2279).
[2015-06-02 11:05:21 -0400] - UpdateStripeCustomerMetadataForMarket - LINC Foods (38) - Updating Organization Batch Bakeshop (2275)'s Stripe Customer cus_5uQ4kmNkAy01Ss with {:description=>"Batch Bakeshop", :metadata=>{"lo.entity_id"=>2275, "lo.entity_type"=>"organization"}}
[2015-06-02 11:05:21 -0400] - UpdateStripeCustomerMetadataForMarket - LINC Foods (38) - No Stripe Customer linked to Nine Mile Falls School District Food Service (2270).
[2015-06-02 11:05:21 -0400] - UpdateStripeCustomerMetadataForMarket - LINC Foods (38) - No Stripe Customer linked to Cooper Creek Farm (2263).
[2015-06-02 11:05:22 -0400] - UpdateStripeCustomerMetadataForMarket - LINC Foods (38) - Updating Organization Gardens at Sunset (2251)'s Stripe Customer cus_5uQ46jCjb7Wo7u with {:description=>"Gardens at Sunset", :metadata=>{"lo.entity_id"=>2251, "lo.entity_type"=>"organization"}}
[2015-06-02 11:05:24 -0400] - UpdateStripeCustomerMetadataForMarket - LINC Foods (38) - Updating Organization Heron Pond Farms (2250)'s Stripe Customer cus_5uQ4FS4RY6IFTk with {:description=>"Heron Pond Farms", :metadata=>{"lo.entity_id"=>2250, "lo.entity_type"=>"organization"}}
[2015-06-02 11:05:25 -0400] - UpdateStripeCustomerMetadataForMarket - LINC Foods (38) - Updating Organization Okanogan Producer's Marketing Association (2247)'s Stripe Customer cus_5uQ5pOQakD9ezS with {:description=>"Okanogan Producer's Marketing Association", :metadata=>{"lo.entity_id"=>2247, "lo.entity_type"=>"organization"}}
[2015-06-02 11:05:26 -0400] - UpdateStripeCustomerMetadataForMarket - LINC Foods (38) - Updating Organization Western Montana Growers Cooperative (2246)'s Stripe Customer cus_5uQ4KYL5jG62fg with {:description=>"Western Montana Growers Cooperative", :metadata=>{"lo.entity_id"=>2246, "lo.entity_type"=>"organization"}}
[2015-06-02 11:05:26 -0400] - UpdateStripeCustomerMetadataForMarket - LINC Foods (38) - No Stripe Customer linked to Restoration Agriculture International, Inc.  (2235).
[2015-06-02 11:05:26 -0400] - UpdateStripeCustomerMetadataForMarket - LINC Foods (38) - No Stripe Customer linked to Saranac Public House (2225).
[2015-06-02 11:05:26 -0400] - UpdateStripeCustomerMetadataForMarket - LINC Foods (38) - Updating Organization Kallstrom Sweet Corn (2223)'s Stripe Customer cus_5uQ4BdNE4a7aVR with {:description=>"Kallstrom Sweet Corn", :metadata=>{"lo.entity_id"=>2223, "lo.entity_type"=>"organization"}}
[2015-06-02 11:05:26 -0400] - UpdateStripeCustomerMetadataForMarket - LINC Foods (38) - No Stripe Customer linked to Steelhead Bar & Grille (2206).
[2015-06-02 11:05:26 -0400] - UpdateStripeCustomerMetadataForMarket - LINC Foods (38) - No Stripe Customer linked to PNW Co-op Specialty Foods (2188).
[2015-06-02 11:05:28 -0400] - UpdateStripeCustomerMetadataForMarket - LINC Foods (38) - Updating Organization Washington State University Food Sense (2178)'s Stripe Customer cus_5uQ4WCuf5McFxU with {:description=>"Washington State University Food Sense", :metadata=>{"lo.entity_id"=>2178, "lo.entity_type"=>"organization"}}
[2015-06-02 11:05:28 -0400] - UpdateStripeCustomerMetadataForMarket - LINC Foods (38) - No Stripe Customer linked to Spice Traders Mercantile (2160).
[2015-06-02 11:05:29 -0400] - UpdateStripeCustomerMetadataForMarket - LINC Foods (38) - Updating Organization Fleming Family Farm (2157)'s Stripe Customer cus_5xcaziLZySOyGJ with {:description=>"Fleming Family Farm", :metadata=>{"lo.entity_id"=>2157, "lo.entity_type"=>"organization"}}
[2015-06-02 11:05:29 -0400] - UpdateStripeCustomerMetadataForMarket - LINC Foods (38) - No Stripe Customer linked to My Square Garden (2109).
[2015-06-02 11:05:29 -0400] - UpdateStripeCustomerMetadataForMarket - LINC Foods (38) - No Stripe Customer linked to Ancient Traditions (2079).
[2015-06-02 11:05:30 -0400] - UpdateStripeCustomerMetadataForMarket - LINC Foods (38) - Updating Organization Ruins (2076)'s Stripe Customer cus_5uQ4FDi5jrhGHw with {:description=>"Ruins", :metadata=>{"lo.entity_id"=>2076, "lo.entity_type"=>"organization"}}
[2015-06-02 11:05:31 -0400] - UpdateStripeCustomerMetadataForMarket - LINC Foods (38) - Updating Organization SN & P dba: CLOVER restaurant, bar & bakery (2074)'s Stripe Customer cus_5uQ4hQG2UmJxNl with {:description=>"SN & P dba: CLOVER restaurant, bar & bakery", :metadata=>{"lo.entity_id"=>2074, "lo.entity_type"=>"organization"}}
[2015-06-02 11:05:31 -0400] - UpdateStripeCustomerMetadataForMarket - LINC Foods (38) - No Stripe Customer linked to Checkerboard Bar (2072).
[2015-06-02 11:05:31 -0400] - UpdateStripeCustomerMetadataForMarket - LINC Foods (38) - No Stripe Customer linked to Chairs Public House (2068).
[2015-06-02 11:05:32 -0400] - UpdateStripeCustomerMetadataForMarket - LINC Foods (38) - Updating Organization Sodexo - Gonzaga (2067)'s Stripe Customer cus_5uQ53yEyMi7KHK with {:description=>"Sodexo - Gonzaga", :metadata=>{"lo.entity_id"=>2067, "lo.entity_type"=>"organization"}}
[2015-06-02 11:05:32 -0400] - UpdateStripeCustomerMetadataForMarket - LINC Foods (38) - No Stripe Customer linked to SBAH Foodservice (2063).
[2015-06-02 11:05:32 -0400] - UpdateStripeCustomerMetadataForMarket - LINC Foods (38) - No Stripe Customer linked to Spokane's Family Farm (2035).
[2015-06-02 11:05:32 -0400] - UpdateStripeCustomerMetadataForMarket - LINC Foods (38) - No Stripe Customer linked to Thompson Creek Orchard (2023).
[2015-06-02 11:05:32 -0400] - UpdateStripeCustomerMetadataForMarket - LINC Foods (38) - No Stripe Customer linked to Estella Farms (2017).
[2015-06-02 11:05:32 -0400] - UpdateStripeCustomerMetadataForMarket - LINC Foods (38) - No Stripe Customer linked to Jackson Farm (1954).
[2015-06-02 11:05:32 -0400] - UpdateStripeCustomerMetadataForMarket - LINC Foods (38) - No Stripe Customer linked to Peone Permaculture (1943).
[2015-06-02 11:05:32 -0400] - UpdateStripeCustomerMetadataForMarket - LINC Foods (38) - No Stripe Customer linked to Chuck Faulkinberry Farm (1921).
[2015-06-02 11:05:32 -0400] - UpdateStripeCustomerMetadataForMarket - LINC Foods (38) - No Stripe Customer linked to Urban Eden Farm (1912).
[2015-06-02 11:05:32 -0400] - UpdateStripeCustomerMetadataForMarket - LINC Foods (38) - No Stripe Customer linked to Grim Family Fruit & Timber (1860).
[2015-06-02 11:05:33 -0400] - UpdateStripeCustomerMetadataForMarket - LINC Foods (38) - Updating Organization Main Market Co-op (1823)'s Stripe Customer cus_5uQ4YMeBUvFjSV with {:description=>"Main Market Co-op", :metadata=>{"lo.entity_id"=>1823, "lo.entity_type"=>"organization"}}
[2015-06-02 11:05:34 -0400] - UpdateStripeCustomerMetadataForMarket - LINC Foods (38) - Updating Organization Steelhead Bar and Grille (1811)'s Stripe Customer cus_5uQ4j5jxb1uQ2U with {:description=>"Steelhead Bar and Grille", :metadata=>{"lo.entity_id"=>1811, "lo.entity_type"=>"organization"}}
[2015-06-02 11:05:35 -0400] - UpdateStripeCustomerMetadataForMarket - LINC Foods (38) - Updating Organization Central Food (1807)'s Stripe Customer cus_5uQ5ukSsPAHkwR with {:description=>"Central Food", :metadata=>{"lo.entity_id"=>1807, "lo.entity_type"=>"organization"}}
[2015-06-02 11:05:36 -0400] - UpdateStripeCustomerMetadataForMarket - LINC Foods (38) - Updating Organization The Mason Jar (1782)'s Stripe Customer cus_5uQ4dxGFmMNVRG with {:description=>"The Mason Jar", :metadata=>{"lo.entity_id"=>1782, "lo.entity_type"=>"organization"}}
[2015-06-02 11:05:38 -0400] - UpdateStripeCustomerMetadataForMarket - LINC Foods (38) - Updating Organization Stacks at Steam Plant (1771)'s Stripe Customer cus_5uQ4SsFznrmNn1 with {:description=>"Stacks at Steam Plant", :metadata=>{"lo.entity_id"=>1771, "lo.entity_type"=>"organization"}}
[2015-06-02 11:05:38 -0400] - UpdateStripeCustomerMetadataForMarket - LINC Foods (38) - No Stripe Customer linked to Joseph's Grainery (1770).
[2015-06-02 11:05:38 -0400] - UpdateStripeCustomerMetadataForMarket - LINC Foods (38) - No Stripe Customer linked to Raymond's Produce (1765).
[2015-06-02 11:05:39 -0400] - UpdateStripeCustomerMetadataForMarket - LINC Foods (38) - Updating Organization Eastern Washington University (1752)'s Stripe Customer cus_5uQ4IM7HHfaqgX with {:description=>"Eastern Washington University", :metadata=>{"lo.entity_id"=>1752, "lo.entity_type"=>"organization"}}
[2015-06-02 11:05:39 -0400] - UpdateStripeCustomerMetadataForMarket - LINC Foods (38) - Updating Organization Lazy R Ranch (1748)'s Stripe Customer cus_5uQ4kpzgz7AeLR with {:description=>"Lazy R Ranch", :metadata=>{"lo.entity_id"=>1748, "lo.entity_type"=>"organization"}}
[2015-06-02 11:05:41 -0400] - UpdateStripeCustomerMetadataForMarket - LINC Foods (38) - Updating Organization Kagele Farm (1745)'s Stripe Customer cus_5uQ45EcL91xNXQ with {:description=>"Kagele Farm", :metadata=>{"lo.entity_id"=>1745, "lo.entity_type"=>"organization"}}
[2015-06-02 11:05:42 -0400] - UpdateStripeCustomerMetadataForMarket - LINC Foods (38) - Updating Organization Footehill Farms (1732)'s Stripe Customer cus_5uQ47SDxKLyx0e with {:description=>"Footehill Farms", :metadata=>{"lo.entity_id"=>1732, "lo.entity_type"=>"organization"}}
[2015-06-02 11:05:43 -0400] - UpdateStripeCustomerMetadataForMarket - LINC Foods (38) - Updating Organization LINC Foods  (1731)'s Stripe Customer cus_5uQ4uXU2YBU8dt with {:description=>"LINC Foods ", :metadata=>{"lo.entity_id"=>1731, "lo.entity_type"=>"organization"}}
[2015-06-02 11:05:44 -0400] - UpdateStripeCustomerMetadataForMarket - LINC Foods (38) - Updating Organization LINC Farmers (1685)'s Stripe Customer cus_5uQ4e7g1FPibEE with {:description=>"LINC Farmers", :metadata=>{"lo.entity_id"=>1685, "lo.entity_type"=>"organization"}}
[2015-06-02 11:05:45 -0400] - UpdateStripeCustomerMetadataForMarket - LINC Foods (38) - Updating Organization LINC Foods - Buyer (1684)'s Stripe Customer cus_5uQ4LYWRCuQQe6 with {:description=>"LINC Foods - Buyer", :metadata=>{"lo.entity_id"=>1684, "lo.entity_type"=>"organization"}}
