[2015-06-02 10:56:38 -0400] - UpdateStripeCustomerMetadataForMarket - All Things Food (4) - ====================================================================================================
[2015-06-02 10:56:38 -0400] - UpdateStripeCustomerMetadataForMarket - All Things Food (4) -  All Things Food (4)
[2015-06-02 10:56:38 -0400] - UpdateStripeCustomerMetadataForMarket - All Things Food (4) -  Updating stripe customer metadata for Market and all Organizations.
[2015-06-02 10:56:38 -0400] - UpdateStripeCustomerMetadataForMarket - All Things Food (4) - 
[2015-06-02 10:56:38 -0400] - UpdateStripeCustomerMetadataForMarket - All Things Food (4) -  Rails.env: production
[2015-06-02 10:56:38 -0400] - UpdateStripeCustomerMetadataForMarket - All Things Food (4) -  Stripe key: pk_live_j85VTsrz51POrss3ni460qaf
[2015-06-02 10:56:38 -0400] - UpdateStripeCustomerMetadataForMarket - All Things Food (4) - ====================================================================================================
[2015-06-02 10:56:38 -0400] - UpdateStripeCustomerMetadataForMarket - All Things Food (4) - No Stripe Customer linked to this Market.
[2015-06-02 10:56:39 -0400] - UpdateStripeCustomerMetadataForMarket - All Things Food (4) - Updating Organization Shagbark Seed & Mill (33)'s Stripe Customer cus_5uQ5wnzY4IpDKR with {:description=>"Shagbark Seed & Mill", :metadata=>{"lo.entity_id"=>33, "lo.entity_type"=>"organization"}}
[2015-06-02 10:56:39 -0400] - UpdateStripeCustomerMetadataForMarket - All Things Food (4) - No Stripe Customer linked to Wendy Chan (151).
[2015-06-02 10:56:39 -0400] - UpdateStripeCustomerMetadataForMarket - All Things Food (4) - No Stripe Customer linked to Lori Hanna  (138).
[2015-06-02 10:56:39 -0400] - UpdateStripeCustomerMetadataForMarket - All Things Food (4) - No Stripe Customer linked to Brenda Farnsworth (152).
[2015-06-02 10:56:39 -0400] - UpdateStripeCustomerMetadataForMarket - All Things Food (4) - No Stripe Customer linked to Entenman Farms (147).
[2015-06-02 10:56:39 -0400] - UpdateStripeCustomerMetadataForMarket - All Things Food (4) - No Stripe Customer linked to Jean Rychener (139).
[2015-06-02 10:56:39 -0400] - UpdateStripeCustomerMetadataForMarket - All Things Food (4) - No Stripe Customer linked to Kelli Lamberson (140).
[2015-06-02 10:56:39 -0400] - UpdateStripeCustomerMetadataForMarket - All Things Food (4) - No Stripe Customer linked to Maris Sabestian (145).
[2015-06-02 10:56:39 -0400] - UpdateStripeCustomerMetadataForMarket - All Things Food (4) - No Stripe Customer linked to Pam Steel (154).
[2015-06-02 10:56:39 -0400] - UpdateStripeCustomerMetadataForMarket - All Things Food (4) - No Stripe Customer linked to Anna Williams (160).
[2015-06-02 10:56:39 -0400] - UpdateStripeCustomerMetadataForMarket - All Things Food (4) - No Stripe Customer linked to Beverly Miller-Pigmon (143).
[2015-06-02 10:56:39 -0400] - UpdateStripeCustomerMetadataForMarket - All Things Food (4) - No Stripe Customer linked to John M. Tripodi  (137).
[2015-06-02 10:56:40 -0400] - UpdateStripeCustomerMetadataForMarket - All Things Food (4) - Updating Organization Katieland Dairy (162)'s Stripe Customer cus_5uQ54UaAw8iEad with {:description=>"Katieland Dairy", :metadata=>{"lo.entity_id"=>162, "lo.entity_type"=>"organization"}}
[2015-06-02 10:56:40 -0400] - UpdateStripeCustomerMetadataForMarket - All Things Food (4) - No Stripe Customer linked to A Simple Plenty (164).
[2015-06-02 10:56:40 -0400] - UpdateStripeCustomerMetadataForMarket - All Things Food (4) - No Stripe Customer linked to Joy Richmond (165).
[2015-06-02 10:56:40 -0400] - UpdateStripeCustomerMetadataForMarket - All Things Food (4) - No Stripe Customer linked to Kim Grime (172).
[2015-06-02 10:56:40 -0400] - UpdateStripeCustomerMetadataForMarket - All Things Food (4) - No Stripe Customer linked to Kasey Bailey (169).
[2015-06-02 10:56:40 -0400] - UpdateStripeCustomerMetadataForMarket - All Things Food (4) - No Stripe Customer linked to Amy Beck (159).
[2015-06-02 10:56:40 -0400] - UpdateStripeCustomerMetadataForMarket - All Things Food (4) - No Stripe Customer linked to Stacy Whitlock (168).
[2015-06-02 10:56:41 -0400] - UpdateStripeCustomerMetadataForMarket - All Things Food (4) - Updating Organization Mary Lloyd (163)'s Stripe Customer cus_5uQ5zLHAQeFqxx with {:description=>"Mary Lloyd", :metadata=>{"lo.entity_id"=>163, "lo.entity_type"=>"organization"}}
[2015-06-02 10:56:41 -0400] - UpdateStripeCustomerMetadataForMarket - All Things Food (4) - No Stripe Customer linked to Warncke Davis Haus (178).
[2015-06-02 10:56:41 -0400] - UpdateStripeCustomerMetadataForMarket - All Things Food (4) - No Stripe Customer linked to All Things Food  (20).
[2015-06-02 10:56:41 -0400] - UpdateStripeCustomerMetadataForMarket - All Things Food (4) - No Stripe Customer linked to Pendleton Family Farms (149).
[2015-06-02 10:56:42 -0400] - UpdateStripeCustomerMetadataForMarket - All Things Food (4) - Updating Organization Sandy Gordon (170)'s Stripe Customer cus_5uQ4JFLoK9utku with {:description=>"Sandy Gordon", :metadata=>{"lo.entity_id"=>170, "lo.entity_type"=>"organization"}}
[2015-06-02 10:56:43 -0400] - UpdateStripeCustomerMetadataForMarket - All Things Food (4) - Updating Organization Season's Coffee & Bistro (176)'s Stripe Customer cus_5uQ5LWZf9vBN5h with {:description=>"Season's Coffee & Bistro", :metadata=>{"lo.entity_id"=>176, "lo.entity_type"=>"organization"}}
[2015-06-02 10:56:43 -0400] - UpdateStripeCustomerMetadataForMarket - All Things Food (4) - No Stripe Customer linked to Ruth Schwenk (207).
[2015-06-02 10:56:43 -0400] - UpdateStripeCustomerMetadataForMarket - All Things Food (4) - No Stripe Customer linked to Amy Bellamy (205).
[2015-06-02 10:56:43 -0400] - UpdateStripeCustomerMetadataForMarket - All Things Food (4) - No Stripe Customer linked to Kevin Martin (191).
[2015-06-02 10:56:44 -0400] - UpdateStripeCustomerMetadataForMarket - All Things Food (4) - Updating Organization Logan Smith (185)'s Stripe Customer cus_5uQ5O0wUdcXWQM with {:description=>"Logan Smith", :metadata=>{"lo.entity_id"=>185, "lo.entity_type"=>"organization"}}
[2015-06-02 10:56:46 -0400] - UpdateStripeCustomerMetadataForMarket - All Things Food (4) - Updating Organization Tracey Kennedy (187)'s Stripe Customer cus_5uQ5xCqoLP9Sxu with {:description=>"Tracey Kennedy", :metadata=>{"lo.entity_id"=>187, "lo.entity_type"=>"organization"}}
[2015-06-02 10:56:47 -0400] - UpdateStripeCustomerMetadataForMarket - All Things Food (4) - Updating Organization Doreen DeLisle (221)'s Stripe Customer cus_5uQ5EW9JRKnp83 with {:description=>"Doreen DeLisle", :metadata=>{"lo.entity_id"=>221, "lo.entity_type"=>"organization"}}
[2015-06-02 10:56:48 -0400] - UpdateStripeCustomerMetadataForMarket - All Things Food (4) - Updating Organization Kay Cummins (1503)'s Stripe Customer cus_5uQ4pTqT2eGAVU with {:description=>"Kay Cummins", :metadata=>{"lo.entity_id"=>1503, "lo.entity_type"=>"organization"}}
[2015-06-02 10:56:48 -0400] - UpdateStripeCustomerMetadataForMarket - All Things Food (4) - No Stripe Customer linked to Singer (315).
[2015-06-02 10:56:48 -0400] - UpdateStripeCustomerMetadataForMarket - All Things Food (4) - No Stripe Customer linked to Singer (316).
[2015-06-02 10:56:49 -0400] - UpdateStripeCustomerMetadataForMarket - All Things Food (4) - Updating Organization Dawn Sipes (340)'s Stripe Customer cus_5uQ4QE0OWoNp1n with {:description=>"Dawn Sipes", :metadata=>{"lo.entity_id"=>340, "lo.entity_type"=>"organization"}}
[2015-06-02 10:56:49 -0400] - UpdateStripeCustomerMetadataForMarket - All Things Food (4) - No Stripe Customer linked to Denise Hoff (3928).
[2015-06-02 10:56:49 -0400] - UpdateStripeCustomerMetadataForMarket - All Things Food (4) - No Stripe Customer linked to My Home - Jamie Collins (1531).
[2015-06-02 10:56:49 -0400] - UpdateStripeCustomerMetadataForMarket - All Things Food (4) - No Stripe Customer linked to Mishelle Nofziger (466).
[2015-06-02 10:56:50 -0400] - UpdateStripeCustomerMetadataForMarket - All Things Food (4) - Updating Organization The Upper Crust, LLC (37)'s Stripe Customer cus_5uQ4vbCXMxiqLA with {:description=>"The Upper Crust, LLC", :metadata=>{"lo.entity_id"=>37, "lo.entity_type"=>"organization"}}
[2015-06-02 10:56:51 -0400] - UpdateStripeCustomerMetadataForMarket - All Things Food (4) - Updating Organization Natural Goodness Garden (29)'s Stripe Customer cus_5uQ5EQf6Qk9y0G with {:description=>"Natural Goodness Garden", :metadata=>{"lo.entity_id"=>29, "lo.entity_type"=>"organization"}}
[2015-06-02 10:56:51 -0400] - UpdateStripeCustomerMetadataForMarket - All Things Food (4) - No Stripe Customer linked to Jessica Davis  (3930).
[2015-06-02 10:56:52 -0400] - UpdateStripeCustomerMetadataForMarket - All Things Food (4) - Updating Organization Mark Lorntz (1582)'s Stripe Customer cus_5uQ5xwd28wjzC3 with {:description=>"Mark Lorntz", :metadata=>{"lo.entity_id"=>1582, "lo.entity_type"=>"organization"}}
[2015-06-02 10:56:52 -0400] - UpdateStripeCustomerMetadataForMarket - All Things Food (4) - No Stripe Customer linked to Jil Richards (1583).
[2015-06-02 10:56:52 -0400] - UpdateStripeCustomerMetadataForMarket - All Things Food (4) - No Stripe Customer linked to Renae Hendricks (3935).
[2015-06-02 10:56:53 -0400] - UpdateStripeCustomerMetadataForMarket - All Things Food (4) - Updating Organization Stoney Ridge Farm and Winery (173)'s Stripe Customer cus_5uQ5Zz6uZ7odly with {:description=>"Stoney Ridge Farm and Winery", :metadata=>{"lo.entity_id"=>173, "lo.entity_type"=>"organization"}}
[2015-06-02 10:56:53 -0400] - UpdateStripeCustomerMetadataForMarket - All Things Food (4) - No Stripe Customer linked to Elizabeth Ellis (3932).
[2015-06-02 10:56:54 -0400] - UpdateStripeCustomerMetadataForMarket - All Things Food (4) - Updating Organization Karmin Brooks (1615)'s Stripe Customer cus_5uQ5jBg5lSkbxC with {:description=>"Karmin Brooks", :metadata=>{"lo.entity_id"=>1615, "lo.entity_type"=>"organization"}}
[2015-06-02 10:56:54 -0400] - UpdateStripeCustomerMetadataForMarket - All Things Food (4) - No Stripe Customer linked to Sharon Berryman (3933).
[2015-06-02 10:56:54 -0400] - UpdateStripeCustomerMetadataForMarket - All Things Food (4) - No Stripe Customer linked to Stephanie Singer (1562).
[2015-06-02 10:56:54 -0400] - UpdateStripeCustomerMetadataForMarket - All Things Food (4) - No Stripe Customer linked to Sisters of St. Francis (1477).
[2015-06-02 10:56:54 -0400] - UpdateStripeCustomerMetadataForMarket - All Things Food (4) - No Stripe Customer linked to Chris Entenman (1479).
[2015-06-02 10:56:55 -0400] - UpdateStripeCustomerMetadataForMarket - All Things Food (4) - Updating Organization Brittany M. Hudson - SNAP Benefits (1711)'s Stripe Customer cus_5uQ47mdyvKeCEv with {:description=>"Brittany M. Hudson - SNAP Benefits", :metadata=>{"lo.entity_id"=>1711, "lo.entity_type"=>"organization"}}
[2015-06-02 10:56:56 -0400] - UpdateStripeCustomerMetadataForMarket - All Things Food (4) - Updating Organization Kari Shininger (1690)'s Stripe Customer cus_5uQ4G6a4B3sNOc with {:description=>"Kari Shininger", :metadata=>{"lo.entity_id"=>1690, "lo.entity_type"=>"organization"}}
[2015-06-02 10:56:57 -0400] - UpdateStripeCustomerMetadataForMarket - All Things Food (4) - Updating Organization Black Creek Farm (34)'s Stripe Customer cus_5uQ5Fd7v7m3bH4 with {:description=>"Black Creek Farm", :metadata=>{"lo.entity_id"=>34, "lo.entity_type"=>"organization"}}
[2015-06-02 10:56:58 -0400] - UpdateStripeCustomerMetadataForMarket - All Things Food (4) - Updating Organization Sharon Ransom - OB/GYN Bryan (1815)'s Stripe Customer cus_5uQ5LukyVebcY4 with {:description=>"Sharon Ransom - OB/GYN Bryan", :metadata=>{"lo.entity_id"=>1815, "lo.entity_type"=>"organization"}}
[2015-06-02 10:57:00 -0400] - UpdateStripeCustomerMetadataForMarket - All Things Food (4) - Updating Organization Karmin Brooks (1616)'s Stripe Customer cus_5uQ4JHkDFrNt4p with {:description=>"Karmin Brooks", :metadata=>{"lo.entity_id"=>1616, "lo.entity_type"=>"organization"}}
[2015-06-02 10:57:01 -0400] - UpdateStripeCustomerMetadataForMarket - All Things Food (4) - Updating Organization All Things Food - Buyer (1819)'s Stripe Customer cus_5uQ5Mzuwor9KQz with {:description=>"All Things Food - Buyer", :metadata=>{"lo.entity_id"=>1819, "lo.entity_type"=>"organization"}}
[2015-06-02 10:57:02 -0400] - UpdateStripeCustomerMetadataForMarket - All Things Food (4) - Updating Organization Melodee Moore (1760)'s Stripe Customer cus_5uQ5g0ubuU4mXL with {:description=>"Melodee Moore", :metadata=>{"lo.entity_id"=>1760, "lo.entity_type"=>"organization"}}
[2015-06-02 10:57:02 -0400] - UpdateStripeCustomerMetadataForMarket - All Things Food (4) - No Stripe Customer linked to DeCamp Gardens (3756).
[2015-06-02 10:57:02 -0400] - UpdateStripeCustomerMetadataForMarket - All Things Food (4) - No Stripe Customer linked to Amy DeLong (1928).
[2015-06-02 10:57:02 -0400] - UpdateStripeCustomerMetadataForMarket - All Things Food (4) - No Stripe Customer linked to All Good Farms (1743).
[2015-06-02 10:57:03 -0400] - UpdateStripeCustomerMetadataForMarket - All Things Food (4) - Updating Organization Wende Sharma (2005)'s Stripe Customer cus_5uQ4lus49wtJA2 with {:description=>"Wende Sharma", :metadata=>{"lo.entity_id"=>2005, "lo.entity_type"=>"organization"}}
[2015-06-02 10:57:04 -0400] - UpdateStripeCustomerMetadataForMarket - All Things Food (4) - Updating Organization Amanda Andres (208)'s Stripe Customer cus_5uQ4cmasPqpGfL with {:description=>"Amanda Andres", :metadata=>{"lo.entity_id"=>208, "lo.entity_type"=>"organization"}}
[2015-06-02 10:57:05 -0400] - UpdateStripeCustomerMetadataForMarket - All Things Food (4) - Updating Organization Mindy Wade (2049)'s Stripe Customer cus_5uQ4V7KZhHVIlZ with {:description=>"Mindy Wade", :metadata=>{"lo.entity_id"=>2049, "lo.entity_type"=>"organization"}}
[2015-06-02 10:57:05 -0400] - UpdateStripeCustomerMetadataForMarket - All Things Food (4) - No Stripe Customer linked to Diane Riba (2087).
[2015-06-02 10:57:06 -0400] - UpdateStripeCustomerMetadataForMarket - All Things Food (4) - Updating Organization Chefs Way Farm (3874)'s Stripe Customer cus_6H9f6MKHHTusVh with {:description=>"Chefs Way Farm", :metadata=>{"lo.entity_id"=>3874, "lo.entity_type"=>"organization"}}
[2015-06-02 10:57:07 -0400] - UpdateStripeCustomerMetadataForMarket - All Things Food (4) - Updating Organization Larry's Berries (1999)'s Stripe Customer cus_5uQ4SSmvLJvB0M with {:description=>"Larry's Berries", :metadata=>{"lo.entity_id"=>1999, "lo.entity_type"=>"organization"}}
[2015-06-02 10:57:08 -0400] - UpdateStripeCustomerMetadataForMarket - All Things Food (4) - Updating Organization One Smart Cookie (2185)'s Stripe Customer cus_5uQ4F89GQQfFpy with {:description=>"One Smart Cookie", :metadata=>{"lo.entity_id"=>2185, "lo.entity_type"=>"organization"}}
[2015-06-02 10:57:09 -0400] - UpdateStripeCustomerMetadataForMarket - All Things Food (4) - Updating Organization Marcia Culler (2183)'s Stripe Customer cus_5uQ4uSSu8ePw1U with {:description=>"Marcia Culler", :metadata=>{"lo.entity_id"=>2183, "lo.entity_type"=>"organization"}}
[2015-06-02 10:57:11 -0400] - UpdateStripeCustomerMetadataForMarket - All Things Food (4) - Updating Organization Kelsey (2210)'s Stripe Customer cus_5uQ46cjR7rRwvF with {:description=>"Kelsey", :metadata=>{"lo.entity_id"=>2210, "lo.entity_type"=>"organization"}}
[2015-06-02 10:57:12 -0400] - UpdateStripeCustomerMetadataForMarket - All Things Food (4) - Updating Organization Sonya Mavis (2207)'s Stripe Customer cus_5uQ4EAsg0IEz96 with {:description=>"Sonya Mavis", :metadata=>{"lo.entity_id"=>2207, "lo.entity_type"=>"organization"}}
[2015-06-02 10:57:12 -0400] - UpdateStripeCustomerMetadataForMarket - All Things Food (4) - No Stripe Customer linked to Montpelier Chamber (2218).
[2015-06-02 10:57:13 -0400] - UpdateStripeCustomerMetadataForMarket - All Things Food (4) - Updating Organization Tony Tressler (2242)'s Stripe Customer cus_5uS7asojsZBQ2c with {:description=>"Tony Tressler", :metadata=>{"lo.entity_id"=>2242, "lo.entity_type"=>"organization"}}
[2015-06-02 10:57:14 -0400] - UpdateStripeCustomerMetadataForMarket - All Things Food (4) - Updating Organization Kyli McCullough (2229)'s Stripe Customer cus_5uQ4x2CN0w9w3t with {:description=>"Kyli McCullough", :metadata=>{"lo.entity_id"=>2229, "lo.entity_type"=>"organization"}}
[2015-06-02 10:57:15 -0400] - UpdateStripeCustomerMetadataForMarket - All Things Food (4) - Updating Organization The Bell Family (2243)'s Stripe Customer cus_5uQ4mIBMJlZm47 with {:description=>"The Bell Family", :metadata=>{"lo.entity_id"=>2243, "lo.entity_type"=>"organization"}}
[2015-06-02 10:57:15 -0400] - UpdateStripeCustomerMetadataForMarket - All Things Food (4) - No Stripe Customer linked to Ullom (2267).
[2015-06-02 10:57:15 -0400] - UpdateStripeCustomerMetadataForMarket - All Things Food (4) - No Stripe Customer linked to McCarty (3945).
[2015-06-02 10:57:16 -0400] - UpdateStripeCustomerMetadataForMarket - All Things Food (4) - Updating Organization Schmidlin Greenhouse (3608)'s Stripe Customer cus_67Qd2kX7swB0p9 with {:description=>"Schmidlin Greenhouse", :metadata=>{"lo.entity_id"=>3608, "lo.entity_type"=>"organization"}}
[2015-06-02 10:57:17 -0400] - UpdateStripeCustomerMetadataForMarket - All Things Food (4) - Updating Organization Master Plan Feeds (3613)'s Stripe Customer cus_67m7DbG2DYNpGY with {:description=>"Master Plan Feeds", :metadata=>{"lo.entity_id"=>3613, "lo.entity_type"=>"organization"}}
[2015-06-02 10:57:17 -0400] - UpdateStripeCustomerMetadataForMarket - All Things Food (4) - No Stripe Customer linked to Shontael Elward (3791).
[2015-06-02 10:57:17 -0400] - UpdateStripeCustomerMetadataForMarket - All Things Food (4) - No Stripe Customer linked to Stacie Dosch (3802).
[2015-06-02 10:57:17 -0400] - UpdateStripeCustomerMetadataForMarket - All Things Food (4) - No Stripe Customer linked to Stacie Dosch (3803).
[2015-06-02 10:57:17 -0400] - UpdateStripeCustomerMetadataForMarket - All Things Food (4) - No Stripe Customer linked to Thistledown Farms Specialty Meats LLC (3206).
[2015-06-02 10:57:18 -0400] - UpdateStripeCustomerMetadataForMarket - All Things Food (4) - Updating Organization Sheep Dreams Farm (3287)'s Stripe Customer cus_5wVZ9cDeRYYKfb with {:description=>"Sheep Dreams Farm", :metadata=>{"lo.entity_id"=>3287, "lo.entity_type"=>"organization"}}
[2015-06-02 10:57:19 -0400] - UpdateStripeCustomerMetadataForMarket - All Things Food (4) - Updating Organization Sheep Dreams Farm (3418)'s Stripe Customer cus_6178TvWLdXgpLv with {:description=>"Sheep Dreams Farm", :metadata=>{"lo.entity_id"=>3418, "lo.entity_type"=>"organization"}}
[2015-06-02 10:57:20 -0400] - UpdateStripeCustomerMetadataForMarket - All Things Food (4) - Updating Organization Whitehouse Specialty Crops (68)'s Stripe Customer cus_5uQ5a5Q9H1V0w0 with {:description=>"Whitehouse Specialty Crops", :metadata=>{"lo.entity_id"=>68, "lo.entity_type"=>"organization"}}
[2015-06-02 10:57:22 -0400] - UpdateStripeCustomerMetadataForMarket - All Things Food (4) - Updating Organization Sustainable Local Foods (136)'s Stripe Customer cus_5uQ5HvJDarKf0Y with {:description=>"Sustainable Local Foods", :metadata=>{"lo.entity_id"=>136, "lo.entity_type"=>"organization"}}
[2015-06-02 10:57:23 -0400] - UpdateStripeCustomerMetadataForMarket - All Things Food (4) - Updating Organization Lou Pendleton (153)'s Stripe Customer cus_5uQ5Jw1uHU2Fyk with {:description=>"Lou Pendleton", :metadata=>{"lo.entity_id"=>153, "lo.entity_type"=>"organization"}}
[2015-06-02 10:57:24 -0400] - UpdateStripeCustomerMetadataForMarket - All Things Food (4) - Updating Organization Becky McGuire (155)'s Stripe Customer cus_5uQ5iJW8NcvGXB with {:description=>"Becky McGuire", :metadata=>{"lo.entity_id"=>155, "lo.entity_type"=>"organization"}}
[2015-06-02 10:57:25 -0400] - UpdateStripeCustomerMetadataForMarket - All Things Food (4) - Updating Organization Melody Turner (156)'s Stripe Customer cus_5vQtDESuIjwArD with {:description=>"Melody Turner", :metadata=>{"lo.entity_id"=>156, "lo.entity_type"=>"organization"}}
[2015-06-02 10:57:26 -0400] - UpdateStripeCustomerMetadataForMarket - All Things Food (4) - Updating Organization Marion Allen (158)'s Stripe Customer cus_5uQ5xLigQkwbMK with {:description=>"Marion Allen", :metadata=>{"lo.entity_id"=>158, "lo.entity_type"=>"organization"}}
[2015-06-02 10:57:27 -0400] - UpdateStripeCustomerMetadataForMarket - All Things Food (4) - Updating Organization CHWC - Bryan (161)'s Stripe Customer cus_5uQ5nlCFWtjGYv with {:description=>"CHWC - Bryan", :metadata=>{"lo.entity_id"=>161, "lo.entity_type"=>"organization"}}
[2015-06-02 10:57:28 -0400] - UpdateStripeCustomerMetadataForMarket - All Things Food (4) - Updating Organization Stephanie Bexten (180)'s Stripe Customer cus_5uQ59luCjVzoMz with {:description=>"Stephanie Bexten", :metadata=>{"lo.entity_id"=>180, "lo.entity_type"=>"organization"}}
[2015-06-02 10:57:29 -0400] - UpdateStripeCustomerMetadataForMarket - All Things Food (4) - Updating Organization Northwest Ohio Chiropractic (197)'s Stripe Customer cus_5uQ5rlHvTgpInh with {:description=>"Northwest Ohio Chiropractic", :metadata=>{"lo.entity_id"=>197, "lo.entity_type"=>"organization"}}
[2015-06-02 10:57:31 -0400] - UpdateStripeCustomerMetadataForMarket - All Things Food (4) - Updating Organization Anne Bard (204)'s Stripe Customer cus_5uQ5BfQUIaMpae with {:description=>"Anne Bard", :metadata=>{"lo.entity_id"=>204, "lo.entity_type"=>"organization"}}
[2015-06-02 10:57:32 -0400] - UpdateStripeCustomerMetadataForMarket - All Things Food (4) - Updating Organization Nate Meyers (209)'s Stripe Customer cus_5uQ54oy2iCq2Va with {:description=>"Nate Meyers", :metadata=>{"lo.entity_id"=>209, "lo.entity_type"=>"organization"}}
[2015-06-02 10:57:33 -0400] - UpdateStripeCustomerMetadataForMarket - All Things Food (4) - Updating Organization Debra Kepler (222)'s Stripe Customer cus_5uQ5n4toFsuBC9 with {:description=>"Debra Kepler", :metadata=>{"lo.entity_id"=>222, "lo.entity_type"=>"organization"}}
[2015-06-02 10:57:34 -0400] - UpdateStripeCustomerMetadataForMarket - All Things Food (4) - Updating Organization April's Greenhouse (3672)'s Stripe Customer cus_69elkjNxuZr1vJ with {:description=>"April's Greenhouse", :metadata=>{"lo.entity_id"=>3672, "lo.entity_type"=>"organization"}}
[2015-06-02 10:57:35 -0400] - UpdateStripeCustomerMetadataForMarket - All Things Food (4) - Updating Organization Lakeside Frms (3657)'s Stripe Customer cus_69F1zlbqwo0pm9 with {:description=>"Lakeside Frms", :metadata=>{"lo.entity_id"=>3657, "lo.entity_type"=>"organization"}}
[2015-06-02 10:57:36 -0400] - UpdateStripeCustomerMetadataForMarket - All Things Food (4) - Updating Organization Azzitshudbe Farm (3656)'s Stripe Customer cus_69Ex3yCmjrd0Qz with {:description=>"Azzitshudbe Farm", :metadata=>{"lo.entity_id"=>3656, "lo.entity_type"=>"organization"}}
[2015-06-02 10:57:37 -0400] - UpdateStripeCustomerMetadataForMarket - All Things Food (4) - Updating Organization Fox Trail Farm (3655)'s Stripe Customer cus_69EtslA9GhnUew with {:description=>"Fox Trail Farm", :metadata=>{"lo.entity_id"=>3655, "lo.entity_type"=>"organization"}}
[2015-06-02 10:57:38 -0400] - UpdateStripeCustomerMetadataForMarket - All Things Food (4) - Updating Organization West Lakes Produce (3671)'s Stripe Customer cus_69eTlhQfm26X4X with {:description=>"West Lakes Produce", :metadata=>{"lo.entity_id"=>3671, "lo.entity_type"=>"organization"}}
[2015-06-02 10:57:39 -0400] - UpdateStripeCustomerMetadataForMarket - All Things Food (4) - Updating Organization Tara Glasgow (3669)'s Stripe Customer cus_69bvC9WEVipncR with {:description=>"Tara Glasgow", :metadata=>{"lo.entity_id"=>3669, "lo.entity_type"=>"organization"}}
[2015-06-02 10:57:41 -0400] - UpdateStripeCustomerMetadataForMarket - All Things Food (4) - Updating Organization Maple Lane Farm (27)'s Stripe Customer cus_5uQ55aq13zPUc1 with {:description=>"Maple Lane Farm", :metadata=>{"lo.entity_id"=>27, "lo.entity_type"=>"organization"}}
[2015-06-02 10:57:42 -0400] - UpdateStripeCustomerMetadataForMarket - All Things Food (4) - Updating Organization North Central FFA (31)'s Stripe Customer cus_5uQ5S3ldaAOr0c with {:description=>"North Central FFA", :metadata=>{"lo.entity_id"=>31, "lo.entity_type"=>"organization"}}
[2015-06-02 10:57:42 -0400] - UpdateStripeCustomerMetadataForMarket - All Things Food (4) - No Stripe Customer linked to Tammy Alvord (3974).
[2015-06-02 10:57:43 -0400] - UpdateStripeCustomerMetadataForMarket - All Things Food (4) - Updating Organization Pure Maple Syrup (38)'s Stripe Customer cus_5uQ5uS3Z8mzIVT with {:description=>"Pure Maple Syrup", :metadata=>{"lo.entity_id"=>38, "lo.entity_type"=>"organization"}}
[2015-06-02 10:57:44 -0400] - UpdateStripeCustomerMetadataForMarket - All Things Food (4) - Updating Organization Beverly (142)'s Stripe Customer cus_5uQ5oTrINxCWtF with {:description=>"Beverly", :metadata=>{"lo.entity_id"=>142, "lo.entity_type"=>"organization"}}
[2015-06-02 10:57:45 -0400] - UpdateStripeCustomerMetadataForMarket - All Things Food (4) - Updating Organization Valley View Organic Farm (3603)'s Stripe Customer cus_676EDes6NwBCvV with {:description=>"Valley View Organic Farm", :metadata=>{"lo.entity_id"=>3603, "lo.entity_type"=>"organization"}}
[2015-06-02 10:57:46 -0400] - UpdateStripeCustomerMetadataForMarket - All Things Food (4) - Updating Organization Turkeyfoot Creek Creamery (39)'s Stripe Customer cus_5uQ5yw6XCcI3oA with {:description=>"Turkeyfoot Creek Creamery", :metadata=>{"lo.entity_id"=>39, "lo.entity_type"=>"organization"}}
[2015-06-02 10:57:52 -0400] - UpdateStripeCustomerMetadataForMarket - All Things Food (4) - Updating Organization Mike Gill (146)'s Stripe Customer cus_5uQ59FNztBBnqR with {:description=>"Mike Gill", :metadata=>{"lo.entity_id"=>146, "lo.entity_type"=>"organization"}}
[2015-06-02 10:57:53 -0400] - UpdateStripeCustomerMetadataForMarket - All Things Food (4) - Updating Organization Pam Sauder (148)'s Stripe Customer cus_5vQun7wdBCYbZ0 with {:description=>"Pam Sauder", :metadata=>{"lo.entity_id"=>148, "lo.entity_type"=>"organization"}}
[2015-06-02 10:57:54 -0400] - UpdateStripeCustomerMetadataForMarket - All Things Food (4) - Updating Organization Abby Williams (150)'s Stripe Customer cus_5uQ58EJy98S0aF with {:description=>"Abby Williams", :metadata=>{"lo.entity_id"=>150, "lo.entity_type"=>"organization"}}
