[2015-06-02 11:11:17 -0400] - UpdateStripeCustomerMetadataForMarket - Mini Mac Farm (60) - ====================================================================================================
[2015-06-02 11:11:17 -0400] - UpdateStripeCustomerMetadataForMarket - Mini Mac Farm (60) -  Mini Mac Farm (60)
[2015-06-02 11:11:17 -0400] - UpdateStripeCustomerMetadataForMarket - Mini Mac Farm (60) -  Updating stripe customer metadata for Market and all Organizations.
[2015-06-02 11:11:17 -0400] - UpdateStripeCustomerMetadataForMarket - Mini Mac Farm (60) - 
[2015-06-02 11:11:17 -0400] - UpdateStripeCustomerMetadataForMarket - Mini Mac Farm (60) -  Rails.env: production
[2015-06-02 11:11:17 -0400] - UpdateStripeCustomerMetadataForMarket - Mini Mac Farm (60) -  Stripe key: pk_live_j85VTsrz51POrss3ni460qaf
[2015-06-02 11:11:17 -0400] - UpdateStripeCustomerMetadataForMarket - Mini Mac Farm (60) - ====================================================================================================
[2015-06-02 11:11:18 -0400] - UpdateStripeCustomerMetadataForMarket - Mini Mac Farm (60) - Updating Market's Stripe Customer with {:description=>"Mini Mac Farm", :metadata=>{"lo.entity_id"=>60, "lo.entity_type"=>"market"}}
[2015-06-02 11:11:18 -0400] - UpdateStripeCustomerMetadataForMarket - Mini Mac Farm (60) - No Stripe Customer linked to Jeff Scotti (4032).
[2015-06-02 11:11:19 -0400] - UpdateStripeCustomerMetadataForMarket - Mini Mac Farm (60) - Updating Organization Margot Sample (4026)'s Stripe Customer cus_6KUG9rUCc8jpYN with {:description=>"Margot Sample", :metadata=>{"lo.entity_id"=>4026, "lo.entity_type"=>"organization"}}
[2015-06-02 11:11:20 -0400] - UpdateStripeCustomerMetadataForMarket - Mini Mac Farm (60) - Updating Organization Bonnie and Michael Pappacena (4025)'s Stripe Customer cus_6KrCAOwrj0vF9I with {:description=>"Bonnie and Michael Pappacena", :metadata=>{"lo.entity_id"=>4025, "lo.entity_type"=>"organization"}}
[2015-06-02 11:11:20 -0400] - UpdateStripeCustomerMetadataForMarket - Mini Mac Farm (60) - No Stripe Customer linked to Michael Norwick (4003).
[2015-06-02 11:11:21 -0400] - UpdateStripeCustomerMetadataForMarket - Mini Mac Farm (60) - Updating Organization The Palmieri Family (3811)'s Stripe Customer cus_6FJyk1EI6vbOYx with {:description=>"The Palmieri Family", :metadata=>{"lo.entity_id"=>3811, "lo.entity_type"=>"organization"}}
[2015-06-02 11:11:21 -0400] - UpdateStripeCustomerMetadataForMarket - Mini Mac Farm (60) - No Stripe Customer linked to Alexander Wojcik (3798).
[2015-06-02 11:11:21 -0400] - UpdateStripeCustomerMetadataForMarket - Mini Mac Farm (60) - No Stripe Customer linked to Lutz Family (3790).
[2015-06-02 11:11:21 -0400] - UpdateStripeCustomerMetadataForMarket - Mini Mac Farm (60) - No Stripe Customer linked to Paul Cortese (3784).
[2015-06-02 11:11:21 -0400] - UpdateStripeCustomerMetadataForMarket - Mini Mac Farm (60) - No Stripe Customer linked to Guidera House (3782).
[2015-06-02 11:11:22 -0400] - UpdateStripeCustomerMetadataForMarket - Mini Mac Farm (60) - Updating Organization Lynn Dolan (3731)'s Stripe Customer cus_6Joii77bZcjGP8 with {:description=>"Lynn Dolan", :metadata=>{"lo.entity_id"=>3731, "lo.entity_type"=>"organization"}}
[2015-06-02 11:11:23 -0400] - UpdateStripeCustomerMetadataForMarket - Mini Mac Farm (60) - Updating Organization Lorraine Dias-Sotiriou (3722)'s Stripe Customer cus_6Brzvov2y0kbMq with {:description=>"Lorraine Dias-Sotiriou", :metadata=>{"lo.entity_id"=>3722, "lo.entity_type"=>"organization"}}
[2015-06-02 11:11:23 -0400] - UpdateStripeCustomerMetadataForMarket - Mini Mac Farm (60) - No Stripe Customer linked to Evelyn Peos (3709).
[2015-06-02 11:11:23 -0400] - UpdateStripeCustomerMetadataForMarket - Mini Mac Farm (60) - No Stripe Customer linked to Suzanne Sena (3692).
[2015-06-02 11:11:24 -0400] - UpdateStripeCustomerMetadataForMarket - Mini Mac Farm (60) - Updating Organization Katie Regan (3681)'s Stripe Customer cus_6A197i7YqdmL7v with {:description=>"Katie Regan", :metadata=>{"lo.entity_id"=>3681, "lo.entity_type"=>"organization"}}
[2015-06-02 11:11:24 -0400] - UpdateStripeCustomerMetadataForMarket - Mini Mac Farm (60) - No Stripe Customer linked to Kristy Klein  (3678).
[2015-06-02 11:11:24 -0400] - UpdateStripeCustomerMetadataForMarket - Mini Mac Farm (60) - No Stripe Customer linked to Lee Amoroso (3676).
[2015-06-02 11:11:24 -0400] - UpdateStripeCustomerMetadataForMarket - Mini Mac Farm (60) - No Stripe Customer linked to Margaret O'Connell (3527).
[2015-06-02 11:11:24 -0400] - UpdateStripeCustomerMetadataForMarket - Mini Mac Farm (60) - No Stripe Customer linked to Don Hannis Foundations Preschool (3514).
[2015-06-02 11:11:24 -0400] - UpdateStripeCustomerMetadataForMarket - Mini Mac Farm (60) - No Stripe Customer linked to Peg Van Brunt (3513).
[2015-06-02 11:11:24 -0400] - UpdateStripeCustomerMetadataForMarket - Mini Mac Farm (60) - No Stripe Customer linked to Caren Laboy (3495).
[2015-06-02 11:11:24 -0400] - UpdateStripeCustomerMetadataForMarket - Mini Mac Farm (60) - No Stripe Customer linked to Kozelnik Family (3455).
[2015-06-02 11:11:24 -0400] - UpdateStripeCustomerMetadataForMarket - Mini Mac Farm (60) - No Stripe Customer linked to Jennifer Vande Weghe (3452).
[2015-06-02 11:11:24 -0400] - UpdateStripeCustomerMetadataForMarket - Mini Mac Farm (60) - No Stripe Customer linked to Tracy Schauer (3447).
[2015-06-02 11:11:24 -0400] - UpdateStripeCustomerMetadataForMarket - Mini Mac Farm (60) - No Stripe Customer linked to Debbie Helder (3446).
[2015-06-02 11:11:24 -0400] - UpdateStripeCustomerMetadataForMarket - Mini Mac Farm (60) - No Stripe Customer linked to Carla Morello Schmidt (3445).
[2015-06-02 11:11:25 -0400] - UpdateStripeCustomerMetadataForMarket - Mini Mac Farm (60) - Updating Organization Kristen Davis (3444)'s Stripe Customer cus_62KlpZYdBXrJlk with {:description=>"Kristen Davis", :metadata=>{"lo.entity_id"=>3444, "lo.entity_type"=>"organization"}}
[2015-06-02 11:11:25 -0400] - UpdateStripeCustomerMetadataForMarket - Mini Mac Farm (60) - No Stripe Customer linked to Gill st Bernard's  (3440).
[2015-06-02 11:11:25 -0400] - UpdateStripeCustomerMetadataForMarket - Mini Mac Farm (60) - No Stripe Customer linked to Lourdes Inoa (3439).
[2015-06-02 11:11:25 -0400] - UpdateStripeCustomerMetadataForMarket - Mini Mac Farm (60) - No Stripe Customer linked to Beth Manning  (3422).
[2015-06-02 11:11:25 -0400] - UpdateStripeCustomerMetadataForMarket - Mini Mac Farm (60) - No Stripe Customer linked to Amy Moorby (3399).
[2015-06-02 11:11:26 -0400] - UpdateStripeCustomerMetadataForMarket - Mini Mac Farm (60) - Updating Organization Grateful Harvest Organic (3375)'s Stripe Customer cus_5zFw6A6nKzXj79 with {:description=>"Grateful Harvest Organic", :metadata=>{"lo.entity_id"=>3375, "lo.entity_type"=>"organization"}}
[2015-06-02 11:11:26 -0400] - UpdateStripeCustomerMetadataForMarket - Mini Mac Farm (60) - No Stripe Customer linked to Georgia Bulko (3350).
[2015-06-02 11:11:27 -0400] - UpdateStripeCustomerMetadataForMarket - Mini Mac Farm (60) - Updating Organization Nancy Lioudis GSB (3349)'s Stripe Customer cus_5yMWBojnFr3EPH with {:description=>"Nancy Lioudis GSB", :metadata=>{"lo.entity_id"=>3349, "lo.entity_type"=>"organization"}}
[2015-06-02 11:11:28 -0400] - UpdateStripeCustomerMetadataForMarket - Mini Mac Farm (60) - Updating Organization gill st. bernards (3316)'s Stripe Customer cus_5y1xblOIvyLk9Q with {:description=>"gill st. bernards", :metadata=>{"lo.entity_id"=>3316, "lo.entity_type"=>"organization"}}
[2015-06-02 11:11:29 -0400] - UpdateStripeCustomerMetadataForMarket - Mini Mac Farm (60) - Updating Organization Frances Howard (3314)'s Stripe Customer cus_5y07FTYqaAHUUL with {:description=>"Frances Howard", :metadata=>{"lo.entity_id"=>3314, "lo.entity_type"=>"organization"}}
[2015-06-02 11:11:29 -0400] - UpdateStripeCustomerMetadataForMarket - Mini Mac Farm (60) - No Stripe Customer linked to Heidi Wohlleb (3308).
[2015-06-02 11:11:29 -0400] - UpdateStripeCustomerMetadataForMarket - Mini Mac Farm (60) - No Stripe Customer linked to Mel (3289).
[2015-06-02 11:11:29 -0400] - UpdateStripeCustomerMetadataForMarket - Mini Mac Farm (60) - No Stripe Customer linked to Candy Repsher (3239).
[2015-06-02 11:11:30 -0400] - UpdateStripeCustomerMetadataForMarket - Mini Mac Farm (60) - Updating Organization The D'Angelo Family (Home Delivery or GSB pick up) (3237)'s Stripe Customer cus_5w6OJEdG6kMAZP with {:description=>"The D'Angelo Family (Home Delivery or GSB pick up)", :metadata=>{"lo.entity_id"=>3237, "lo.entity_type"=>"organization"}}
[2015-06-02 11:11:31 -0400] - UpdateStripeCustomerMetadataForMarket - Mini Mac Farm (60) - Updating Organization helen clear (3235)'s Stripe Customer cus_5xF4Di082622yJ with {:description=>"helen clear", :metadata=>{"lo.entity_id"=>3235, "lo.entity_type"=>"organization"}}
[2015-06-02 11:11:32 -0400] - UpdateStripeCustomerMetadataForMarket - Mini Mac Farm (60) - Updating Organization Rose  Basile (3234)'s Stripe Customer cus_5wbE6EllLnc4y3 with {:description=>"Rose  Basile", :metadata=>{"lo.entity_id"=>3234, "lo.entity_type"=>"organization"}}
[2015-06-02 11:11:33 -0400] - UpdateStripeCustomerMetadataForMarket - Mini Mac Farm (60) - Updating Organization Pamela Spencer (3230)'s Stripe Customer cus_6ALHrxz6RbW8BR with {:description=>"Pamela Spencer", :metadata=>{"lo.entity_id"=>3230, "lo.entity_type"=>"organization"}}
[2015-06-02 11:11:33 -0400] - UpdateStripeCustomerMetadataForMarket - Mini Mac Farm (60) - No Stripe Customer linked to Shana Kisatsky (3229).
[2015-06-02 11:11:33 -0400] - UpdateStripeCustomerMetadataForMarket - Mini Mac Farm (60) - No Stripe Customer linked to Ivette Gonzalez (3227).
[2015-06-02 11:11:33 -0400] - UpdateStripeCustomerMetadataForMarket - Mini Mac Farm (60) - No Stripe Customer linked to Andrea Rosolie (3225).
[2015-06-02 11:11:34 -0400] - UpdateStripeCustomerMetadataForMarket - Mini Mac Farm (60) - Updating Organization Mo Green Juice (3218)'s Stripe Customer cus_5uQ4tNdPCh8E44 with {:description=>"Mo Green Juice", :metadata=>{"lo.entity_id"=>3218, "lo.entity_type"=>"organization"}}
[2015-06-02 11:11:35 -0400] - UpdateStripeCustomerMetadataForMarket - Mini Mac Farm (60) - Updating Organization Rachel Rich (3212)'s Stripe Customer cus_5uQ4FLYnZpm5yX with {:description=>"Rachel Rich", :metadata=>{"lo.entity_id"=>3212, "lo.entity_type"=>"organization"}}
[2015-06-02 11:11:35 -0400] - UpdateStripeCustomerMetadataForMarket - Mini Mac Farm (60) - No Stripe Customer linked to Brooke Kelman (3195).
[2015-06-02 11:11:35 -0400] - UpdateStripeCustomerMetadataForMarket - Mini Mac Farm (60) - No Stripe Customer linked to Suzann Balian (3178).
[2015-06-02 11:11:36 -0400] - UpdateStripeCustomerMetadataForMarket - Mini Mac Farm (60) - Updating Organization Matthew Robson (3176)'s Stripe Customer cus_5uQ5MwW7mltFrv with {:description=>"Matthew Robson", :metadata=>{"lo.entity_id"=>3176, "lo.entity_type"=>"organization"}}
[2015-06-02 11:11:36 -0400] - UpdateStripeCustomerMetadataForMarket - Mini Mac Farm (60) - No Stripe Customer linked to Timothy Lise (3169).
[2015-06-02 11:11:36 -0400] - UpdateStripeCustomerMetadataForMarket - Mini Mac Farm (60) - No Stripe Customer linked to Ireland-Grantham Household (3167).
[2015-06-02 11:11:37 -0400] - UpdateStripeCustomerMetadataForMarket - Mini Mac Farm (60) - Updating Organization Stephanie (3158)'s Stripe Customer cus_5uQ5wzsUbIFsT4 with {:description=>"Stephanie", :metadata=>{"lo.entity_id"=>3158, "lo.entity_type"=>"organization"}}
[2015-06-02 11:11:37 -0400] - UpdateStripeCustomerMetadataForMarket - Mini Mac Farm (60) - No Stripe Customer linked to Michele Renna (3154).
[2015-06-02 11:11:37 -0400] - UpdateStripeCustomerMetadataForMarket - Mini Mac Farm (60) - No Stripe Customer linked to Anna Rouvillois (3152).
[2015-06-02 11:11:38 -0400] - UpdateStripeCustomerMetadataForMarket - Mini Mac Farm (60) - Updating Organization Carol Higgins (3142)'s Stripe Customer cus_5uQ55ITBk8tXx8 with {:description=>"Carol Higgins", :metadata=>{"lo.entity_id"=>3142, "lo.entity_type"=>"organization"}}
[2015-06-02 11:11:39 -0400] - UpdateStripeCustomerMetadataForMarket - Mini Mac Farm (60) - Updating Organization Christine Warren (3128)'s Stripe Customer cus_6Fah6fEoq7CdVk with {:description=>"Christine Warren", :metadata=>{"lo.entity_id"=>3128, "lo.entity_type"=>"organization"}}
[2015-06-02 11:11:39 -0400] - UpdateStripeCustomerMetadataForMarket - Mini Mac Farm (60) - No Stripe Customer linked to Mary Jo Reid (3126).
[2015-06-02 11:11:39 -0400] - UpdateStripeCustomerMetadataForMarket - Mini Mac Farm (60) - No Stripe Customer linked to Cassandra Faraci (3125).
[2015-06-02 11:11:39 -0400] - UpdateStripeCustomerMetadataForMarket - Mini Mac Farm (60) - No Stripe Customer linked to Tiffany Reidinger (3119).
[2015-06-02 11:11:39 -0400] - UpdateStripeCustomerMetadataForMarket - Mini Mac Farm (60) - No Stripe Customer linked to Andrea Mayer (3118).
[2015-06-02 11:11:39 -0400] - UpdateStripeCustomerMetadataForMarket - Mini Mac Farm (60) - No Stripe Customer linked to Val & Sue (3072).
[2015-06-02 11:11:40 -0400] - UpdateStripeCustomerMetadataForMarket - Mini Mac Farm (60) - Updating Organization Kathy K. Aprile (3068)'s Stripe Customer cus_5uQ576FyxJYwd3 with {:description=>"Kathy K. Aprile", :metadata=>{"lo.entity_id"=>3068, "lo.entity_type"=>"organization"}}
[2015-06-02 11:11:41 -0400] - UpdateStripeCustomerMetadataForMarket - Mini Mac Farm (60) - Updating Organization Virginia Posluszny  (3056)'s Stripe Customer cus_5uQ5tgTpjjZp2f with {:description=>"Virginia Posluszny ", :metadata=>{"lo.entity_id"=>3056, "lo.entity_type"=>"organization"}}
[2015-06-02 11:11:41 -0400] - UpdateStripeCustomerMetadataForMarket - Mini Mac Farm (60) - No Stripe Customer linked to Kim Byrne (3043).
[2015-06-02 11:11:42 -0400] - UpdateStripeCustomerMetadataForMarket - Mini Mac Farm (60) - Updating Organization Patti Douglass (3021)'s Stripe Customer cus_5uQ53Yar7lZ4dZ with {:description=>"Patti Douglass", :metadata=>{"lo.entity_id"=>3021, "lo.entity_type"=>"organization"}}
[2015-06-02 11:11:43 -0400] - UpdateStripeCustomerMetadataForMarket - Mini Mac Farm (60) - Updating Organization Carolyn Layden GSB (2963)'s Stripe Customer cus_5yVxSRhLrve4BF with {:description=>"Carolyn Layden GSB", :metadata=>{"lo.entity_id"=>2963, "lo.entity_type"=>"organization"}}
[2015-06-02 11:11:43 -0400] - UpdateStripeCustomerMetadataForMarket - Mini Mac Farm (60) - No Stripe Customer linked to Cynthia Espinosa (2961).
[2015-06-02 11:11:43 -0400] - UpdateStripeCustomerMetadataForMarket - Mini Mac Farm (60) - No Stripe Customer linked to Ferrara Family (2959).
[2015-06-02 11:11:44 -0400] - UpdateStripeCustomerMetadataForMarket - Mini Mac Farm (60) - Updating Organization Michele Parkins (2936)'s Stripe Customer cus_5uQ5udh1mWvUla with {:description=>"Michele Parkins", :metadata=>{"lo.entity_id"=>2936, "lo.entity_type"=>"organization"}}
[2015-06-02 11:11:45 -0400] - UpdateStripeCustomerMetadataForMarket - Mini Mac Farm (60) - Updating Organization Jacqui and Scott Polakoff (2935)'s Stripe Customer cus_5uQ5NmqXKOPAto with {:description=>"Jacqui and Scott Polakoff", :metadata=>{"lo.entity_id"=>2935, "lo.entity_type"=>"organization"}}
[2015-06-02 11:11:45 -0400] - UpdateStripeCustomerMetadataForMarket - Mini Mac Farm (60) - No Stripe Customer linked to Flocktown Farm (2934).
[2015-06-02 11:11:45 -0400] - UpdateStripeCustomerMetadataForMarket - Mini Mac Farm (60) - No Stripe Customer linked to Gill St Bernards (2932).
[2015-06-02 11:11:46 -0400] - UpdateStripeCustomerMetadataForMarket - Mini Mac Farm (60) - Updating Organization Taryn Peck (2931)'s Stripe Customer cus_5uQ5UfD0nENOz9 with {:description=>"Taryn Peck", :metadata=>{"lo.entity_id"=>2931, "lo.entity_type"=>"organization"}}
[2015-06-02 11:11:47 -0400] - UpdateStripeCustomerMetadataForMarket - Mini Mac Farm (60) - Updating Organization Denise Dahl (2930)'s Stripe Customer cus_5uQ5PZmcUB8hLK with {:description=>"Denise Dahl", :metadata=>{"lo.entity_id"=>2930, "lo.entity_type"=>"organization"}}
[2015-06-02 11:11:47 -0400] - UpdateStripeCustomerMetadataForMarket - Mini Mac Farm (60) - No Stripe Customer linked to Tim & Sylvia (2929).
[2015-06-02 11:11:48 -0400] - UpdateStripeCustomerMetadataForMarket - Mini Mac Farm (60) - Updating Organization The Escobars (2926)'s Stripe Customer cus_5uQ5eZtiLPu4nk with {:description=>"The Escobars", :metadata=>{"lo.entity_id"=>2926, "lo.entity_type"=>"organization"}}
[2015-06-02 11:11:48 -0400] - UpdateStripeCustomerMetadataForMarket - Mini Mac Farm (60) - No Stripe Customer linked to Emilie Giordano (2925).
[2015-06-02 11:11:49 -0400] - UpdateStripeCustomerMetadataForMarket - Mini Mac Farm (60) - Updating Organization Pam Mondelli (2916)'s Stripe Customer cus_5uQ42fgSnmddYC with {:description=>"Pam Mondelli", :metadata=>{"lo.entity_id"=>2916, "lo.entity_type"=>"organization"}}
[2015-06-02 11:11:50 -0400] - UpdateStripeCustomerMetadataForMarket - Mini Mac Farm (60) - Updating Organization Dori Fitzsimmons (2909)'s Stripe Customer cus_5uQ4iwKcndykn6 with {:description=>"Dori Fitzsimmons", :metadata=>{"lo.entity_id"=>2909, "lo.entity_type"=>"organization"}}
[2015-06-02 11:11:51 -0400] - UpdateStripeCustomerMetadataForMarket - Mini Mac Farm (60) - Updating Organization Melissa Altieri (2894)'s Stripe Customer cus_5uQ5sWWw7jzWMe with {:description=>"Melissa Altieri", :metadata=>{"lo.entity_id"=>2894, "lo.entity_type"=>"organization"}}
[2015-06-02 11:11:52 -0400] - UpdateStripeCustomerMetadataForMarket - Mini Mac Farm (60) - Updating Organization Youngman Family (2890)'s Stripe Customer cus_5uQ5EDAdsGhErW with {:description=>"Youngman Family", :metadata=>{"lo.entity_id"=>2890, "lo.entity_type"=>"organization"}}
[2015-06-02 11:11:52 -0400] - UpdateStripeCustomerMetadataForMarket - Mini Mac Farm (60) - No Stripe Customer linked to Jamie Kinsel (2868).
[2015-06-02 11:11:52 -0400] - UpdateStripeCustomerMetadataForMarket - Mini Mac Farm (60) - No Stripe Customer linked to Kate Ball (2867).
[2015-06-02 11:11:53 -0400] - UpdateStripeCustomerMetadataForMarket - Mini Mac Farm (60) - Updating Organization The Lavell Family (2866)'s Stripe Customer cus_5uQ5PSILGphYHP with {:description=>"The Lavell Family", :metadata=>{"lo.entity_id"=>2866, "lo.entity_type"=>"organization"}}
[2015-06-02 11:11:53 -0400] - UpdateStripeCustomerMetadataForMarket - Mini Mac Farm (60) - No Stripe Customer linked to Toni Bowman (2863).
[2015-06-02 11:11:54 -0400] - UpdateStripeCustomerMetadataForMarket - Mini Mac Farm (60) - Updating Organization Susan Hagen (2862)'s Stripe Customer cus_5uQ4h14MPZ6Cvq with {:description=>"Susan Hagen", :metadata=>{"lo.entity_id"=>2862, "lo.entity_type"=>"organization"}}
[2015-06-02 11:11:54 -0400] - UpdateStripeCustomerMetadataForMarket - Mini Mac Farm (60) - No Stripe Customer linked to Eileen Papson (2861).
[2015-06-02 11:11:54 -0400] - UpdateStripeCustomerMetadataForMarket - Mini Mac Farm (60) - No Stripe Customer linked to Ray Bendas (2860).
[2015-06-02 11:11:55 -0400] - UpdateStripeCustomerMetadataForMarket - Mini Mac Farm (60) - Updating Organization Karyn & Greg (2859)'s Stripe Customer cus_5uQ4q9m8zTa0WU with {:description=>"Karyn & Greg", :metadata=>{"lo.entity_id"=>2859, "lo.entity_type"=>"organization"}}
[2015-06-02 11:11:55 -0400] - UpdateStripeCustomerMetadataForMarket - Mini Mac Farm (60) - No Stripe Customer linked to Kaitlin Papson  (2858).
[2015-06-02 11:11:55 -0400] - UpdateStripeCustomerMetadataForMarket - Mini Mac Farm (60) - No Stripe Customer linked to Jess Geanoules  (2857).
[2015-06-02 11:11:55 -0400] - UpdateStripeCustomerMetadataForMarket - Mini Mac Farm (60) - No Stripe Customer linked to Anna Egorova (2856).
[2015-06-02 11:11:57 -0400] - UpdateStripeCustomerMetadataForMarket - Mini Mac Farm (60) - Updating Organization Kathleen McGoldrick (2855)'s Stripe Customer cus_5uQ4btQo6zVukc with {:description=>"Kathleen McGoldrick", :metadata=>{"lo.entity_id"=>2855, "lo.entity_type"=>"organization"}}
[2015-06-02 11:11:58 -0400] - UpdateStripeCustomerMetadataForMarket - Mini Mac Farm (60) - Updating Organization Jerelyn Hurley (2854)'s Stripe Customer cus_5uQ5aiL08oE4i8 with {:description=>"Jerelyn Hurley", :metadata=>{"lo.entity_id"=>2854, "lo.entity_type"=>"organization"}}
[2015-06-02 11:11:58 -0400] - UpdateStripeCustomerMetadataForMarket - Mini Mac Farm (60) - No Stripe Customer linked to Priya Chandnani (2853).
[2015-06-02 11:11:59 -0400] - UpdateStripeCustomerMetadataForMarket - Mini Mac Farm (60) - Updating Organization Judy Johnson (2852)'s Stripe Customer cus_5uQ6HDKZH1566t with {:description=>"Judy Johnson", :metadata=>{"lo.entity_id"=>2852, "lo.entity_type"=>"organization"}}
[2015-06-02 11:12:00 -0400] - UpdateStripeCustomerMetadataForMarket - Mini Mac Farm (60) - Updating Organization Alisa Laudicina (2851)'s Stripe Customer cus_5uQ421OTGULgNs with {:description=>"Alisa Laudicina", :metadata=>{"lo.entity_id"=>2851, "lo.entity_type"=>"organization"}}
[2015-06-02 11:12:01 -0400] - UpdateStripeCustomerMetadataForMarket - Mini Mac Farm (60) - Updating Organization Trish (2849)'s Stripe Customer cus_5uQ4ZjM7QJ3Ca6 with {:description=>"Trish", :metadata=>{"lo.entity_id"=>2849, "lo.entity_type"=>"organization"}}
[2015-06-02 11:12:02 -0400] - UpdateStripeCustomerMetadataForMarket - Mini Mac Farm (60) - Updating Organization Flocktown Farm (2839)'s Stripe Customer cus_5uQ4FIetpSQgyE with {:description=>"Flocktown Farm", :metadata=>{"lo.entity_id"=>2839, "lo.entity_type"=>"organization"}}
[2015-06-02 11:12:03 -0400] - UpdateStripeCustomerMetadataForMarket - Mini Mac Farm (60) - Updating Organization Mt. Lebanon Soap Company (2828)'s Stripe Customer cus_5uQ4z0qJhNwLmr with {:description=>"Mt. Lebanon Soap Company", :metadata=>{"lo.entity_id"=>2828, "lo.entity_type"=>"organization"}}
[2015-06-02 11:12:04 -0400] - UpdateStripeCustomerMetadataForMarket - Mini Mac Farm (60) - Updating Organization Lazy Susan Granola (2827)'s Stripe Customer cus_5uQ43BMCK5LxFx with {:description=>"Lazy Susan Granola", :metadata=>{"lo.entity_id"=>2827, "lo.entity_type"=>"organization"}}
[2015-06-02 11:12:05 -0400] - UpdateStripeCustomerMetadataForMarket - Mini Mac Farm (60) - Updating Organization Starseed Bakery (2826)'s Stripe Customer cus_5uQ4yUlfjfbNaA with {:description=>"Starseed Bakery", :metadata=>{"lo.entity_id"=>2826, "lo.entity_type"=>"organization"}}
[2015-06-02 11:12:06 -0400] - UpdateStripeCustomerMetadataForMarket - Mini Mac Farm (60) - Updating Organization Rubia Imports (2808)'s Stripe Customer cus_5uQ4CvoPZusH7b with {:description=>"Rubia Imports", :metadata=>{"lo.entity_id"=>2808, "lo.entity_type"=>"organization"}}
[2015-06-02 11:12:07 -0400] - UpdateStripeCustomerMetadataForMarket - Mini Mac Farm (60) - Updating Organization The Old Schoolhouse (2807)'s Stripe Customer cus_5uQ4eIvlaSUbKt with {:description=>"The Old Schoolhouse", :metadata=>{"lo.entity_id"=>2807, "lo.entity_type"=>"organization"}}
[2015-06-02 11:12:08 -0400] - UpdateStripeCustomerMetadataForMarket - Mini Mac Farm (60) - Updating Organization Jersey Barnfire (2806)'s Stripe Customer cus_5uQ4wNvmoxH6Ei with {:description=>"Jersey Barnfire", :metadata=>{"lo.entity_id"=>2806, "lo.entity_type"=>"organization"}}
[2015-06-02 11:12:09 -0400] - UpdateStripeCustomerMetadataForMarket - Mini Mac Farm (60) - Updating Organization Mama Yolanda (2804)'s Stripe Customer cus_5uQ44EsPUlmdxL with {:description=>"Mama Yolanda", :metadata=>{"lo.entity_id"=>2804, "lo.entity_type"=>"organization"}}
[2015-06-02 11:12:10 -0400] - UpdateStripeCustomerMetadataForMarket - Mini Mac Farm (60) - Updating Organization Tassot Apiaries (2803)'s Stripe Customer cus_5uQ4tRaupwXHcW with {:description=>"Tassot Apiaries", :metadata=>{"lo.entity_id"=>2803, "lo.entity_type"=>"organization"}}
[2015-06-02 11:12:11 -0400] - UpdateStripeCustomerMetadataForMarket - Mini Mac Farm (60) - Updating Organization Black RIver Roasters (2800)'s Stripe Customer cus_5uQ4gIkwoRZenb with {:description=>"Black RIver Roasters", :metadata=>{"lo.entity_id"=>2800, "lo.entity_type"=>"organization"}}
[2015-06-02 11:12:12 -0400] - UpdateStripeCustomerMetadataForMarket - Mini Mac Farm (60) - Updating Organization Silver Birch Kitchens (2798)'s Stripe Customer cus_5uQ44Pqc3j2mUC with {:description=>"Silver Birch Kitchens", :metadata=>{"lo.entity_id"=>2798, "lo.entity_type"=>"organization"}}
[2015-06-02 11:12:13 -0400] - UpdateStripeCustomerMetadataForMarket - Mini Mac Farm (60) - Updating Organization Treeline Cheese (2797)'s Stripe Customer cus_5uQ4tofhNRV3DD with {:description=>"Treeline Cheese", :metadata=>{"lo.entity_id"=>2797, "lo.entity_type"=>"organization"}}
[2015-06-02 11:12:14 -0400] - UpdateStripeCustomerMetadataForMarket - Mini Mac Farm (60) - Updating Organization Natural by Nature (2796)'s Stripe Customer cus_5uQ4k7MDBMKwQJ with {:description=>"Natural by Nature", :metadata=>{"lo.entity_id"=>2796, "lo.entity_type"=>"organization"}}
[2015-06-02 11:12:15 -0400] - UpdateStripeCustomerMetadataForMarket - Mini Mac Farm (60) - Updating Organization Andrew & Everett  (2795)'s Stripe Customer cus_5uQ4gf2u9MnTSa with {:description=>"Andrew & Everett ", :metadata=>{"lo.entity_id"=>2795, "lo.entity_type"=>"organization"}}
[2015-06-02 11:12:16 -0400] - UpdateStripeCustomerMetadataForMarket - Mini Mac Farm (60) - Updating Organization Mini Mac Farm (2537)'s Stripe Customer cus_5uQ59e6y7WFYiU with {:description=>"Mini Mac Farm", :metadata=>{"lo.entity_id"=>2537, "lo.entity_type"=>"organization"}}
