[2015-06-02 10:58:20 -0400] - UpdateStripeCustomerMetadataForMarket - Tahoe Food Hub (13) - ====================================================================================================
[2015-06-02 10:58:20 -0400] - UpdateStripeCustomerMetadataForMarket - Tahoe Food Hub (13) -  Tahoe Food Hub (13)
[2015-06-02 10:58:20 -0400] - UpdateStripeCustomerMetadataForMarket - Tahoe Food Hub (13) -  Updating stripe customer metadata for Market and all Organizations.
[2015-06-02 10:58:20 -0400] - UpdateStripeCustomerMetadataForMarket - Tahoe Food Hub (13) - 
[2015-06-02 10:58:20 -0400] - UpdateStripeCustomerMetadataForMarket - Tahoe Food Hub (13) -  Rails.env: production
[2015-06-02 10:58:20 -0400] - UpdateStripeCustomerMetadataForMarket - Tahoe Food Hub (13) -  Stripe key: pk_live_j85VTsrz51POrss3ni460qaf
[2015-06-02 10:58:20 -0400] - UpdateStripeCustomerMetadataForMarket - Tahoe Food Hub (13) - ====================================================================================================
[2015-06-02 10:58:21 -0400] - UpdateStripeCustomerMetadataForMarket - Tahoe Food Hub (13) - Updating Market's Stripe Customer with {:description=>"Tahoe Food Hub", :metadata=>{"lo.entity_id"=>13, "lo.entity_type"=>"market"}}
[2015-06-02 10:58:22 -0400] - UpdateStripeCustomerMetadataForMarket - Tahoe Food Hub (13) - Updating Organization Maisie Jane's California Sunshine Products (2430)'s Stripe Customer cus_5uQ5ztKqMnDvfC with {:description=>"Maisie Jane's California Sunshine Products", :metadata=>{"lo.entity_id"=>2430, "lo.entity_type"=>"organization"}}
[2015-06-02 10:58:23 -0400] - UpdateStripeCustomerMetadataForMarket - Tahoe Food Hub (13) - Updating Organization Rue and Forsman Ranch  (2429)'s Stripe Customer cus_5uQ4vKnmPkbqvl with {:description=>"Rue and Forsman Ranch ", :metadata=>{"lo.entity_id"=>2429, "lo.entity_type"=>"organization"}}
[2015-06-02 10:58:24 -0400] - UpdateStripeCustomerMetadataForMarket - Tahoe Food Hub (13) - Updating Organization Fireside Pizza Company (1520)'s Stripe Customer cus_5uQ5TwMOzydwKS with {:description=>"Fireside Pizza Company", :metadata=>{"lo.entity_id"=>1520, "lo.entity_type"=>"organization"}}
[2015-06-02 10:58:25 -0400] - UpdateStripeCustomerMetadataForMarket - Tahoe Food Hub (13) - Updating Organization Sunset Ridge Mandarins (2428)'s Stripe Customer cus_5uQ4gJIIAupzOc with {:description=>"Sunset Ridge Mandarins", :metadata=>{"lo.entity_id"=>2428, "lo.entity_type"=>"organization"}}
[2015-06-02 10:58:25 -0400] - UpdateStripeCustomerMetadataForMarket - Tahoe Food Hub (13) - No Stripe Customer linked to M & A McEwen Ranch (253).
[2015-06-02 10:58:25 -0400] - UpdateStripeCustomerMetadataForMarket - Tahoe Food Hub (13) - No Stripe Customer linked to Starbright Acres Family Farm (254).
[2015-06-02 10:58:25 -0400] - UpdateStripeCustomerMetadataForMarket - Tahoe Food Hub (13) - No Stripe Customer linked to Wobbly Wagon Farms (255).
[2015-06-02 10:58:25 -0400] - UpdateStripeCustomerMetadataForMarket - Tahoe Food Hub (13) - No Stripe Customer linked to Laughing Duck Farm (269).
[2015-06-02 10:58:26 -0400] - UpdateStripeCustomerMetadataForMarket - Tahoe Food Hub (13) - Updating Organization Lahontan Golf Club (1601)'s Stripe Customer cus_5uQ4oNfXVKO3dR with {:description=>"Lahontan Golf Club", :metadata=>{"lo.entity_id"=>1601, "lo.entity_type"=>"organization"}}
[2015-06-02 10:58:26 -0400] - UpdateStripeCustomerMetadataForMarket - Tahoe Food Hub (13) - No Stripe Customer linked to Local Yolk (272).
[2015-06-02 10:58:26 -0400] - UpdateStripeCustomerMetadataForMarket - Tahoe Food Hub (13) - No Stripe Customer linked to Sinclair Family Farm (232).
[2015-06-02 10:58:26 -0400] - UpdateStripeCustomerMetadataForMarket - Tahoe Food Hub (13) - No Stripe Customer linked to Twin Peaks Orchards (234).
[2015-06-02 10:58:26 -0400] - UpdateStripeCustomerMetadataForMarket - Tahoe Food Hub (13) - No Stripe Customer linked to Pilz Produce at Hillcrest (231).
[2015-06-02 10:58:26 -0400] - UpdateStripeCustomerMetadataForMarket - Tahoe Food Hub (13) - No Stripe Customer linked to Bakbraken Acres (237).
[2015-06-02 10:58:26 -0400] - UpdateStripeCustomerMetadataForMarket - Tahoe Food Hub (13) - No Stripe Customer linked to Foothill Roots Farm (241).
[2015-06-02 10:58:26 -0400] - UpdateStripeCustomerMetadataForMarket - Tahoe Food Hub (13) - No Stripe Customer linked to Greg's Organics - Certified Organic (240).
[2015-06-02 10:58:26 -0400] - UpdateStripeCustomerMetadataForMarket - Tahoe Food Hub (13) - No Stripe Customer linked to Dinner Bell Farm (239).
[2015-06-02 10:58:26 -0400] - UpdateStripeCustomerMetadataForMarket - Tahoe Food Hub (13) - No Stripe Customer linked to Soil Sisters (248).
[2015-06-02 10:58:26 -0400] - UpdateStripeCustomerMetadataForMarket - Tahoe Food Hub (13) - No Stripe Customer linked to Llano Seco Rancho (251).
[2015-06-02 10:58:26 -0400] - UpdateStripeCustomerMetadataForMarket - Tahoe Food Hub (13) - No Stripe Customer linked to Baker Ranch (252).
[2015-06-02 10:58:26 -0400] - UpdateStripeCustomerMetadataForMarket - Tahoe Food Hub (13) - No Stripe Customer linked to Indian Springs Organic Farm - Certified Organic (245).
[2015-06-02 10:58:26 -0400] - UpdateStripeCustomerMetadataForMarket - Tahoe Food Hub (13) - No Stripe Customer linked to Sweet Roots Farm, Certified Organic (244).
[2015-06-02 10:58:26 -0400] - UpdateStripeCustomerMetadataForMarket - Tahoe Food Hub (13) - No Stripe Customer linked to Towani Organic Farm, Certified Organic (249).
[2015-06-02 10:58:26 -0400] - UpdateStripeCustomerMetadataForMarket - Tahoe Food Hub (13) - No Stripe Customer linked to Sierra Harvest  (247).
[2015-06-02 10:58:26 -0400] - UpdateStripeCustomerMetadataForMarket - Tahoe Food Hub (13) - No Stripe Customer linked to Mountain Bounty Farm (279).
[2015-06-02 10:58:26 -0400] - UpdateStripeCustomerMetadataForMarket - Tahoe Food Hub (13) - No Stripe Customer linked to Grass Valley Grains (282).
[2015-06-02 10:58:26 -0400] - UpdateStripeCustomerMetadataForMarket - Tahoe Food Hub (13) - No Stripe Customer linked to Mandarin Hill Orchards (283).
[2015-06-02 10:58:26 -0400] - UpdateStripeCustomerMetadataForMarket - Tahoe Food Hub (13) - No Stripe Customer linked to Willow Creek Ranch (287).
[2015-06-02 10:58:26 -0400] - UpdateStripeCustomerMetadataForMarket - Tahoe Food Hub (13) - No Stripe Customer linked to Side Hill Citrus (290).
[2015-06-02 10:58:26 -0400] - UpdateStripeCustomerMetadataForMarket - Tahoe Food Hub (13) - No Stripe Customer linked to Simply Manna Gourmet Mushroom Farm (301).
[2015-06-02 10:58:26 -0400] - UpdateStripeCustomerMetadataForMarket - Tahoe Food Hub (13) - No Stripe Customer linked to Pasta Queen (305).
[2015-06-02 10:58:27 -0400] - UpdateStripeCustomerMetadataForMarket - Tahoe Food Hub (13) - Updating Organization Calolea Olive Oil (2427)'s Stripe Customer cus_5uQ4bsVWFTzXYd with {:description=>"Calolea Olive Oil", :metadata=>{"lo.entity_id"=>2427, "lo.entity_type"=>"organization"}}
[2015-06-02 10:58:28 -0400] - UpdateStripeCustomerMetadataForMarket - Tahoe Food Hub (13) - Updating Organization Blue Oaks Mandarin (2237)'s Stripe Customer cus_5uQ4W5WLaRPqDO with {:description=>"Blue Oaks Mandarin", :metadata=>{"lo.entity_id"=>2237, "lo.entity_type"=>"organization"}}
[2015-06-02 10:58:29 -0400] - UpdateStripeCustomerMetadataForMarket - Tahoe Food Hub (13) - Updating Organization Boorinakis Harper Ranch (2128)'s Stripe Customer cus_5uQ44VwijRBIDO with {:description=>"Boorinakis Harper Ranch", :metadata=>{"lo.entity_id"=>2128, "lo.entity_type"=>"organization"}}
[2015-06-02 10:58:30 -0400] - UpdateStripeCustomerMetadataForMarket - Tahoe Food Hub (13) - Updating Organization Van Dyke Ranch - Certified Organic (1618)'s Stripe Customer cus_5uQ5nVBQa9pYhm with {:description=>"Van Dyke Ranch - Certified Organic", :metadata=>{"lo.entity_id"=>1618, "lo.entity_type"=>"organization"}}
[2015-06-02 10:58:31 -0400] - UpdateStripeCustomerMetadataForMarket - Tahoe Food Hub (13) - Updating Organization JTF Organics (3861)'s Stripe Customer cus_6Gq1Rp0ONdck6Z with {:description=>"JTF Organics", :metadata=>{"lo.entity_id"=>3861, "lo.entity_type"=>"organization"}}
[2015-06-02 10:58:32 -0400] - UpdateStripeCustomerMetadataForMarket - Tahoe Food Hub (13) - Updating Organization Squaw Valley Resort (1609)'s Stripe Customer cus_5uQ5iegI9PHTFT with {:description=>"Squaw Valley Resort", :metadata=>{"lo.entity_id"=>1609, "lo.entity_type"=>"organization"}}
[2015-06-02 10:58:33 -0400] - UpdateStripeCustomerMetadataForMarket - Tahoe Food Hub (13) - Updating Organization Abbot Organics (1720)'s Stripe Customer cus_5uQ4V4HFLFUfux with {:description=>"Abbot Organics", :metadata=>{"lo.entity_id"=>1720, "lo.entity_type"=>"organization"}}
[2015-06-02 10:58:33 -0400] - UpdateStripeCustomerMetadataForMarket - Tahoe Food Hub (13) - No Stripe Customer linked to First Rain Farm, Certified Organic (236).
[2015-06-02 10:58:34 -0400] - UpdateStripeCustomerMetadataForMarket - Tahoe Food Hub (13) - Updating Organization Spice (1473)'s Stripe Customer cus_5uQ5pjNMljeRum with {:description=>"Spice", :metadata=>{"lo.entity_id"=>1473, "lo.entity_type"=>"organization"}}
[2015-06-02 10:58:34 -0400] - UpdateStripeCustomerMetadataForMarket - Tahoe Food Hub (13) - No Stripe Customer linked to Natural Trading Company, Certified Organic (230).
[2015-06-02 10:58:35 -0400] - UpdateStripeCustomerMetadataForMarket - Tahoe Food Hub (13) - Updating Organization Riverdog Farm - Certified Organic (3862)'s Stripe Customer cus_6GqBYjNlULPl4H with {:description=>"Riverdog Farm - Certified Organic", :metadata=>{"lo.entity_id"=>3862, "lo.entity_type"=>"organization"}}
[2015-06-02 10:58:36 -0400] - UpdateStripeCustomerMetadataForMarket - Tahoe Food Hub (13) - Updating Organization Rainbow Orchards (1677)'s Stripe Customer cus_5uQ4ks4hsTkK30 with {:description=>"Rainbow Orchards", :metadata=>{"lo.entity_id"=>1677, "lo.entity_type"=>"organization"}}
[2015-06-02 10:58:37 -0400] - UpdateStripeCustomerMetadataForMarket - Tahoe Food Hub (13) - Updating Organization Wolfdale's  (1589)'s Stripe Customer cus_5uQ5NrykVYnJns with {:description=>"Wolfdale's ", :metadata=>{"lo.entity_id"=>1589, "lo.entity_type"=>"organization"}}
[2015-06-02 10:58:37 -0400] - UpdateStripeCustomerMetadataForMarket - Tahoe Food Hub (13) - No Stripe Customer linked to Sugar Pine Cakery (1678).
[2015-06-02 10:58:38 -0400] - UpdateStripeCustomerMetadataForMarket - Tahoe Food Hub (13) - Updating Organization Humble Bee Hill Farms (1973)'s Stripe Customer cus_5uQ50DF8aR31OM with {:description=>"Humble Bee Hill Farms", :metadata=>{"lo.entity_id"=>1973, "lo.entity_type"=>"organization"}}
[2015-06-02 10:58:38 -0400] - UpdateStripeCustomerMetadataForMarket - Tahoe Food Hub (13) - No Stripe Customer linked to Shared Abundance Organic Farm, Certified Organic (281).
[2015-06-02 10:58:39 -0400] - UpdateStripeCustomerMetadataForMarket - Tahoe Food Hub (13) - Updating Organization Brenner Ranch (1507)'s Stripe Customer cus_5uQ5GoI9PzeJfI with {:description=>"Brenner Ranch", :metadata=>{"lo.entity_id"=>1507, "lo.entity_type"=>"organization"}}
[2015-06-02 10:58:40 -0400] - UpdateStripeCustomerMetadataForMarket - Tahoe Food Hub (13) - Updating Organization Jollity Farm (1899)'s Stripe Customer cus_5uQ4X01iFvY5MH with {:description=>"Jollity Farm", :metadata=>{"lo.entity_id"=>1899, "lo.entity_type"=>"organization"}}
[2015-06-02 10:58:41 -0400] - UpdateStripeCustomerMetadataForMarket - Tahoe Food Hub (13) - Updating Organization Nourish (1810)'s Stripe Customer cus_5uQ4JmuXesWALq with {:description=>"Nourish", :metadata=>{"lo.entity_id"=>1810, "lo.entity_type"=>"organization"}}
[2015-06-02 10:58:42 -0400] - UpdateStripeCustomerMetadataForMarket - Tahoe Food Hub (13) - Updating Organization Sugar Bowl Resort (1762)'s Stripe Customer cus_5uQ4uh3btWy1Np with {:description=>"Sugar Bowl Resort", :metadata=>{"lo.entity_id"=>1762, "lo.entity_type"=>"organization"}}
[2015-06-02 10:58:43 -0400] - UpdateStripeCustomerMetadataForMarket - Tahoe Food Hub (13) - Updating Organization Back to Basics Farm (1692)'s Stripe Customer cus_5uQ45SsPVOLOQz with {:description=>"Back to Basics Farm", :metadata=>{"lo.entity_id"=>1692, "lo.entity_type"=>"organization"}}
[2015-06-02 10:58:44 -0400] - UpdateStripeCustomerMetadataForMarket - Tahoe Food Hub (13) - Updating Organization Red Truck (1600)'s Stripe Customer cus_5uQ47Kik8i8uva with {:description=>"Red Truck", :metadata=>{"lo.entity_id"=>1600, "lo.entity_type"=>"organization"}}
[2015-06-02 10:58:44 -0400] - UpdateStripeCustomerMetadataForMarket - Tahoe Food Hub (13) - No Stripe Customer linked to glenshire general store (1681).
[2015-06-02 10:58:45 -0400] - UpdateStripeCustomerMetadataForMarket - Tahoe Food Hub (13) - Updating Organization Earthly Delights (1511)'s Stripe Customer cus_5uQ59QJd2iHwGf with {:description=>"Earthly Delights", :metadata=>{"lo.entity_id"=>1511, "lo.entity_type"=>"organization"}}
[2015-06-02 10:58:46 -0400] - UpdateStripeCustomerMetadataForMarket - Tahoe Food Hub (13) - Updating Organization Salle Orchards (1155)'s Stripe Customer cus_5uQ5fLZcp2XkSN with {:description=>"Salle Orchards", :metadata=>{"lo.entity_id"=>1155, "lo.entity_type"=>"organization"}}
[2015-06-02 10:58:46 -0400] - UpdateStripeCustomerMetadataForMarket - Tahoe Food Hub (13) - No Stripe Customer linked to Wild Alaskan Seafood Restaurant (4069).
[2015-06-02 10:58:46 -0400] - UpdateStripeCustomerMetadataForMarket - Tahoe Food Hub (13) - No Stripe Customer linked to the Soule Domain (1687).
[2015-06-02 10:58:47 -0400] - UpdateStripeCustomerMetadataForMarket - Tahoe Food Hub (13) - Updating Organization Say Hay Farms - Certified Organic (3856)'s Stripe Customer cus_6GpdHCacPMRfQI with {:description=>"Say Hay Farms - Certified Organic", :metadata=>{"lo.entity_id"=>3856, "lo.entity_type"=>"organization"}}
[2015-06-02 10:58:49 -0400] - UpdateStripeCustomerMetadataForMarket - Tahoe Food Hub (13) - Updating Organization Mountain High Sandwich Co. (1620)'s Stripe Customer cus_5uQ5j3t9FCk9u3 with {:description=>"Mountain High Sandwich Co.", :metadata=>{"lo.entity_id"=>1620, "lo.entity_type"=>"organization"}}
[2015-06-02 10:58:50 -0400] - UpdateStripeCustomerMetadataForMarket - Tahoe Food Hub (13) - Updating Organization Meals by Michael (1487)'s Stripe Customer cus_5uQ5SOYlkJjMSy with {:description=>"Meals by Michael", :metadata=>{"lo.entity_id"=>1487, "lo.entity_type"=>"organization"}}
[2015-06-02 10:58:50 -0400] - UpdateStripeCustomerMetadataForMarket - Tahoe Food Hub (13) - Updating Organization Northstar (1541)'s Stripe Customer cus_5uQ5uqR2AvNaip with {:description=>"Northstar", :metadata=>{"lo.entity_id"=>1541, "lo.entity_type"=>"organization"}}
[2015-06-02 10:58:51 -0400] - UpdateStripeCustomerMetadataForMarket - Tahoe Food Hub (13) - Updating Organization Shingai Farms - Certified Organic (3854)'s Stripe Customer cus_6GpOZN9ZHiCLZ8 with {:description=>"Shingai Farms - Certified Organic", :metadata=>{"lo.entity_id"=>3854, "lo.entity_type"=>"organization"}}
[2015-06-02 10:58:52 -0400] - UpdateStripeCustomerMetadataForMarket - Tahoe Food Hub (13) - Updating Organization Pho Real  (1725)'s Stripe Customer cus_5uQ4z6iFCDLx04 with {:description=>"Pho Real ", :metadata=>{"lo.entity_id"=>1725, "lo.entity_type"=>"organization"}}
[2015-06-02 10:58:53 -0400] - UpdateStripeCustomerMetadataForMarket - Tahoe Food Hub (13) - Updating Organization Tahoe Forest Hospital (1922)'s Stripe Customer cus_5uQ4rTnKSWKMVg with {:description=>"Tahoe Forest Hospital", :metadata=>{"lo.entity_id"=>1922, "lo.entity_type"=>"organization"}}
[2015-06-02 10:58:54 -0400] - UpdateStripeCustomerMetadataForMarket - Tahoe Food Hub (13) - Updating Organization Hyatt Regency Lake Tahoe (1824)'s Stripe Customer cus_5uQ4ortsfhQgEl with {:description=>"Hyatt Regency Lake Tahoe", :metadata=>{"lo.entity_id"=>1824, "lo.entity_type"=>"organization"}}
[2015-06-02 10:58:54 -0400] - UpdateStripeCustomerMetadataForMarket - Tahoe Food Hub (13) - No Stripe Customer linked to Azolla Farm (299).
[2015-06-02 10:58:54 -0400] - UpdateStripeCustomerMetadataForMarket - Tahoe Food Hub (13) - No Stripe Customer linked to Super Tuber Farm, Certified Organic (235).
[2015-06-02 10:58:55 -0400] - UpdateStripeCustomerMetadataForMarket - Tahoe Food Hub (13) - Updating Organization One Horse Farm (1822)'s Stripe Customer cus_5uQ4ZZet9plEQW with {:description=>"One Horse Farm", :metadata=>{"lo.entity_id"=>1822, "lo.entity_type"=>"organization"}}
[2015-06-02 10:58:56 -0400] - UpdateStripeCustomerMetadataForMarket - Tahoe Food Hub (13) - Updating Organization Fowler Family Farm (1821)'s Stripe Customer cus_5uQ4USPqjnDy9h with {:description=>"Fowler Family Farm", :metadata=>{"lo.entity_id"=>1821, "lo.entity_type"=>"organization"}}
[2015-06-02 10:58:58 -0400] - UpdateStripeCustomerMetadataForMarket - Tahoe Food Hub (13) - Updating Organization Brewery Beef (1820)'s Stripe Customer cus_5uQ40z7E65S92m with {:description=>"Brewery Beef", :metadata=>{"lo.entity_id"=>1820, "lo.entity_type"=>"organization"}}
[2015-06-02 10:58:59 -0400] - UpdateStripeCustomerMetadataForMarket - Tahoe Food Hub (13) - Updating Organization Granlibaken Resort (1847)'s Stripe Customer cus_5uQ4WtkPRqabrD with {:description=>"Granlibaken Resort", :metadata=>{"lo.entity_id"=>1847, "lo.entity_type"=>"organization"}}
[2015-06-02 10:59:00 -0400] - UpdateStripeCustomerMetadataForMarket - Tahoe Food Hub (13) - Updating Organization Filaki Farm - Certified Organic (1676)'s Stripe Customer cus_5uQ5TvMO1vIOcP with {:description=>"Filaki Farm - Certified Organic", :metadata=>{"lo.entity_id"=>1676, "lo.entity_type"=>"organization"}}
[2015-06-02 10:59:00 -0400] - UpdateStripeCustomerMetadataForMarket - Tahoe Food Hub (13) - No Stripe Customer linked to Sagebrush Culinary (1842).
[2015-06-02 10:59:00 -0400] - UpdateStripeCustomerMetadataForMarket - Tahoe Food Hub (13) - Updating Organization Project Mana (1905)'s Stripe Customer cus_5uQ59mz1Fxd1cO with {:description=>"Project Mana", :metadata=>{"lo.entity_id"=>1905, "lo.entity_type"=>"organization"}}
[2015-06-02 10:59:00 -0400] - UpdateStripeCustomerMetadataForMarket - Tahoe Food Hub (13) - No Stripe Customer linked to Telos Partners aka Uncorked, soupa & Petra (1957).
[2015-06-02 10:59:00 -0400] - UpdateStripeCustomerMetadataForMarket - Tahoe Food Hub (13) - No Stripe Customer linked to Riverhill Farm - Certified Organic (243).
[2015-06-02 10:59:01 -0400] - UpdateStripeCustomerMetadataForMarket - Tahoe Food Hub (13) - Updating Organization Town of Truckee  (1960)'s Stripe Customer cus_5uQ5Gg6P1dOzdt with {:description=>"Town of Truckee ", :metadata=>{"lo.entity_id"=>1960, "lo.entity_type"=>"organization"}}
[2015-06-02 10:59:03 -0400] - UpdateStripeCustomerMetadataForMarket - Tahoe Food Hub (13) - Updating Organization Wade Eybel (2044)'s Stripe Customer cus_5uQ4qKqzinGswz with {:description=>"Wade Eybel", :metadata=>{"lo.entity_id"=>2044, "lo.entity_type"=>"organization"}}
[2015-06-02 10:59:04 -0400] - UpdateStripeCustomerMetadataForMarket - Tahoe Food Hub (13) - Updating Organization Tahoe Mountain Club - Executive Chef (2041)'s Stripe Customer cus_5uQ4oOOgpG8BoQ with {:description=>"Tahoe Mountain Club - Executive Chef", :metadata=>{"lo.entity_id"=>2041, "lo.entity_type"=>"organization"}}
[2015-06-02 10:59:05 -0400] - UpdateStripeCustomerMetadataForMarket - Tahoe Food Hub (13) - Updating Organization Eric Dickerson (2040)'s Stripe Customer cus_5uQ4ri9Xgzx9xJ with {:description=>"Eric Dickerson", :metadata=>{"lo.entity_id"=>2040, "lo.entity_type"=>"organization"}}
[2015-06-02 10:59:07 -0400] - UpdateStripeCustomerMetadataForMarket - Tahoe Food Hub (13) - Updating Organization Lisa and Griffy (2034)'s Stripe Customer cus_5uQ4rS6haa23ug with {:description=>"Lisa and Griffy", :metadata=>{"lo.entity_id"=>2034, "lo.entity_type"=>"organization"}}
[2015-06-02 10:59:08 -0400] - UpdateStripeCustomerMetadataForMarket - Tahoe Food Hub (13) - Updating Organization Tahoe Mountain Club (1055)'s Stripe Customer cus_5uQ5cWWNdi6Xh0 with {:description=>"Tahoe Mountain Club", :metadata=>{"lo.entity_id"=>1055, "lo.entity_type"=>"organization"}}
[2015-06-02 10:59:09 -0400] - UpdateStripeCustomerMetadataForMarket - Tahoe Food Hub (13) - Updating Organization Hot and Healthy Foods (1156)'s Stripe Customer cus_5uQ5O7Yv7Fr5Jn with {:description=>"Hot and Healthy Foods", :metadata=>{"lo.entity_id"=>1156, "lo.entity_type"=>"organization"}}
[2015-06-02 10:59:10 -0400] - UpdateStripeCustomerMetadataForMarket - Tahoe Food Hub (13) - Updating Organization Homewood Mt. Resort (334)'s Stripe Customer cus_5uQ4g56mwE0ISM with {:description=>"Homewood Mt. Resort", :metadata=>{"lo.entity_id"=>334, "lo.entity_type"=>"organization"}}
[2015-06-02 10:59:11 -0400] - UpdateStripeCustomerMetadataForMarket - Tahoe Food Hub (13) - Updating Organization Stella (338)'s Stripe Customer cus_5uQ4OSOSRoJL7a with {:description=>"Stella", :metadata=>{"lo.entity_id"=>338, "lo.entity_type"=>"organization"}}
[2015-06-02 10:59:11 -0400] - UpdateStripeCustomerMetadataForMarket - Tahoe Food Hub (13) - Updating Organization Something Good - Certified Organic (3857)'s Stripe Customer cus_6GpnCUTo4x2CM5 with {:description=>"Something Good - Certified Organic", :metadata=>{"lo.entity_id"=>3857, "lo.entity_type"=>"organization"}}
[2015-06-02 10:59:12 -0400] - UpdateStripeCustomerMetadataForMarket - Tahoe Food Hub (13) - Updating Organization Ohnoki Orchard (2211)'s Stripe Customer cus_5uQ4tcF7tKMmXf with {:description=>"Ohnoki Orchard", :metadata=>{"lo.entity_id"=>2211, "lo.entity_type"=>"organization"}}
[2015-06-02 10:59:13 -0400] - UpdateStripeCustomerMetadataForMarket - Tahoe Food Hub (13) - Updating Organization The Picky Pantry (2200)'s Stripe Customer cus_5uQ4Uwd2czjZuN with {:description=>"The Picky Pantry", :metadata=>{"lo.entity_id"=>2200, "lo.entity_type"=>"organization"}}
[2015-06-02 10:59:13 -0400] - UpdateStripeCustomerMetadataForMarket - Tahoe Food Hub (13) - No Stripe Customer linked to Town of Truckee (2213).
[2015-06-02 10:59:14 -0400] - UpdateStripeCustomerMetadataForMarket - Tahoe Food Hub (13) - Updating Organization Tahoe Food Hub (2542)'s Stripe Customer cus_5vwnTRIU1Ifqrn with {:description=>"Tahoe Food Hub", :metadata=>{"lo.entity_id"=>2542, "lo.entity_type"=>"organization"}}
[2015-06-02 10:59:16 -0400] - UpdateStripeCustomerMetadataForMarket - Tahoe Food Hub (13) - Updating Organization Kelly Family (2239)'s Stripe Customer cus_5uQ4zAD4hz0vfF with {:description=>"Kelly Family", :metadata=>{"lo.entity_id"=>2239, "lo.entity_type"=>"organization"}}
[2015-06-02 10:59:17 -0400] - UpdateStripeCustomerMetadataForMarket - Tahoe Food Hub (13) - Updating Organization Nor Cal Produce (2262)'s Stripe Customer cus_5uQ4AsntGzs1Ff with {:description=>"Nor Cal Produce", :metadata=>{"lo.entity_id"=>2262, "lo.entity_type"=>"organization"}}
[2015-06-02 10:59:17 -0400] - UpdateStripeCustomerMetadataForMarket - Tahoe Food Hub (13) - No Stripe Customer linked to D'lish catering LLC (2354).
[2015-06-02 10:59:18 -0400] - UpdateStripeCustomerMetadataForMarket - Tahoe Food Hub (13) - Updating Organization Soule Domain (2412)'s Stripe Customer cus_5uQ4HTS1NJeTMu with {:description=>"Soule Domain", :metadata=>{"lo.entity_id"=>2412, "lo.entity_type"=>"organization"}}
[2015-06-02 10:59:19 -0400] - UpdateStripeCustomerMetadataForMarket - Tahoe Food Hub (13) - Updating Organization Deardorff Farm (2534)'s Stripe Customer cus_5uQ5mKgxqaOQvQ with {:description=>"Deardorff Farm", :metadata=>{"lo.entity_id"=>2534, "lo.entity_type"=>"organization"}}
[2015-06-02 10:59:19 -0400] - UpdateStripeCustomerMetadataForMarket - Tahoe Food Hub (13) - No Stripe Customer linked to Clair Tappaan Lodge (2417).
[2015-06-02 10:59:20 -0400] - UpdateStripeCustomerMetadataForMarket - Tahoe Food Hub (13) - Updating Organization Terra Firma Farm - Certified Organic (2459)'s Stripe Customer cus_5uQ4MXHXhHbFTm with {:description=>"Terra Firma Farm - Certified Organic", :metadata=>{"lo.entity_id"=>2459, "lo.entity_type"=>"organization"}}
[2015-06-02 10:59:21 -0400] - UpdateStripeCustomerMetadataForMarket - Tahoe Food Hub (13) - Updating Organization Cottonwood Restaurant (2432)'s Stripe Customer cus_5uQ4baWhBZMTnU with {:description=>"Cottonwood Restaurant", :metadata=>{"lo.entity_id"=>2432, "lo.entity_type"=>"organization"}}
[2015-06-02 10:59:21 -0400] - UpdateStripeCustomerMetadataForMarket - Tahoe Food Hub (13) - No Stripe Customer linked to Smiths (2475).
[2015-06-02 10:59:21 -0400] - UpdateStripeCustomerMetadataForMarket - Tahoe Food Hub (13) - Updating Organization Atwater Packing Co. (2465)'s Stripe Customer cus_5uQ5WcqzGGflLx with {:description=>"Atwater Packing Co.", :metadata=>{"lo.entity_id"=>2465, "lo.entity_type"=>"organization"}}
[2015-06-02 10:59:23 -0400] - UpdateStripeCustomerMetadataForMarket - Tahoe Food Hub (13) - Updating Organization Alpine Meadows Ski Resort (2548)'s Stripe Customer cus_5uQ45s74Q9vxuU with {:description=>"Alpine Meadows Ski Resort", :metadata=>{"lo.entity_id"=>2548, "lo.entity_type"=>"organization"}}
[2015-06-02 10:59:23 -0400] - UpdateStripeCustomerMetadataForMarket - Tahoe Food Hub (13) - No Stripe Customer linked to Squaw Valley Academy  (2609).
[2015-06-02 10:59:24 -0400] - UpdateStripeCustomerMetadataForMarket - Tahoe Food Hub (13) - Updating Organization The Rustic Lounge  (2643)'s Stripe Customer cus_5uQ5CPIzgUgshW with {:description=>"The Rustic Lounge ", :metadata=>{"lo.entity_id"=>2643, "lo.entity_type"=>"organization"}}
[2015-06-02 10:59:25 -0400] - UpdateStripeCustomerMetadataForMarket - Tahoe Food Hub (13) - Updating Organization Schaffer's Mill Golf Club (3781)'s Stripe Customer cus_6Jmxv3yz7ObY6H with {:description=>"Schaffer's Mill Golf Club", :metadata=>{"lo.entity_id"=>3781, "lo.entity_type"=>"organization"}}
[2015-06-02 10:59:26 -0400] - UpdateStripeCustomerMetadataForMarket - Tahoe Food Hub (13) - Updating Organization Cal-Organic Farms (2716)'s Stripe Customer cus_5uQ5PdZxhLywm6 with {:description=>"Cal-Organic Farms", :metadata=>{"lo.entity_id"=>2716, "lo.entity_type"=>"organization"}}
[2015-06-02 10:59:27 -0400] - UpdateStripeCustomerMetadataForMarket - Tahoe Food Hub (13) - Updating Organization Drunken monkey (2715)'s Stripe Customer cus_5uQ4l1bCsfqRKE with {:description=>"Drunken monkey", :metadata=>{"lo.entity_id"=>2715, "lo.entity_type"=>"organization"}}
[2015-06-02 10:59:28 -0400] - UpdateStripeCustomerMetadataForMarket - Tahoe Food Hub (13) - Updating Organization The Crest Cafe & Catering (2805)'s Stripe Customer cus_6HGdDX6nAyGNd6 with {:description=>"The Crest Cafe & Catering", :metadata=>{"lo.entity_id"=>2805, "lo.entity_type"=>"organization"}}
[2015-06-02 10:59:28 -0400] - UpdateStripeCustomerMetadataForMarket - Tahoe Food Hub (13) - No Stripe Customer linked to Auld Dubliner (2779).
[2015-06-02 10:59:28 -0400] - UpdateStripeCustomerMetadataForMarket - Tahoe Food Hub (13) - No Stripe Customer linked to Northstar California (3027).
[2015-06-02 10:59:28 -0400] - UpdateStripeCustomerMetadataForMarket - Tahoe Food Hub (13) - No Stripe Customer linked to UC Davis Tahoe Environmental Research Center (3049).
[2015-06-02 10:59:29 -0400] - UpdateStripeCustomerMetadataForMarket - Tahoe Food Hub (13) - Updating Organization Rodini Farms - Certified Organic (3969)'s Stripe Customer cus_6JVn7HLtioyyeQ with {:description=>"Rodini Farms - Certified Organic", :metadata=>{"lo.entity_id"=>3969, "lo.entity_type"=>"organization"}}
[2015-06-02 10:59:30 -0400] - UpdateStripeCustomerMetadataForMarket - Tahoe Food Hub (13) - Updating Organization Early Bird Farm (3970)'s Stripe Customer cus_6JVnC1iEj7kula with {:description=>"Early Bird Farm", :metadata=>{"lo.entity_id"=>3970, "lo.entity_type"=>"organization"}}
[2015-06-02 10:59:30 -0400] - UpdateStripeCustomerMetadataForMarket - Tahoe Food Hub (13) - No Stripe Customer linked to Capay Valley Farm Shop (3808).
[2015-06-02 10:59:30 -0400] - UpdateStripeCustomerMetadataForMarket - Tahoe Food Hub (13) - No Stripe Customer linked to spoon restaurant (3640).
[2015-06-02 10:59:31 -0400] - UpdateStripeCustomerMetadataForMarket - Tahoe Food Hub (13) - Updating Organization Plumpjack Squaw Valley Inn (3882)'s Stripe Customer cus_6JrHRPJLjfBqqP with {:description=>"Plumpjack Squaw Valley Inn", :metadata=>{"lo.entity_id"=>3882, "lo.entity_type"=>"organization"}}
[2015-06-02 10:59:32 -0400] - UpdateStripeCustomerMetadataForMarket - Tahoe Food Hub (13) - Updating Organization The Souper Wagon (3663)'s Stripe Customer cus_6JqH5szvyxeYBw with {:description=>"The Souper Wagon", :metadata=>{"lo.entity_id"=>3663, "lo.entity_type"=>"organization"}}
[2015-06-02 10:59:33 -0400] - UpdateStripeCustomerMetadataForMarket - Tahoe Food Hub (13) - Updating Organization Far West Fungi - Certified Organic (3858)'s Stripe Customer cus_6GprHnNloZkXLB with {:description=>"Far West Fungi - Certified Organic", :metadata=>{"lo.entity_id"=>3858, "lo.entity_type"=>"organization"}}
[2015-06-02 10:59:34 -0400] - UpdateStripeCustomerMetadataForMarket - Tahoe Food Hub (13) - Updating Organization Produce Alive (3884)'s Stripe Customer cus_6HGFtzBCFUCW8S with {:description=>"Produce Alive", :metadata=>{"lo.entity_id"=>3884, "lo.entity_type"=>"organization"}}
[2015-06-02 10:59:35 -0400] - UpdateStripeCustomerMetadataForMarket - Tahoe Food Hub (13) - Updating Organization Sunblest Orchards (3863)'s Stripe Customer cus_6GtiurcvwD8v5o with {:description=>"Sunblest Orchards", :metadata=>{"lo.entity_id"=>3863, "lo.entity_type"=>"organization"}}
[2015-06-02 10:59:35 -0400] - UpdateStripeCustomerMetadataForMarket - Tahoe Food Hub (13) - No Stripe Customer linked to starkeys-tahoe,llc (3989).
[2015-06-02 10:59:36 -0400] - UpdateStripeCustomerMetadataForMarket - Tahoe Food Hub (13) - Updating Organization Soupa  (3993)'s Stripe Customer cus_6JlQR6HxbcA8n9 with {:description=>"Soupa ", :metadata=>{"lo.entity_id"=>3993, "lo.entity_type"=>"organization"}}
[2015-06-02 10:59:37 -0400] - UpdateStripeCustomerMetadataForMarket - Tahoe Food Hub (13) - Updating Organization Tomatero Organic Farm - Certified Organic (2543)'s Stripe Customer cus_5uQ4XKOdgGLYq0 with {:description=>"Tomatero Organic Farm - Certified Organic", :metadata=>{"lo.entity_id"=>2543, "lo.entity_type"=>"organization"}}
[2015-06-02 10:59:38 -0400] - UpdateStripeCustomerMetadataForMarket - Tahoe Food Hub (13) - Updating Organization Sierra Valley Farms, Certified Organic (1506)'s Stripe Customer cus_5uQ4VVDJBG2GWx with {:description=>"Sierra Valley Farms, Certified Organic", :metadata=>{"lo.entity_id"=>1506, "lo.entity_type"=>"organization"}}
[2015-06-02 10:59:38 -0400] - UpdateStripeCustomerMetadataForMarket - Tahoe Food Hub (13) - No Stripe Customer linked to Rubicon Pizza Company (4033).
[2015-06-02 10:59:39 -0400] - UpdateStripeCustomerMetadataForMarket - Tahoe Food Hub (13) - Updating Organization Route 1 Farm - Certified Organic (3973)'s Stripe Customer cus_6JVnj9AWty9jZa with {:description=>"Route 1 Farm - Certified Organic", :metadata=>{"lo.entity_id"=>3973, "lo.entity_type"=>"organization"}}
[2015-06-02 10:59:40 -0400] - UpdateStripeCustomerMetadataForMarket - Tahoe Food Hub (13) - Updating Organization JW Farms - Certified Organic (3975)'s Stripe Customer cus_6JVpr5bwHntcib with {:description=>"JW Farms - Certified Organic", :metadata=>{"lo.entity_id"=>3975, "lo.entity_type"=>"organization"}}
[2015-06-02 10:59:41 -0400] - UpdateStripeCustomerMetadataForMarket - Tahoe Food Hub (13) - Updating Organization Wooley Farms - Certified Organic (3971)'s Stripe Customer cus_6JVnUAmgBmvWMZ with {:description=>"Wooley Farms - Certified Organic", :metadata=>{"lo.entity_id"=>3971, "lo.entity_type"=>"organization"}}
[2015-06-02 10:59:42 -0400] - UpdateStripeCustomerMetadataForMarket - Tahoe Food Hub (13) - Updating Organization Capay Organic (3859)'s Stripe Customer cus_6GpxMI57ui6F6v with {:description=>"Capay Organic", :metadata=>{"lo.entity_id"=>3859, "lo.entity_type"=>"organization"}}
[2015-06-02 10:59:43 -0400] - UpdateStripeCustomerMetadataForMarket - Tahoe Food Hub (13) - Updating Organization Jacobs Farm - Certified Organic (3855)'s Stripe Customer cus_6GpY6jgUBAA3Dk with {:description=>"Jacobs Farm - Certified Organic", :metadata=>{"lo.entity_id"=>3855, "lo.entity_type"=>"organization"}}
[2015-06-02 10:59:44 -0400] - UpdateStripeCustomerMetadataForMarket - Tahoe Food Hub (13) - Updating Organization Devine Organics - Certified Organic (3853)'s Stripe Customer cus_6GpMy5PHHVf3hB with {:description=>"Devine Organics - Certified Organic", :metadata=>{"lo.entity_id"=>3853, "lo.entity_type"=>"organization"}}
[2015-06-02 10:59:45 -0400] - UpdateStripeCustomerMetadataForMarket - Tahoe Food Hub (13) - Updating Organization Heirloom Organic Gardens - Certified Organic (3852)'s Stripe Customer cus_6GpAc5KCjXpVR1 with {:description=>"Heirloom Organic Gardens - Certified Organic", :metadata=>{"lo.entity_id"=>3852, "lo.entity_type"=>"organization"}}
[2015-06-02 10:59:46 -0400] - UpdateStripeCustomerMetadataForMarket - Tahoe Food Hub (13) - Updating Organization Pleasant Grove Farm - Certified Organic (2544)'s Stripe Customer cus_5uQ5eWvx6bDCzs with {:description=>"Pleasant Grove Farm - Certified Organic", :metadata=>{"lo.entity_id"=>2544, "lo.entity_type"=>"organization"}}
[2015-06-02 10:59:47 -0400] - UpdateStripeCustomerMetadataForMarket - Tahoe Food Hub (13) - Updating Organization Earthbound Farm (2535)'s Stripe Customer cus_5uQ55tbkHkDlnx with {:description=>"Earthbound Farm", :metadata=>{"lo.entity_id"=>2535, "lo.entity_type"=>"organization"}}
[2015-06-02 10:59:48 -0400] - UpdateStripeCustomerMetadataForMarket - Tahoe Food Hub (13) - Updating Organization Josie's Organics (3255)'s Stripe Customer cus_5vYxnanoZplOV7 with {:description=>"Josie's Organics", :metadata=>{"lo.entity_id"=>3255, "lo.entity_type"=>"organization"}}
[2015-06-02 10:59:49 -0400] - UpdateStripeCustomerMetadataForMarket - Tahoe Food Hub (13) - Updating Organization Sierra Nevada Honey - Al Bees (3102)'s Stripe Customer cus_5uQ5touQt7FHiz with {:description=>"Sierra Nevada Honey - Al Bees", :metadata=>{"lo.entity_id"=>3102, "lo.entity_type"=>"organization"}}
[2015-06-02 10:59:50 -0400] - UpdateStripeCustomerMetadataForMarket - Tahoe Food Hub (13) - Updating Organization Happy Boy Farms - Certified Organic (2950)'s Stripe Customer cus_5uQ5RJ3wjhh4XG with {:description=>"Happy Boy Farms - Certified Organic", :metadata=>{"lo.entity_id"=>2950, "lo.entity_type"=>"organization"}}
[2015-06-02 10:59:51 -0400] - UpdateStripeCustomerMetadataForMarket - Tahoe Food Hub (13) - Updating Organization Township Valley Farm (2947)'s Stripe Customer cus_5uQ5XDDLKUMSsB with {:description=>"Township Valley Farm", :metadata=>{"lo.entity_id"=>2947, "lo.entity_type"=>"organization"}}
[2015-06-02 10:59:52 -0400] - UpdateStripeCustomerMetadataForMarket - Tahoe Food Hub (13) - Updating Organization T & D Willey Farm - Certified Organic  (2908)'s Stripe Customer cus_5uQ4NUINEoTal5 with {:description=>"T & D Willey Farm - Certified Organic ", :metadata=>{"lo.entity_id"=>2908, "lo.entity_type"=>"organization"}}
[2015-06-02 10:59:53 -0400] - UpdateStripeCustomerMetadataForMarket - Tahoe Food Hub (13) - Updating Organization Capay Organic - Certified Organic (2708)'s Stripe Customer cus_5uQ5S2GElHQc9l with {:description=>"Capay Organic - Certified Organic", :metadata=>{"lo.entity_id"=>2708, "lo.entity_type"=>"organization"}}
[2015-06-02 10:59:54 -0400] - UpdateStripeCustomerMetadataForMarket - Tahoe Food Hub (13) - Updating Organization Jay Leaf  (2641)'s Stripe Customer cus_5uQ4FyIGZd2T13 with {:description=>"Jay Leaf ", :metadata=>{"lo.entity_id"=>2641, "lo.entity_type"=>"organization"}}
[2015-06-02 10:59:55 -0400] - UpdateStripeCustomerMetadataForMarket - Tahoe Food Hub (13) - Updating Organization Seka Hills (2500)'s Stripe Customer cus_5uQ4jmn6yfPd6l with {:description=>"Seka Hills", :metadata=>{"lo.entity_id"=>2500, "lo.entity_type"=>"organization"}}
[2015-06-02 10:59:56 -0400] - UpdateStripeCustomerMetadataForMarket - Tahoe Food Hub (13) - Updating Organization BZ-Bee Honey (2499)'s Stripe Customer cus_5uQ556gH6ieFB2 with {:description=>"BZ-Bee Honey", :metadata=>{"lo.entity_id"=>2499, "lo.entity_type"=>"organization"}}
[2015-06-02 10:59:57 -0400] - UpdateStripeCustomerMetadataForMarket - Tahoe Food Hub (13) - Updating Organization Coke Farms - Certified Organic (2464)'s Stripe Customer cus_5uQ5JR7fSSC230 with {:description=>"Coke Farms - Certified Organic", :metadata=>{"lo.entity_id"=>2464, "lo.entity_type"=>"organization"}}
[2015-06-02 10:59:58 -0400] - UpdateStripeCustomerMetadataForMarket - Tahoe Food Hub (13) - Updating Organization Peri & Sons Farms - Certified Organic (2463)'s Stripe Customer cus_5uQ5Pv8Umd5mlI with {:description=>"Peri & Sons Farms - Certified Organic", :metadata=>{"lo.entity_id"=>2463, "lo.entity_type"=>"organization"}}
[2015-06-02 10:59:59 -0400] - UpdateStripeCustomerMetadataForMarket - Tahoe Food Hub (13) - Updating Organization Pinnacle Organically Grown Produce - Certified Organic (2462)'s Stripe Customer cus_5uQ5cTdQVxKbfI with {:description=>"Pinnacle Organically Grown Produce - Certified Organic", :metadata=>{"lo.entity_id"=>2462, "lo.entity_type"=>"organization"}}
[2015-06-02 11:00:00 -0400] - UpdateStripeCustomerMetadataForMarket - Tahoe Food Hub (13) - Updating Organization Al's Bees Mountain Honey (2461)'s Stripe Customer cus_5uQ5guJ5OB4aCN with {:description=>"Al's Bees Mountain Honey", :metadata=>{"lo.entity_id"=>2461, "lo.entity_type"=>"organization"}}
[2015-06-02 11:00:01 -0400] - UpdateStripeCustomerMetadataForMarket - Tahoe Food Hub (13) - Updating Organization Full Belly Farm - Certified Organic (2460)'s Stripe Customer cus_5uQ4nSTtlGdj49 with {:description=>"Full Belly Farm - Certified Organic", :metadata=>{"lo.entity_id"=>2460, "lo.entity_type"=>"organization"}}
