[2015-06-02 11:04:13 -0400] - UpdateStripeCustomerMetadataForMarket - Oshkosh Market (30) - ====================================================================================================
[2015-06-02 11:04:13 -0400] - UpdateStripeCustomerMetadataForMarket - Oshkosh Market (30) -  Oshkosh Market (30)
[2015-06-02 11:04:13 -0400] - UpdateStripeCustomerMetadataForMarket - Oshkosh Market (30) -  Updating stripe customer metadata for Market and all Organizations.
[2015-06-02 11:04:13 -0400] - UpdateStripeCustomerMetadataForMarket - Oshkosh Market (30) - 
[2015-06-02 11:04:13 -0400] - UpdateStripeCustomerMetadataForMarket - Oshkosh Market (30) -  Rails.env: production
[2015-06-02 11:04:13 -0400] - UpdateStripeCustomerMetadataForMarket - Oshkosh Market (30) -  Stripe key: pk_live_j85VTsrz51POrss3ni460qaf
[2015-06-02 11:04:13 -0400] - UpdateStripeCustomerMetadataForMarket - Oshkosh Market (30) - ====================================================================================================
[2015-06-02 11:04:14 -0400] - UpdateStripeCustomerMetadataForMarket - Oshkosh Market (30) - Updating Market's Stripe Customer with {:description=>"Oshkosh Market", :metadata=>{"lo.entity_id"=>30, "lo.entity_type"=>"market"}}
[2015-06-02 11:04:14 -0400] - UpdateStripeCustomerMetadataForMarket - Oshkosh Market (30) - No Stripe Customer linked to Goodwill Grows (2704).
[2015-06-02 11:04:15 -0400] - UpdateStripeCustomerMetadataForMarket - Oshkosh Market (30) - Updating Organization Wolf River Farms, LLC (3872)'s Stripe Customer cus_6H8mrVwjpPV7jJ with {:description=>"Wolf River Farms, LLC", :metadata=>{"lo.entity_id"=>3872, "lo.entity_type"=>"organization"}}
[2015-06-02 11:04:16 -0400] - UpdateStripeCustomerMetadataForMarket - Oshkosh Market (30) - Updating Organization SLO Farmer's Co-op (3749)'s Stripe Customer cus_6GrwyM1n43Na2Y with {:description=>"SLO Farmer's Co-op", :metadata=>{"lo.entity_id"=>3749, "lo.entity_type"=>"organization"}}
[2015-06-02 11:04:16 -0400] - UpdateStripeCustomerMetadataForMarket - Oshkosh Market (30) - No Stripe Customer linked to School District of Omro (3851).
[2015-06-02 11:04:16 -0400] - UpdateStripeCustomerMetadataForMarket - Oshkosh Market (30) - No Stripe Customer linked to Becket's restaurant & ski's grocery (3356).
[2015-06-02 11:04:17 -0400] - UpdateStripeCustomerMetadataForMarket - Oshkosh Market (30) - Updating Organization FIeld Notes Farm (2400)'s Stripe Customer cus_5uQ4nP8axirVUB with {:description=>"FIeld Notes Farm", :metadata=>{"lo.entity_id"=>2400, "lo.entity_type"=>"organization"}}
[2015-06-02 11:04:17 -0400] - UpdateStripeCustomerMetadataForMarket - Oshkosh Market (30) - No Stripe Customer linked to HighCross Farm (2238).
[2015-06-02 11:04:18 -0400] - UpdateStripeCustomerMetadataForMarket - Oshkosh Market (30) - Updating Organization Gravel Road Farm (52)'s Stripe Customer cus_5vQtWBGCekh6Lt with {:description=>"Gravel Road Farm", :metadata=>{"lo.entity_id"=>52, "lo.entity_type"=>"organization"}}
[2015-06-02 11:04:19 -0400] - UpdateStripeCustomerMetadataForMarket - Oshkosh Market (30) - Updating Organization Great Lakes Farm (91)'s Stripe Customer cus_5uQ5XKHQiCU5p8 with {:description=>"Great Lakes Farm", :metadata=>{"lo.entity_id"=>91, "lo.entity_type"=>"organization"}}
[2015-06-02 11:04:21 -0400] - UpdateStripeCustomerMetadataForMarket - Oshkosh Market (30) - Updating Organization Ganesh Vegetables and Herbs (1856)'s Stripe Customer cus_5uQ5S2jz3M3eH1 with {:description=>"Ganesh Vegetables and Herbs", :metadata=>{"lo.entity_id"=>1856, "lo.entity_type"=>"organization"}}
[2015-06-02 11:04:22 -0400] - UpdateStripeCustomerMetadataForMarket - Oshkosh Market (30) - Updating Organization Beyond Organic (186)'s Stripe Customer cus_5uQ4azgdJc0qvG with {:description=>"Beyond Organic", :metadata=>{"lo.entity_id"=>186, "lo.entity_type"=>"organization"}}
[2015-06-02 11:04:23 -0400] - UpdateStripeCustomerMetadataForMarket - Oshkosh Market (30) - Updating Organization Ledgeview Farms of Johnsburg, LLC (1845)'s Stripe Customer cus_5uQ4AylxryxPSU with {:description=>"Ledgeview Farms of Johnsburg, LLC", :metadata=>{"lo.entity_id"=>1845, "lo.entity_type"=>"organization"}}
[2015-06-02 11:04:24 -0400] - UpdateStripeCustomerMetadataForMarket - Oshkosh Market (30) - Updating Organization Avrom Farm (1545)'s Stripe Customer cus_5uQ5LBtatrpdDo with {:description=>"Avrom Farm", :metadata=>{"lo.entity_id"=>1545, "lo.entity_type"=>"organization"}}
