[2015-06-02 10:57:54 -0400] - UpdateStripeCustomerMetadataForMarket - Ohio Valley Food Connection  (92) - ====================================================================================================
[2015-06-02 10:57:54 -0400] - UpdateStripeCustomerMetadataForMarket - Ohio Valley Food Connection  (92) -  Ohio Valley Food Connection  (92)
[2015-06-02 10:57:54 -0400] - UpdateStripeCustomerMetadataForMarket - Ohio Valley Food Connection  (92) -  Updating stripe customer metadata for Market and all Organizations.
[2015-06-02 10:57:54 -0400] - UpdateStripeCustomerMetadataForMarket - Ohio Valley Food Connection  (92) - 
[2015-06-02 10:57:54 -0400] - UpdateStripeCustomerMetadataForMarket - Ohio Valley Food Connection  (92) -  Rails.env: production
[2015-06-02 10:57:54 -0400] - UpdateStripeCustomerMetadataForMarket - Ohio Valley Food Connection  (92) -  Stripe key: pk_live_j85VTsrz51POrss3ni460qaf
[2015-06-02 10:57:54 -0400] - UpdateStripeCustomerMetadataForMarket - Ohio Valley Food Connection  (92) - ====================================================================================================
[2015-06-02 10:57:55 -0400] - UpdateStripeCustomerMetadataForMarket - Ohio Valley Food Connection  (92) - Updating Market's Stripe Customer with {:description=>"Ohio Valley Food Connection ", :metadata=>{"lo.entity_id"=>92, "lo.entity_type"=>"market"}}
[2015-06-02 10:57:55 -0400] - UpdateStripeCustomerMetadataForMarket - Ohio Valley Food Connection  (92) - No Stripe Customer linked to Blue Ribbon Farm (4091).
[2015-06-02 10:57:55 -0400] - UpdateStripeCustomerMetadataForMarket - Ohio Valley Food Connection  (92) - No Stripe Customer linked to Alfio's buon cibo (4080).
[2015-06-02 10:57:56 -0400] - UpdateStripeCustomerMetadataForMarket - Ohio Valley Food Connection  (92) - Updating Organization Kaze (4065)'s Stripe Customer cus_6LafekwH70jMAa with {:description=>"Kaze", :metadata=>{"lo.entity_id"=>4065, "lo.entity_type"=>"organization"}}
[2015-06-02 10:57:57 -0400] - UpdateStripeCustomerMetadataForMarket - Ohio Valley Food Connection  (92) - Updating Organization Carriage House Farm (4060)'s Stripe Customer cus_6LQTqtCLsFvlSD with {:description=>"Carriage House Farm", :metadata=>{"lo.entity_id"=>4060, "lo.entity_type"=>"organization"}}
[2015-06-02 10:57:58 -0400] - UpdateStripeCustomerMetadataForMarket - Ohio Valley Food Connection  (92) - Updating Organization The Palace (4052)'s Stripe Customer cus_6LBfXtr13ApZvi with {:description=>"The Palace", :metadata=>{"lo.entity_id"=>4052, "lo.entity_type"=>"organization"}}
[2015-06-02 10:57:59 -0400] - UpdateStripeCustomerMetadataForMarket - Ohio Valley Food Connection  (92) - Updating Organization Jean Robert's Table (4051)'s Stripe Customer cus_6LBdaiJg9Q30ov with {:description=>"Jean Robert's Table", :metadata=>{"lo.entity_id"=>4051, "lo.entity_type"=>"organization"}}
[2015-06-02 10:58:00 -0400] - UpdateStripeCustomerMetadataForMarket - Ohio Valley Food Connection  (92) - Updating Organization Maribelle Eat + Drink (4050)'s Stripe Customer cus_6LBbpDwXrmi1N1 with {:description=>"Maribelle Eat + Drink", :metadata=>{"lo.entity_id"=>4050, "lo.entity_type"=>"organization"}}
[2015-06-02 10:58:01 -0400] - UpdateStripeCustomerMetadataForMarket - Ohio Valley Food Connection  (92) - Updating Organization Red Feather (4049)'s Stripe Customer cus_6LBZfUg0Uefb0I with {:description=>"Red Feather", :metadata=>{"lo.entity_id"=>4049, "lo.entity_type"=>"organization"}}
[2015-06-02 10:58:02 -0400] - UpdateStripeCustomerMetadataForMarket - Ohio Valley Food Connection  (92) - Updating Organization Orchids at Palm Court (4048)'s Stripe Customer cus_6LAjRhY9qxY3NJ with {:description=>"Orchids at Palm Court", :metadata=>{"lo.entity_id"=>4048, "lo.entity_type"=>"organization"}}
[2015-06-02 10:58:03 -0400] - UpdateStripeCustomerMetadataForMarket - Ohio Valley Food Connection  (92) - Updating Organization Hoosier Harvest Market (4029)'s Stripe Customer cus_6KWfWKswbbV8FZ with {:description=>"Hoosier Harvest Market", :metadata=>{"lo.entity_id"=>4029, "lo.entity_type"=>"organization"}}
[2015-06-02 10:58:04 -0400] - UpdateStripeCustomerMetadataForMarket - Ohio Valley Food Connection  (92) - Updating Organization Test Buyer (3929)'s Stripe Customer cus_6KVA0Ok6OwyF0b with {:description=>"Test Buyer", :metadata=>{"lo.entity_id"=>3929, "lo.entity_type"=>"organization"}}
[2015-06-02 10:58:05 -0400] - UpdateStripeCustomerMetadataForMarket - Ohio Valley Food Connection  (92) - Updating Organization Sheltowee Farm (3925)'s Stripe Customer cus_6I1OmDDLptpCl4 with {:description=>"Sheltowee Farm", :metadata=>{"lo.entity_id"=>3925, "lo.entity_type"=>"organization"}}
[2015-06-02 10:58:06 -0400] - UpdateStripeCustomerMetadataForMarket - Ohio Valley Food Connection  (92) - Updating Organization Our Harvest Cooperative (3889)'s Stripe Customer cus_6HRGlg1BLW7MoD with {:description=>"Our Harvest Cooperative", :metadata=>{"lo.entity_id"=>3889, "lo.entity_type"=>"organization"}}
[2015-06-02 10:58:07 -0400] - UpdateStripeCustomerMetadataForMarket - Ohio Valley Food Connection  (92) - Updating Organization Bouquet (3866)'s Stripe Customer cus_6Gv1zjUd181OiR with {:description=>"Bouquet", :metadata=>{"lo.entity_id"=>3866, "lo.entity_type"=>"organization"}}
[2015-06-02 10:58:08 -0400] - UpdateStripeCustomerMetadataForMarket - Ohio Valley Food Connection  (92) - Updating Organization Branstrator Farm  (3865)'s Stripe Customer cus_6GuzfeGtZbgo3Q with {:description=>"Branstrator Farm ", :metadata=>{"lo.entity_id"=>3865, "lo.entity_type"=>"organization"}}
[2015-06-02 10:58:09 -0400] - UpdateStripeCustomerMetadataForMarket - Ohio Valley Food Connection  (92) - Updating Organization Butcher Betties (3864)'s Stripe Customer cus_6GuysvdSdFjb3q with {:description=>"Butcher Betties", :metadata=>{"lo.entity_id"=>3864, "lo.entity_type"=>"organization"}}
[2015-06-02 10:58:10 -0400] - UpdateStripeCustomerMetadataForMarket - Ohio Valley Food Connection  (92) - Updating Organization Fair Ridge Farm (3841)'s Stripe Customer cus_6GffKl7feZOBgU with {:description=>"Fair Ridge Farm", :metadata=>{"lo.entity_id"=>3841, "lo.entity_type"=>"organization"}}
[2015-06-02 10:58:11 -0400] - UpdateStripeCustomerMetadataForMarket - Ohio Valley Food Connection  (92) - Updating Organization Napoleon Ridge Farm (3818)'s Stripe Customer cus_6FQRpG3fsjdJu1 with {:description=>"Napoleon Ridge Farm", :metadata=>{"lo.entity_id"=>3818, "lo.entity_type"=>"organization"}}
[2015-06-02 10:58:12 -0400] - UpdateStripeCustomerMetadataForMarket - Ohio Valley Food Connection  (92) - Updating Organization Greener Portions Aquaponics (3817)'s Stripe Customer cus_6FQOH2nUxM4ca0 with {:description=>"Greener Portions Aquaponics", :metadata=>{"lo.entity_id"=>3817, "lo.entity_type"=>"organization"}}
[2015-06-02 10:58:13 -0400] - UpdateStripeCustomerMetadataForMarket - Ohio Valley Food Connection  (92) - Updating Organization Otto's (3801)'s Stripe Customer cus_6FF7wZfN77A7vK with {:description=>"Otto's", :metadata=>{"lo.entity_id"=>3801, "lo.entity_type"=>"organization"}}
[2015-06-02 10:58:14 -0400] - UpdateStripeCustomerMetadataForMarket - Ohio Valley Food Connection  (92) - Updating Organization Fox Tail Farm (3767)'s Stripe Customer cus_6EIKc5KYYcLOpL with {:description=>"Fox Tail Farm", :metadata=>{"lo.entity_id"=>3767, "lo.entity_type"=>"organization"}}
[2015-06-02 10:58:15 -0400] - UpdateStripeCustomerMetadataForMarket - Ohio Valley Food Connection  (92) - Updating Organization TS Farms (3766)'s Stripe Customer cus_6EIBExSKPet5TZ with {:description=>"TS Farms", :metadata=>{"lo.entity_id"=>3766, "lo.entity_type"=>"organization"}}
[2015-06-02 10:58:16 -0400] - UpdateStripeCustomerMetadataForMarket - Ohio Valley Food Connection  (92) - Updating Organization Stoke's Berry Farm (3746)'s Stripe Customer cus_6DNgB4JxKvlrXc with {:description=>"Stoke's Berry Farm", :metadata=>{"lo.entity_id"=>3746, "lo.entity_type"=>"organization"}}
[2015-06-02 10:58:17 -0400] - UpdateStripeCustomerMetadataForMarket - Ohio Valley Food Connection  (92) - Updating Organization Downing Farm  (3745)'s Stripe Customer cus_6DNe9E94GfrpdT with {:description=>"Downing Farm ", :metadata=>{"lo.entity_id"=>3745, "lo.entity_type"=>"organization"}}
[2015-06-02 10:58:18 -0400] - UpdateStripeCustomerMetadataForMarket - Ohio Valley Food Connection  (92) - Updating Organization That Guy's Family Farm  (3744)'s Stripe Customer cus_6DNddyvzzEh0z3 with {:description=>"That Guy's Family Farm ", :metadata=>{"lo.entity_id"=>3744, "lo.entity_type"=>"organization"}}
[2015-06-02 10:58:19 -0400] - UpdateStripeCustomerMetadataForMarket - Ohio Valley Food Connection  (92) - Updating Organization Brookhill Farm LLC (3743)'s Stripe Customer cus_6DNcCNirwaVRLs with {:description=>"Brookhill Farm LLC", :metadata=>{"lo.entity_id"=>3743, "lo.entity_type"=>"organization"}}
[2015-06-02 10:58:20 -0400] - UpdateStripeCustomerMetadataForMarket - Ohio Valley Food Connection  (92) - Updating Organization 5 Oaks Organics (3742)'s Stripe Customer cus_6DNZX3JAlP3IFT with {:description=>"5 Oaks Organics", :metadata=>{"lo.entity_id"=>3742, "lo.entity_type"=>"organization"}}
