[2015-06-02 11:00:45 -0400] - UpdateStripeCustomerMetadataForMarket - SFC Farm Direct (82) - ====================================================================================================
[2015-06-02 11:00:45 -0400] - UpdateStripeCustomerMetadataForMarket - SFC Farm Direct (82) -  SFC Farm Direct (82)
[2015-06-02 11:00:45 -0400] - UpdateStripeCustomerMetadataForMarket - SFC Farm Direct (82) -  Updating stripe customer metadata for Market and all Organizations.
[2015-06-02 11:00:45 -0400] - UpdateStripeCustomerMetadataForMarket - SFC Farm Direct (82) - 
[2015-06-02 11:00:45 -0400] - UpdateStripeCustomerMetadataForMarket - SFC Farm Direct (82) -  Rails.env: production
[2015-06-02 11:00:45 -0400] - UpdateStripeCustomerMetadataForMarket - SFC Farm Direct (82) -  Stripe key: pk_live_j85VTsrz51POrss3ni460qaf
[2015-06-02 11:00:45 -0400] - UpdateStripeCustomerMetadataForMarket - SFC Farm Direct (82) - ====================================================================================================
[2015-06-02 11:00:47 -0400] - UpdateStripeCustomerMetadataForMarket - SFC Farm Direct (82) - Updating Market's Stripe Customer with {:description=>"SFC Farm Direct", :metadata=>{"lo.entity_id"=>82, "lo.entity_type"=>"market"}}
[2015-06-02 11:00:48 -0400] - UpdateStripeCustomerMetadataForMarket - SFC Farm Direct (82) - Updating Organization Cold Ones Pops (3607)'s Stripe Customer cus_67OWOp0367DH1j with {:description=>"Cold Ones Pops", :metadata=>{"lo.entity_id"=>3607, "lo.entity_type"=>"organization"}}
[2015-06-02 11:00:49 -0400] - UpdateStripeCustomerMetadataForMarket - SFC Farm Direct (82) - Updating Organization St. Edwards University (3586)'s Stripe Customer cus_66PsGLadHelymh with {:description=>"St. Edwards University", :metadata=>{"lo.entity_id"=>3586, "lo.entity_type"=>"organization"}}
[2015-06-02 11:00:50 -0400] - UpdateStripeCustomerMetadataForMarket - SFC Farm Direct (82) - Updating Organization Test Farmer 2 (3585)'s Stripe Customer cus_66OsBx8KfK2f9L with {:description=>"Test Farmer 2", :metadata=>{"lo.entity_id"=>3585, "lo.entity_type"=>"organization"}}
[2015-06-02 11:00:51 -0400] - UpdateStripeCustomerMetadataForMarket - SFC Farm Direct (82) - Updating Organization Test Buyer (3584)'s Stripe Customer cus_66OVZbM9vlUqbK with {:description=>"Test Buyer", :metadata=>{"lo.entity_id"=>3584, "lo.entity_type"=>"organization"}}
[2015-06-02 11:00:53 -0400] - UpdateStripeCustomerMetadataForMarket - SFC Farm Direct (82) - Updating Organization Test Farmer (3583)'s Stripe Customer cus_66OVXc59A8Z67F with {:description=>"Test Farmer", :metadata=>{"lo.entity_id"=>3583, "lo.entity_type"=>"organization"}}
[2015-06-02 11:00:55 -0400] - UpdateStripeCustomerMetadataForMarket - SFC Farm Direct (82) - Updating Organization University of Texas - Austin (3563)'s Stripe Customer cus_65zOolojsgl5lk with {:description=>"University of Texas - Austin", :metadata=>{"lo.entity_id"=>3563, "lo.entity_type"=>"organization"}}
[2015-06-02 11:00:55 -0400] - UpdateStripeCustomerMetadataForMarket - SFC Farm Direct (82) - Updating Organization Leaf Safari (3562)'s Stripe Customer cus_65zHEqo1uBpSkT with {:description=>"Leaf Safari", :metadata=>{"lo.entity_id"=>3562, "lo.entity_type"=>"organization"}}
[2015-06-02 11:00:56 -0400] - UpdateStripeCustomerMetadataForMarket - SFC Farm Direct (82) - Updating Organization Kubena Farms (3561)'s Stripe Customer cus_65yjS1Wqbk9LpF with {:description=>"Kubena Farms", :metadata=>{"lo.entity_id"=>3561, "lo.entity_type"=>"organization"}}
[2015-06-02 11:00:58 -0400] - UpdateStripeCustomerMetadataForMarket - SFC Farm Direct (82) - Updating Organization Lightsey Farms (3560)'s Stripe Customer cus_65ydGZ0akpbd2Y with {:description=>"Lightsey Farms", :metadata=>{"lo.entity_id"=>3560, "lo.entity_type"=>"organization"}}
[2015-06-02 11:00:59 -0400] - UpdateStripeCustomerMetadataForMarket - SFC Farm Direct (82) - Updating Organization Tecolote Farm (3559)'s Stripe Customer cus_65y6zKS8G0zSEP with {:description=>"Tecolote Farm", :metadata=>{"lo.entity_id"=>3559, "lo.entity_type"=>"organization"}}
[2015-06-02 11:01:00 -0400] - UpdateStripeCustomerMetadataForMarket - SFC Farm Direct (82) - Updating Organization Fat Frog Farm (3558)'s Stripe Customer cus_65xu5SoH0JMy7Y with {:description=>"Fat Frog Farm", :metadata=>{"lo.entity_id"=>3558, "lo.entity_type"=>"organization"}}
[2015-06-02 11:01:01 -0400] - UpdateStripeCustomerMetadataForMarket - SFC Farm Direct (82) - Updating Organization Gusto - Italian Kitchen + Wine Bar (3557)'s Stripe Customer cus_65xjSPg4V5bTpW with {:description=>"Gusto - Italian Kitchen + Wine Bar", :metadata=>{"lo.entity_id"=>3557, "lo.entity_type"=>"organization"}}
[2015-06-02 11:01:02 -0400] - UpdateStripeCustomerMetadataForMarket - SFC Farm Direct (82) - Updating Organization Esperanza Farms (3504)'s Stripe Customer cus_644hUoAgdTtMi2 with {:description=>"Esperanza Farms", :metadata=>{"lo.entity_id"=>3504, "lo.entity_type"=>"organization"}}
