[2015-06-02 11:07:45 -0400] - UpdateStripeCustomerMetadataForMarket - Tulsa Farmers' Market -Wholesale Division (67) - ====================================================================================================
[2015-06-02 11:07:45 -0400] - UpdateStripeCustomerMetadataForMarket - Tulsa Farmers' Market -Wholesale Division (67) -  Tulsa Farmers' Market -Wholesale Division (67)
[2015-06-02 11:07:45 -0400] - UpdateStripeCustomerMetadataForMarket - Tulsa Farmers' Market -Wholesale Division (67) -  Updating stripe customer metadata for Market and all Organizations.
[2015-06-02 11:07:45 -0400] - UpdateStripeCustomerMetadataForMarket - Tulsa Farmers' Market -Wholesale Division (67) - 
[2015-06-02 11:07:45 -0400] - UpdateStripeCustomerMetadataForMarket - Tulsa Farmers' Market -Wholesale Division (67) -  Rails.env: production
[2015-06-02 11:07:45 -0400] - UpdateStripeCustomerMetadataForMarket - Tulsa Farmers' Market -Wholesale Division (67) -  Stripe key: pk_live_j85VTsrz51POrss3ni460qaf
[2015-06-02 11:07:45 -0400] - UpdateStripeCustomerMetadataForMarket - Tulsa Farmers' Market -Wholesale Division (67) - ====================================================================================================
[2015-06-02 11:07:46 -0400] - UpdateStripeCustomerMetadataForMarket - Tulsa Farmers' Market -Wholesale Division (67) - Updating Market's Stripe Customer with {:description=>"Tulsa Farmers' Market -Wholesale Division", :metadata=>{"lo.entity_id"=>67, "lo.entity_type"=>"market"}}
[2015-06-02 11:07:47 -0400] - UpdateStripeCustomerMetadataForMarket - Tulsa Farmers' Market -Wholesale Division (67) - Updating Organization Cancer Treatment Center of America (4068)'s Stripe Customer cus_6LdNFvRcZNYKQ2 with {:description=>"Cancer Treatment Center of America", :metadata=>{"lo.entity_id"=>4068, "lo.entity_type"=>"organization"}}
[2015-06-02 11:07:47 -0400] - UpdateStripeCustomerMetadataForMarket - Tulsa Farmers' Market -Wholesale Division (67) - No Stripe Customer linked to R Bar & Grill (3959).
[2015-06-02 11:07:47 -0400] - UpdateStripeCustomerMetadataForMarket - Tulsa Farmers' Market -Wholesale Division (67) - No Stripe Customer linked to scissortailprovisions (3958).
[2015-06-02 11:07:48 -0400] - UpdateStripeCustomerMetadataForMarket - Tulsa Farmers' Market -Wholesale Division (67) - Updating Organization The Dilly Diner (3939)'s Stripe Customer cus_6J0xjFKEyet1vW with {:description=>"The Dilly Diner", :metadata=>{"lo.entity_id"=>3939, "lo.entity_type"=>"organization"}}
[2015-06-02 11:07:49 -0400] - UpdateStripeCustomerMetadataForMarket - Tulsa Farmers' Market -Wholesale Division (67) - Updating Organization Edible Tulsa (3836)'s Stripe Customer cus_6GS5mQmeeOGa13 with {:description=>"Edible Tulsa", :metadata=>{"lo.entity_id"=>3836, "lo.entity_type"=>"organization"}}
[2015-06-02 11:07:50 -0400] - UpdateStripeCustomerMetadataForMarket - Tulsa Farmers' Market -Wholesale Division (67) - Updating Organization Bodeans (3734)'s Stripe Customer cus_6CGbG2HbrsBogm with {:description=>"Bodeans", :metadata=>{"lo.entity_id"=>3734, "lo.entity_type"=>"organization"}}
[2015-06-02 11:07:51 -0400] - UpdateStripeCustomerMetadataForMarket - Tulsa Farmers' Market -Wholesale Division (67) - Updating Organization Our Farm (3726)'s Stripe Customer cus_6BsAXEhUa2rs4F with {:description=>"Our Farm", :metadata=>{"lo.entity_id"=>3726, "lo.entity_type"=>"organization"}}
[2015-06-02 11:07:52 -0400] - UpdateStripeCustomerMetadataForMarket - Tulsa Farmers' Market -Wholesale Division (67) - Updating Organization Doyles Country Garden (3710)'s Stripe Customer cus_6BZd7EHHQABQwr with {:description=>"Doyles Country Garden", :metadata=>{"lo.entity_id"=>3710, "lo.entity_type"=>"organization"}}
[2015-06-02 11:07:53 -0400] - UpdateStripeCustomerMetadataForMarket - Tulsa Farmers' Market -Wholesale Division (67) - Updating Organization Thunderbird Berry Farm (3706)'s Stripe Customer cus_6BV0tKdFkrBSG7 with {:description=>"Thunderbird Berry Farm", :metadata=>{"lo.entity_id"=>3706, "lo.entity_type"=>"organization"}}
[2015-06-02 11:07:55 -0400] - UpdateStripeCustomerMetadataForMarket - Tulsa Farmers' Market -Wholesale Division (67) - Updating Organization Tulsa Country Club (3700)'s Stripe Customer cus_6DoV9yXVI0bLaa with {:description=>"Tulsa Country Club", :metadata=>{"lo.entity_id"=>3700, "lo.entity_type"=>"organization"}}
[2015-06-02 11:07:56 -0400] - UpdateStripeCustomerMetadataForMarket - Tulsa Farmers' Market -Wholesale Division (67) - Updating Organization McNellies (3690)'s Stripe Customer cus_6AKxGry2xxFwEq with {:description=>"McNellies", :metadata=>{"lo.entity_id"=>3690, "lo.entity_type"=>"organization"}}
[2015-06-02 11:07:56 -0400] - UpdateStripeCustomerMetadataForMarket - Tulsa Farmers' Market -Wholesale Division (67) - No Stripe Customer linked to Valley Services (Representing Meals on Wheels) (3658).
[2015-06-02 11:07:57 -0400] - UpdateStripeCustomerMetadataForMarket - Tulsa Farmers' Market -Wholesale Division (67) - Updating Organization Southwood Farm (3649)'s Stripe Customer cus_68sS83iwOd0Jwe with {:description=>"Southwood Farm", :metadata=>{"lo.entity_id"=>3649, "lo.entity_type"=>"organization"}}
[2015-06-02 11:07:58 -0400] - UpdateStripeCustomerMetadataForMarket - Tulsa Farmers' Market -Wholesale Division (67) - Updating Organization Sloth Acres (3646)'s Stripe Customer cus_68rEzbxyxqdf7l with {:description=>"Sloth Acres", :metadata=>{"lo.entity_id"=>3646, "lo.entity_type"=>"organization"}}
[2015-06-02 11:07:59 -0400] - UpdateStripeCustomerMetadataForMarket - Tulsa Farmers' Market -Wholesale Division (67) - Updating Organization Wilson Bluestem Beef (3591)'s Stripe Customer cus_66dUGVZLCK8GOZ with {:description=>"Wilson Bluestem Beef", :metadata=>{"lo.entity_id"=>3591, "lo.entity_type"=>"organization"}}
[2015-06-02 11:07:59 -0400] - UpdateStripeCustomerMetadataForMarket - Tulsa Farmers' Market -Wholesale Division (67) - Updating Organization Bohemia (3550)'s Stripe Customer cus_65uU09pYvFwLF9 with {:description=>"Bohemia", :metadata=>{"lo.entity_id"=>3550, "lo.entity_type"=>"organization"}}
[2015-06-02 11:08:01 -0400] - UpdateStripeCustomerMetadataForMarket - Tulsa Farmers' Market -Wholesale Division (67) - Updating Organization Mod's Coffee and Crepes (3549)'s Stripe Customer cus_65uNJdoNFvxHdw with {:description=>"Mod's Coffee and Crepes", :metadata=>{"lo.entity_id"=>3549, "lo.entity_type"=>"organization"}}
[2015-06-02 11:08:02 -0400] - UpdateStripeCustomerMetadataForMarket - Tulsa Farmers' Market -Wholesale Division (67) - Updating Organization Smoke on cherry street (3532)'s Stripe Customer cus_6B5rMJzNUQ4vOc with {:description=>"Smoke on cherry street", :metadata=>{"lo.entity_id"=>3532, "lo.entity_type"=>"organization"}}
[2015-06-02 11:08:03 -0400] - UpdateStripeCustomerMetadataForMarket - Tulsa Farmers' Market -Wholesale Division (67) - Updating Organization TFMA Buyer Account (3531)'s Stripe Customer cus_65bjM2sHUWTtm7 with {:description=>"TFMA Buyer Account", :metadata=>{"lo.entity_id"=>3531, "lo.entity_type"=>"organization"}}
[2015-06-02 11:08:04 -0400] - UpdateStripeCustomerMetadataForMarket - Tulsa Farmers' Market -Wholesale Division (67) - Updating Organization Fisher's Produce (3503)'s Stripe Customer cus_6445hAqzp19mue with {:description=>"Fisher's Produce", :metadata=>{"lo.entity_id"=>3503, "lo.entity_type"=>"organization"}}
[2015-06-02 11:08:05 -0400] - UpdateStripeCustomerMetadataForMarket - Tulsa Farmers' Market -Wholesale Division (67) - Updating Organization Greenwood Farms (3502)'s Stripe Customer cus_641a1rDugZVwUW with {:description=>"Greenwood Farms", :metadata=>{"lo.entity_id"=>3502, "lo.entity_type"=>"organization"}}
[2015-06-02 11:08:05 -0400] - UpdateStripeCustomerMetadataForMarket - Tulsa Farmers' Market -Wholesale Division (67) - No Stripe Customer linked to The Vault (3481).
[2015-06-02 11:08:05 -0400] - UpdateStripeCustomerMetadataForMarket - Tulsa Farmers' Market -Wholesale Division (67) - No Stripe Customer linked to Brady Tavern (3480).
[2015-06-02 11:08:05 -0400] - UpdateStripeCustomerMetadataForMarket - Tulsa Farmers' Market -Wholesale Division (67) - No Stripe Customer linked to Sky Farm (3467).
[2015-06-02 11:08:06 -0400] - UpdateStripeCustomerMetadataForMarket - Tulsa Farmers' Market -Wholesale Division (67) - Updating Organization R&G Grocers (3416)'s Stripe Customer cus_614li2ZTNb5z54 with {:description=>"R&G Grocers", :metadata=>{"lo.entity_id"=>3416, "lo.entity_type"=>"organization"}}
[2015-06-02 11:08:07 -0400] - UpdateStripeCustomerMetadataForMarket - Tulsa Farmers' Market -Wholesale Division (67) - Updating Organization Meals on Wheels (3412)'s Stripe Customer cus_611gyPtZAgRauW with {:description=>"Meals on Wheels", :metadata=>{"lo.entity_id"=>3412, "lo.entity_type"=>"organization"}}
[2015-06-02 11:08:07 -0400] - UpdateStripeCustomerMetadataForMarket - Tulsa Farmers' Market -Wholesale Division (67) - No Stripe Customer linked to Middle Mountain Dairy (3408).
[2015-06-02 11:08:08 -0400] - UpdateStripeCustomerMetadataForMarket - Tulsa Farmers' Market -Wholesale Division (67) - Updating Organization Canyon Ridge Farms (3398)'s Stripe Customer cus_60gRW7B1sv7j2j with {:description=>"Canyon Ridge Farms", :metadata=>{"lo.entity_id"=>3398, "lo.entity_type"=>"organization"}}
[2015-06-02 11:08:09 -0400] - UpdateStripeCustomerMetadataForMarket - Tulsa Farmers' Market -Wholesale Division (67) - Updating Organization Juniper (3389)'s Stripe Customer cus_5zb8v818ajML6R with {:description=>"Juniper", :metadata=>{"lo.entity_id"=>3389, "lo.entity_type"=>"organization"}}
[2015-06-02 11:08:10 -0400] - UpdateStripeCustomerMetadataForMarket - Tulsa Farmers' Market -Wholesale Division (67) - Updating Organization Trencher's Delicatessen (3388)'s Stripe Customer cus_5zb2YbJIn0VCD0 with {:description=>"Trencher's Delicatessen", :metadata=>{"lo.entity_id"=>3388, "lo.entity_type"=>"organization"}}
[2015-06-02 11:08:11 -0400] - UpdateStripeCustomerMetadataForMarket - Tulsa Farmers' Market -Wholesale Division (67) - Updating Organization The Living Kitchen Farm and Garden (3386)'s Stripe Customer cus_5zawEfL5qQ4vfn with {:description=>"The Living Kitchen Farm and Garden", :metadata=>{"lo.entity_id"=>3386, "lo.entity_type"=>"organization"}}
[2015-06-02 11:08:12 -0400] - UpdateStripeCustomerMetadataForMarket - Tulsa Farmers' Market -Wholesale Division (67) - Updating Organization Renaissance Hotel (3385)'s Stripe Customer cus_5zar6Ut352X4gl with {:description=>"Renaissance Hotel", :metadata=>{"lo.entity_id"=>3385, "lo.entity_type"=>"organization"}}
[2015-06-02 11:08:13 -0400] - UpdateStripeCustomerMetadataForMarket - Tulsa Farmers' Market -Wholesale Division (67) - Updating Organization Cafe Samana (3384)'s Stripe Customer cus_5zangKluPE1LL8 with {:description=>"Cafe Samana", :metadata=>{"lo.entity_id"=>3384, "lo.entity_type"=>"organization"}}
[2015-06-02 11:08:14 -0400] - UpdateStripeCustomerMetadataForMarket - Tulsa Farmers' Market -Wholesale Division (67) - Updating Organization Smoke on Cherry Street (3383)'s Stripe Customer cus_5zah9fCvl6v1L2 with {:description=>"Smoke on Cherry Street", :metadata=>{"lo.entity_id"=>3383, "lo.entity_type"=>"organization"}}
[2015-06-02 11:08:15 -0400] - UpdateStripeCustomerMetadataForMarket - Tulsa Farmers' Market -Wholesale Division (67) - Updating Organization Tallgrass Prairie Table (3382)'s Stripe Customer cus_5zaYyHD5I162d4 with {:description=>"Tallgrass Prairie Table", :metadata=>{"lo.entity_id"=>3382, "lo.entity_type"=>"organization"}}
[2015-06-02 11:08:16 -0400] - UpdateStripeCustomerMetadataForMarket - Tulsa Farmers' Market -Wholesale Division (67) - Updating Organization Green Country Local Produce (3380)'s Stripe Customer cus_5zZeoiIGQrBXEP with {:description=>"Green Country Local Produce", :metadata=>{"lo.entity_id"=>3380, "lo.entity_type"=>"organization"}}
[2015-06-02 11:08:17 -0400] - UpdateStripeCustomerMetadataForMarket - Tulsa Farmers' Market -Wholesale Division (67) - Updating Organization Antoinette Baking Company (3374)'s Stripe Customer cus_5zFwIsJKs6WFSo with {:description=>"Antoinette Baking Company", :metadata=>{"lo.entity_id"=>3374, "lo.entity_type"=>"organization"}}
[2015-06-02 11:08:18 -0400] - UpdateStripeCustomerMetadataForMarket - Tulsa Farmers' Market -Wholesale Division (67) - Updating Organization McClain's (3373)'s Stripe Customer cus_5zFvZNWVDNXqTe with {:description=>"McClain's", :metadata=>{"lo.entity_id"=>3373, "lo.entity_type"=>"organization"}}
[2015-06-02 11:08:19 -0400] - UpdateStripeCustomerMetadataForMarket - Tulsa Farmers' Market -Wholesale Division (67) - Updating Organization K2 Farm (3351)'s Stripe Customer cus_5yNaZNu8XKlPoM with {:description=>"K2 Farm", :metadata=>{"lo.entity_id"=>3351, "lo.entity_type"=>"organization"}}
[2015-06-02 11:08:20 -0400] - UpdateStripeCustomerMetadataForMarket - Tulsa Farmers' Market -Wholesale Division (67) - Updating Organization LOMAH Dairy (3346)'s Stripe Customer cus_5y8EDMRqBcbQdV with {:description=>"LOMAH Dairy", :metadata=>{"lo.entity_id"=>3346, "lo.entity_type"=>"organization"}}
[2015-06-02 11:08:21 -0400] - UpdateStripeCustomerMetadataForMarket - Tulsa Farmers' Market -Wholesale Division (67) - Updating Organization Tria Yang Farm (3345)'s Stripe Customer cus_5y8EuK0l6NgpBy with {:description=>"Tria Yang Farm", :metadata=>{"lo.entity_id"=>3345, "lo.entity_type"=>"organization"}}
[2015-06-02 11:08:22 -0400] - UpdateStripeCustomerMetadataForMarket - Tulsa Farmers' Market -Wholesale Division (67) - Updating Organization Koehn's Grassfed (3344)'s Stripe Customer cus_5y8EV6qhhudkOD with {:description=>"Koehn's Grassfed", :metadata=>{"lo.entity_id"=>3344, "lo.entity_type"=>"organization"}}
[2015-06-02 11:08:23 -0400] - UpdateStripeCustomerMetadataForMarket - Tulsa Farmers' Market -Wholesale Division (67) - Updating Organization Knight Creek Farm (3343)'s Stripe Customer cus_5y8DKePgc8rH7W with {:description=>"Knight Creek Farm", :metadata=>{"lo.entity_id"=>3343, "lo.entity_type"=>"organization"}}
[2015-06-02 11:08:25 -0400] - UpdateStripeCustomerMetadataForMarket - Tulsa Farmers' Market -Wholesale Division (67) - Updating Organization Cabin Creek Berry Farm (3342)'s Stripe Customer cus_5y8DZIIIfzHjwd with {:description=>"Cabin Creek Berry Farm", :metadata=>{"lo.entity_id"=>3342, "lo.entity_type"=>"organization"}}
[2015-06-02 11:08:26 -0400] - UpdateStripeCustomerMetadataForMarket - Tulsa Farmers' Market -Wholesale Division (67) - Updating Organization Wagon Creek Creamery (3341)'s Stripe Customer cus_5y7tF16qWIKCuV with {:description=>"Wagon Creek Creamery", :metadata=>{"lo.entity_id"=>3341, "lo.entity_type"=>"organization"}}
[2015-06-02 11:08:27 -0400] - UpdateStripeCustomerMetadataForMarket - Tulsa Farmers' Market -Wholesale Division (67) - Updating Organization Chilli's Garden (3340)'s Stripe Customer cus_5y6NLCFHvFVmpF with {:description=>"Chilli's Garden", :metadata=>{"lo.entity_id"=>3340, "lo.entity_type"=>"organization"}}
[2015-06-02 11:08:28 -0400] - UpdateStripeCustomerMetadataForMarket - Tulsa Farmers' Market -Wholesale Division (67) - Updating Organization Blakley Family Farms (3339)'s Stripe Customer cus_5y5DiVFEFosThF with {:description=>"Blakley Family Farms", :metadata=>{"lo.entity_id"=>3339, "lo.entity_type"=>"organization"}}
[2015-06-02 11:08:29 -0400] - UpdateStripeCustomerMetadataForMarket - Tulsa Farmers' Market -Wholesale Division (67) - Updating Organization Country Garden Farm (3338)'s Stripe Customer cus_5y4aKTgQThVEmj with {:description=>"Country Garden Farm", :metadata=>{"lo.entity_id"=>3338, "lo.entity_type"=>"organization"}}
[2015-06-02 11:08:30 -0400] - UpdateStripeCustomerMetadataForMarket - Tulsa Farmers' Market -Wholesale Division (67) - Updating Organization Bootstrap Farm (3249)'s Stripe Customer cus_5vUV2eFpROESZU with {:description=>"Bootstrap Farm", :metadata=>{"lo.entity_id"=>3249, "lo.entity_type"=>"organization"}}
[2015-06-02 11:08:30 -0400] - UpdateStripeCustomerMetadataForMarket - Tulsa Farmers' Market -Wholesale Division (67) - No Stripe Customer linked to Scissortail Farms (3210).
