[2015-06-02 11:01:04 -0400] - UpdateStripeCustomerMetadataForMarket - Big City Farms (36) - ====================================================================================================
[2015-06-02 11:01:04 -0400] - UpdateStripeCustomerMetadataForMarket - Big City Farms (36) -  Big City Farms (36)
[2015-06-02 11:01:04 -0400] - UpdateStripeCustomerMetadataForMarket - Big City Farms (36) -  Updating stripe customer metadata for Market and all Organizations.
[2015-06-02 11:01:04 -0400] - UpdateStripeCustomerMetadataForMarket - Big City Farms (36) - 
[2015-06-02 11:01:04 -0400] - UpdateStripeCustomerMetadataForMarket - Big City Farms (36) -  Rails.env: production
[2015-06-02 11:01:04 -0400] - UpdateStripeCustomerMetadataForMarket - Big City Farms (36) -  Stripe key: pk_live_j85VTsrz51POrss3ni460qaf
[2015-06-02 11:01:04 -0400] - UpdateStripeCustomerMetadataForMarket - Big City Farms (36) - ====================================================================================================
[2015-06-02 11:01:05 -0400] - UpdateStripeCustomerMetadataForMarket - Big City Farms (36) - Updating Market's Stripe Customer with {:description=>"Big City Farms", :metadata=>{"lo.entity_id"=>36, "lo.entity_type"=>"market"}}
[2015-06-02 11:01:05 -0400] - UpdateStripeCustomerMetadataForMarket - Big City Farms (36) - No Stripe Customer linked to the ivy hotel (4062).
[2015-06-02 11:01:05 -0400] - UpdateStripeCustomerMetadataForMarket - Big City Farms (36) - No Stripe Customer linked to Atwater's canton (4059).
[2015-06-02 11:01:05 -0400] - UpdateStripeCustomerMetadataForMarket - Big City Farms (36) - No Stripe Customer linked to camp putok (3987).
[2015-06-02 11:01:05 -0400] - UpdateStripeCustomerMetadataForMarket - Big City Farms (36) - No Stripe Customer linked to Parts & Labor (3887).
[2015-06-02 11:01:06 -0400] - UpdateStripeCustomerMetadataForMarket - Big City Farms (36) - Updating Organization Blacksauce Kitchen (3847)'s Stripe Customer cus_6HvJEp5grPC8ck with {:description=>"Blacksauce Kitchen", :metadata=>{"lo.entity_id"=>3847, "lo.entity_type"=>"organization"}}
[2015-06-02 11:01:07 -0400] - UpdateStripeCustomerMetadataForMarket - Big City Farms (36) - Updating Organization The Ivy Hotel (3834)'s Stripe Customer cus_6GPjsRqJxJkMoi with {:description=>"The Ivy Hotel", :metadata=>{"lo.entity_id"=>3834, "lo.entity_type"=>"organization"}}
[2015-06-02 11:01:08 -0400] - UpdateStripeCustomerMetadataForMarket - Big City Farms (36) - Updating Organization The Brewer's Art (3821)'s Stripe Customer cus_6GQo2mpFkdvOkc with {:description=>"The Brewer's Art", :metadata=>{"lo.entity_id"=>3821, "lo.entity_type"=>"organization"}}
[2015-06-02 11:01:09 -0400] - UpdateStripeCustomerMetadataForMarket - Big City Farms (36) - Updating Organization Joe Squared - Powerplant (3794)'s Stripe Customer cus_6EwqEtpwhTQVTO with {:description=>"Joe Squared - Powerplant", :metadata=>{"lo.entity_id"=>3794, "lo.entity_type"=>"organization"}}
[2015-06-02 11:01:10 -0400] - UpdateStripeCustomerMetadataForMarket - Big City Farms (36) - Updating Organization Nakia's Peace of Life (3680)'s Stripe Customer cus_69ydyIshw2IoPK with {:description=>"Nakia's Peace of Life", :metadata=>{"lo.entity_id"=>3680, "lo.entity_type"=>"organization"}}
[2015-06-02 11:01:11 -0400] - UpdateStripeCustomerMetadataForMarket - Big City Farms (36) - Updating Organization Washington's Green Grocer (3661)'s Stripe Customer cus_69Jj6lf8yI1hd6 with {:description=>"Washington's Green Grocer", :metadata=>{"lo.entity_id"=>3661, "lo.entity_type"=>"organization"}}
[2015-06-02 11:01:12 -0400] - UpdateStripeCustomerMetadataForMarket - Big City Farms (36) - Updating Organization From the Farmer (3602)'s Stripe Customer cus_675YUOZR62AgMH with {:description=>"From the Farmer", :metadata=>{"lo.entity_id"=>3602, "lo.entity_type"=>"organization"}}
[2015-06-02 11:01:13 -0400] - UpdateStripeCustomerMetadataForMarket - Big City Farms (36) - Updating Organization Loyola - Parkhurst Dining (3589)'s Stripe Customer cus_66dD6QSmlt8LbN with {:description=>"Loyola - Parkhurst Dining", :metadata=>{"lo.entity_id"=>3589, "lo.entity_type"=>"organization"}}
[2015-06-02 11:01:14 -0400] - UpdateStripeCustomerMetadataForMarket - Big City Farms (36) - Updating Organization Local Pie (3587)'s Stripe Customer cus_66crnQfWyXFmbo with {:description=>"Local Pie", :metadata=>{"lo.entity_id"=>3587, "lo.entity_type"=>"organization"}}
[2015-06-02 11:01:15 -0400] - UpdateStripeCustomerMetadataForMarket - Big City Farms (36) - Updating Organization Renaissance Baltimore Harborplace Hotel (3482)'s Stripe Customer cus_63hswsy90AaTwV with {:description=>"Renaissance Baltimore Harborplace Hotel", :metadata=>{"lo.entity_id"=>3482, "lo.entity_type"=>"organization"}}
[2015-06-02 11:01:17 -0400] - UpdateStripeCustomerMetadataForMarket - Big City Farms (36) - Updating Organization La Cuchara (3458)'s Stripe Customer cus_630DWVR5LJ5SpU with {:description=>"La Cuchara", :metadata=>{"lo.entity_id"=>3458, "lo.entity_type"=>"organization"}}
[2015-06-02 11:01:17 -0400] - UpdateStripeCustomerMetadataForMarket - Big City Farms (36) - No Stripe Customer linked to Test Customer 7 (3457).
[2015-06-02 11:01:17 -0400] - UpdateStripeCustomerMetadataForMarket - Big City Farms (36) - No Stripe Customer linked to Hometown Harvest (3429).
[2015-06-02 11:01:17 -0400] - UpdateStripeCustomerMetadataForMarket - Big City Farms (36) - No Stripe Customer linked to St. Timothy's School (3387).
[2015-06-02 11:01:18 -0400] - UpdateStripeCustomerMetadataForMarket - Big City Farms (36) - Updating Organization Test Customer 6 (3082)'s Stripe Customer cus_5uQ5TiAA0wVHWE with {:description=>"Test Customer 6", :metadata=>{"lo.entity_id"=>3082, "lo.entity_type"=>"organization"}}
[2015-06-02 11:01:19 -0400] - UpdateStripeCustomerMetadataForMarket - Big City Farms (36) - Updating Organization Test Customer 5 (3081)'s Stripe Customer cus_5uQ5jglOjM8107 with {:description=>"Test Customer 5", :metadata=>{"lo.entity_id"=>3081, "lo.entity_type"=>"organization"}}
[2015-06-02 11:01:20 -0400] - UpdateStripeCustomerMetadataForMarket - Big City Farms (36) - Updating Organization Test Customer 4 (3080)'s Stripe Customer cus_5uQ5psQq4u9N5D with {:description=>"Test Customer 4", :metadata=>{"lo.entity_id"=>3080, "lo.entity_type"=>"organization"}}
[2015-06-02 11:01:26 -0400] - UpdateStripeCustomerMetadataForMarket - Big City Farms (36) - Updating Organization Test Customer 3 (3079)'s Stripe Customer cus_5uQ58Jb6Ps9joK with {:description=>"Test Customer 3", :metadata=>{"lo.entity_id"=>3079, "lo.entity_type"=>"organization"}}
[2015-06-02 11:01:26 -0400] - UpdateStripeCustomerMetadataForMarket - Big City Farms (36) - No Stripe Customer linked to Test Customer 2 (3075).
[2015-06-02 11:01:27 -0400] - UpdateStripeCustomerMetadataForMarket - Big City Farms (36) - Updating Organization Artifact (2578)'s Stripe Customer cus_5uQ4s3Qgiqwg01 with {:description=>"Artifact", :metadata=>{"lo.entity_id"=>2578, "lo.entity_type"=>"organization"}}
[2015-06-02 11:01:28 -0400] - UpdateStripeCustomerMetadataForMarket - Big City Farms (36) - Updating Organization Shoofly (2577)'s Stripe Customer cus_5uQ5UiWPv6kJWW with {:description=>"Shoofly", :metadata=>{"lo.entity_id"=>2577, "lo.entity_type"=>"organization"}}
[2015-06-02 11:01:29 -0400] - UpdateStripeCustomerMetadataForMarket - Big City Farms (36) - Updating Organization Woodberry Kitchen (2477)'s Stripe Customer cus_5uQ5gWG8MtHpy6 with {:description=>"Woodberry Kitchen", :metadata=>{"lo.entity_id"=>2477, "lo.entity_type"=>"organization"}}
[2015-06-02 11:01:30 -0400] - UpdateStripeCustomerMetadataForMarket - Big City Farms (36) - Updating Organization Hopkins - Catering (2326)'s Stripe Customer cus_5uQ59Y0ZcCRjvI with {:description=>"Hopkins - Catering", :metadata=>{"lo.entity_id"=>2326, "lo.entity_type"=>"organization"}}
[2015-06-02 11:01:30 -0400] - UpdateStripeCustomerMetadataForMarket - Big City Farms (36) - No Stripe Customer linked to cunninghams restaurant (2285).
[2015-06-02 11:01:30 -0400] - UpdateStripeCustomerMetadataForMarket - Big City Farms (36) - No Stripe Customer linked to cunninghams restaurant (2284).
[2015-06-02 11:01:31 -0400] - UpdateStripeCustomerMetadataForMarket - Big City Farms (36) - Updating Organization Atwater's Hopkins (JHH) (2254)'s Stripe Customer cus_5uQ42hhfaijy0R with {:description=>"Atwater's Hopkins (JHH)", :metadata=>{"lo.entity_id"=>2254, "lo.entity_type"=>"organization"}}
[2015-06-02 11:01:32 -0400] - UpdateStripeCustomerMetadataForMarket - Big City Farms (36) - Updating Organization The Corner Pantry (2253)'s Stripe Customer cus_5uQ4poTIRBM1hC with {:description=>"The Corner Pantry", :metadata=>{"lo.entity_id"=>2253, "lo.entity_type"=>"organization"}}
[2015-06-02 11:01:33 -0400] - UpdateStripeCustomerMetadataForMarket - Big City Farms (36) - Updating Organization Goucher - Heubeck (2241)'s Stripe Customer cus_5uQ4hYIUrnpPQu with {:description=>"Goucher - Heubeck", :metadata=>{"lo.entity_id"=>2241, "lo.entity_type"=>"organization"}}
[2015-06-02 11:01:34 -0400] - UpdateStripeCustomerMetadataForMarket - Big City Farms (36) - Updating Organization Grano Emporio (2219)'s Stripe Customer cus_5uQ4MYeYm7ythb with {:description=>"Grano Emporio", :metadata=>{"lo.entity_id"=>2219, "lo.entity_type"=>"organization"}}
[2015-06-02 11:01:35 -0400] - UpdateStripeCustomerMetadataForMarket - Big City Farms (36) - Updating Organization Atwaters Belvedere  (2212)'s Stripe Customer cus_5uQ4rViUyTOgRr with {:description=>"Atwaters Belvedere ", :metadata=>{"lo.entity_id"=>2212, "lo.entity_type"=>"organization"}}
[2015-06-02 11:01:36 -0400] - UpdateStripeCustomerMetadataForMarket - Big City Farms (36) - Updating Organization Atwaters - Big Kitchen (2204)'s Stripe Customer cus_5uQ4L8OW0G26Mb with {:description=>"Atwaters - Big Kitchen", :metadata=>{"lo.entity_id"=>2204, "lo.entity_type"=>"organization"}}
[2015-06-02 11:01:37 -0400] - UpdateStripeCustomerMetadataForMarket - Big City Farms (36) - Updating Organization Hopkins - Nolan's on 33rd (2182)'s Stripe Customer cus_5uQ41TJ68Dlj2B with {:description=>"Hopkins - Nolan's on 33rd", :metadata=>{"lo.entity_id"=>2182, "lo.entity_type"=>"organization"}}
[2015-06-02 11:01:39 -0400] - UpdateStripeCustomerMetadataForMarket - Big City Farms (36) - Updating Organization Hopkins - Fresh Food Cafe (2181)'s Stripe Customer cus_5uQ4B7Iswr7MjL with {:description=>"Hopkins - Fresh Food Cafe", :metadata=>{"lo.entity_id"=>2181, "lo.entity_type"=>"organization"}}
[2015-06-02 11:01:40 -0400] - UpdateStripeCustomerMetadataForMarket - Big City Farms (36) - Updating Organization Hopkins - Levering (2179)'s Stripe Customer cus_5uQ4djMCS3yoLf with {:description=>"Hopkins - Levering", :metadata=>{"lo.entity_id"=>2179, "lo.entity_type"=>"organization"}}
[2015-06-02 11:01:41 -0400] - UpdateStripeCustomerMetadataForMarket - Big City Farms (36) - Updating Organization Atwater's Kenilworth (2161)'s Stripe Customer cus_5uQ5dv9w7i822B with {:description=>"Atwater's Kenilworth", :metadata=>{"lo.entity_id"=>2161, "lo.entity_type"=>"organization"}}
[2015-06-02 11:01:42 -0400] - UpdateStripeCustomerMetadataForMarket - Big City Farms (36) - Updating Organization Hopkins - Charles St Market (2145)'s Stripe Customer cus_5uQ46unN2xdL76 with {:description=>"Hopkins - Charles St Market", :metadata=>{"lo.entity_id"=>2145, "lo.entity_type"=>"organization"}}
[2015-06-02 11:01:43 -0400] - UpdateStripeCustomerMetadataForMarket - Big City Farms (36) - Updating Organization Sobo Cafe (2137)'s Stripe Customer cus_5uQ5lngTGK7TlI with {:description=>"Sobo Cafe", :metadata=>{"lo.entity_id"=>2137, "lo.entity_type"=>"organization"}}
[2015-06-02 11:01:44 -0400] - UpdateStripeCustomerMetadataForMarket - Big City Farms (36) - Updating Organization Wine Market Bistro (2136)'s Stripe Customer cus_5uQ42orS4qWigH with {:description=>"Wine Market Bistro", :metadata=>{"lo.entity_id"=>2136, "lo.entity_type"=>"organization"}}
[2015-06-02 11:01:45 -0400] - UpdateStripeCustomerMetadataForMarket - Big City Farms (36) - Updating Organization The Waterfront Hotel (2135)'s Stripe Customer cus_5uQ4yYIlgff0FV with {:description=>"The Waterfront Hotel", :metadata=>{"lo.entity_id"=>2135, "lo.entity_type"=>"organization"}}
[2015-06-02 11:01:46 -0400] - UpdateStripeCustomerMetadataForMarket - Big City Farms (36) - Updating Organization Relay Foods (2134)'s Stripe Customer cus_5uQ4hkTaKPiaH6 with {:description=>"Relay Foods", :metadata=>{"lo.entity_id"=>2134, "lo.entity_type"=>"organization"}}
[2015-06-02 11:01:47 -0400] - UpdateStripeCustomerMetadataForMarket - Big City Farms (36) - Updating Organization Joe Squared - North Ave (2133)'s Stripe Customer cus_5uQ41Gu5zpcOsu with {:description=>"Joe Squared - North Ave", :metadata=>{"lo.entity_id"=>2133, "lo.entity_type"=>"organization"}}
[2015-06-02 11:01:48 -0400] - UpdateStripeCustomerMetadataForMarket - Big City Farms (36) - Updating Organization Farmstead Grill (2132)'s Stripe Customer cus_5uQ4udc8xFQNW7 with {:description=>"Farmstead Grill", :metadata=>{"lo.entity_id"=>2132, "lo.entity_type"=>"organization"}}
[2015-06-02 11:01:49 -0400] - UpdateStripeCustomerMetadataForMarket - Big City Farms (36) - Updating Organization Brewer's Art (2131)'s Stripe Customer cus_5uQ4UkXZv7p4wD with {:description=>"Brewer's Art", :metadata=>{"lo.entity_id"=>2131, "lo.entity_type"=>"organization"}}
[2015-06-02 11:01:50 -0400] - UpdateStripeCustomerMetadataForMarket - Big City Farms (36) - Updating Organization Birroteca (2130)'s Stripe Customer cus_5uQ4I5WHhGXTar with {:description=>"Birroteca", :metadata=>{"lo.entity_id"=>2130, "lo.entity_type"=>"organization"}}
[2015-06-02 11:01:50 -0400] - UpdateStripeCustomerMetadataForMarket - Big City Farms (36) - Updating Organization B&O American Brasserie (2129)'s Stripe Customer cus_5uQ4P8qtkC5f8J with {:description=>"B&O American Brasserie", :metadata=>{"lo.entity_id"=>2129, "lo.entity_type"=>"organization"}}
[2015-06-02 11:01:51 -0400] - UpdateStripeCustomerMetadataForMarket - Big City Farms (36) - Updating Organization Atwater's Falls Road (2126)'s Stripe Customer cus_5uQ4t0oTybex81 with {:description=>"Atwater's Falls Road", :metadata=>{"lo.entity_id"=>2126, "lo.entity_type"=>"organization"}}
[2015-06-02 11:01:52 -0400] - UpdateStripeCustomerMetadataForMarket - Big City Farms (36) - Updating Organization Goucher - Stimson (2121)'s Stripe Customer cus_5uQ47sG0Yxdz4Y with {:description=>"Goucher - Stimson", :metadata=>{"lo.entity_id"=>2121, "lo.entity_type"=>"organization"}}
[2015-06-02 11:01:54 -0400] - UpdateStripeCustomerMetadataForMarket - Big City Farms (36) - Updating Organization Ryleigh's Oyster - Hunt Valley (2119)'s Stripe Customer cus_5uQ5xhdPU9ucl3 with {:description=>"Ryleigh's Oyster - Hunt Valley", :metadata=>{"lo.entity_id"=>2119, "lo.entity_type"=>"organization"}}
[2015-06-02 11:01:55 -0400] - UpdateStripeCustomerMetadataForMarket - Big City Farms (36) - Updating Organization Ryleigh's Oyster - Federal Hill (2118)'s Stripe Customer cus_5uQ43FXKX1QQEv with {:description=>"Ryleigh's Oyster - Federal Hill", :metadata=>{"lo.entity_id"=>2118, "lo.entity_type"=>"organization"}}
[2015-06-02 11:01:56 -0400] - UpdateStripeCustomerMetadataForMarket - Big City Farms (36) - Updating Organization Pen and Quill (2117)'s Stripe Customer cus_5uQ4NIk5r6DM5D with {:description=>"Pen and Quill", :metadata=>{"lo.entity_id"=>2117, "lo.entity_type"=>"organization"}}
[2015-06-02 11:01:57 -0400] - UpdateStripeCustomerMetadataForMarket - Big City Farms (36) - Updating Organization Dooby's (2115)'s Stripe Customer cus_5uQ5VLErS4NC9Q with {:description=>"Dooby's", :metadata=>{"lo.entity_id"=>2115, "lo.entity_type"=>"organization"}}
[2015-06-02 11:01:58 -0400] - UpdateStripeCustomerMetadataForMarket - Big City Farms (36) - Updating Organization Fleet Street Kitchen (2110)'s Stripe Customer cus_5uQ4hVfWh2m0uv with {:description=>"Fleet Street Kitchen", :metadata=>{"lo.entity_id"=>2110, "lo.entity_type"=>"organization"}}
[2015-06-02 11:02:00 -0400] - UpdateStripeCustomerMetadataForMarket - Big City Farms (36) - Updating Organization Test Customer (1911)'s Stripe Customer cus_5uQ4sXiwpiDgej with {:description=>"Test Customer", :metadata=>{"lo.entity_id"=>1911, "lo.entity_type"=>"organization"}}
[2015-06-02 11:02:01 -0400] - UpdateStripeCustomerMetadataForMarket - Big City Farms (36) - Updating Organization Cunningham's (1806)'s Stripe Customer cus_5uQ4kFXsagpNYf with {:description=>"Cunningham's", :metadata=>{"lo.entity_id"=>1806, "lo.entity_type"=>"organization"}}
[2015-06-02 11:02:02 -0400] - UpdateStripeCustomerMetadataForMarket - Big City Farms (36) - Updating Organization Cowboys and Rednecks (1805)'s Stripe Customer cus_5uQ4eisHwrej5Z with {:description=>"Cowboys and Rednecks", :metadata=>{"lo.entity_id"=>1805, "lo.entity_type"=>"organization"}}
[2015-06-02 11:02:03 -0400] - UpdateStripeCustomerMetadataForMarket - Big City Farms (36) - Updating Organization Eddie's Mt Vernon (1804)'s Stripe Customer cus_5uQ4qPonSJce9z with {:description=>"Eddie's Mt Vernon", :metadata=>{"lo.entity_id"=>1804, "lo.entity_type"=>"organization"}}
[2015-06-02 11:02:03 -0400] - UpdateStripeCustomerMetadataForMarket - Big City Farms (36) - Updating Organization Woodberry Group (1802)'s Stripe Customer cus_5uQ5KtRbSE76WM with {:description=>"Woodberry Group", :metadata=>{"lo.entity_id"=>1802, "lo.entity_type"=>"organization"}}
[2015-06-02 11:02:04 -0400] - UpdateStripeCustomerMetadataForMarket - Big City Farms (36) - Updating Organization Nickel Taphouse (1801)'s Stripe Customer cus_5uQ4XSvjThDQ80 with {:description=>"Nickel Taphouse", :metadata=>{"lo.entity_id"=>1801, "lo.entity_type"=>"organization"}}
[2015-06-02 11:02:05 -0400] - UpdateStripeCustomerMetadataForMarket - Big City Farms (36) - Updating Organization Atwater's Catonsville (1800)'s Stripe Customer cus_5uQ4eMac7AyO5S with {:description=>"Atwater's Catonsville", :metadata=>{"lo.entity_id"=>1800, "lo.entity_type"=>"organization"}}
[2015-06-02 11:02:06 -0400] - UpdateStripeCustomerMetadataForMarket - Big City Farms (36) - Updating Organization Heavy Seas Ale House (1799)'s Stripe Customer cus_5uQ47FTplMmC9E with {:description=>"Heavy Seas Ale House", :metadata=>{"lo.entity_id"=>1799, "lo.entity_type"=>"organization"}}
[2015-06-02 11:02:07 -0400] - UpdateStripeCustomerMetadataForMarket - Big City Farms (36) - Updating Organization Felici (1798)'s Stripe Customer cus_5uQ4qILwgio4NL with {:description=>"Felici", :metadata=>{"lo.entity_id"=>1798, "lo.entity_type"=>"organization"}}
[2015-06-02 11:02:08 -0400] - UpdateStripeCustomerMetadataForMarket - Big City Farms (36) - Updating Organization Spoons (1797)'s Stripe Customer cus_5uQ467mkrPzsL2 with {:description=>"Spoons", :metadata=>{"lo.entity_id"=>1797, "lo.entity_type"=>"organization"}}
[2015-06-02 11:02:10 -0400] - UpdateStripeCustomerMetadataForMarket - Big City Farms (36) - Updating Organization Cafe Azafran (1795)'s Stripe Customer cus_5uQ4GYetw1ayWU with {:description=>"Cafe Azafran", :metadata=>{"lo.entity_id"=>1795, "lo.entity_type"=>"organization"}}
[2015-06-02 11:02:11 -0400] - UpdateStripeCustomerMetadataForMarket - Big City Farms (36) - Updating Organization Milk and Honey (1794)'s Stripe Customer cus_5uQ5C1i3VURwDa with {:description=>"Milk and Honey", :metadata=>{"lo.entity_id"=>1794, "lo.entity_type"=>"organization"}}
[2015-06-02 11:02:12 -0400] - UpdateStripeCustomerMetadataForMarket - Big City Farms (36) - Updating Organization Ten Ten (1793)'s Stripe Customer cus_5uQ4NKG4up0dhW with {:description=>"Ten Ten", :metadata=>{"lo.entity_id"=>1793, "lo.entity_type"=>"organization"}}
[2015-06-02 11:02:13 -0400] - UpdateStripeCustomerMetadataForMarket - Big City Farms (36) - Updating Organization Corner Pantry (1792)'s Stripe Customer cus_5uQ4GHDeg3mlq6 with {:description=>"Corner Pantry", :metadata=>{"lo.entity_id"=>1792, "lo.entity_type"=>"organization"}}
[2015-06-02 11:02:14 -0400] - UpdateStripeCustomerMetadataForMarket - Big City Farms (36) - Updating Organization Barracudas Tavern (1791)'s Stripe Customer cus_5uQ4AIT2nTxYBc with {:description=>"Barracudas Tavern", :metadata=>{"lo.entity_id"=>1791, "lo.entity_type"=>"organization"}}
[2015-06-02 11:02:15 -0400] - UpdateStripeCustomerMetadataForMarket - Big City Farms (36) - Updating Organization Bluegrass (1790)'s Stripe Customer cus_5uQ5uaPaB5WiXn with {:description=>"Bluegrass", :metadata=>{"lo.entity_id"=>1790, "lo.entity_type"=>"organization"}}
[2015-06-02 11:02:16 -0400] - UpdateStripeCustomerMetadataForMarket - Big City Farms (36) - Updating Organization Atwater's Canton (1788)'s Stripe Customer cus_5uQ4hlEPupdzY6 with {:description=>"Atwater's Canton", :metadata=>{"lo.entity_id"=>1788, "lo.entity_type"=>"organization"}}
[2015-06-02 11:02:17 -0400] - UpdateStripeCustomerMetadataForMarket - Big City Farms (36) - Updating Organization Marriott Inner Harbor (1786)'s Stripe Customer cus_5uQ4OkIGdiDzRp with {:description=>"Marriott Inner Harbor", :metadata=>{"lo.entity_id"=>1786, "lo.entity_type"=>"organization"}}
[2015-06-02 11:02:18 -0400] - UpdateStripeCustomerMetadataForMarket - Big City Farms (36) - Updating Organization Gertrude's (1785)'s Stripe Customer cus_5uQ4SCRokfBEmG with {:description=>"Gertrude's", :metadata=>{"lo.entity_id"=>1785, "lo.entity_type"=>"organization"}}
[2015-06-02 11:02:19 -0400] - UpdateStripeCustomerMetadataForMarket - Big City Farms (36) - Updating Organization Waterfront Kitchen (1769)'s Stripe Customer cus_5uQ4nkAFunPzNm with {:description=>"Waterfront Kitchen", :metadata=>{"lo.entity_id"=>1769, "lo.entity_type"=>"organization"}}
[2015-06-02 11:02:20 -0400] - UpdateStripeCustomerMetadataForMarket - Big City Farms (36) - Updating Organization Big City Farms (1611)'s Stripe Customer cus_5uQ4KxTWMTTInf with {:description=>"Big City Farms", :metadata=>{"lo.entity_id"=>1611, "lo.entity_type"=>"organization"}}
