[2015-06-02 11:20:46 -0400] - UpdateStripeCustomerMetadataForMarket - North Valley Food Hub CSUC Associated Students (63) - ====================================================================================================
[2015-06-02 11:20:46 -0400] - UpdateStripeCustomerMetadataForMarket - North Valley Food Hub CSUC Associated Students (63) -  North Valley Food Hub CSUC Associated Students (63)
[2015-06-02 11:20:46 -0400] - UpdateStripeCustomerMetadataForMarket - North Valley Food Hub CSUC Associated Students (63) -  Updating stripe customer metadata for Market and all Organizations.
[2015-06-02 11:20:46 -0400] - UpdateStripeCustomerMetadataForMarket - North Valley Food Hub CSUC Associated Students (63) - 
[2015-06-02 11:20:46 -0400] - UpdateStripeCustomerMetadataForMarket - North Valley Food Hub CSUC Associated Students (63) -  Rails.env: production
[2015-06-02 11:20:46 -0400] - UpdateStripeCustomerMetadataForMarket - North Valley Food Hub CSUC Associated Students (63) -  Stripe key: pk_live_j85VTsrz51POrss3ni460qaf
[2015-06-02 11:20:46 -0400] - UpdateStripeCustomerMetadataForMarket - North Valley Food Hub CSUC Associated Students (63) - ====================================================================================================
[2015-06-02 11:20:47 -0400] - UpdateStripeCustomerMetadataForMarket - North Valley Food Hub CSUC Associated Students (63) - Updating Market's Stripe Customer with {:description=>"North Valley Food Hub CSUC Associated Students", :metadata=>{"lo.entity_id"=>63, "lo.entity_type"=>"market"}}
[2015-06-02 11:20:48 -0400] - UpdateStripeCustomerMetadataForMarket - North Valley Food Hub CSUC Associated Students (63) - Updating Organization Rancho Llano Seco (3807)'s Stripe Customer cus_6FILyZ1Vaha39h with {:description=>"Rancho Llano Seco", :metadata=>{"lo.entity_id"=>3807, "lo.entity_type"=>"organization"}}
[2015-06-02 11:20:48 -0400] - UpdateStripeCustomerMetadataForMarket - North Valley Food Hub CSUC Associated Students (63) - No Stripe Customer linked to BW Farms (2903).
[2015-06-02 11:20:48 -0400] - UpdateStripeCustomerMetadataForMarket - North Valley Food Hub CSUC Associated Students (63) - No Stripe Customer linked to Massa Organics  (70).
[2015-06-02 11:20:49 -0400] - UpdateStripeCustomerMetadataForMarket - North Valley Food Hub CSUC Associated Students (63) - Updating Organization D.Maciel Farms (3379)'s Stripe Customer cus_5zYVviZe2ESgMZ with {:description=>"D.Maciel Farms", :metadata=>{"lo.entity_id"=>3379, "lo.entity_type"=>"organization"}}
[2015-06-02 11:20:49 -0400] - UpdateStripeCustomerMetadataForMarket - North Valley Food Hub CSUC Associated Students (63) - No Stripe Customer linked to Triple J Farms (2033).
[2015-06-02 11:20:50 -0400] - UpdateStripeCustomerMetadataForMarket - North Valley Food Hub CSUC Associated Students (63) - Updating Organization ASDS School Meal Program (2815)'s Stripe Customer cus_5uQ42urA0Q1PK4 with {:description=>"ASDS School Meal Program", :metadata=>{"lo.entity_id"=>2815, "lo.entity_type"=>"organization"}}
[2015-06-02 11:20:51 -0400] - UpdateStripeCustomerMetadataForMarket - North Valley Food Hub CSUC Associated Students (63) - Updating Organization ASDS Common Grounds & Creekside (2814)'s Stripe Customer cus_5uQ4yMq5esybgV with {:description=>"ASDS Common Grounds & Creekside", :metadata=>{"lo.entity_id"=>2814, "lo.entity_type"=>"organization"}}
[2015-06-02 11:20:52 -0400] - UpdateStripeCustomerMetadataForMarket - North Valley Food Hub CSUC Associated Students (63) - Updating Organization ASDS Butte Station & Holt Station (2813)'s Stripe Customer cus_5uQ4Qkv39pAzJM with {:description=>"ASDS Butte Station & Holt Station", :metadata=>{"lo.entity_id"=>2813, "lo.entity_type"=>"organization"}}
[2015-06-02 11:20:53 -0400] - UpdateStripeCustomerMetadataForMarket - North Valley Food Hub CSUC Associated Students (63) - Updating Organization ASDS Sutter Dining Services (2812)'s Stripe Customer cus_5uQ4vddCb1edWB with {:description=>"ASDS Sutter Dining Services", :metadata=>{"lo.entity_id"=>2812, "lo.entity_type"=>"organization"}}
[2015-06-02 11:20:54 -0400] - UpdateStripeCustomerMetadataForMarket - North Valley Food Hub CSUC Associated Students (63) - Updating Organization ASDS Catering (2718)'s Stripe Customer cus_5uQ4EO5DT5W7IW with {:description=>"ASDS Catering", :metadata=>{"lo.entity_id"=>2718, "lo.entity_type"=>"organization"}}
[2015-06-02 11:20:55 -0400] - UpdateStripeCustomerMetadataForMarket - North Valley Food Hub CSUC Associated Students (63) - Updating Organization ASDS Marketplace (2717)'s Stripe Customer cus_5uQ5qHy8mNd4rJ with {:description=>"ASDS Marketplace", :metadata=>{"lo.entity_id"=>2717, "lo.entity_type"=>"organization"}}
[2015-06-02 11:20:55 -0400] - UpdateStripeCustomerMetadataForMarket - North Valley Food Hub CSUC Associated Students (63) - No Stripe Customer linked to Westside Domestic Violence Shelter (2425).
[2015-06-02 11:20:55 -0400] - UpdateStripeCustomerMetadataForMarket - North Valley Food Hub CSUC Associated Students (63) - No Stripe Customer linked to Orland Farmstead Creamery (2314).
[2015-06-02 11:20:55 -0400] - UpdateStripeCustomerMetadataForMarket - North Valley Food Hub CSUC Associated Students (63) - No Stripe Customer linked to Pyramid Farms (2351).
[2015-06-02 11:20:55 -0400] - UpdateStripeCustomerMetadataForMarket - North Valley Food Hub CSUC Associated Students (63) - No Stripe Customer linked to Jesus Center Community Farm (2252).
[2015-06-02 11:20:56 -0400] - UpdateStripeCustomerMetadataForMarket - North Valley Food Hub CSUC Associated Students (63) - Updating Organization Farmelot (78)'s Stripe Customer cus_5vQuDhjr86ntEP with {:description=>"Farmelot", :metadata=>{"lo.entity_id"=>78, "lo.entity_type"=>"organization"}}
[2015-06-02 11:20:57 -0400] - UpdateStripeCustomerMetadataForMarket - North Valley Food Hub CSUC Associated Students (63) - No Stripe Customer linked to Ariza Farm (2378).
