[2015-06-02 11:00:01 -0400] - UpdateStripeCustomerMetadataForMarket - Re:Vision Comunidad (83) - ====================================================================================================
[2015-06-02 11:00:01 -0400] - UpdateStripeCustomerMetadataForMarket - Re:Vision Comunidad (83) -  Re:Vision Comunidad (83)
[2015-06-02 11:00:01 -0400] - UpdateStripeCustomerMetadataForMarket - Re:Vision Comunidad (83) -  Updating stripe customer metadata for Market and all Organizations.
[2015-06-02 11:00:01 -0400] - UpdateStripeCustomerMetadataForMarket - Re:Vision Comunidad (83) - 
[2015-06-02 11:00:01 -0400] - UpdateStripeCustomerMetadataForMarket - Re:Vision Comunidad (83) -  Rails.env: production
[2015-06-02 11:00:01 -0400] - UpdateStripeCustomerMetadataForMarket - Re:Vision Comunidad (83) -  Stripe key: pk_live_j85VTsrz51POrss3ni460qaf
[2015-06-02 11:00:01 -0400] - UpdateStripeCustomerMetadataForMarket - Re:Vision Comunidad (83) - ====================================================================================================
[2015-06-02 11:00:02 -0400] - UpdateStripeCustomerMetadataForMarket - Re:Vision Comunidad (83) - Updating Market's Stripe Customer with {:description=>"Re:Vision Comunidad", :metadata=>{"lo.entity_id"=>83, "lo.entity_type"=>"market"}}
[2015-06-02 11:00:03 -0400] - UpdateStripeCustomerMetadataForMarket - Re:Vision Comunidad (83) - Updating Organization Eric's Eggs  (3548)'s Stripe Customer cus_65uNiQ70UvOjEF with {:description=>"Eric's Eggs ", :metadata=>{"lo.entity_id"=>3548, "lo.entity_type"=>"organization"}}
[2015-06-02 11:00:04 -0400] - UpdateStripeCustomerMetadataForMarket - Re:Vision Comunidad (83) - Updating Organization Rocking W Cheese & Milk (2745)'s Stripe Customer cus_5uQ590y9OsQLw5 with {:description=>"Rocking W Cheese & Milk", :metadata=>{"lo.entity_id"=>2745, "lo.entity_type"=>"organization"}}
[2015-06-02 11:00:06 -0400] - UpdateStripeCustomerMetadataForMarket - Re:Vision Comunidad (83) - Updating Organization Re:Vision Community Gardens (3083)'s Stripe Customer cus_5uQ55uW28xQn5G with {:description=>"Re:Vision Community Gardens", :metadata=>{"lo.entity_id"=>3083, "lo.entity_type"=>"organization"}}
[2015-06-02 11:00:07 -0400] - UpdateStripeCustomerMetadataForMarket - Re:Vision Comunidad (83) - Updating Organization Morning Fresh Dairy  (2743)'s Stripe Customer cus_5uQ48d6yce5M5u with {:description=>"Morning Fresh Dairy ", :metadata=>{"lo.entity_id"=>2743, "lo.entity_type"=>"organization"}}
[2015-06-02 11:00:08 -0400] - UpdateStripeCustomerMetadataForMarket - Re:Vision Comunidad (83) - Updating Organization Noosa Yoghurt (2734)'s Stripe Customer cus_5uQ4JnZ4V90CxF with {:description=>"Noosa Yoghurt", :metadata=>{"lo.entity_id"=>2734, "lo.entity_type"=>"organization"}}
[2015-06-02 11:00:09 -0400] - UpdateStripeCustomerMetadataForMarket - Re:Vision Comunidad (83) - Updating Organization Innovative Foods (2739)'s Stripe Customer cus_5uQ4rO788OX5zG with {:description=>"Innovative Foods", :metadata=>{"lo.entity_id"=>2739, "lo.entity_type"=>"organization"}}
[2015-06-02 11:00:10 -0400] - UpdateStripeCustomerMetadataForMarket - Re:Vision Comunidad (83) - Updating Organization Haystack Mountain Goat Dairy (2738)'s Stripe Customer cus_5uQ4TaIZHYbpVC with {:description=>"Haystack Mountain Goat Dairy", :metadata=>{"lo.entity_id"=>2738, "lo.entity_type"=>"organization"}}
[2015-06-02 11:00:11 -0400] - UpdateStripeCustomerMetadataForMarket - Re:Vision Comunidad (83) - Updating Organization Golden Organics (2910)'s Stripe Customer cus_5uQ4MnYlh6y2nf with {:description=>"Golden Organics", :metadata=>{"lo.entity_id"=>2910, "lo.entity_type"=>"organization"}}
[2015-06-02 11:00:12 -0400] - UpdateStripeCustomerMetadataForMarket - Re:Vision Comunidad (83) - Updating Organization Frontiere Natural Meats (2735)'s Stripe Customer cus_5uQ5N1am5yl5We with {:description=>"Frontiere Natural Meats", :metadata=>{"lo.entity_id"=>2735, "lo.entity_type"=>"organization"}}
[2015-06-02 11:00:13 -0400] - UpdateStripeCustomerMetadataForMarket - Re:Vision Comunidad (83) - Updating Organization Fiona's Natural Foods (2737)'s Stripe Customer cus_5uQ4hOUCKr3Hfv with {:description=>"Fiona's Natural Foods", :metadata=>{"lo.entity_id"=>2737, "lo.entity_type"=>"organization"}}
[2015-06-02 11:00:19 -0400] - UpdateStripeCustomerMetadataForMarket - Re:Vision Comunidad (83) - Updating Organization Diestel Turkey Ranch (2746)'s Stripe Customer cus_5uQ5H5w2pVNj2w with {:description=>"Diestel Turkey Ranch", :metadata=>{"lo.entity_id"=>2746, "lo.entity_type"=>"organization"}}
[2015-06-02 11:00:21 -0400] - UpdateStripeCustomerMetadataForMarket - Re:Vision Comunidad (83) - Updating Organization Denver Bacon Company (2744)'s Stripe Customer cus_5uQ5xIPl1VH8jW with {:description=>"Denver Bacon Company", :metadata=>{"lo.entity_id"=>2744, "lo.entity_type"=>"organization"}}
[2015-06-02 11:00:22 -0400] - UpdateStripeCustomerMetadataForMarket - Re:Vision Comunidad (83) - Updating Organization Continental Sausage (2740)'s Stripe Customer cus_5uQ4T3d0gxqWQ0 with {:description=>"Continental Sausage", :metadata=>{"lo.entity_id"=>2740, "lo.entity_type"=>"organization"}}
[2015-06-02 11:00:23 -0400] - UpdateStripeCustomerMetadataForMarket - Re:Vision Comunidad (83) - Updating Organization Clarks Honey Farm (2912)'s Stripe Customer cus_5uQ4wRCTVGfBJr with {:description=>"Clarks Honey Farm", :metadata=>{"lo.entity_id"=>2912, "lo.entity_type"=>"organization"}}
[2015-06-02 11:00:24 -0400] - UpdateStripeCustomerMetadataForMarket - Re:Vision Comunidad (83) - Updating Organization Chocolove (2742)'s Stripe Customer cus_5uQ5559GZNQYo1 with {:description=>"Chocolove", :metadata=>{"lo.entity_id"=>2742, "lo.entity_type"=>"organization"}}
[2015-06-02 11:00:25 -0400] - UpdateStripeCustomerMetadataForMarket - Re:Vision Comunidad (83) - Updating Organization Chicken Track Eggs (2736)'s Stripe Customer cus_5uQ4OigZ6AnZzd with {:description=>"Chicken Track Eggs", :metadata=>{"lo.entity_id"=>2736, "lo.entity_type"=>"organization"}}
[2015-06-02 11:00:27 -0400] - UpdateStripeCustomerMetadataForMarket - Re:Vision Comunidad (83) - Updating Organization Boulder Natural Meats (2741)'s Stripe Customer cus_5uQ5iM5l5GbSBJ with {:description=>"Boulder Natural Meats", :metadata=>{"lo.entity_id"=>2741, "lo.entity_type"=>"organization"}}
