[2015-06-02 11:20:40 -0400] - UpdateStripeCustomerMetadataForMarket - CRO CSA (100) - ====================================================================================================
[2015-06-02 11:20:40 -0400] - UpdateStripeCustomerMetadataForMarket - CRO CSA (100) -  CRO CSA (100)
[2015-06-02 11:20:40 -0400] - UpdateStripeCustomerMetadataForMarket - CRO CSA (100) -  Updating stripe customer metadata for Market and all Organizations.
[2015-06-02 11:20:40 -0400] - UpdateStripeCustomerMetadataForMarket - CRO CSA (100) - 
[2015-06-02 11:20:40 -0400] - UpdateStripeCustomerMetadataForMarket - CRO CSA (100) -  Rails.env: production
[2015-06-02 11:20:40 -0400] - UpdateStripeCustomerMetadataForMarket - CRO CSA (100) -  Stripe key: pk_live_j85VTsrz51POrss3ni460qaf
[2015-06-02 11:20:40 -0400] - UpdateStripeCustomerMetadataForMarket - CRO CSA (100) - ====================================================================================================
[2015-06-02 11:20:41 -0400] - UpdateStripeCustomerMetadataForMarket - CRO CSA (100) - Updating Market's Stripe Customer with {:description=>"CRO CSA", :metadata=>{"lo.entity_id"=>100, "lo.entity_type"=>"market"}}
[2015-06-02 11:20:41 -0400] - UpdateStripeCustomerMetadataForMarket - CRO CSA (100) - No Stripe Customer linked to Sunny Bridge Natural Foods (4079).
[2015-06-02 11:20:41 -0400] - UpdateStripeCustomerMetadataForMarket - CRO CSA (100) - No Stripe Customer linked to CRO CSA Reserve (4073).
[2015-06-02 11:20:41 -0400] - UpdateStripeCustomerMetadataForMarket - CRO CSA (100) - No Stripe Customer linked to feastonbrilliant (4045).
[2015-06-02 11:20:41 -0400] - UpdateStripeCustomerMetadataForMarket - CRO CSA (100) - No Stripe Customer linked to Biddle's Escape (4041).
[2015-06-02 11:20:41 -0400] - UpdateStripeCustomerMetadataForMarket - CRO CSA (100) - No Stripe Customer linked to Tin Front Cafe (4030).
[2015-06-02 11:20:42 -0400] - UpdateStripeCustomerMetadataForMarket - CRO CSA (100) - Updating Organization Test CSA (3978)'s Stripe Customer cus_6JgCzVOcBwAD7u with {:description=>"Test CSA", :metadata=>{"lo.entity_id"=>3978, "lo.entity_type"=>"organization"}}
[2015-06-02 11:20:43 -0400] - UpdateStripeCustomerMetadataForMarket - CRO CSA (100) - Updating Organization CRO CSA (3956)'s Stripe Customer cus_6JKYDoABwhea3F with {:description=>"CRO CSA", :metadata=>{"lo.entity_id"=>3956, "lo.entity_type"=>"organization"}}
[2015-06-02 11:20:43 -0400] - UpdateStripeCustomerMetadataForMarket - CRO CSA (100) - No Stripe Customer linked to LXC (1881).
[2015-06-02 11:20:43 -0400] - UpdateStripeCustomerMetadataForMarket - CRO CSA (100) - No Stripe Customer linked to TSS (1884).
[2015-06-02 11:20:43 -0400] - UpdateStripeCustomerMetadataForMarket - CRO CSA (100) - No Stripe Customer linked to TSF (1882).
[2015-06-02 11:20:43 -0400] - UpdateStripeCustomerMetadataForMarket - CRO CSA (100) - No Stripe Customer linked to RBF (1887).
[2015-06-02 11:20:43 -0400] - UpdateStripeCustomerMetadataForMarket - CRO CSA (100) - No Stripe Customer linked to LPF (1896).
[2015-06-02 11:20:43 -0400] - UpdateStripeCustomerMetadataForMarket - CRO CSA (100) - No Stripe Customer linked to JSS (1894).
[2015-06-02 11:20:43 -0400] - UpdateStripeCustomerMetadataForMarket - CRO CSA (100) - No Stripe Customer linked to JEF (1889).
[2015-06-02 11:20:43 -0400] - UpdateStripeCustomerMetadataForMarket - CRO CSA (100) - No Stripe Customer linked to HVF (1885).
[2015-06-02 11:20:43 -0400] - UpdateStripeCustomerMetadataForMarket - CRO CSA (100) - No Stripe Customer linked to HTF (1883).
[2015-06-02 11:20:43 -0400] - UpdateStripeCustomerMetadataForMarket - CRO CSA (100) - No Stripe Customer linked to ESS (1890).
[2015-06-02 11:20:43 -0400] - UpdateStripeCustomerMetadataForMarket - CRO CSA (100) - No Stripe Customer linked to DSS (1893).
[2015-06-02 11:20:43 -0400] - UpdateStripeCustomerMetadataForMarket - CRO CSA (100) - No Stripe Customer linked to DMS (1886).
[2015-06-02 11:20:43 -0400] - UpdateStripeCustomerMetadataForMarket - CRO CSA (100) - No Stripe Customer linked to DMF (1888).
[2015-06-02 11:20:44 -0400] - UpdateStripeCustomerMetadataForMarket - CRO CSA (100) - Updating Organization DSF (3942)'s Stripe Customer cus_6J3tyn9hQiBErg with {:description=>"DSF", :metadata=>{"lo.entity_id"=>3942, "lo.entity_type"=>"organization"}}
