[2015-06-02 11:19:47 -0400] - UpdateStripeCustomerMetadataForMarket - CRO Farm Market (99) - ====================================================================================================
[2015-06-02 11:19:47 -0400] - UpdateStripeCustomerMetadataForMarket - CRO Farm Market (99) -  CRO Farm Market (99)
[2015-06-02 11:19:47 -0400] - UpdateStripeCustomerMetadataForMarket - CRO Farm Market (99) -  Updating stripe customer metadata for Market and all Organizations.
[2015-06-02 11:19:47 -0400] - UpdateStripeCustomerMetadataForMarket - CRO Farm Market (99) - 
[2015-06-02 11:19:47 -0400] - UpdateStripeCustomerMetadataForMarket - CRO Farm Market (99) -  Rails.env: production
[2015-06-02 11:19:47 -0400] - UpdateStripeCustomerMetadataForMarket - CRO Farm Market (99) -  Stripe key: pk_live_j85VTsrz51POrss3ni460qaf
[2015-06-02 11:19:47 -0400] - UpdateStripeCustomerMetadataForMarket - CRO Farm Market (99) - ====================================================================================================
[2015-06-02 11:19:47 -0400] - UpdateStripeCustomerMetadataForMarket - CRO Farm Market (99) - Updating Market's Stripe Customer with {:description=>"CRO Farm Market", :metadata=>{"lo.entity_id"=>99, "lo.entity_type"=>"market"}}
[2015-06-02 11:19:48 -0400] - UpdateStripeCustomerMetadataForMarket - CRO Farm Market (99) - Updating Organization Test CRO Farm Market (3979)'s Stripe Customer cus_6JgDWtX7TTB4pr with {:description=>"Test CRO Farm Market", :metadata=>{"lo.entity_id"=>3979, "lo.entity_type"=>"organization"}}
[2015-06-02 11:19:48 -0400] - UpdateStripeCustomerMetadataForMarket - CRO Farm Market (99) - No Stripe Customer linked to LXC (1881).
[2015-06-02 11:19:48 -0400] - UpdateStripeCustomerMetadataForMarket - CRO Farm Market (99) - No Stripe Customer linked to TSS (1884).
[2015-06-02 11:19:48 -0400] - UpdateStripeCustomerMetadataForMarket - CRO Farm Market (99) - No Stripe Customer linked to TSF (1882).
[2015-06-02 11:19:48 -0400] - UpdateStripeCustomerMetadataForMarket - CRO Farm Market (99) - No Stripe Customer linked to RBF (1887).
[2015-06-02 11:19:48 -0400] - UpdateStripeCustomerMetadataForMarket - CRO Farm Market (99) - No Stripe Customer linked to LPF (1896).
[2015-06-02 11:19:48 -0400] - UpdateStripeCustomerMetadataForMarket - CRO Farm Market (99) - No Stripe Customer linked to JSS (1894).
[2015-06-02 11:19:48 -0400] - UpdateStripeCustomerMetadataForMarket - CRO Farm Market (99) - No Stripe Customer linked to JEF (1889).
[2015-06-02 11:19:48 -0400] - UpdateStripeCustomerMetadataForMarket - CRO Farm Market (99) - No Stripe Customer linked to HVF (1885).
[2015-06-02 11:19:48 -0400] - UpdateStripeCustomerMetadataForMarket - CRO Farm Market (99) - No Stripe Customer linked to HTF (1883).
[2015-06-02 11:19:48 -0400] - UpdateStripeCustomerMetadataForMarket - CRO Farm Market (99) - No Stripe Customer linked to ESS (1890).
[2015-06-02 11:19:48 -0400] - UpdateStripeCustomerMetadataForMarket - CRO Farm Market (99) - No Stripe Customer linked to DSS (1893).
[2015-06-02 11:19:48 -0400] - UpdateStripeCustomerMetadataForMarket - CRO Farm Market (99) - No Stripe Customer linked to DMS (1886).
[2015-06-02 11:19:48 -0400] - UpdateStripeCustomerMetadataForMarket - CRO Farm Market (99) - No Stripe Customer linked to DMF (1888).
[2015-06-02 11:19:50 -0400] - UpdateStripeCustomerMetadataForMarket - CRO Farm Market (99) - Updating Organization Farm Market - Zach (3944)'s Stripe Customer cus_6J6AooVr20HNIM with {:description=>"Farm Market - Zach", :metadata=>{"lo.entity_id"=>3944, "lo.entity_type"=>"organization"}}
[2015-06-02 11:19:51 -0400] - UpdateStripeCustomerMetadataForMarket - CRO Farm Market (99) - Updating Organization DSF (3942)'s Stripe Customer cus_6J3tyn9hQiBErg with {:description=>"DSF", :metadata=>{"lo.entity_id"=>3942, "lo.entity_type"=>"organization"}}
