[2015-06-08 12:25:49 -0400] - UpdateStripeIdsOnMarket - Innovation Kitchens, LLC (85) - ====================================================================================================
[2015-06-08 12:25:49 -0400] - UpdateStripeIdsOnMarket - Innovation Kitchens, LLC (85) -  Innovation Kitchens, LLC (85)
[2015-06-08 12:25:49 -0400] - UpdateStripeIdsOnMarket - Innovation Kitchens, LLC (85) -  Updating stripe IDs for market, orgs and bank accounts.
[2015-06-08 12:25:49 -0400] - UpdateStripeIdsOnMarket - Innovation Kitchens, LLC (85) - 
[2015-06-08 12:25:50 -0400] - UpdateStripeIdsOnMarket - Innovation Kitchens, LLC (85) -  Balanced export file: /home/vagrant/git/localorbit/tools/stripe-migration/from_balanced/2015-06-08-1433769720-MP2eXZmrOPof80u3Irf94Wre.csv
[2015-06-08 12:25:50 -0400] - UpdateStripeIdsOnMarket - Innovation Kitchens, LLC (85) - 
[2015-06-08 12:25:50 -0400] - UpdateStripeIdsOnMarket - Innovation Kitchens, LLC (85) -  Rails.env: production
[2015-06-08 12:25:50 -0400] - UpdateStripeIdsOnMarket - Innovation Kitchens, LLC (85) -  Stripe keys:
[2015-06-08 12:25:50 -0400] - UpdateStripeIdsOnMarket - Innovation Kitchens, LLC (85) -   --> STRIPE_PUBLISHABLE_KEY: pk_live_j85VTsrz51POrss3ni460qaf (pk_live_j85VTsrz51POrss3ni460qaf)
[2015-06-08 12:25:50 -0400] - UpdateStripeIdsOnMarket - Innovation Kitchens, LLC (85) - ====================================================================================================
[2015-06-08 12:25:50 -0400] - UpdateStripeIdsOnMarket - Innovation Kitchens, LLC (85) - Connecting market customer - Market already has stripe_customer_id: cus_5yNBl5qWQjkgYl
[2015-06-08 12:25:50 -0400] - UpdateStripeIdsOnMarket - Innovation Kitchens, LLC (85) - Connecting market account - MISS - No stripe_account_id found for market balanced_customer_uri /v1/customers/CU46ngLcdbiDR508kC8iGR3c
[2015-06-08 12:25:50 -0400] - UpdateStripeIdsOnMarket - Innovation Kitchens, LLC (85) - Connecting org customers - Organization already has stripe_customer_id: cus_6HrhEWojWw5fQg
[2015-06-08 12:25:50 -0400] - UpdateStripeIdsOnMarket - Innovation Kitchens, LLC (85) - Connecting org customers - Organization already has stripe_customer_id: cus_6HrEAH1pTomkAt
[2015-06-08 12:25:50 -0400] - UpdateStripeIdsOnMarket - Innovation Kitchens, LLC (85) - Connecting org customers - Organization already has stripe_customer_id: cus_6Hr7hTZh1ye6yI
[2015-06-08 12:25:50 -0400] - UpdateStripeIdsOnMarket - Innovation Kitchens, LLC (85) - Connecting org customers - Organization already has stripe_customer_id: cus_6Hr3v1Zp2w5Gu2
[2015-06-08 12:25:50 -0400] - UpdateStripeIdsOnMarket - Innovation Kitchens, LLC (85) - Connecting org customers - Organization already has stripe_customer_id: cus_6HgWEHdpSVJaqo
[2015-06-08 12:25:50 -0400] - UpdateStripeIdsOnMarket - Innovation Kitchens, LLC (85) - Connecting org customers - Organization already has stripe_customer_id: cus_6HgNaWwrrftTlz
[2015-06-08 12:25:50 -0400] - UpdateStripeIdsOnMarket - Innovation Kitchens, LLC (85) - Connecting org customers - Organization already has stripe_customer_id: cus_6HgCxhU88XJ2BC
[2015-06-08 12:25:50 -0400] - UpdateStripeIdsOnMarket - Innovation Kitchens, LLC (85) - Connecting org customers - Organization already has stripe_customer_id: cus_6HY0oMWpmF4TYE
[2015-06-08 12:25:50 -0400] - UpdateStripeIdsOnMarket - Innovation Kitchens, LLC (85) - Connecting org customers - Organization already has stripe_customer_id: cus_6F3vP3WdqAC6Er
[2015-06-08 12:25:50 -0400] - UpdateStripeIdsOnMarket - Innovation Kitchens, LLC (85) - Connecting market BankAccounts - Visa 1235 (562) already has stripe_id: card_164yLK2VpjOYk6TmGPIsPWJS
