[2015-06-08 12:26:26 -0400] - UpdateStripeIdsOnMarket - Apple Ridge Farm (18) - ====================================================================================================
[2015-06-08 12:26:26 -0400] - UpdateStripeIdsOnMarket - Apple Ridge Farm (18) -  Apple Ridge Farm (18)
[2015-06-08 12:26:26 -0400] - UpdateStripeIdsOnMarket - Apple Ridge Farm (18) -  Updating stripe IDs for market, orgs and bank accounts.
[2015-06-08 12:26:26 -0400] - UpdateStripeIdsOnMarket - Apple Ridge Farm (18) - 
[2015-06-08 12:26:26 -0400] - UpdateStripeIdsOnMarket - Apple Ridge Farm (18) -  Balanced export file: /home/vagrant/git/localorbit/tools/stripe-migration/from_balanced/2015-06-08-1433769720-MP2eXZmrOPof80u3Irf94Wre.csv
[2015-06-08 12:26:26 -0400] - UpdateStripeIdsOnMarket - Apple Ridge Farm (18) - 
[2015-06-08 12:26:26 -0400] - UpdateStripeIdsOnMarket - Apple Ridge Farm (18) -  Rails.env: production
[2015-06-08 12:26:26 -0400] - UpdateStripeIdsOnMarket - Apple Ridge Farm (18) -  Stripe keys:
[2015-06-08 12:26:26 -0400] - UpdateStripeIdsOnMarket - Apple Ridge Farm (18) -   --> STRIPE_PUBLISHABLE_KEY: pk_live_j85VTsrz51POrss3ni460qaf (pk_live_j85VTsrz51POrss3ni460qaf)
[2015-06-08 12:26:26 -0400] - UpdateStripeIdsOnMarket - Apple Ridge Farm (18) - ====================================================================================================
[2015-06-08 12:26:26 -0400] - UpdateStripeIdsOnMarket - Apple Ridge Farm (18) - Connecting market customer - MISS - No stripe_customer_id found for market balanced_customer_uri /v1/customers/CU48kl5kLA9EzU1EN6xZBnO2
[2015-06-08 12:26:26 -0400] - UpdateStripeIdsOnMarket - Apple Ridge Farm (18) - Connecting market account - INTERESTING - Market stripe_account_id is acct_16AOdLIi1lSMq1w6, but export data doesn't have Stripe Account id for this market.
[2015-06-08 12:26:26 -0400] - UpdateStripeIdsOnMarket - Apple Ridge Farm (18) - Connecting org customers - Organization already has stripe_customer_id: cus_6LFAR81KQNUVW8
[2015-06-08 12:26:26 -0400] - UpdateStripeIdsOnMarket - Apple Ridge Farm (18) - Connecting org customers - Organization already has stripe_customer_id: cus_6LOt5YJURuMEWF
[2015-06-08 12:26:26 -0400] - UpdateStripeIdsOnMarket - Apple Ridge Farm (18) - Connecting org customers - Organization already has stripe_customer_id: cus_6GkRwdEUbbUDIN
[2015-06-08 12:26:26 -0400] - UpdateStripeIdsOnMarket - Apple Ridge Farm (18) - Connecting org customers - MISS - No stripe_customer_id found for Organization Lelia Cahill (3165) balanced_customer_uri /v1/customers/CU1ORN44HDe0XWlzQjT1buAy
[2015-06-08 12:26:26 -0400] - UpdateStripeIdsOnMarket - Apple Ridge Farm (18) - Connecting org customers - Organization already has stripe_customer_id: cus_5uQ5nXC2LiF9qF
[2015-06-08 12:26:26 -0400] - UpdateStripeIdsOnMarket - Apple Ridge Farm (18) - Connecting org customers - Organization already has stripe_customer_id: cus_5uQ46B7UDd6ea5
[2015-06-08 12:26:26 -0400] - UpdateStripeIdsOnMarket - Apple Ridge Farm (18) - Connecting org customers - Organization already has stripe_customer_id: cus_5uQ5oAv8FEo4w4
[2015-06-08 12:26:26 -0400] - UpdateStripeIdsOnMarket - Apple Ridge Farm (18) - Connecting org customers - Organization already has stripe_customer_id: cus_5uQ5G9rBPh58Hm
[2015-06-08 12:26:26 -0400] - UpdateStripeIdsOnMarket - Apple Ridge Farm (18) - Connecting org customers - Organization already has stripe_customer_id: cus_5xmGhHfP3F71Cj
[2015-06-08 12:26:26 -0400] - UpdateStripeIdsOnMarket - Apple Ridge Farm (18) - Connecting org customers - Organization already has stripe_customer_id: cus_5uQ5QXn78bcatm
[2015-06-08 12:26:26 -0400] - UpdateStripeIdsOnMarket - Apple Ridge Farm (18) - Connecting org customers - Organization already has stripe_customer_id: cus_5uQ4HKFjydgKDG
[2015-06-08 12:26:26 -0400] - UpdateStripeIdsOnMarket - Apple Ridge Farm (18) - Connecting org customers - Organization already has stripe_customer_id: cus_5uQ4oCOpv9frqt
[2015-06-08 12:26:26 -0400] - UpdateStripeIdsOnMarket - Apple Ridge Farm (18) - Connecting org customers - Organization already has stripe_customer_id: cus_5uQ4opytL4WP3T
[2015-06-08 12:26:26 -0400] - UpdateStripeIdsOnMarket - Apple Ridge Farm (18) - Connecting org customers - Organization already has stripe_customer_id: cus_5uQ5FpSZRau8YF
[2015-06-08 12:26:26 -0400] - UpdateStripeIdsOnMarket - Apple Ridge Farm (18) - Connecting org customers - Organization already has stripe_customer_id: cus_5uQ5IsgpuauWFj
[2015-06-08 12:26:26 -0400] - UpdateStripeIdsOnMarket - Apple Ridge Farm (18) - Connecting org customers - Organization already has stripe_customer_id: cus_5uQ4CJbnepALTU
[2015-06-08 12:26:26 -0400] - UpdateStripeIdsOnMarket - Apple Ridge Farm (18) - Connecting org customers - Organization already has stripe_customer_id: cus_5uQ465AnNVYZyg
[2015-06-08 12:26:26 -0400] - UpdateStripeIdsOnMarket - Apple Ridge Farm (18) - Connecting org customers - Organization already has stripe_customer_id: cus_5uQ4jcOuqdZcUP
[2015-06-08 12:26:26 -0400] - UpdateStripeIdsOnMarket - Apple Ridge Farm (18) - Connecting org customers - Organization already has stripe_customer_id: cus_5uQ4rjjDSK8lRs
[2015-06-08 12:26:26 -0400] - UpdateStripeIdsOnMarket - Apple Ridge Farm (18) - Connecting org customers - Organization already has stripe_customer_id: cus_5uQ4qqOXFXELgC
[2015-06-08 12:26:26 -0400] - UpdateStripeIdsOnMarket - Apple Ridge Farm (18) - Connecting org customers - Organization already has stripe_customer_id: cus_5uQ4tCEEW4Vq3k
[2015-06-08 12:26:26 -0400] - UpdateStripeIdsOnMarket - Apple Ridge Farm (18) - Connecting org customers - Organization already has stripe_customer_id: cus_5uQ5dtX9l0VxAF
[2015-06-08 12:26:26 -0400] - UpdateStripeIdsOnMarket - Apple Ridge Farm (18) - Connecting org customers - Organization already has stripe_customer_id: cus_5uQ4GXTTWNdWac
[2015-06-08 12:26:26 -0400] - UpdateStripeIdsOnMarket - Apple Ridge Farm (18) - Connecting org customers - Organization already has stripe_customer_id: cus_5uQ4TrLvdrlUL6
[2015-06-08 12:26:26 -0400] - UpdateStripeIdsOnMarket - Apple Ridge Farm (18) - Connecting org customers - Organization already has stripe_customer_id: cus_5uQ4WibQRcCGDA
[2015-06-08 12:26:26 -0400] - UpdateStripeIdsOnMarket - Apple Ridge Farm (18) - Connecting org customers - Organization already has stripe_customer_id: cus_5uQ4uc4WZjdo0I
[2015-06-08 12:26:26 -0400] - UpdateStripeIdsOnMarket - Apple Ridge Farm (18) - Connecting org customers - Organization already has stripe_customer_id: cus_5uQ56GKtv31EiI
[2015-06-08 12:26:26 -0400] - UpdateStripeIdsOnMarket - Apple Ridge Farm (18) - Connecting org customers - Organization already has stripe_customer_id: cus_5uQ40EOgWK6q1K
[2015-06-08 12:26:26 -0400] - UpdateStripeIdsOnMarket - Apple Ridge Farm (18) - Connecting org customers - Organization already has stripe_customer_id: cus_5uQ4sIKLS6rEgk
[2015-06-08 12:26:26 -0400] - UpdateStripeIdsOnMarket - Apple Ridge Farm (18) - Connecting org customers - Organization already has stripe_customer_id: cus_5uQ4b0hLrB5ZCC
[2015-06-08 12:26:26 -0400] - UpdateStripeIdsOnMarket - Apple Ridge Farm (18) - Connecting org customers - Organization already has stripe_customer_id: cus_5uQ4NulCfarNTX
[2015-06-08 12:26:26 -0400] - UpdateStripeIdsOnMarket - Apple Ridge Farm (18) - Connecting org customers - Organization already has stripe_customer_id: cus_5uQ5Xq8M6f1O57
[2015-06-08 12:26:26 -0400] - UpdateStripeIdsOnMarket - Apple Ridge Farm (18) - Connecting org customers - Organization already has stripe_customer_id: cus_5uQ4Og27jM88Oo
[2015-06-08 12:26:26 -0400] - UpdateStripeIdsOnMarket - Apple Ridge Farm (18) - Connecting org customers - Organization already has stripe_customer_id: cus_5uQ5fdLgEzgLE2
[2015-06-08 12:26:26 -0400] - UpdateStripeIdsOnMarket - Apple Ridge Farm (18) - Connecting org customers - Organization already has stripe_customer_id: cus_5uQ4lc11dfC6kZ
[2015-06-08 12:26:26 -0400] - UpdateStripeIdsOnMarket - Apple Ridge Farm (18) - Connecting org customers - Organization already has stripe_customer_id: cus_5uQ5Sgn3i78tzT
[2015-06-08 12:26:26 -0400] - UpdateStripeIdsOnMarket - Apple Ridge Farm (18) - Connecting org customers - Organization already has stripe_customer_id: cus_5uQ54OR7rgJrVe
[2015-06-08 12:26:26 -0400] - UpdateStripeIdsOnMarket - Apple Ridge Farm (18) - Connecting org customers - Organization already has stripe_customer_id: cus_5uQ5H6WSlYNt7U
[2015-06-08 12:26:26 -0400] - UpdateStripeIdsOnMarket - Apple Ridge Farm (18) - Connecting org customers - Organization already has stripe_customer_id: cus_5uQ5kY30IUwt7G
[2015-06-08 12:26:26 -0400] - UpdateStripeIdsOnMarket - Apple Ridge Farm (18) - Connecting org customers - Organization already has stripe_customer_id: cus_5uQ4N2TMhuufz6
[2015-06-08 12:26:26 -0400] - UpdateStripeIdsOnMarket - Apple Ridge Farm (18) - Connecting org customers - Organization already has stripe_customer_id: cus_5uQ5j6hDorv329
[2015-06-08 12:26:26 -0400] - UpdateStripeIdsOnMarket - Apple Ridge Farm (18) - Connecting org customers - Organization already has stripe_customer_id: cus_5uQ5Ev2VnR3paJ
[2015-06-08 12:26:26 -0400] - UpdateStripeIdsOnMarket - Apple Ridge Farm (18) - Connecting org customers - Organization already has stripe_customer_id: cus_5uQ5dHXSzZhf9h
[2015-06-08 12:26:26 -0400] - UpdateStripeIdsOnMarket - Apple Ridge Farm (18) - Connecting org customers - Organization already has stripe_customer_id: cus_5uQ4puBRcIkFZg
[2015-06-08 12:26:26 -0400] - UpdateStripeIdsOnMarket - Apple Ridge Farm (18) - Connecting org customers - Organization already has stripe_customer_id: cus_5uQ4HfYJcotpV1
[2015-06-08 12:26:26 -0400] - UpdateStripeIdsOnMarket - Apple Ridge Farm (18) - Connecting org customers - Organization already has stripe_customer_id: cus_5uQ4OIO99GOn91
[2015-06-08 12:26:26 -0400] - UpdateStripeIdsOnMarket - Apple Ridge Farm (18) - Connecting org customers - Organization already has stripe_customer_id: cus_5uQ4y0fdM6D36H
[2015-06-08 12:26:26 -0400] - UpdateStripeIdsOnMarket - Apple Ridge Farm (18) - Connecting org customers - CONFLICT - Organization stripe_customer_id is ALREADY cus_6OEMXZUwWjwtMA, but export data says it should be cus_5uQ5CDI4xPBBct
[2015-06-08 12:26:26 -0400] - UpdateStripeIdsOnMarket - Apple Ridge Farm (18) - Connecting org customers - Organization already has stripe_customer_id: cus_5uQ4x3JlMtIWOC
[2015-06-08 12:26:26 -0400] - UpdateStripeIdsOnMarket - Apple Ridge Farm (18) - Connecting org customers - Organization already has stripe_customer_id: cus_5uQ5O5aciWRR2X
[2015-06-08 12:26:26 -0400] - UpdateStripeIdsOnMarket - Apple Ridge Farm (18) - Connecting org customers - Organization already has stripe_customer_id: cus_5uQ4xX4O7Q58qD
[2015-06-08 12:26:26 -0400] - UpdateStripeIdsOnMarket - Apple Ridge Farm (18) - Connecting org customers - Organization already has stripe_customer_id: cus_5uQ4SoKp39dRXu
[2015-06-08 12:26:26 -0400] - UpdateStripeIdsOnMarket - Apple Ridge Farm (18) - Connecting org customers - Organization already has stripe_customer_id: cus_5uQ5bWDGoxbzD4
[2015-06-08 12:26:26 -0400] - UpdateStripeIdsOnMarket - Apple Ridge Farm (18) - Connecting org customers - Organization already has stripe_customer_id: cus_5uQ4uV2QR0GaiV
[2015-06-08 12:26:26 -0400] - UpdateStripeIdsOnMarket - Apple Ridge Farm (18) - Connecting org customers - Organization already has stripe_customer_id: cus_5uQ5uQ4NVQwK7w
[2015-06-08 12:26:26 -0400] - UpdateStripeIdsOnMarket - Apple Ridge Farm (18) - Connecting org customers - Organization already has stripe_customer_id: cus_5uQ4vwqOkLuXRr
[2015-06-08 12:26:26 -0400] - UpdateStripeIdsOnMarket - Apple Ridge Farm (18) - Connecting org customers - Organization already has stripe_customer_id: cus_5uQ444ZVEnaIAE
[2015-06-08 12:26:26 -0400] - UpdateStripeIdsOnMarket - Apple Ridge Farm (18) - Connecting org customers - Organization already has stripe_customer_id: cus_5uQ4fYgiqth0zo
[2015-06-08 12:26:26 -0400] - UpdateStripeIdsOnMarket - Apple Ridge Farm (18) - Connecting org customers - Organization already has stripe_customer_id: cus_5uQ57i5ZjZ3l65
[2015-06-08 12:26:26 -0400] - UpdateStripeIdsOnMarket - Apple Ridge Farm (18) - Connecting org customers - Organization already has stripe_customer_id: cus_5uQ42GvmvqJqqe
[2015-06-08 12:26:26 -0400] - UpdateStripeIdsOnMarket - Apple Ridge Farm (18) - Connecting org customers - Organization already has stripe_customer_id: cus_5uQ5eH16runsKO
[2015-06-08 12:26:26 -0400] - UpdateStripeIdsOnMarket - Apple Ridge Farm (18) - Connecting org customers - Organization already has stripe_customer_id: cus_5uQ5jxmtRBAlZX
[2015-06-08 12:26:26 -0400] - UpdateStripeIdsOnMarket - Apple Ridge Farm (18) - Connecting org customers - Organization already has stripe_customer_id: cus_6JhUYbXEDnfdDx
[2015-06-08 12:26:26 -0400] - UpdateStripeIdsOnMarket - Apple Ridge Farm (18) - Connecting org customers - Organization already has stripe_customer_id: cus_5uQ4pNAcjt9jD6
[2015-06-08 12:26:26 -0400] - UpdateStripeIdsOnMarket - Apple Ridge Farm (18) - Connecting org customers - Organization already has stripe_customer_id: cus_5uQ5GPlFcm70Qb
[2015-06-08 12:26:26 -0400] - UpdateStripeIdsOnMarket - Apple Ridge Farm (18) - Connecting org customers - CONFLICT - Organization stripe_customer_id is ALREADY cus_6OFJufdg017jPf, but export data says it should be cus_5uQ5Hk7MGraS5o
[2015-06-08 12:26:26 -0400] - UpdateStripeIdsOnMarket - Apple Ridge Farm (18) - Connecting org customers - Organization already has stripe_customer_id: cus_5uQ5p3booAt0td
[2015-06-08 12:26:26 -0400] - UpdateStripeIdsOnMarket - Apple Ridge Farm (18) - Connecting org customers - Organization already has stripe_customer_id: cus_5uQ5KpXJ7sPkCd
[2015-06-08 12:26:26 -0400] - UpdateStripeIdsOnMarket - Apple Ridge Farm (18) - Connecting org customers - Organization already has stripe_customer_id: cus_5uQ4ZLb2bl6n1o
[2015-06-08 12:26:26 -0400] - UpdateStripeIdsOnMarket - Apple Ridge Farm (18) - Connecting org customers - Organization already has stripe_customer_id: cus_5uQ4KdafoEgBQj
[2015-06-08 12:26:26 -0400] - UpdateStripeIdsOnMarket - Apple Ridge Farm (18) - Connecting org customers - Organization already has stripe_customer_id: cus_5uQ4t2u63LuMzg
[2015-06-08 12:26:27 -0400] - UpdateStripeIdsOnMarket - Apple Ridge Farm (18) - Connecting org customers - CONFLICT - Organization stripe_customer_id is ALREADY cus_6NnrB2QiYzBisu, but export data says it should be cus_5uQ5daJrtY1S90
[2015-06-08 12:26:27 -0400] - UpdateStripeIdsOnMarket - Apple Ridge Farm (18) - Connecting org customers - Organization already has stripe_customer_id: cus_5uQ57bnzvrfbu2
[2015-06-08 12:26:27 -0400] - UpdateStripeIdsOnMarket - Apple Ridge Farm (18) - Connecting org customers - Organization already has stripe_customer_id: cus_5uQ4mrAohcsefh
[2015-06-08 12:26:27 -0400] - UpdateStripeIdsOnMarket - Apple Ridge Farm (18) - Connecting org customers - Organization already has stripe_customer_id: cus_5uQ5FgKD3mX4VD
[2015-06-08 12:26:27 -0400] - UpdateStripeIdsOnMarket - Apple Ridge Farm (18) - Connecting org customers - Organization already has stripe_customer_id: cus_5uQ4FEH3kyoGic
[2015-06-08 12:26:27 -0400] - UpdateStripeIdsOnMarket - Apple Ridge Farm (18) - Connecting org customers - Organization already has stripe_customer_id: cus_5uQ4l4FOHDNhNC
[2015-06-08 12:26:27 -0400] - UpdateStripeIdsOnMarket - Apple Ridge Farm (18) - Connecting org customers - Organization already has stripe_customer_id: cus_5uQ4316qauz7VG
[2015-06-08 12:26:27 -0400] - UpdateStripeIdsOnMarket - Apple Ridge Farm (18) - Connecting org customers - Organization already has stripe_customer_id: cus_5uQ4SSWg5UTsUV
[2015-06-08 12:26:27 -0400] - UpdateStripeIdsOnMarket - Apple Ridge Farm (18) - Connecting org customers - Organization already has stripe_customer_id: cus_5uQ59tj0iEhDZN
[2015-06-08 12:26:27 -0400] - UpdateStripeIdsOnMarket - Apple Ridge Farm (18) - Connecting org customers - Organization already has stripe_customer_id: cus_5uQ4oCPbnaNPfb
[2015-06-08 12:26:27 -0400] - UpdateStripeIdsOnMarket - Apple Ridge Farm (18) - Connecting org customers - Organization already has stripe_customer_id: cus_5uQ4inVPTFsY43
[2015-06-08 12:26:27 -0400] - UpdateStripeIdsOnMarket - Apple Ridge Farm (18) - Connecting org customers - Organization already has stripe_customer_id: cus_5uQ4km5j3vUUnu
[2015-06-08 12:26:27 -0400] - UpdateStripeIdsOnMarket - Apple Ridge Farm (18) - Connecting org customers - Organization already has stripe_customer_id: cus_5uQ4N0M7zo8aCi
[2015-06-08 12:26:27 -0400] - UpdateStripeIdsOnMarket - Apple Ridge Farm (18) - Connecting org customers - Organization already has stripe_customer_id: cus_5uQ46VwFtBfoWe
[2015-06-08 12:26:27 -0400] - UpdateStripeIdsOnMarket - Apple Ridge Farm (18) - Connecting org customers - Organization already has stripe_customer_id: cus_5uQ4Da4l7KiJk2
[2015-06-08 12:26:27 -0400] - UpdateStripeIdsOnMarket - Apple Ridge Farm (18) - Connecting org customers - Organization already has stripe_customer_id: cus_5uQ4JJbgxKNdOJ
[2015-06-08 12:26:27 -0400] - UpdateStripeIdsOnMarket - Apple Ridge Farm (18) - Connecting org customers - Organization already has stripe_customer_id: cus_5uQ5f9QnpxPvvf
[2015-06-08 12:26:27 -0400] - UpdateStripeIdsOnMarket - Apple Ridge Farm (18) - Connecting org customers - Organization already has stripe_customer_id: cus_5uQ55wK7QaROhk
[2015-06-08 12:26:27 -0400] - UpdateStripeIdsOnMarket - Apple Ridge Farm (18) - Connecting org customers - Organization already has stripe_customer_id: cus_5uQ5JYSqoZZiGW
[2015-06-08 12:26:27 -0400] - UpdateStripeIdsOnMarket - Apple Ridge Farm (18) - Connecting org customers - Organization already has stripe_customer_id: cus_5uQ4lgVfVsZK5b
[2015-06-08 12:26:27 -0400] - UpdateStripeIdsOnMarket - Apple Ridge Farm (18) - Connecting org customers - Organization already has stripe_customer_id: cus_5uQ4wL9r0L8iLM
[2015-06-08 12:26:27 -0400] - UpdateStripeIdsOnMarket - Apple Ridge Farm (18) - Connecting org customers - Organization already has stripe_customer_id: cus_5uQ5ASjV60tHlG
[2015-06-08 12:26:27 -0400] - UpdateStripeIdsOnMarket - Apple Ridge Farm (18) - Connecting org customers - Organization already has stripe_customer_id: cus_5uQ4jQ4lGOraGK
[2015-06-08 12:26:27 -0400] - UpdateStripeIdsOnMarket - Apple Ridge Farm (18) - Connecting org customers - Organization already has stripe_customer_id: cus_5uQ51tmaEoIK0s
[2015-06-08 12:26:27 -0400] - UpdateStripeIdsOnMarket - Apple Ridge Farm (18) - Connecting org customers - Organization already has stripe_customer_id: cus_5uQ43M2ytW73qA
[2015-06-08 12:26:27 -0400] - UpdateStripeIdsOnMarket - Apple Ridge Farm (18) - Connecting org customers - Organization already has stripe_customer_id: cus_5uQ5RliAncnxUf
[2015-06-08 12:26:27 -0400] - UpdateStripeIdsOnMarket - Apple Ridge Farm (18) - Connecting org customers - Organization already has stripe_customer_id: cus_5uQ4ACqUqQLqMk
[2015-06-08 12:26:27 -0400] - UpdateStripeIdsOnMarket - Apple Ridge Farm (18) - Connecting org customers - Organization already has stripe_customer_id: cus_5uQ4uHQ1iMonYH
[2015-06-08 12:26:27 -0400] - UpdateStripeIdsOnMarket - Apple Ridge Farm (18) - Connecting org customers - Organization already has stripe_customer_id: cus_5uQ5kXvO79v8wU
[2015-06-08 12:26:27 -0400] - UpdateStripeIdsOnMarket - Apple Ridge Farm (18) - Connecting org customers - Organization already has stripe_customer_id: cus_5uQ43vSNgYnuKk
[2015-06-08 12:26:27 -0400] - UpdateStripeIdsOnMarket - Apple Ridge Farm (18) - Connecting org BankAccounts - Organization Castro Residence (4053) - Visa 8465 (578) already has stripe_id: card_168Yfo2VpjOYk6Tm7vVTgzeQ
[2015-06-08 12:26:27 -0400] - UpdateStripeIdsOnMarket - Apple Ridge Farm (18) - Connecting org BankAccounts - Organization Cindy Lou Morris (3888) - Discover 3406 (579) already has stripe_id: card_168i5N2VpjOYk6TmvBsnTpzS
[2015-06-08 12:26:27 -0400] - UpdateStripeIdsOnMarket - Apple Ridge Farm (18) - Connecting org BankAccounts - Organization Rich Kuklentz (3839) - Visa 7011 (556) already has stripe_id: card_164CwV2VpjOYk6Tm72DLesGy
[2015-06-08 12:26:27 -0400] - UpdateStripeIdsOnMarket - Apple Ridge Farm (18) - Connecting org BankAccounts - Organization Lelia Cahill (3165) - MasterCard 2294 (530) already has stripe_id: card_15xNLz2VpjOYk6TmQhcR8D7h
[2015-06-08 12:26:27 -0400] - UpdateStripeIdsOnMarket - Apple Ridge Farm (18) - Connecting org BankAccounts - Organization Pamela Grube (2825) - MasterCard 9446 (430) already has stripe_id: card_15ic9k2VpjOYk6TmubYA8lvb
[2015-06-08 12:26:27 -0400] - UpdateStripeIdsOnMarket - Apple Ridge Farm (18) - Connecting org BankAccounts - Organization Sylwia Sacci (2703) - Visa 7869 (385) already has stripe_id: card_15ic942VpjOYk6TmcYhs3zdg
[2015-06-08 12:26:27 -0400] - UpdateStripeIdsOnMarket - Apple Ridge Farm (18) - Connecting org BankAccounts - Organization Arlene Gontz (2654) - MasterCard 8968 (384) already has stripe_id: card_15ic9v2VpjOYk6TmWoSFUn3G
[2015-06-08 12:26:27 -0400] - UpdateStripeIdsOnMarket - Apple Ridge Farm (18) - Connecting org BankAccounts - Organization Sherry Thomas (2645) - MasterCard 4322 (375) already has stripe_id: card_15ic9L2VpjOYk6TmVwIEFvjb
[2015-06-08 12:26:27 -0400] - UpdateStripeIdsOnMarket - Apple Ridge Farm (18) - Connecting org BankAccounts - Organization Burt family (2613) - American Express 2009 (477) already has stripe_id: tok_15lqhl2VpjOYk6Tm0cPHMzxv
[2015-06-08 12:26:27 -0400] - UpdateStripeIdsOnMarket - Apple Ridge Farm (18) - Connecting org BankAccounts - Organization Johnathan Post (2611) - Visa 5878 (398) already has stripe_id: card_15ic9O2VpjOYk6TmzZ3fewQr
[2015-06-08 12:26:27 -0400] - UpdateStripeIdsOnMarket - Apple Ridge Farm (18) - Connecting org BankAccounts - Organization Lynette Williams (2605) - MasterCard 0799 (363) already has stripe_id: card_15ic9E2VpjOYk6Tm6iZoZtQ0
[2015-06-08 12:26:27 -0400] - UpdateStripeIdsOnMarket - Apple Ridge Farm (18) - Connecting org BankAccounts - Organization Valley Milkhouse (2501) - WELLS FARGO BANK 2247 (350) already has stripe_id: ba_15ic9L2VpjOYk6Tmo5hllcYN
[2015-06-08 12:26:27 -0400] - UpdateStripeIdsOnMarket - Apple Ridge Farm (18) - Connecting org BankAccounts - Organization Provate (2473) - MasterCard 3233 (343) already has stripe_id: card_15ic9A2VpjOYk6TmrAGBz9L5
[2015-06-08 12:26:27 -0400] - UpdateStripeIdsOnMarket - Apple Ridge Farm (18) - Connecting org BankAccounts - Organization Mary Lou Seibert (2431) - MasterCard 5458 (336) already has stripe_id: card_15ic9t2VpjOYk6TmEsuwZPlo
[2015-06-08 12:26:27 -0400] - UpdateStripeIdsOnMarket - Apple Ridge Farm (18) - Connecting org BankAccounts - Organization The Gardners (2416) - MasterCard 5029 (347) already has stripe_id: card_15ic9f2VpjOYk6TmthsdeZ5E
[2015-06-08 12:26:27 -0400] - UpdateStripeIdsOnMarket - Apple Ridge Farm (18) - Connecting org BankAccounts - Organization Pat Huffman (Kastania Olive Oil) (2387) - Visa 1264 (333) already has stripe_id: card_15ic9Z2VpjOYk6TmBDsbomHg
[2015-06-08 12:26:27 -0400] - UpdateStripeIdsOnMarket - Apple Ridge Farm (18) - Connecting org BankAccounts - Organization Glenn & Susan Yetter (2289) - Visa 9590 (297) already has stripe_id: card_15ic962VpjOYk6TmkX0UkpBY
[2015-06-08 12:26:27 -0400] - UpdateStripeIdsOnMarket - Apple Ridge Farm (18) - Connecting org BankAccounts - Organization Melissa Andersen (2274) - Visa 2481 (292) already has stripe_id: card_15ic9D2VpjOYk6TmCS8avdud
[2015-06-08 12:26:27 -0400] - UpdateStripeIdsOnMarket - Apple Ridge Farm (18) - Connecting org BankAccounts - Organization Mr. and Mrs. Alan P. Young (2166) - Visa 0172 (294) already has stripe_id: card_15ic942VpjOYk6TmjUWZQomX
[2015-06-08 12:26:27 -0400] - UpdateStripeIdsOnMarket - Apple Ridge Farm (18) - Connecting org BankAccounts - Organization Buck Hill Falls Post Office (2151) - MISS - No stripe_id found for Visa 8814 (256) balanced_customer_uri /v1/marketplaces/MP2eXZmrOPof80u3Irf94Wre/cards/CC4PV5fL7McUTSljniOYqw79
[2015-06-08 12:26:27 -0400] - UpdateStripeIdsOnMarket - Apple Ridge Farm (18) - Connecting org BankAccounts - Organization edward urban (2140) - MasterCard 0565 (254) already has stripe_id: card_15ic9D2VpjOYk6Tmorxc98q9
[2015-06-08 12:26:27 -0400] - UpdateStripeIdsOnMarket - Apple Ridge Farm (18) - Connecting org BankAccounts - Organization Timpone (1952) - Visa 4829 (220) already has stripe_id: card_15ic9f2VpjOYk6TmikRi2R3I
[2015-06-08 12:26:27 -0400] - UpdateStripeIdsOnMarket - Apple Ridge Farm (18) - Connecting org BankAccounts - Organization Judy Snyder (1913) - Visa 9056 (212) already has stripe_id: card_15ic9A2VpjOYk6TmLxMXx7g4
[2015-06-08 12:26:27 -0400] - UpdateStripeIdsOnMarket - Apple Ridge Farm (18) - Connecting org BankAccounts - Organization temporarily at Red Rock Studio (1838) - MISS - No stripe_id found for Visa 5861 (206) balanced_customer_uri /v1/marketplaces/MP2eXZmrOPof80u3Irf94Wre/cards/CC7a1RYzflzxOIBFP68ukSwG
[2015-06-08 12:26:27 -0400] - UpdateStripeIdsOnMarket - Apple Ridge Farm (18) - Connecting org BankAccounts - Organization Hurley Home (1816) - Visa 8488 (225) already has stripe_id: card_15ic9k2VpjOYk6Tm2xlMPtfp
[2015-06-08 12:26:27 -0400] - UpdateStripeIdsOnMarket - Apple Ridge Farm (18) - Connecting org BankAccounts - Organization Jill Ravenscroft (1784) - American Express 2007 (194) already has stripe_id: card_15ic912VpjOYk6Tmn3nDpibe
[2015-06-08 12:26:27 -0400] - UpdateStripeIdsOnMarket - Apple Ridge Farm (18) - Connecting org BankAccounts - Organization Joseph DiLauro (1776) - Visa 1177 (192) already has stripe_id: card_15ic922VpjOYk6Tmc8W7BTFy
[2015-06-08 12:26:27 -0400] - UpdateStripeIdsOnMarket - Apple Ridge Farm (18) - Connecting org BankAccounts - Organization Brian Reilly (1741) - Visa 2009 (213) already has stripe_id: card_15ic8w2VpjOYk6Tmsr276QBd
[2015-06-08 12:26:27 -0400] - UpdateStripeIdsOnMarket - Apple Ridge Farm (18) - Connecting org BankAccounts - Organization Buck hill falls (1688) - Visa 2236 (180) already has stripe_id: tok_15ibgo2VpjOYk6TmxQUtqaju
[2015-06-08 12:26:27 -0400] - UpdateStripeIdsOnMarket - Apple Ridge Farm (18) - Connecting org BankAccounts - Organization Virginia Hockenjos (1586) - Visa 3623 (344) already has stripe_id: card_15ic9b2VpjOYk6Tm9HZ7FWDb
[2015-06-08 12:26:27 -0400] - UpdateStripeIdsOnMarket - Apple Ridge Farm (18) - Connecting org BankAccounts - Organization Jenny Collins (1581) - Visa 8450 (150) already has stripe_id: card_15ic8v2VpjOYk6TmiAf9PQNI
[2015-06-08 12:26:27 -0400] - UpdateStripeIdsOnMarket - Apple Ridge Farm (18) - Connecting org BankAccounts - Organization judith redway (1572) - Visa 9734 (144) already has stripe_id: card_15ic9Y2VpjOYk6TmHAe5nndi
[2015-06-08 12:26:27 -0400] - UpdateStripeIdsOnMarket - Apple Ridge Farm (18) - Connecting org BankAccounts - Organization judith redway (1572) - Visa 9734 (143) already has stripe_id: card_15ic9Y2VpjOYk6TmHAe5nndi
[2015-06-08 12:26:27 -0400] - UpdateStripeIdsOnMarket - Apple Ridge Farm (18) - Connecting org BankAccounts - Organization Bowen Miller (1569) - MISS - No stripe_id found for Visa 1869 (184) balanced_customer_uri /v1/marketplaces/MP2eXZmrOPof80u3Irf94Wre/cards/CC2kSt9hP1JzpCiQ1i3gCSHV
[2015-06-08 12:26:27 -0400] - UpdateStripeIdsOnMarket - Apple Ridge Farm (18) - Connecting org BankAccounts - Organization Regina Rabinovich (1543) - MasterCard 7746 (129) already has stripe_id: card_15ic9h2VpjOYk6Tm5vEXaBxX
[2015-06-08 12:26:27 -0400] - UpdateStripeIdsOnMarket - Apple Ridge Farm (18) - Connecting org BankAccounts - Organization Jill preston (1513) - American Express 1007 (114) already has stripe_id: card_15ic9o2VpjOYk6TmCKm5qdBP
[2015-06-08 12:26:27 -0400] - UpdateStripeIdsOnMarket - Apple Ridge Farm (18) - Connecting org BankAccounts - Organization Teresa A Barry (1500) - Visa 4854 (439) already has stripe_id: card_15ic9X2VpjOYk6Tmb8ORkE5i
[2015-06-08 12:26:27 -0400] - UpdateStripeIdsOnMarket - Apple Ridge Farm (18) - Connecting org BankAccounts - Organization Teresa A Barry (1500) - MasterCard 8392 (90) already has stripe_id: card_15ic9a2VpjOYk6TmSGntJcAw
[2015-06-08 12:26:27 -0400] - UpdateStripeIdsOnMarket - Apple Ridge Farm (18) - Connecting org BankAccounts - Organization Adrienne Fretz (1493) - MasterCard 8084 (98) already has stripe_id: card_15ic9g2VpjOYk6TmJoD4BbYS
[2015-06-08 12:26:27 -0400] - UpdateStripeIdsOnMarket - Apple Ridge Farm (18) - Connecting org BankAccounts - Organization Klatt Family (1490) - MISS - No stripe_id found for MasterCard 3905 (118) balanced_customer_uri /v1/marketplaces/MP2eXZmrOPof80u3Irf94Wre/cards/CC3jPulQp8u13qHFzD5DiZeG
[2015-06-08 12:26:27 -0400] - UpdateStripeIdsOnMarket - Apple Ridge Farm (18) - Connecting org BankAccounts - Organization Klatt Family (1490) - MISS - No stripe_id found for MasterCard 3905 (82) balanced_customer_uri /v1/marketplaces/MP2eXZmrOPof80u3Irf94Wre/cards/CC5mYDsV7Si2InCc2f9eXNmH
[2015-06-08 12:26:27 -0400] - UpdateStripeIdsOnMarket - Apple Ridge Farm (18) - Connecting org BankAccounts - Organization Elise Ross (1488) - Visa 0269 (79) already has stripe_id: card_15ic9W2VpjOYk6TmtAvNRyFa
[2015-06-08 12:26:27 -0400] - UpdateStripeIdsOnMarket - Apple Ridge Farm (18) - Connecting org BankAccounts - Organization Apple Ridge Farm (1054) - MasterCard 9114 (340) already has stripe_id: card_15ic9V2VpjOYk6TmIfqknQI8
[2015-06-08 12:26:27 -0400] - UpdateStripeIdsOnMarket - Apple Ridge Farm (18) - Connecting org BankAccounts - Organization Sheldon Rubin (1042) - Visa 6681 (126) already has stripe_id: card_15ic9h2VpjOYk6TmxrqZDR22
[2015-06-08 12:26:27 -0400] - UpdateStripeIdsOnMarket - Apple Ridge Farm (18) - Connecting org BankAccounts - Organization Connie Merwine (1041) - American Express 1025 (138) already has stripe_id: card_15ic912VpjOYk6TmXFz8pcv1
[2015-06-08 12:26:27 -0400] - UpdateStripeIdsOnMarket - Apple Ridge Farm (18) - Connecting org BankAccounts - Organization Mindy Abraham (1029) - Visa 0405 (208) already has stripe_id: card_15ic902VpjOYk6TmaJIm35ha
[2015-06-08 12:26:27 -0400] - UpdateStripeIdsOnMarket - Apple Ridge Farm (18) - Connecting org BankAccounts - Organization Vicki Kasztejna (1012) - Visa 3107 (328) already has stripe_id: card_15ic9G2VpjOYk6TmClU5iAD2
[2015-06-08 12:26:27 -0400] - UpdateStripeIdsOnMarket - Apple Ridge Farm (18) - Connecting org BankAccounts - Organization jean kofol (1010) - American Express 3023 (110) already has stripe_id: card_15ic8r2VpjOYk6TmTCEbVeI0
[2015-06-08 12:26:27 -0400] - UpdateStripeIdsOnMarket - Apple Ridge Farm (18) - Connecting org BankAccounts - Organization jean kofol (1010) - American Express 3023 (64) already has stripe_id: card_15ic8q2VpjOYk6TmmOzjhgug
[2015-06-08 12:26:28 -0400] - UpdateStripeIdsOnMarket - Apple Ridge Farm (18) - Connecting org BankAccounts - Organization Ryan Meissner (1001) - Visa 7821 (101) already has stripe_id: card_15ic9g2VpjOYk6TmusXg9Bud
[2015-06-08 12:26:28 -0400] - UpdateStripeIdsOnMarket - Apple Ridge Farm (18) - Connecting org BankAccounts - Organization Noreen Wentz (978) - MISS - No stripe_id found for Visa 7112 (303) balanced_customer_uri /v1/marketplaces/MP2eXZmrOPof80u3Irf94Wre/cards/CCDvD5tIOWoVYb6ILWwlZjx
[2015-06-08 12:26:28 -0400] - UpdateStripeIdsOnMarket - Apple Ridge Farm (18) - Connecting org BankAccounts - Organization Noreen Wentz (978) - Visa 4315 (151) already has stripe_id: card_15ic8n2VpjOYk6TmjfKKwCGw
[2015-06-08 12:26:28 -0400] - UpdateStripeIdsOnMarket - Apple Ridge Farm (18) - Connecting org BankAccounts - Organization Noreen Wentz (978) - MISS - No stripe_id found for Visa 1349 (81) balanced_customer_uri /v1/marketplaces/MP2eXZmrOPof80u3Irf94Wre/cards/CC3qyj9Qw7mLQOD8etRtCT7Q
[2015-06-08 12:26:28 -0400] - UpdateStripeIdsOnMarket - Apple Ridge Farm (18) - Connecting org BankAccounts - Organization linda devoll (977) - Visa 5405 (381) already has stripe_id: card_15ic9V2VpjOYk6TmJBVBFyUI
[2015-06-08 12:26:28 -0400] - UpdateStripeIdsOnMarket - Apple Ridge Farm (18) - Connecting org BankAccounts - Organization Maria Menegus (947) - Visa 7320 (320) already has stripe_id: card_15ic9O2VpjOYk6Tm7ktGvBo6
[2015-06-08 12:26:28 -0400] - UpdateStripeIdsOnMarket - Apple Ridge Farm (18) - Connecting org BankAccounts - Organization Brian Polka (943) - Visa 4738 (196) already has stripe_id: card_15ic952VpjOYk6TmPTlcLSSE
[2015-06-08 12:26:28 -0400] - UpdateStripeIdsOnMarket - Apple Ridge Farm (18) - Connecting org BankAccounts - Organization Catherine Folio (941) - Visa 2454 (96) already has stripe_id: card_15ic9e2VpjOYk6TmkJWccrnh
[2015-06-08 12:26:28 -0400] - UpdateStripeIdsOnMarket - Apple Ridge Farm (18) - Connecting org BankAccounts - Organization brian davis (934) - Visa 2962 (317) already has stripe_id: card_15ic942VpjOYk6TmbBTby2N3
[2015-06-08 12:26:28 -0400] - UpdateStripeIdsOnMarket - Apple Ridge Farm (18) - Connecting org BankAccounts - Organization Julia Mutch (858) - MISS - No stripe_id found for American Express 4000 (88) balanced_customer_uri /v1/marketplaces/MP2eXZmrOPof80u3Irf94Wre/cards/CC3RUgDode4AUTFfadXGagDw
[2015-06-08 12:26:28 -0400] - UpdateStripeIdsOnMarket - Apple Ridge Farm (18) - Connecting org BankAccounts - Organization Alison Gerstell (853) - Visa 9260 (146) already has stripe_id: card_15ic922VpjOYk6TmkCVKvtej
[2015-06-08 12:26:28 -0400] - UpdateStripeIdsOnMarket - Apple Ridge Farm (18) - Connecting org BankAccounts - Organization Marie Powers (844) - American Express 2001 (186) already has stripe_id: card_15ic962VpjOYk6TmvMSzUOp1
[2015-06-08 12:26:28 -0400] - UpdateStripeIdsOnMarket - Apple Ridge Farm (18) - Connecting org BankAccounts - Organization Debbie Higgins (840) - American Express 5003 (257) already has stripe_id: card_15ic9c2VpjOYk6Tm9HSxvUO0
[2015-06-08 12:26:28 -0400] - UpdateStripeIdsOnMarket - Apple Ridge Farm (18) - Connecting org BankAccounts - Organization Debbie Higgins (840) - Visa 2810 (111) already has stripe_id: card_15ic9T2VpjOYk6TmXuyxHPnz
[2015-06-08 12:26:28 -0400] - UpdateStripeIdsOnMarket - Apple Ridge Farm (18) - Connecting org BankAccounts - Organization Debbie Higgins (840) - PNCBANK, N.A. 4797 (109) already has stripe_id: ba_15ic9V2VpjOYk6TmkymdAYyH
[2015-06-08 12:26:28 -0400] - UpdateStripeIdsOnMarket - Apple Ridge Farm (18) - Connecting org BankAccounts - Organization Diana Seiler (834) - Visa 3550 (71) already has stripe_id: card_15ic8t2VpjOYk6TmsGBslqtA
[2015-06-08 12:26:28 -0400] - UpdateStripeIdsOnMarket - Apple Ridge Farm (18) - Connecting org BankAccounts - Organization Diana Seiler (834) - Visa 3550 (162) already has stripe_id: card_15ic8t2VpjOYk6TmsGBslqtA
[2015-06-08 12:26:28 -0400] - UpdateStripeIdsOnMarket - Apple Ridge Farm (18) - Connecting org BankAccounts - Organization Diana Seiler (834) - Visa 3550 (219) already has stripe_id: card_15ic8t2VpjOYk6TmsGBslqtA
[2015-06-08 12:26:28 -0400] - UpdateStripeIdsOnMarket - Apple Ridge Farm (18) - Connecting org BankAccounts - Organization Deborah Lewison Grant (832) - MasterCard 4482 (99) already has stripe_id: card_15ic9n2VpjOYk6TmHJo3AMgv
[2015-06-08 12:26:28 -0400] - UpdateStripeIdsOnMarket - Apple Ridge Farm (18) - Connecting org BankAccounts - Organization Joyce Yao (831) - American Express 9007 (174) already has stripe_id: card_15ic9i2VpjOYk6TmWWf2KzF8
[2015-06-08 12:26:28 -0400] - UpdateStripeIdsOnMarket - Apple Ridge Farm (18) - Connecting org BankAccounts - Organization Buck Hill Falls  (830) - Visa 0958 (570) already has stripe_id: card_16745d2VpjOYk6Tm3T9cXn2x
[2015-06-08 12:26:28 -0400] - UpdateStripeIdsOnMarket - Apple Ridge Farm (18) - Connecting org BankAccounts - Organization Kay Miller (827) - MasterCard 4137 (72) already has stripe_id: card_15ic8q2VpjOYk6TmrEyuhGFs
[2015-06-08 12:26:28 -0400] - UpdateStripeIdsOnMarket - Apple Ridge Farm (18) - Connecting org BankAccounts - Organization Kay Miller (827) - MasterCard 4137 (227) already has stripe_id: card_15ic8p2VpjOYk6Tmis1kPt7z
[2015-06-08 12:26:28 -0400] - UpdateStripeIdsOnMarket - Apple Ridge Farm (18) - Connecting org BankAccounts - Organization Susan Roberts (821) - Visa 9216 (154) already has stripe_id: card_15ic9c2VpjOYk6TmmNrnLuIY
[2015-06-08 12:26:28 -0400] - UpdateStripeIdsOnMarket - Apple Ridge Farm (18) - Connecting org BankAccounts - Organization Michele Cohen (813) - MISS - No stripe_id found for MasterCard 1356 (74) balanced_customer_uri /v1/marketplaces/MP2eXZmrOPof80u3Irf94Wre/cards/CC6VEySuTjiZsImbDTBWOlJ1
[2015-06-08 12:26:28 -0400] - UpdateStripeIdsOnMarket - Apple Ridge Farm (18) - Connecting org BankAccounts - Organization Judith Coleman (806) - Visa 0424 (121) already has stripe_id: card_15ic9h2VpjOYk6TmgFBtKCOy
[2015-06-08 12:26:28 -0400] - UpdateStripeIdsOnMarket - Apple Ridge Farm (18) - Connecting org BankAccounts - Organization Judith Coleman (806) - Visa 4229 (236) already has stripe_id: card_15ic9S2VpjOYk6Tmzrs2JtW2
[2015-06-08 12:26:28 -0400] - UpdateStripeIdsOnMarket - Apple Ridge Farm (18) - Connecting org BankAccounts - Organization Judith Coleman (806) - WELLS FARGO BANK 6306 (87) already has stripe_id: ba_15ic9h2VpjOYk6TmhuIf98jn
[2015-06-08 12:26:28 -0400] - UpdateStripeIdsOnMarket - Apple Ridge Farm (18) - Connecting org BankAccounts - Organization Marion Golf (794) - MISS - No stripe_id found for Visa 4719 (67) balanced_customer_uri /v1/marketplaces/MP2eXZmrOPof80u3Irf94Wre/cards/CCM1mF39ixpXl0DrlsfHW0H
[2015-06-08 12:26:28 -0400] - UpdateStripeIdsOnMarket - Apple Ridge Farm (18) - Connecting org BankAccounts - Organization Lisa Neary (787) - American Express 7003 (65) already has stripe_id: card_15ic8r2VpjOYk6TmeJ4qmSDg
[2015-06-08 12:26:28 -0400] - UpdateStripeIdsOnMarket - Apple Ridge Farm (18) - Connecting org BankAccounts - Organization Lisa Neary (787) - American Express 7003 (104) already has stripe_id: card_15ic8r2VpjOYk6TmeJ4qmSDg
[2015-06-08 12:26:28 -0400] - UpdateStripeIdsOnMarket - Apple Ridge Farm (18) - Connecting org BankAccounts - Organization Terri Welsh-Farrell (773) - Visa 1858 (448) already has stripe_id: card_15ic9O2VpjOYk6Tm7WqzayWE
[2015-06-08 12:26:28 -0400] - UpdateStripeIdsOnMarket - Apple Ridge Farm (18) - Connecting org BankAccounts - Organization Terri Welsh-Farrell (773) - American Express 4007 (327) already has stripe_id: card_15ic9O2VpjOYk6TmfvJ1W1Nu
[2015-06-08 12:26:28 -0400] - UpdateStripeIdsOnMarket - Apple Ridge Farm (18) - Connecting org BankAccounts - Organization Bea Petri (759) - Visa 7383 (251) already has stripe_id: card_15ic9G2VpjOYk6TmdMAlULEv
[2015-06-08 12:26:28 -0400] - UpdateStripeIdsOnMarket - Apple Ridge Farm (18) - Connecting org BankAccounts - Organization John Robbins (746) - American Express 4004 (113) already has stripe_id: card_15ic9Y2VpjOYk6TmZdTw9nJY
[2015-06-08 12:26:28 -0400] - UpdateStripeIdsOnMarket - Apple Ridge Farm (18) - Connecting org BankAccounts - Organization Susan Worth (742) - Visa 1736 (97) already has stripe_id: card_15ic9O2VpjOYk6TmzNioQPjT
[2015-06-08 12:26:28 -0400] - UpdateStripeIdsOnMarket - Apple Ridge Farm (18) - Connecting org BankAccounts - Organization Stephanie forte (2380) - Discover 5108 (324) already has stripe_id: card_15ic9V2VpjOYk6TmDdDZhTms
[2015-06-08 12:26:28 -0400] - UpdateStripeIdsOnMarket - Apple Ridge Farm (18) - Connecting org BankAccounts - Organization Helene Osswald  (721) - MasterCard 2176 (166) already has stripe_id: card_15ic9i2VpjOYk6Tm4SRN4yFy
[2015-06-08 12:26:28 -0400] - UpdateStripeIdsOnMarket - Apple Ridge Farm (18) - Connecting org BankAccounts - Organization Joy Burdge (681) - Visa 3315 (119) already has stripe_id: card_15ic922VpjOYk6TmogYxf1ix
[2015-06-08 12:26:28 -0400] - UpdateStripeIdsOnMarket - Apple Ridge Farm (18) - Connecting org BankAccounts - Organization Joy Burdge (681) - Visa 3315 (80) already has stripe_id: card_15ic912VpjOYk6TmJcymRIzu
[2015-06-08 12:26:28 -0400] - UpdateStripeIdsOnMarket - Apple Ridge Farm (18) - Connecting org BankAccounts - Organization Rebecca Troutman (673) - Visa 2266 (314) already has stripe_id: card_15ic9D2VpjOYk6TmSkA3Sd1M
[2015-06-08 12:26:28 -0400] - UpdateStripeIdsOnMarket - Apple Ridge Farm (18) - Connecting org BankAccounts - Organization Andrew BeauChamp (664) - MasterCard 7059 (323) already has stripe_id: card_15ic9J2VpjOYk6TmpYm46NHq
[2015-06-08 12:26:28 -0400] - UpdateStripeIdsOnMarket - Apple Ridge Farm (18) - Connecting org BankAccounts - Organization Adrienne Primrose (592) - MasterCard 5584 (367) already has stripe_id: card_15ic8p2VpjOYk6TmX9wkTNin
[2015-06-08 12:26:28 -0400] - UpdateStripeIdsOnMarket - Apple Ridge Farm (18) - Connecting org BankAccounts - Organization Adrienne Primrose (592) - MISS - No stripe_id found for MasterCard 5584 (100) balanced_customer_uri /v1/marketplaces/MP2eXZmrOPof80u3Irf94Wre/cards/CC71dh8l5QN7NcSlAtEotBaj
[2015-06-08 12:26:28 -0400] - UpdateStripeIdsOnMarket - Apple Ridge Farm (18) - Connecting org BankAccounts - Organization Fannie Boeman (591) - Visa 1735 (175) already has stripe_id: card_15ic9T2VpjOYk6TmM0hJUciT
[2015-06-08 12:26:28 -0400] - UpdateStripeIdsOnMarket - Apple Ridge Farm (18) - Connecting org BankAccounts - Organization Karyn Yarashas (586) - Visa 0045 (407) already has stripe_id: card_15ic9T2VpjOYk6Tm7l85BhDe
[2015-06-08 12:26:28 -0400] - UpdateStripeIdsOnMarket - Apple Ridge Farm (18) - Connecting org BankAccounts - Organization Karyn Yarashas (586) - Visa 2046 (399) already has stripe_id: card_15ic9M2VpjOYk6TmGKqgxzo1
[2015-06-08 12:26:28 -0400] - UpdateStripeIdsOnMarket - Apple Ridge Farm (18) - Connecting org BankAccounts - Organization Melissa Tsouhnikas (565) - Visa 1749 (247) already has stripe_id: card_15ic922VpjOYk6Tm93N9NsC1
[2015-06-08 12:26:28 -0400] - UpdateStripeIdsOnMarket - Apple Ridge Farm (18) - Connecting org BankAccounts - Organization LINDA MARSILI (560) - American Express 1003 (68) already has stripe_id: card_15ic8n2VpjOYk6TmUF0J2KUR
[2015-06-08 12:26:28 -0400] - UpdateStripeIdsOnMarket - Apple Ridge Farm (18) - Connecting org BankAccounts - Organization LINDA MARSILI (560) - American Express 1003 (89) already has stripe_id: card_15ic8k2VpjOYk6TmMwgaZdFa
[2015-06-08 12:26:28 -0400] - UpdateStripeIdsOnMarket - Apple Ridge Farm (18) - Connecting org BankAccounts - Organization Yvonne  Martinez (552) - MasterCard 0918 (401) already has stripe_id: card_15ic8y2VpjOYk6TmBdWkUJY0
[2015-06-08 12:26:28 -0400] - UpdateStripeIdsOnMarket - Apple Ridge Farm (18) - Connecting org BankAccounts - Organization Yvonne  Martinez (552) - MasterCard 5779 (285) already has stripe_id: card_15ic8x2VpjOYk6Tmh8Q3w0Tq
[2015-06-08 12:26:28 -0400] - UpdateStripeIdsOnMarket - Apple Ridge Farm (18) - Connecting org BankAccounts - Organization Yvonne  Martinez (552) - Visa 5036 (148) already has stripe_id: card_15ic8v2VpjOYk6TmMdy3wHYV
[2015-06-08 12:26:28 -0400] - UpdateStripeIdsOnMarket - Apple Ridge Farm (18) - Connecting org BankAccounts - Organization jan stewart (551) - Visa 9100 (277) already has stripe_id: card_15ic9C2VpjOYk6Tm5InWOENE
[2015-06-08 12:26:28 -0400] - UpdateStripeIdsOnMarket - Apple Ridge Farm (18) - Connecting org BankAccounts - Organization Sharon Cline (547) - MasterCard 4834 (269) already has stripe_id: card_15ic8n2VpjOYk6TmDe5HCQDn
[2015-06-08 12:26:28 -0400] - UpdateStripeIdsOnMarket - Apple Ridge Farm (18) - Connecting org BankAccounts - Organization Sharon Cline (547) - Visa 5766 (339) already has stripe_id: card_15ic8o2VpjOYk6TmrpcQustP
[2015-06-08 12:26:28 -0400] - UpdateStripeIdsOnMarket - Apple Ridge Farm (18) - Connecting org BankAccounts - Organization Sharon Cline (547) - MISS - No stripe_id found for Visa 7272 (275) balanced_customer_uri /v1/marketplaces/MP2eXZmrOPof80u3Irf94Wre/cards/CC2C9vRW5ojZ2gWSaDRFPaI3
[2015-06-08 12:26:28 -0400] - UpdateStripeIdsOnMarket - Apple Ridge Farm (18) - Connecting org BankAccounts - Organization Sharon Cline (547) - Visa 2691 (240) already has stripe_id: card_15ic8u2VpjOYk6TmovEIyNbC
[2015-06-08 12:26:28 -0400] - UpdateStripeIdsOnMarket - Apple Ridge Farm (18) - Connecting org BankAccounts - Organization Sharon Cline (547) - MISS - No stripe_id found for Visa 4904 (229) balanced_customer_uri /v1/marketplaces/MP2eXZmrOPof80u3Irf94Wre/cards/CC7vkzcjm8RXEmhPE9AdJRF1
[2015-06-08 12:26:28 -0400] - UpdateStripeIdsOnMarket - Apple Ridge Farm (18) - Connecting org BankAccounts - Organization Sharon Cline (547) - MISS - No stripe_id found for Visa 7272 (147) balanced_customer_uri /v1/marketplaces/MP2eXZmrOPof80u3Irf94Wre/cards/CC7tvt3wVniUG3jtuTRMSrWq
[2015-06-08 12:26:28 -0400] - UpdateStripeIdsOnMarket - Apple Ridge Farm (18) - Connecting org BankAccounts - Organization Sharon Cline (547) - MasterCard 4834 (77) already has stripe_id: card_15ic8p2VpjOYk6TmoECrsfxo
[2015-06-08 12:26:28 -0400] - UpdateStripeIdsOnMarket - Apple Ridge Farm (18) - Connecting org BankAccounts - Organization Cheryl Lyding (545) - Visa 2133 (397) already has stripe_id: card_15ic9H2VpjOYk6TmlA8yOWPc
[2015-06-08 12:26:28 -0400] - UpdateStripeIdsOnMarket - Apple Ridge Farm (18) - Connecting org BankAccounts - Organization Cheryl Lyding (545) - American Express 4002 (466) already has stripe_id: card_15jLk32VpjOYk6TmVIJk3nLg
[2015-06-08 12:26:28 -0400] - UpdateStripeIdsOnMarket - Apple Ridge Farm (18) - Connecting org BankAccounts - Organization Cheryl Lyding (545) - MasterCard 8715 (480) already has stripe_id: card_15mXCv2VpjOYk6Tmu14Sj3Kh
[2015-06-08 12:26:28 -0400] - UpdateStripeIdsOnMarket - Apple Ridge Farm (18) - Connecting org BankAccounts - Organization Jessica DePete (537) - Visa 6663 (164) already has stripe_id: card_15ic9g2VpjOYk6TmzJM0TtBs
[2015-06-08 12:26:28 -0400] - UpdateStripeIdsOnMarket - Apple Ridge Farm (18) - Connecting org BankAccounts - Organization robyn  brunell (530) - MasterCard 1288 (400) already has stripe_id: card_15ic9f2VpjOYk6TmMmmFwVgZ
[2015-06-08 12:26:28 -0400] - UpdateStripeIdsOnMarket - Apple Ridge Farm (18) - Connecting org BankAccounts - Organization robyn  brunell (530) - MasterCard 9406 (575) already has stripe_id: card_1686xj2VpjOYk6TmRTtXs9Bj
[2015-06-08 12:26:28 -0400] - UpdateStripeIdsOnMarket - Apple Ridge Farm (18) - Connecting org BankAccounts - Organization robyn  brunell (530) - MISS - No stripe_id found for Visa 9006 (91) balanced_customer_uri /v1/marketplaces/MP2eXZmrOPof80u3Irf94Wre/cards/CC5dwdkat221XTi7JRjg6B4L
[2015-06-08 12:26:28 -0400] - UpdateStripeIdsOnMarket - Apple Ridge Farm (18) - Connecting org BankAccounts - Organization Lois & Kent Heckman (526) - Visa 0200 (112) already has stripe_id: card_15ic9Y2VpjOYk6Tmns5uZHWW
[2015-06-08 12:26:28 -0400] - UpdateStripeIdsOnMarket - Apple Ridge Farm (18) - Connecting org BankAccounts - Organization Tim Berish (521) - Visa 2651 (132) already has stripe_id: card_15ic8l2VpjOYk6TmDwfnBWrf
[2015-06-08 12:26:28 -0400] - UpdateStripeIdsOnMarket - Apple Ridge Farm (18) - Connecting org BankAccounts - Organization Tim Berish (521) - MISS - No stripe_id found for Visa 2651 (78) balanced_customer_uri /v1/marketplaces/MP2eXZmrOPof80u3Irf94Wre/cards/CC2ip2ZMB0h4ehLCnga2oVLs
[2015-06-08 12:26:28 -0400] - UpdateStripeIdsOnMarket - Apple Ridge Farm (18) - Connecting org BankAccounts - Organization Tim Berish (521) - Visa 2651 (55) already has stripe_id: card_15ic8k2VpjOYk6TmNtNEfXZY
[2015-06-08 12:26:28 -0400] - UpdateStripeIdsOnMarket - Apple Ridge Farm (18) - Connecting org BankAccounts - Organization Karen Radzierez (517) - MISS - No stripe_id found for MasterCard 5838 (248) balanced_customer_uri /v1/marketplaces/MP2eXZmrOPof80u3Irf94Wre/cards/CC4zzijfEIzdsRzwD6HsFOBI
[2015-06-08 12:26:28 -0400] - UpdateStripeIdsOnMarket - Apple Ridge Farm (18) - Connecting org BankAccounts - Organization Joan Drzewiecki (927) - MasterCard 9690 (128) already has stripe_id: card_15ic9d2VpjOYk6TmAfCyXo9D
[2015-06-08 12:26:29 -0400] - UpdateStripeIdsOnMarket - Apple Ridge Farm (18) - Connecting org BankAccounts - Organization jackie jasper (900) - MasterCard 3191 (239) already has stripe_id: card_15ic972VpjOYk6TmBDIxTxfR
[2015-06-08 12:26:29 -0400] - UpdateStripeIdsOnMarket - Apple Ridge Farm (18) - Connecting org BankAccounts - Organization Debbie Oliver (862) - Discover 9545 (125) already has stripe_id: card_15ic9f2VpjOYk6TmovShAgcm
[2015-06-08 12:26:29 -0400] - UpdateStripeIdsOnMarket - Apple Ridge Farm (18) - Connecting org BankAccounts - Organization Sheila Merwine (503) - Visa 0525 (149) already has stripe_id: card_15ic8s2VpjOYk6TmPwPsyHcq
[2015-06-08 12:26:29 -0400] - UpdateStripeIdsOnMarket - Apple Ridge Farm (18) - Connecting org BankAccounts - Organization Sheila Merwine (503) - Visa 0525 (76) already has stripe_id: card_15ic8s2VpjOYk6TmNXP4Su3k
[2015-06-08 12:26:29 -0400] - UpdateStripeIdsOnMarket - Apple Ridge Farm (18) - Connecting org BankAccounts - Organization Lanore Woodruff (502) - Visa 2655 (120) already has stripe_id: card_15ic9h2VpjOYk6TmhtE5uNia
[2015-06-08 12:26:29 -0400] - UpdateStripeIdsOnMarket - Apple Ridge Farm (18) - Connecting org BankAccounts - Organization Community Chiropractic  (498) - Visa 3740 (116) already has stripe_id: card_15ic8m2VpjOYk6Tm8kuVmxdM
[2015-06-08 12:26:29 -0400] - UpdateStripeIdsOnMarket - Apple Ridge Farm (18) - Connecting org BankAccounts - Organization Community Chiropractic  (498) - Visa 3740 (75) already has stripe_id: card_15ic8p2VpjOYk6TmELG9GbOy
[2015-06-08 12:26:29 -0400] - UpdateStripeIdsOnMarket - Apple Ridge Farm (18) - Connecting org BankAccounts - Organization Robin Franke (492) - MasterCard 5583 (56) already has stripe_id: card_15ic8l2VpjOYk6TmeOeErgaX
[2015-06-08 12:26:29 -0400] - UpdateStripeIdsOnMarket - Apple Ridge Farm (18) - Connecting org BankAccounts - Organization Robin Franke (492) - MasterCard 5583 (259) already has stripe_id: card_15ic8l2VpjOYk6TmeOeErgaX
[2015-06-08 12:26:29 -0400] - UpdateStripeIdsOnMarket - Apple Ridge Farm (18) - Connecting org BankAccounts - Organization cliff graver (481) - Discover 3483 (92) already has stripe_id: card_15ic9X2VpjOYk6TmtlRc8LGb
[2015-06-08 12:26:29 -0400] - UpdateStripeIdsOnMarket - Apple Ridge Farm (18) - Connecting org BankAccounts - Organization Karla lynch (472) - Visa 3290 (288) already has stripe_id: card_15ic8o2VpjOYk6TmydfYdHuv
[2015-06-08 12:26:29 -0400] - UpdateStripeIdsOnMarket - Apple Ridge Farm (18) - Connecting org BankAccounts - Organization Karla lynch (472) - MasterCard 9150 (390) already has stripe_id: card_15ic8x2VpjOYk6TmEmZPjKso
[2015-06-08 12:26:29 -0400] - UpdateStripeIdsOnMarket - Apple Ridge Farm (18) - Connecting org BankAccounts - Organization Karla lynch (472) - Visa 2170 (117) already has stripe_id: card_15ic8w2VpjOYk6TmaJgpGILI
