[2015-05-26 16:08:44 -0400] - UpdateStripeIdsOnMarket - Chesapeake Farm to Table (88) - ====================================================================================================
[2015-05-26 16:08:44 -0400] - UpdateStripeIdsOnMarket - Chesapeake Farm to Table (88) -  Chesapeake Farm to Table (88)
[2015-05-26 16:08:44 -0400] - UpdateStripeIdsOnMarket - Chesapeake Farm to Table (88) -  Updating stripe IDs for market, orgs and bank accounts.
[2015-05-26 16:08:44 -0400] - UpdateStripeIdsOnMarket - Chesapeake Farm to Table (88) - 
[2015-05-26 16:08:44 -0400] - UpdateStripeIdsOnMarket - Chesapeake Farm to Table (88) -  Rails.env: production
[2015-05-26 16:08:44 -0400] - UpdateStripeIdsOnMarket - Chesapeake Farm to Table (88) -  Stripe keys:
[2015-05-26 16:08:44 -0400] - UpdateStripeIdsOnMarket - Chesapeake Farm to Table (88) -   --> STRIPE_PUBLISHABLE_KEY: pk_live_j85VTsrz51POrss3ni460qaf (pk_live_j85VTsrz51POrss3ni460qaf)
[2015-05-26 16:08:44 -0400] - UpdateStripeIdsOnMarket - Chesapeake Farm to Table (88) - ====================================================================================================
[2015-05-26 16:08:45 -0400] - UpdateStripeIdsOnMarket - Chesapeake Farm to Table (88) - Connecting market customer - Updated Market stripe_customer_id: cus_63LUTIeLIucj0Z
[2015-05-26 16:08:45 -0400] - UpdateStripeIdsOnMarket - Chesapeake Farm to Table (88) - Connecting market account - MISS - No stripe_account_id found for market balanced_customer_uri /v1/customers/CU1YmghBwTNGVHvgQuObIIvE
[2015-05-26 16:08:45 -0400] - UpdateStripeIdsOnMarket - Chesapeake Farm to Table (88) - Connecting org customers - MISS - No stripe_customer_id found for Organization Woodberry Kitchen (3936) balanced_customer_uri /v1/customers/CUrygE0JG8gIzVznKDquYBQ
[2015-05-26 16:08:45 -0400] - UpdateStripeIdsOnMarket - Chesapeake Farm to Table (88) - Connecting org customers - MISS - No stripe_customer_id found for Organization Peters Inn (3909) balanced_customer_uri /v1/customers/CU1GmJfWuwaqiKoUmqfA9VRR
[2015-05-26 16:08:46 -0400] - UpdateStripeIdsOnMarket - Chesapeake Farm to Table (88) - Connecting org customers - Updated Organization the arthouse (3843) stripe_customer_id: cus_6Gh6BJiP4SAEpG
[2015-05-26 16:08:46 -0400] - UpdateStripeIdsOnMarket - Chesapeake Farm to Table (88) - Connecting org customers - Updated Organization Bookmakers (3737) stripe_customer_id: cus_6CdRqmcOWFBpps
[2015-05-26 16:08:46 -0400] - UpdateStripeIdsOnMarket - Chesapeake Farm to Table (88) - Connecting org customers - Updated Organization Herb & Soul Express (3736) stripe_customer_id: cus_6ChgfpyyPr4Qva
[2015-05-26 16:08:47 -0400] - UpdateStripeIdsOnMarket - Chesapeake Farm to Table (88) - Connecting org customers - Updated Organization The Wine Market Bistro (3653) stripe_customer_id: cus_69FRAkvMolluRw
[2015-05-26 16:08:47 -0400] - UpdateStripeIdsOnMarket - Chesapeake Farm to Table (88) - Connecting org customers - Updated Organization Gertrude's (3630) stripe_customer_id: cus_6EP53h6qAEfHfQ
[2015-05-26 16:08:47 -0400] - UpdateStripeIdsOnMarket - Chesapeake Farm to Table (88) - Connecting org customers - Updated Organization Aromes restaurant (3551) stripe_customer_id: cus_68cCZsYQeEaQiW
[2015-05-26 16:08:47 -0400] - UpdateStripeIdsOnMarket - Chesapeake Farm to Table (88) - Connecting org customers - Updated Organization Bottega (3529) stripe_customer_id: cus_68SYEUb2uR6XoR
[2015-05-26 16:08:48 -0400] - UpdateStripeIdsOnMarket - Chesapeake Farm to Table (88) - Connecting org customers - Updated Organization Local Pie (3523) stripe_customer_id: cus_68oWsi7sCpD5B4
[2015-05-26 16:08:48 -0400] - UpdateStripeIdsOnMarket - Chesapeake Farm to Table (88) - Connecting org customers - Updated Organization Clementine (3521) stripe_customer_id: cus_6BfIjLb1RB2Go3
[2015-05-26 16:08:49 -0400] - UpdateStripeIdsOnMarket - Chesapeake Farm to Table (88) - Connecting org customers - Updated Organization Two Boots Farm (3508) stripe_customer_id: cus_64JJXZKFxBfwWo
[2015-05-26 16:08:50 -0400] - UpdateStripeIdsOnMarket - Chesapeake Farm to Table (88) - Connecting market BankAccounts - Updated Visa 7106 (517) stripe_id: card_15u6xM2VpjOYk6TmPuzJ0kGm
