[2015-06-08 12:25:52 -0400] - UpdateStripeIdsOnMarket - LINC Foods (38) - ====================================================================================================
[2015-06-08 12:25:52 -0400] - UpdateStripeIdsOnMarket - LINC Foods (38) -  LINC Foods (38)
[2015-06-08 12:25:52 -0400] - UpdateStripeIdsOnMarket - LINC Foods (38) -  Updating stripe IDs for market, orgs and bank accounts.
[2015-06-08 12:25:52 -0400] - UpdateStripeIdsOnMarket - LINC Foods (38) - 
[2015-06-08 12:25:52 -0400] - UpdateStripeIdsOnMarket - LINC Foods (38) -  Balanced export file: /home/vagrant/git/localorbit/tools/stripe-migration/from_balanced/2015-06-08-1433769720-MP2eXZmrOPof80u3Irf94Wre.csv
[2015-06-08 12:25:52 -0400] - UpdateStripeIdsOnMarket - LINC Foods (38) - 
[2015-06-08 12:25:52 -0400] - UpdateStripeIdsOnMarket - LINC Foods (38) -  Rails.env: production
[2015-06-08 12:25:52 -0400] - UpdateStripeIdsOnMarket - LINC Foods (38) -  Stripe keys:
[2015-06-08 12:25:52 -0400] - UpdateStripeIdsOnMarket - LINC Foods (38) -   --> STRIPE_PUBLISHABLE_KEY: pk_live_j85VTsrz51POrss3ni460qaf (pk_live_j85VTsrz51POrss3ni460qaf)
[2015-06-08 12:25:52 -0400] - UpdateStripeIdsOnMarket - LINC Foods (38) - ====================================================================================================
[2015-06-08 12:25:52 -0400] - UpdateStripeIdsOnMarket - LINC Foods (38) - Connecting market customer - Market already has stripe_customer_id: cus_5uQ4f1D7qpQTeI
[2015-06-08 12:25:52 -0400] - UpdateStripeIdsOnMarket - LINC Foods (38) - Connecting market account - Market already has stripe_account_id: acct_15l1yUKrJTZzbTAP
[2015-06-08 12:25:52 -0400] - UpdateStripeIdsOnMarket - LINC Foods (38) - Connecting org customers - Organization already has stripe_customer_id: cus_6LGzNFSiNVqiCk
[2015-06-08 12:25:52 -0400] - UpdateStripeIdsOnMarket - LINC Foods (38) - Connecting org customers - Organization already has stripe_customer_id: cus_6HXZQgiaMf0G11
[2015-06-08 12:25:52 -0400] - UpdateStripeIdsOnMarket - LINC Foods (38) - Connecting org customers - Organization already has stripe_customer_id: cus_6HBYTHaGToiwWh
[2015-06-08 12:25:52 -0400] - UpdateStripeIdsOnMarket - LINC Foods (38) - Connecting org customers - Organization already has stripe_customer_id: cus_6DRPFjqXnVtLeu
[2015-06-08 12:25:52 -0400] - UpdateStripeIdsOnMarket - LINC Foods (38) - Connecting org customers - Organization already has stripe_customer_id: cus_64rrc8oGSZWzdx
[2015-06-08 12:25:52 -0400] - UpdateStripeIdsOnMarket - LINC Foods (38) - Connecting org customers - Organization already has stripe_customer_id: cus_660WA5hfNiRwyV
[2015-06-08 12:25:52 -0400] - UpdateStripeIdsOnMarket - LINC Foods (38) - Connecting org customers - Organization already has stripe_customer_id: cus_610RJwtexKVVrU
[2015-06-08 12:25:52 -0400] - UpdateStripeIdsOnMarket - LINC Foods (38) - Connecting org customers - Organization already has stripe_customer_id: cus_5vOTh0WVUZ6eou
[2015-06-08 12:25:52 -0400] - UpdateStripeIdsOnMarket - LINC Foods (38) - Connecting org customers - Organization already has stripe_customer_id: cus_5uQ4xwWYHD2Cve
[2015-06-08 12:25:52 -0400] - UpdateStripeIdsOnMarket - LINC Foods (38) - Connecting org customers - Organization already has stripe_customer_id: cus_5uQ4LjGQfYDhin
[2015-06-08 12:25:52 -0400] - UpdateStripeIdsOnMarket - LINC Foods (38) - Connecting org customers - Organization already has stripe_customer_id: cus_5xpyM8R0E9vY0P
[2015-06-08 12:25:52 -0400] - UpdateStripeIdsOnMarket - LINC Foods (38) - Connecting org customers - Organization already has stripe_customer_id: cus_5uQ49UOwAFQtAi
[2015-06-08 12:25:52 -0400] - UpdateStripeIdsOnMarket - LINC Foods (38) - Connecting org customers - Organization already has stripe_customer_id: cus_5uQ5HNxOqJRBIz
[2015-06-08 12:25:52 -0400] - UpdateStripeIdsOnMarket - LINC Foods (38) - Connecting org customers - Organization already has stripe_customer_id: cus_5uQ5QBbuc2IyNh
[2015-06-08 12:25:52 -0400] - UpdateStripeIdsOnMarket - LINC Foods (38) - Connecting org customers - Organization already has stripe_customer_id: cus_5uQ4LZIGjzIGM0
[2015-06-08 12:25:52 -0400] - UpdateStripeIdsOnMarket - LINC Foods (38) - Connecting org customers - Organization already has stripe_customer_id: cus_5uQ5NzI9j1EuVt
[2015-06-08 12:25:52 -0400] - UpdateStripeIdsOnMarket - LINC Foods (38) - Connecting org customers - Organization already has stripe_customer_id: cus_5uQ4L7BEUtwcsi
[2015-06-08 12:25:52 -0400] - UpdateStripeIdsOnMarket - LINC Foods (38) - Connecting org customers - Organization already has stripe_customer_id: cus_5uQ4J2mhDEYhQ7
[2015-06-08 12:25:52 -0400] - UpdateStripeIdsOnMarket - LINC Foods (38) - Connecting org customers - Organization already has stripe_customer_id: cus_5uQ45sTaugtGcG
[2015-06-08 12:25:52 -0400] - UpdateStripeIdsOnMarket - LINC Foods (38) - Connecting org customers - Organization already has stripe_customer_id: cus_64oBf4Q5sLyNk9
[2015-06-08 12:25:52 -0400] - UpdateStripeIdsOnMarket - LINC Foods (38) - Connecting org customers - Organization already has stripe_customer_id: cus_5uQ46oiS9fqxSe
[2015-06-08 12:25:52 -0400] - UpdateStripeIdsOnMarket - LINC Foods (38) - Connecting org customers - Organization already has stripe_customer_id: cus_5uQ4pR3Ym9e7GE
[2015-06-08 12:25:52 -0400] - UpdateStripeIdsOnMarket - LINC Foods (38) - Connecting org customers - Organization already has stripe_customer_id: cus_5uQ4kmNkAy01Ss
[2015-06-08 12:25:52 -0400] - UpdateStripeIdsOnMarket - LINC Foods (38) - Connecting org customers - Organization already has stripe_customer_id: cus_5uQ46jCjb7Wo7u
[2015-06-08 12:25:52 -0400] - UpdateStripeIdsOnMarket - LINC Foods (38) - Connecting org customers - Organization already has stripe_customer_id: cus_5uQ4FS4RY6IFTk
[2015-06-08 12:25:52 -0400] - UpdateStripeIdsOnMarket - LINC Foods (38) - Connecting org customers - Organization already has stripe_customer_id: cus_5uQ5pOQakD9ezS
[2015-06-08 12:25:52 -0400] - UpdateStripeIdsOnMarket - LINC Foods (38) - Connecting org customers - Organization already has stripe_customer_id: cus_5uQ4KYL5jG62fg
[2015-06-08 12:25:52 -0400] - UpdateStripeIdsOnMarket - LINC Foods (38) - Connecting org customers - Organization already has stripe_customer_id: cus_5uQ4BdNE4a7aVR
[2015-06-08 12:25:52 -0400] - UpdateStripeIdsOnMarket - LINC Foods (38) - Connecting org customers - Organization already has stripe_customer_id: cus_5uQ4WCuf5McFxU
[2015-06-08 12:25:52 -0400] - UpdateStripeIdsOnMarket - LINC Foods (38) - Connecting org customers - Organization already has stripe_customer_id: cus_5xcaziLZySOyGJ
[2015-06-08 12:25:52 -0400] - UpdateStripeIdsOnMarket - LINC Foods (38) - Connecting org customers - Organization already has stripe_customer_id: cus_5uQ4FDi5jrhGHw
[2015-06-08 12:25:52 -0400] - UpdateStripeIdsOnMarket - LINC Foods (38) - Connecting org customers - Organization already has stripe_customer_id: cus_5uQ4hQG2UmJxNl
[2015-06-08 12:25:52 -0400] - UpdateStripeIdsOnMarket - LINC Foods (38) - Connecting org customers - Organization already has stripe_customer_id: cus_5uQ53yEyMi7KHK
[2015-06-08 12:25:52 -0400] - UpdateStripeIdsOnMarket - LINC Foods (38) - Connecting org customers - Organization already has stripe_customer_id: cus_5uQ4YMeBUvFjSV
[2015-06-08 12:25:52 -0400] - UpdateStripeIdsOnMarket - LINC Foods (38) - Connecting org customers - Organization already has stripe_customer_id: cus_5uQ4j5jxb1uQ2U
[2015-06-08 12:25:52 -0400] - UpdateStripeIdsOnMarket - LINC Foods (38) - Connecting org customers - Organization already has stripe_customer_id: cus_5uQ5ukSsPAHkwR
[2015-06-08 12:25:52 -0400] - UpdateStripeIdsOnMarket - LINC Foods (38) - Connecting org customers - Organization already has stripe_customer_id: cus_5uQ4dxGFmMNVRG
[2015-06-08 12:25:52 -0400] - UpdateStripeIdsOnMarket - LINC Foods (38) - Connecting org customers - Organization already has stripe_customer_id: cus_5uQ4SsFznrmNn1
[2015-06-08 12:25:52 -0400] - UpdateStripeIdsOnMarket - LINC Foods (38) - Connecting org customers - Organization already has stripe_customer_id: cus_5uQ4IM7HHfaqgX
[2015-06-08 12:25:52 -0400] - UpdateStripeIdsOnMarket - LINC Foods (38) - Connecting org customers - Organization already has stripe_customer_id: cus_5uQ4kpzgz7AeLR
[2015-06-08 12:25:52 -0400] - UpdateStripeIdsOnMarket - LINC Foods (38) - Connecting org customers - Organization already has stripe_customer_id: cus_5uQ45EcL91xNXQ
[2015-06-08 12:25:52 -0400] - UpdateStripeIdsOnMarket - LINC Foods (38) - Connecting org customers - Organization already has stripe_customer_id: cus_5uQ47SDxKLyx0e
[2015-06-08 12:25:52 -0400] - UpdateStripeIdsOnMarket - LINC Foods (38) - Connecting org customers - Organization already has stripe_customer_id: cus_5uQ4uXU2YBU8dt
[2015-06-08 12:25:52 -0400] - UpdateStripeIdsOnMarket - LINC Foods (38) - Connecting org customers - Organization already has stripe_customer_id: cus_5uQ4e7g1FPibEE
[2015-06-08 12:25:52 -0400] - UpdateStripeIdsOnMarket - LINC Foods (38) - Connecting org customers - Organization already has stripe_customer_id: cus_5uQ4LYWRCuQQe6
[2015-06-08 12:25:52 -0400] - UpdateStripeIdsOnMarket - LINC Foods (38) - Connecting market BankAccounts - SPOKANE TEACHERS CREDIT UNION 5558 (189) already has stripe_id: ba_15ic8z2VpjOYk6Tm2IxOjqVB
[2015-06-08 12:25:52 -0400] - UpdateStripeIdsOnMarket - LINC Foods (38) - Connecting org BankAccounts - Organization Frisson Farm (3896) - Visa 4384 (563) already has stripe_id: card_164yUE2VpjOYk6Tm0QIMUghW
[2015-06-08 12:25:52 -0400] - UpdateStripeIdsOnMarket - LINC Foods (38) - Connecting org BankAccounts - Organization Luna (3876) - Visa 9276 (561) already has stripe_id: card_164dSb2VpjOYk6Tm5ZxEVB0I
[2015-06-08 12:25:52 -0400] - UpdateStripeIdsOnMarket - LINC Foods (38) - Connecting org BankAccounts - Organization Bouzies Bakeshop (3477) - Visa 9276 (545) already has stripe_id: card_16255m2VpjOYk6TmIx91HcmL
[2015-06-08 12:25:52 -0400] - UpdateStripeIdsOnMarket - LINC Foods (38) - Connecting org BankAccounts - Organization Scabland Farm (3242) - MISS - No stripe_id found for WHEATLAND BK 2647 (473) balanced_customer_uri /v1/marketplaces/MP2eXZmrOPof80u3Irf94Wre/bank_accounts/BA3OJwYoAzew6MA5crpsG27w
[2015-06-08 12:25:52 -0400] - UpdateStripeIdsOnMarket - LINC Foods (38) - Connecting org BankAccounts - Organization Prairie Pantry LLC (2669) - BANK OF AMERICA, N.A. (SFNB) 4509 (478) already has stripe_id: btok_5xpyr42DKXFC7v
[2015-06-08 12:25:52 -0400] - UpdateStripeIdsOnMarket - LINC Foods (38) - Connecting org BankAccounts - Organization South Perry Pizza (2340) - Visa 7921 (509) already has stripe_id: card_15seZU2VpjOYk6TmM0tQ6fss
[2015-06-08 12:25:52 -0400] - UpdateStripeIdsOnMarket - LINC Foods (38) - Connecting org BankAccounts - Organization Gardens at Sunset (2251) - American Express 1006 (492) already has stripe_id: card_15qIlp2VpjOYk6TmkEoqW2IJ
[2015-06-08 12:25:53 -0400] - UpdateStripeIdsOnMarket - LINC Foods (38) - Connecting org BankAccounts - Organization Washington State University Food Sense (2178) - Visa 5951 (334) already has stripe_id: card_15ic9G2VpjOYk6TmLYwswZML
[2015-06-08 12:25:53 -0400] - UpdateStripeIdsOnMarket - LINC Foods (38) - Connecting org BankAccounts - Organization Fleming Family Farm (2157) - NUMERICA CREDIT UNION 0103 (476) already has stripe_id: btok_5xcaEUnT9jjfp8
[2015-06-08 12:25:53 -0400] - UpdateStripeIdsOnMarket - LINC Foods (38) - Connecting org BankAccounts - Organization Ruins (2076) - Visa 1985 (249) already has stripe_id: card_15ic8x2VpjOYk6TmmwhSV29l
[2015-06-08 12:25:53 -0400] - UpdateStripeIdsOnMarket - LINC Foods (38) - Connecting org BankAccounts - Organization Central Food (1807) - Visa 8208 (311) already has stripe_id: card_15ic9m2VpjOYk6Tmj1wxXpQp
