[2015-06-08 12:26:10 -0400] - UpdateStripeIdsOnMarket - Mini Mac Farm (60) - ====================================================================================================
[2015-06-08 12:26:10 -0400] - UpdateStripeIdsOnMarket - Mini Mac Farm (60) -  Mini Mac Farm (60)
[2015-06-08 12:26:10 -0400] - UpdateStripeIdsOnMarket - Mini Mac Farm (60) -  Updating stripe IDs for market, orgs and bank accounts.
[2015-06-08 12:26:10 -0400] - UpdateStripeIdsOnMarket - Mini Mac Farm (60) - 
[2015-06-08 12:26:10 -0400] - UpdateStripeIdsOnMarket - Mini Mac Farm (60) -  Balanced export file: /home/vagrant/git/localorbit/tools/stripe-migration/from_balanced/2015-06-08-1433769720-MP2eXZmrOPof80u3Irf94Wre.csv
[2015-06-08 12:26:10 -0400] - UpdateStripeIdsOnMarket - Mini Mac Farm (60) - 
[2015-06-08 12:26:10 -0400] - UpdateStripeIdsOnMarket - Mini Mac Farm (60) -  Rails.env: production
[2015-06-08 12:26:10 -0400] - UpdateStripeIdsOnMarket - Mini Mac Farm (60) -  Stripe keys:
[2015-06-08 12:26:10 -0400] - UpdateStripeIdsOnMarket - Mini Mac Farm (60) -   --> STRIPE_PUBLISHABLE_KEY: pk_live_j85VTsrz51POrss3ni460qaf (pk_live_j85VTsrz51POrss3ni460qaf)
[2015-06-08 12:26:10 -0400] - UpdateStripeIdsOnMarket - Mini Mac Farm (60) - ====================================================================================================
[2015-06-08 12:26:10 -0400] - UpdateStripeIdsOnMarket - Mini Mac Farm (60) - Connecting market customer - Market already has stripe_customer_id: cus_5uQ41kjFys9M09
[2015-06-08 12:26:10 -0400] - UpdateStripeIdsOnMarket - Mini Mac Farm (60) - Connecting market account - MISS - No stripe_account_id found for market balanced_customer_uri /v1/customers/CU4TsU0a8oKIR0elYRftsLXN
[2015-06-08 12:26:10 -0400] - UpdateStripeIdsOnMarket - Mini Mac Farm (60) - Connecting org customers - Organization already has stripe_customer_id: cus_6FJyk1EI6vbOYx
[2015-06-08 12:26:10 -0400] - UpdateStripeIdsOnMarket - Mini Mac Farm (60) - Connecting org customers - Organization already has stripe_customer_id: cus_6Joii77bZcjGP8
[2015-06-08 12:26:10 -0400] - UpdateStripeIdsOnMarket - Mini Mac Farm (60) - Connecting org customers - Organization already has stripe_customer_id: cus_6Brzvov2y0kbMq
[2015-06-08 12:26:10 -0400] - UpdateStripeIdsOnMarket - Mini Mac Farm (60) - Connecting org customers - Organization already has stripe_customer_id: cus_6A197i7YqdmL7v
[2015-06-08 12:26:10 -0400] - UpdateStripeIdsOnMarket - Mini Mac Farm (60) - Connecting org customers - Organization already has stripe_customer_id: cus_62KlpZYdBXrJlk
[2015-06-08 12:26:10 -0400] - UpdateStripeIdsOnMarket - Mini Mac Farm (60) - Connecting org customers - Organization already has stripe_customer_id: cus_5zFw6A6nKzXj79
[2015-06-08 12:26:10 -0400] - UpdateStripeIdsOnMarket - Mini Mac Farm (60) - Connecting org customers - Organization already has stripe_customer_id: cus_5yMWBojnFr3EPH
[2015-06-08 12:26:10 -0400] - UpdateStripeIdsOnMarket - Mini Mac Farm (60) - Connecting org customers - Organization already has stripe_customer_id: cus_5y1xblOIvyLk9Q
[2015-06-08 12:26:10 -0400] - UpdateStripeIdsOnMarket - Mini Mac Farm (60) - Connecting org customers - Organization already has stripe_customer_id: cus_5y07FTYqaAHUUL
[2015-06-08 12:26:10 -0400] - UpdateStripeIdsOnMarket - Mini Mac Farm (60) - Connecting org customers - Organization already has stripe_customer_id: cus_5w6OJEdG6kMAZP
[2015-06-08 12:26:10 -0400] - UpdateStripeIdsOnMarket - Mini Mac Farm (60) - Connecting org customers - Organization already has stripe_customer_id: cus_5xF4Di082622yJ
[2015-06-08 12:26:10 -0400] - UpdateStripeIdsOnMarket - Mini Mac Farm (60) - Connecting org customers - Organization already has stripe_customer_id: cus_5wbE6EllLnc4y3
[2015-06-08 12:26:10 -0400] - UpdateStripeIdsOnMarket - Mini Mac Farm (60) - Connecting org customers - Organization already has stripe_customer_id: cus_6ALHrxz6RbW8BR
[2015-06-08 12:26:10 -0400] - UpdateStripeIdsOnMarket - Mini Mac Farm (60) - Connecting org customers - Organization already has stripe_customer_id: cus_5uQ4tNdPCh8E44
[2015-06-08 12:26:10 -0400] - UpdateStripeIdsOnMarket - Mini Mac Farm (60) - Connecting org customers - Organization already has stripe_customer_id: cus_5uQ4FLYnZpm5yX
[2015-06-08 12:26:10 -0400] - UpdateStripeIdsOnMarket - Mini Mac Farm (60) - Connecting org customers - Organization already has stripe_customer_id: cus_5uQ5MwW7mltFrv
[2015-06-08 12:26:10 -0400] - UpdateStripeIdsOnMarket - Mini Mac Farm (60) - Connecting org customers - Organization already has stripe_customer_id: cus_5uQ5wzsUbIFsT4
[2015-06-08 12:26:10 -0400] - UpdateStripeIdsOnMarket - Mini Mac Farm (60) - Connecting org customers - Organization already has stripe_customer_id: cus_5uQ55ITBk8tXx8
[2015-06-08 12:26:10 -0400] - UpdateStripeIdsOnMarket - Mini Mac Farm (60) - Connecting org customers - Updated Organization Certified Organic Farmer (3138) stripe_customer_id: cus_5uQ5aszExmpcfs
[2015-06-08 12:26:10 -0400] - UpdateStripeIdsOnMarket - Mini Mac Farm (60) - Connecting org customers - Organization already has stripe_customer_id: cus_6Fah6fEoq7CdVk
[2015-06-08 12:26:10 -0400] - UpdateStripeIdsOnMarket - Mini Mac Farm (60) - Connecting org customers - Organization already has stripe_customer_id: cus_5uQ576FyxJYwd3
[2015-06-08 12:26:10 -0400] - UpdateStripeIdsOnMarket - Mini Mac Farm (60) - Connecting org customers - Organization already has stripe_customer_id: cus_5uQ5tgTpjjZp2f
[2015-06-08 12:26:10 -0400] - UpdateStripeIdsOnMarket - Mini Mac Farm (60) - Connecting org customers - Organization already has stripe_customer_id: cus_5uQ53Yar7lZ4dZ
[2015-06-08 12:26:10 -0400] - UpdateStripeIdsOnMarket - Mini Mac Farm (60) - Connecting org customers - Organization already has stripe_customer_id: cus_5yVxSRhLrve4BF
[2015-06-08 12:26:10 -0400] - UpdateStripeIdsOnMarket - Mini Mac Farm (60) - Connecting org customers - Organization already has stripe_customer_id: cus_5uQ5udh1mWvUla
[2015-06-08 12:26:10 -0400] - UpdateStripeIdsOnMarket - Mini Mac Farm (60) - Connecting org customers - Organization already has stripe_customer_id: cus_5uQ5NmqXKOPAto
[2015-06-08 12:26:10 -0400] - UpdateStripeIdsOnMarket - Mini Mac Farm (60) - Connecting org customers - Organization already has stripe_customer_id: cus_5uQ5UfD0nENOz9
[2015-06-08 12:26:10 -0400] - UpdateStripeIdsOnMarket - Mini Mac Farm (60) - Connecting org customers - Organization already has stripe_customer_id: cus_5uQ5PZmcUB8hLK
[2015-06-08 12:26:10 -0400] - UpdateStripeIdsOnMarket - Mini Mac Farm (60) - Connecting org customers - Organization already has stripe_customer_id: cus_5uQ5eZtiLPu4nk
[2015-06-08 12:26:10 -0400] - UpdateStripeIdsOnMarket - Mini Mac Farm (60) - Connecting org customers - Organization already has stripe_customer_id: cus_5uQ42fgSnmddYC
[2015-06-08 12:26:10 -0400] - UpdateStripeIdsOnMarket - Mini Mac Farm (60) - Connecting org customers - Organization already has stripe_customer_id: cus_5uQ4iwKcndykn6
[2015-06-08 12:26:10 -0400] - UpdateStripeIdsOnMarket - Mini Mac Farm (60) - Connecting org customers - Organization already has stripe_customer_id: cus_5uQ5sWWw7jzWMe
[2015-06-08 12:26:10 -0400] - UpdateStripeIdsOnMarket - Mini Mac Farm (60) - Connecting org customers - Organization already has stripe_customer_id: cus_5uQ5EDAdsGhErW
[2015-06-08 12:26:10 -0400] - UpdateStripeIdsOnMarket - Mini Mac Farm (60) - Connecting org customers - Organization already has stripe_customer_id: cus_5uQ5PSILGphYHP
[2015-06-08 12:26:10 -0400] - UpdateStripeIdsOnMarket - Mini Mac Farm (60) - Connecting org customers - Organization already has stripe_customer_id: cus_5uQ4h14MPZ6Cvq
[2015-06-08 12:26:10 -0400] - UpdateStripeIdsOnMarket - Mini Mac Farm (60) - Connecting org customers - Organization already has stripe_customer_id: cus_5uQ4q9m8zTa0WU
[2015-06-08 12:26:10 -0400] - UpdateStripeIdsOnMarket - Mini Mac Farm (60) - Connecting org customers - Organization already has stripe_customer_id: cus_5uQ4btQo6zVukc
[2015-06-08 12:26:10 -0400] - UpdateStripeIdsOnMarket - Mini Mac Farm (60) - Connecting org customers - Organization already has stripe_customer_id: cus_5uQ5aiL08oE4i8
[2015-06-08 12:26:10 -0400] - UpdateStripeIdsOnMarket - Mini Mac Farm (60) - Connecting org customers - Organization already has stripe_customer_id: cus_5uQ6HDKZH1566t
[2015-06-08 12:26:10 -0400] - UpdateStripeIdsOnMarket - Mini Mac Farm (60) - Connecting org customers - Organization already has stripe_customer_id: cus_5uQ421OTGULgNs
[2015-06-08 12:26:10 -0400] - UpdateStripeIdsOnMarket - Mini Mac Farm (60) - Connecting org customers - Organization already has stripe_customer_id: cus_5uQ4ZjM7QJ3Ca6
[2015-06-08 12:26:10 -0400] - UpdateStripeIdsOnMarket - Mini Mac Farm (60) - Connecting org customers - Organization already has stripe_customer_id: cus_5uQ4FIetpSQgyE
[2015-06-08 12:26:10 -0400] - UpdateStripeIdsOnMarket - Mini Mac Farm (60) - Connecting org customers - Organization already has stripe_customer_id: cus_5uQ4z0qJhNwLmr
[2015-06-08 12:26:10 -0400] - UpdateStripeIdsOnMarket - Mini Mac Farm (60) - Connecting org customers - Organization already has stripe_customer_id: cus_5uQ43BMCK5LxFx
[2015-06-08 12:26:10 -0400] - UpdateStripeIdsOnMarket - Mini Mac Farm (60) - Connecting org customers - Organization already has stripe_customer_id: cus_5uQ4yUlfjfbNaA
[2015-06-08 12:26:10 -0400] - UpdateStripeIdsOnMarket - Mini Mac Farm (60) - Connecting org customers - Organization already has stripe_customer_id: cus_5uQ4CvoPZusH7b
[2015-06-08 12:26:10 -0400] - UpdateStripeIdsOnMarket - Mini Mac Farm (60) - Connecting org customers - Organization already has stripe_customer_id: cus_5uQ4eIvlaSUbKt
[2015-06-08 12:26:10 -0400] - UpdateStripeIdsOnMarket - Mini Mac Farm (60) - Connecting org customers - Organization already has stripe_customer_id: cus_5uQ4wNvmoxH6Ei
[2015-06-08 12:26:10 -0400] - UpdateStripeIdsOnMarket - Mini Mac Farm (60) - Connecting org customers - Organization already has stripe_customer_id: cus_5uQ44EsPUlmdxL
[2015-06-08 12:26:10 -0400] - UpdateStripeIdsOnMarket - Mini Mac Farm (60) - Connecting org customers - Organization already has stripe_customer_id: cus_5uQ4tRaupwXHcW
[2015-06-08 12:26:10 -0400] - UpdateStripeIdsOnMarket - Mini Mac Farm (60) - Connecting org customers - Organization already has stripe_customer_id: cus_5uQ4gIkwoRZenb
[2015-06-08 12:26:10 -0400] - UpdateStripeIdsOnMarket - Mini Mac Farm (60) - Connecting org customers - Organization already has stripe_customer_id: cus_5uQ44Pqc3j2mUC
[2015-06-08 12:26:10 -0400] - UpdateStripeIdsOnMarket - Mini Mac Farm (60) - Connecting org customers - Organization already has stripe_customer_id: cus_5uQ4tofhNRV3DD
[2015-06-08 12:26:10 -0400] - UpdateStripeIdsOnMarket - Mini Mac Farm (60) - Connecting org customers - Organization already has stripe_customer_id: cus_5uQ4k7MDBMKwQJ
[2015-06-08 12:26:10 -0400] - UpdateStripeIdsOnMarket - Mini Mac Farm (60) - Connecting org customers - Organization already has stripe_customer_id: cus_5uQ4gf2u9MnTSa
[2015-06-08 12:26:10 -0400] - UpdateStripeIdsOnMarket - Mini Mac Farm (60) - Connecting org customers - Organization already has stripe_customer_id: cus_5uQ59e6y7WFYiU
[2015-06-08 12:26:10 -0400] - UpdateStripeIdsOnMarket - Mini Mac Farm (60) - Connecting market BankAccounts - Visa 4245 (365) already has stripe_id: card_15ic9P2VpjOYk6TmQ8CsEwJ9
[2015-06-08 12:26:10 -0400] - UpdateStripeIdsOnMarket - Mini Mac Farm (60) - Connecting org BankAccounts - Organization Michele Parkins (2936) - MasterCard 1775 (436) already has stripe_id: card_15ic9w2VpjOYk6Tm1UHZIT8F
[2015-06-08 12:26:10 -0400] - UpdateStripeIdsOnMarket - Mini Mac Farm (60) - Connecting org BankAccounts - Organization Michele Parkins (2936) - MasterCard 1775 (421) already has stripe_id: card_15ic9w2VpjOYk6Tm1UHZIT8F
[2015-06-08 12:26:11 -0400] - UpdateStripeIdsOnMarket - Mini Mac Farm (60) - Connecting org BankAccounts - Organization Mini Mac Farm (2537) - Visa 4245 (351) already has stripe_id: card_15ic9k2VpjOYk6Tmz0PqDfpG
