[2015-06-08 12:25:40 -0400] - UpdateStripeIdsOnMarket - SFC Farm Direct (82) - ====================================================================================================
[2015-06-08 12:25:40 -0400] - UpdateStripeIdsOnMarket - SFC Farm Direct (82) -  SFC Farm Direct (82)
[2015-06-08 12:25:40 -0400] - UpdateStripeIdsOnMarket - SFC Farm Direct (82) -  Updating stripe IDs for market, orgs and bank accounts.
[2015-06-08 12:25:40 -0400] - UpdateStripeIdsOnMarket - SFC Farm Direct (82) - 
[2015-06-08 12:25:40 -0400] - UpdateStripeIdsOnMarket - SFC Farm Direct (82) -  Balanced export file: /home/vagrant/git/localorbit/tools/stripe-migration/from_balanced/2015-06-08-1433769720-MP2eXZmrOPof80u3Irf94Wre.csv
[2015-06-08 12:25:40 -0400] - UpdateStripeIdsOnMarket - SFC Farm Direct (82) - 
[2015-06-08 12:25:40 -0400] - UpdateStripeIdsOnMarket - SFC Farm Direct (82) -  Rails.env: production
[2015-06-08 12:25:40 -0400] - UpdateStripeIdsOnMarket - SFC Farm Direct (82) -  Stripe keys:
[2015-06-08 12:25:40 -0400] - UpdateStripeIdsOnMarket - SFC Farm Direct (82) -   --> STRIPE_PUBLISHABLE_KEY: pk_live_j85VTsrz51POrss3ni460qaf (pk_live_j85VTsrz51POrss3ni460qaf)
[2015-06-08 12:25:40 -0400] - UpdateStripeIdsOnMarket - SFC Farm Direct (82) - ====================================================================================================
[2015-06-08 12:25:40 -0400] - UpdateStripeIdsOnMarket - SFC Farm Direct (82) - Connecting market customer - Market already has stripe_customer_id: cus_5vT7BncXZZQVBa
[2015-06-08 12:25:40 -0400] - UpdateStripeIdsOnMarket - SFC Farm Direct (82) - Connecting market account - MISS - No stripe_account_id found for market balanced_customer_uri /v1/customers/CUKE9ccjN2Qc93eUcgmgCJF
[2015-06-08 12:25:40 -0400] - UpdateStripeIdsOnMarket - SFC Farm Direct (82) - Connecting org customers - Organization already has stripe_customer_id: cus_67OWOp0367DH1j
[2015-06-08 12:25:40 -0400] - UpdateStripeIdsOnMarket - SFC Farm Direct (82) - Connecting org customers - Organization already has stripe_customer_id: cus_66PsGLadHelymh
[2015-06-08 12:25:40 -0400] - UpdateStripeIdsOnMarket - SFC Farm Direct (82) - Connecting org customers - Organization already has stripe_customer_id: cus_66OsBx8KfK2f9L
[2015-06-08 12:25:40 -0400] - UpdateStripeIdsOnMarket - SFC Farm Direct (82) - Connecting org customers - Organization already has stripe_customer_id: cus_66OVZbM9vlUqbK
[2015-06-08 12:25:40 -0400] - UpdateStripeIdsOnMarket - SFC Farm Direct (82) - Connecting org customers - Organization already has stripe_customer_id: cus_66OVXc59A8Z67F
[2015-06-08 12:25:40 -0400] - UpdateStripeIdsOnMarket - SFC Farm Direct (82) - Connecting org customers - Organization already has stripe_customer_id: cus_65zOolojsgl5lk
[2015-06-08 12:25:40 -0400] - UpdateStripeIdsOnMarket - SFC Farm Direct (82) - Connecting org customers - Organization already has stripe_customer_id: cus_65zHEqo1uBpSkT
[2015-06-08 12:25:40 -0400] - UpdateStripeIdsOnMarket - SFC Farm Direct (82) - Connecting org customers - Organization already has stripe_customer_id: cus_65yjS1Wqbk9LpF
[2015-06-08 12:25:40 -0400] - UpdateStripeIdsOnMarket - SFC Farm Direct (82) - Connecting org customers - Organization already has stripe_customer_id: cus_65ydGZ0akpbd2Y
[2015-06-08 12:25:40 -0400] - UpdateStripeIdsOnMarket - SFC Farm Direct (82) - Connecting org customers - Organization already has stripe_customer_id: cus_65y6zKS8G0zSEP
[2015-06-08 12:25:40 -0400] - UpdateStripeIdsOnMarket - SFC Farm Direct (82) - Connecting org customers - Organization already has stripe_customer_id: cus_65xu5SoH0JMy7Y
[2015-06-08 12:25:40 -0400] - UpdateStripeIdsOnMarket - SFC Farm Direct (82) - Connecting org customers - Organization already has stripe_customer_id: cus_65xjSPg4V5bTpW
[2015-06-08 12:25:40 -0400] - UpdateStripeIdsOnMarket - SFC Farm Direct (82) - Connecting org customers - Organization already has stripe_customer_id: cus_644hUoAgdTtMi2
[2015-06-08 12:25:40 -0400] - UpdateStripeIdsOnMarket - SFC Farm Direct (82) - Connecting market BankAccounts - FROST BANK 0050 (534) already has stripe_id: ba_15ymHf2VpjOYk6TmxBxAa14i
[2015-06-08 12:25:40 -0400] - UpdateStripeIdsOnMarket - SFC Farm Direct (82) - Connecting market BankAccounts - Visa 9400 (470) already has stripe_id: card_15k13B2VpjOYk6TmUix80N5U
[2015-06-08 12:25:40 -0400] - UpdateStripeIdsOnMarket - SFC Farm Direct (82) - Connecting org BankAccounts - Organization Cold Ones Pops (3607) - Visa 3408 (521) already has stripe_id: card_15vDsF2VpjOYk6TmdY6JV5qG
[2015-06-08 12:25:40 -0400] - UpdateStripeIdsOnMarket - SFC Farm Direct (82) - Connecting org BankAccounts - Organization Test Buyer (3584) - Visa 2608 (557) already has stripe_id: card_164EaE2VpjOYk6Tm1IH8YndF
