[2015-06-01 14:22:55 -0400] - UpdateStripeIdsOnMarket - Green Bay Market (48) - ====================================================================================================
[2015-06-01 14:22:55 -0400] - UpdateStripeIdsOnMarket - Green Bay Market (48) -  Green Bay Market (48)
[2015-06-01 14:22:55 -0400] - UpdateStripeIdsOnMarket - Green Bay Market (48) -  Updating stripe IDs for market, orgs and bank accounts.
[2015-06-01 14:22:55 -0400] - UpdateStripeIdsOnMarket - Green Bay Market (48) - 
[2015-06-01 14:22:55 -0400] - UpdateStripeIdsOnMarket - Green Bay Market (48) -  Balanced export file: /home/vagrant/git/localorbit/tools/stripe-migration/from_balanced/2015-06-01-1433181180-MP2eXZmrOPof80u3Irf94Wre.csv
[2015-06-01 14:22:55 -0400] - UpdateStripeIdsOnMarket - Green Bay Market (48) - 
[2015-06-01 14:22:55 -0400] - UpdateStripeIdsOnMarket - Green Bay Market (48) -  Rails.env: production
[2015-06-01 14:22:55 -0400] - UpdateStripeIdsOnMarket - Green Bay Market (48) -  Stripe keys:
[2015-06-01 14:22:55 -0400] - UpdateStripeIdsOnMarket - Green Bay Market (48) -   --> STRIPE_PUBLISHABLE_KEY: pk_live_j85VTsrz51POrss3ni460qaf (pk_live_j85VTsrz51POrss3ni460qaf)
[2015-06-01 14:22:55 -0400] - UpdateStripeIdsOnMarket - Green Bay Market (48) - ====================================================================================================
[2015-06-01 14:22:56 -0400] - UpdateStripeIdsOnMarket - Green Bay Market (48) - Connecting market customer - Updated Market stripe_customer_id: cus_5uQ5WN5VVv7wFy
[2015-06-01 14:22:56 -0400] - UpdateStripeIdsOnMarket - Green Bay Market (48) - Connecting market account - MISS - No stripe_account_id found for market balanced_customer_uri /v1/customers/CU4lMNzcyFfhcThetSk4gRou
[2015-06-01 14:22:56 -0400] - UpdateStripeIdsOnMarket - Green Bay Market (48) - Connecting org customers - MISS - No stripe_customer_id found for Organization Goodwill Grows (2704) balanced_customer_uri /v1/customers/CU4ClF6zW9BtmwgdJLAZcnqi
[2015-06-01 14:22:56 -0400] - UpdateStripeIdsOnMarket - Green Bay Market (48) - Connecting org customers - Organization already has stripe_customer_id: cus_6H8mrVwjpPV7jJ
[2015-06-01 14:22:56 -0400] - UpdateStripeIdsOnMarket - Green Bay Market (48) - Connecting org customers - Organization already has stripe_customer_id: cus_5uQ4AylxryxPSU
[2015-06-01 14:22:56 -0400] - UpdateStripeIdsOnMarket - Green Bay Market (48) - Connecting org customers - Organization already has stripe_customer_id: cus_6GrwyM1n43Na2Y
[2015-06-01 14:22:56 -0400] - UpdateStripeIdsOnMarket - Green Bay Market (48) - Connecting org customers - Organization already has stripe_customer_id: cus_5uQ4nP8axirVUB
[2015-06-01 14:22:56 -0400] - UpdateStripeIdsOnMarket - Green Bay Market (48) - Connecting org customers - Organization already has stripe_customer_id: cus_5uQ5XKHQiCU5p8
[2015-06-01 14:22:56 -0400] - UpdateStripeIdsOnMarket - Green Bay Market (48) - Connecting market BankAccounts - Updated WELLS FARGO BK NA WISCONSIN 4462 (508) stripe_id: ba_15sYqf2VpjOYk6Tm95My7mCN
[2015-06-01 14:22:56 -0400] - UpdateStripeIdsOnMarket - Green Bay Market (48) - Connecting org BankAccounts - Organization Goodwill Grows (2704) - MISS - No stripe_id found for WELLS FARGO BK NA WISCONSIN 4462 (499) balanced_customer_uri /v1/marketplaces/MP2eXZmrOPof80u3Irf94Wre/bank_accounts/BA4BeJaWbJa9Fx3Bl8JNistk
[2015-06-01 14:22:56 -0400] - UpdateStripeIdsOnMarket - Green Bay Market (48) - Connecting org BankAccounts - Organization Ledgeview Farms of Johnsburg, LLC (1845) - BANK FIRST NATIONAL 7915 (329) already has stripe_id: ba_15ic942VpjOYk6Tm7SP4njSE
[2015-06-01 14:22:56 -0400] - UpdateStripeIdsOnMarket - Green Bay Market (48) - Connecting org BankAccounts - Organization SLO Farmer's Co-op (3749) - NICOLET NATIONAL BANK 3060 (559) already has stripe_id: ba_164KCr2VpjOYk6Tmj2RzdxfO
