[2015-06-08 12:25:45 -0400] - UpdateStripeIdsOnMarket - Allen Market Place (17) - ====================================================================================================
[2015-06-08 12:25:45 -0400] - UpdateStripeIdsOnMarket - Allen Market Place (17) -  Allen Market Place (17)
[2015-06-08 12:25:45 -0400] - UpdateStripeIdsOnMarket - Allen Market Place (17) -  Updating stripe IDs for market, orgs and bank accounts.
[2015-06-08 12:25:45 -0400] - UpdateStripeIdsOnMarket - Allen Market Place (17) - 
[2015-06-08 12:25:45 -0400] - UpdateStripeIdsOnMarket - Allen Market Place (17) -  Balanced export file: /home/vagrant/git/localorbit/tools/stripe-migration/from_balanced/2015-06-08-1433769720-MP2eXZmrOPof80u3Irf94Wre.csv
[2015-06-08 12:25:45 -0400] - UpdateStripeIdsOnMarket - Allen Market Place (17) - 
[2015-06-08 12:25:45 -0400] - UpdateStripeIdsOnMarket - Allen Market Place (17) -  Rails.env: production
[2015-06-08 12:25:45 -0400] - UpdateStripeIdsOnMarket - Allen Market Place (17) -  Stripe keys:
[2015-06-08 12:25:45 -0400] - UpdateStripeIdsOnMarket - Allen Market Place (17) -   --> STRIPE_PUBLISHABLE_KEY: pk_live_j85VTsrz51POrss3ni460qaf (pk_live_j85VTsrz51POrss3ni460qaf)
[2015-06-08 12:25:45 -0400] - UpdateStripeIdsOnMarket - Allen Market Place (17) - ====================================================================================================
[2015-06-08 12:25:45 -0400] - UpdateStripeIdsOnMarket - Allen Market Place (17) - Connecting market customer - MISS - No stripe_customer_id found for market balanced_customer_uri /v1/customers/CU4dnvLI9vnHmofr5HxQvqNZ
[2015-06-08 12:25:45 -0400] - UpdateStripeIdsOnMarket - Allen Market Place (17) - Connecting market account - INTERESTING - Market stripe_account_id is acct_169gQDD86dOWz7D1, but export data doesn't have Stripe Account id for this market.
[2015-06-08 12:25:45 -0400] - UpdateStripeIdsOnMarket - Allen Market Place (17) - Connecting org customers - Organization already has stripe_customer_id: cus_66zfoAmQ2Tf5CL
[2015-06-08 12:25:45 -0400] - UpdateStripeIdsOnMarket - Allen Market Place (17) - Connecting org customers - Organization already has stripe_customer_id: cus_61sVm0IQpiBFSE
[2015-06-08 12:25:45 -0400] - UpdateStripeIdsOnMarket - Allen Market Place (17) - Connecting org customers - MISS - No stripe_customer_id found for Organization Rooted Home Farm & Goods (3078) balanced_customer_uri /v1/customers/CU2wzMpuGhMm9juVupoztAIG
[2015-06-08 12:25:45 -0400] - UpdateStripeIdsOnMarket - Allen Market Place (17) - Connecting org customers - Organization already has stripe_customer_id: cus_5uQ44jWj9EUeQf
[2015-06-08 12:25:45 -0400] - UpdateStripeIdsOnMarket - Allen Market Place (17) - Connecting org customers - Organization already has stripe_customer_id: cus_5uQ5QfKFifIP9y
[2015-06-08 12:25:45 -0400] - UpdateStripeIdsOnMarket - Allen Market Place (17) - Connecting org customers - Organization already has stripe_customer_id: cus_5vQuEhv3UMMpnZ
[2015-06-08 12:25:45 -0400] - UpdateStripeIdsOnMarket - Allen Market Place (17) - Connecting org customers - Organization already has stripe_customer_id: cus_5uQ4ZUeg8ofHsg
[2015-06-08 12:25:45 -0400] - UpdateStripeIdsOnMarket - Allen Market Place (17) - Connecting org customers - MISS - No stripe_customer_id found for Organization Bloom Coffee Roasters (2457) balanced_customer_uri /v1/customers/CU2lDFEGt90rpOAqSEbRFmPJ
[2015-06-08 12:25:45 -0400] - UpdateStripeIdsOnMarket - Allen Market Place (17) - Connecting org customers - Organization already has stripe_customer_id: cus_5uQ4Dfc0edHRfq
[2015-06-08 12:25:45 -0400] - UpdateStripeIdsOnMarket - Allen Market Place (17) - Connecting org customers - Organization already has stripe_customer_id: cus_5uQ5oRtMODzVqa
[2015-06-08 12:25:45 -0400] - UpdateStripeIdsOnMarket - Allen Market Place (17) - Connecting org customers - Organization already has stripe_customer_id: cus_5uQ476uszXDuLr
[2015-06-08 12:25:45 -0400] - UpdateStripeIdsOnMarket - Allen Market Place (17) - Connecting org customers - Organization already has stripe_customer_id: cus_5vQue6XTWlBQWU
[2015-06-08 12:25:45 -0400] - UpdateStripeIdsOnMarket - Allen Market Place (17) - Connecting org customers - MISS - No stripe_customer_id found for Organization Smith Floral & Greenhouses (2332) balanced_customer_uri /v1/customers/CU66eaVIKSYrHgEzlHKFStMj
[2015-06-08 12:25:45 -0400] - UpdateStripeIdsOnMarket - Allen Market Place (17) - Connecting org customers - Organization already has stripe_customer_id: cus_5uQ4wCdorTB1xv
[2015-06-08 12:25:45 -0400] - UpdateStripeIdsOnMarket - Allen Market Place (17) - Connecting org customers - Organization already has stripe_customer_id: cus_5uQ4MvYMEPReWv
[2015-06-08 12:25:45 -0400] - UpdateStripeIdsOnMarket - Allen Market Place (17) - Connecting org customers - Organization already has stripe_customer_id: cus_5vQtLPVtG0l2oR
[2015-06-08 12:25:45 -0400] - UpdateStripeIdsOnMarket - Allen Market Place (17) - Connecting org customers - Updated Organization AMP Interns/Volunteers (2276) stripe_customer_id: cus_5uQ4DqubRGwKXj
[2015-06-08 12:25:45 -0400] - UpdateStripeIdsOnMarket - Allen Market Place (17) - Connecting org customers - Updated Organization Tri-County Regional Planning Commission (2259) stripe_customer_id: cus_5uQ4EZ1HOyZHUu
[2015-06-08 12:25:45 -0400] - UpdateStripeIdsOnMarket - Allen Market Place (17) - Connecting org customers - Organization already has stripe_customer_id: cus_5uQ5WKTq7M0kKJ
[2015-06-08 12:25:45 -0400] - UpdateStripeIdsOnMarket - Allen Market Place (17) - Connecting org customers - Organization already has stripe_customer_id: cus_5uQ5VrGCszJigh
[2015-06-08 12:25:45 -0400] - UpdateStripeIdsOnMarket - Allen Market Place (17) - Connecting org customers - Organization already has stripe_customer_id: cus_5uQ4nievLE4aio
[2015-06-08 12:25:45 -0400] - UpdateStripeIdsOnMarket - Allen Market Place (17) - Connecting org customers - Organization already has stripe_customer_id: cus_5uQ4M25y6TEvFS
[2015-06-08 12:25:45 -0400] - UpdateStripeIdsOnMarket - Allen Market Place (17) - Connecting org customers - Organization already has stripe_customer_id: cus_5uQ4xYGS4jaZNe
[2015-06-08 12:25:45 -0400] - UpdateStripeIdsOnMarket - Allen Market Place (17) - Connecting org customers - Organization already has stripe_customer_id: cus_5uQ4hMwx19YoDV
[2015-06-08 12:25:45 -0400] - UpdateStripeIdsOnMarket - Allen Market Place (17) - Connecting org customers - Organization already has stripe_customer_id: cus_5uQ44jMPI62Krf
[2015-06-08 12:25:45 -0400] - UpdateStripeIdsOnMarket - Allen Market Place (17) - Connecting org customers - Organization already has stripe_customer_id: cus_5vQvviZyTF8gbf
[2015-06-08 12:25:45 -0400] - UpdateStripeIdsOnMarket - Allen Market Place (17) - Connecting org customers - MISS - No stripe_customer_id found for Organization Green Gardens Community Farm (1597) balanced_customer_uri /v1/customers/CU2sNVFLKd8njy0wO8nIJLIf
[2015-06-08 12:25:45 -0400] - UpdateStripeIdsOnMarket - Allen Market Place (17) - Connecting org customers - Organization already has stripe_customer_id: cus_5uQ51gKgz4RcDv
[2015-06-08 12:25:45 -0400] - UpdateStripeIdsOnMarket - Allen Market Place (17) - Connecting org customers - Organization already has stripe_customer_id: cus_5uQ4t7j6EzXWLU
[2015-06-08 12:25:45 -0400] - UpdateStripeIdsOnMarket - Allen Market Place (17) - Connecting org customers - Organization already has stripe_customer_id: cus_5vQuIIFkqyWXtL
[2015-06-08 12:25:45 -0400] - UpdateStripeIdsOnMarket - Allen Market Place (17) - Connecting org customers - Updated Organization Mark Lelle (448) stripe_customer_id: cus_5uQ45U19L002I1
[2015-06-08 12:25:45 -0400] - UpdateStripeIdsOnMarket - Allen Market Place (17) - Connecting org customers - MISS - No stripe_customer_id found for Organization MANNA Acres (437) balanced_customer_uri /v1/customers/CU7ppA86vGZy8Wwdr7gD5DTh
[2015-06-08 12:25:45 -0400] - UpdateStripeIdsOnMarket - Allen Market Place (17) - Connecting org customers - MISS - No stripe_customer_id found for Organization Monroe Family Organics (434) balanced_customer_uri /v1/customers/CU20KC7bxYo7jVSVwHXJxL07
[2015-06-08 12:25:45 -0400] - UpdateStripeIdsOnMarket - Allen Market Place (17) - Connecting org customers - Organization already has stripe_customer_id: cus_5vQunABfCbsjzY
[2015-06-08 12:25:45 -0400] - UpdateStripeIdsOnMarket - Allen Market Place (17) - Connecting org customers - Organization already has stripe_customer_id: cus_5uQ4QDZcHQ3yUT
[2015-06-08 12:25:45 -0400] - UpdateStripeIdsOnMarket - Allen Market Place (17) - Connecting org customers - Updated Organization Michigan Environmental Council (421) stripe_customer_id: cus_5uQ59NrAHok3b3
[2015-06-08 12:25:45 -0400] - UpdateStripeIdsOnMarket - Allen Market Place (17) - Connecting org customers - MISS - No stripe_customer_id found for Organization Swallowtail Farm (410) balanced_customer_uri /v1/customers/CU52fJvp3LuhN2tPp6rMFbZZ
[2015-06-08 12:25:46 -0400] - UpdateStripeIdsOnMarket - Allen Market Place (17) - Connecting org customers - Updated Organization Zumo Eco-Farm and Foods (407) stripe_customer_id: cus_5uQ4cjpOn6ihtF
[2015-06-08 12:25:46 -0400] - UpdateStripeIdsOnMarket - Allen Market Place (17) - Connecting org customers - Updated Organization Sarah Fillius (398) stripe_customer_id: cus_5uQ414xXGjTNiD
[2015-06-08 12:25:46 -0400] - UpdateStripeIdsOnMarket - Allen Market Place (17) - Connecting org customers - Organization already has stripe_customer_id: cus_5vQumRG62jDozd
[2015-06-08 12:25:46 -0400] - UpdateStripeIdsOnMarket - Allen Market Place (17) - Connecting org customers - CONFLICT - Organization stripe_customer_id is ALREADY cus_6O9SKcgeTsUNhe, but export data says it should be cus_5uQ4YgbZTHpStE
[2015-06-08 12:25:46 -0400] - UpdateStripeIdsOnMarket - Allen Market Place (17) - Connecting org customers - Updated Organization MSU Student Organic Farm (464) stripe_customer_id: cus_5uQ4hj6geGPshk
[2015-06-08 12:25:46 -0400] - UpdateStripeIdsOnMarket - Allen Market Place (17) - Connecting org customers - Updated Organization Better Health Food Stores - Frandor (463) stripe_customer_id: cus_5uQ4wewjXBIP3W
[2015-06-08 12:25:46 -0400] - UpdateStripeIdsOnMarket - Allen Market Place (17) - Connecting org customers - Updated Organization Good Bites Food Truck (455) stripe_customer_id: cus_5uQ4AGN6widRyf
[2015-06-08 12:25:46 -0400] - UpdateStripeIdsOnMarket - Allen Market Place (17) - Connecting org customers - Updated Organization Yvonne LeFave (380) stripe_customer_id: cus_5uQ4fzqKADwcqn
[2015-06-08 12:25:46 -0400] - UpdateStripeIdsOnMarket - Allen Market Place (17) - Connecting org customers - Organization already has stripe_customer_id: cus_5uQ52hkh8ifx92
[2015-06-08 12:25:46 -0400] - UpdateStripeIdsOnMarket - Allen Market Place (17) - Connecting org customers - Organization already has stripe_customer_id: cus_5uQ5TYCtEkACwm
[2015-06-08 12:25:46 -0400] - UpdateStripeIdsOnMarket - Allen Market Place (17) - Connecting org customers - Organization already has stripe_customer_id: cus_5vQuW8PnAbWF9t
[2015-06-08 12:25:46 -0400] - UpdateStripeIdsOnMarket - Allen Market Place (17) - Connecting org customers - Organization already has stripe_customer_id: cus_5vQtVXS6oDg2DP
[2015-06-08 12:25:46 -0400] - UpdateStripeIdsOnMarket - Allen Market Place (17) - Connecting org customers - Updated Organization James Clift (364) stripe_customer_id: cus_5uQ5peJXHYSMt9
[2015-06-08 12:25:46 -0400] - UpdateStripeIdsOnMarket - Allen Market Place (17) - Connecting org customers - Organization already has stripe_customer_id: cus_5uQ5tls7FxZRRU
[2015-06-08 12:25:46 -0400] - UpdateStripeIdsOnMarket - Allen Market Place (17) - Connecting org customers - Organization already has stripe_customer_id: cus_5uQ5y7WZmNuygA
[2015-06-08 12:25:46 -0400] - UpdateStripeIdsOnMarket - Allen Market Place (17) - Connecting org customers - Updated Organization Ah Vue (354) stripe_customer_id: cus_5uQ4ylCDT7Iw3A
[2015-06-08 12:25:46 -0400] - UpdateStripeIdsOnMarket - Allen Market Place (17) - Connecting org customers - Organization already has stripe_customer_id: cus_5uQ4nK6XPFoWS5
[2015-06-08 12:25:46 -0400] - UpdateStripeIdsOnMarket - Allen Market Place (17) - Connecting org customers - Organization already has stripe_customer_id: cus_5vQtJewwi0cOCp
[2015-06-08 12:25:46 -0400] - UpdateStripeIdsOnMarket - Allen Market Place (17) - Connecting org customers - Organization already has stripe_customer_id: cus_5uQ5bfr8vOkctj
[2015-06-08 12:25:46 -0400] - UpdateStripeIdsOnMarket - Allen Market Place (17) - Connecting org customers - MISS - No stripe_customer_id found for Organization Hillcrest Farms (343) balanced_customer_uri /v1/customers/CU4uaygKT16dVJkbwP6D8XJ0
[2015-06-08 12:25:46 -0400] - UpdateStripeIdsOnMarket - Allen Market Place (17) - Connecting org customers - Organization already has stripe_customer_id: cus_5uS7J1Pbx60tlK
[2015-06-08 12:25:46 -0400] - UpdateStripeIdsOnMarket - Allen Market Place (17) - Connecting org customers - Organization already has stripe_customer_id: cus_5vQu8Cwop3nXv4
[2015-06-08 12:25:46 -0400] - UpdateStripeIdsOnMarket - Allen Market Place (17) - Connecting market BankAccounts - MISS - No stripe_id found for PNC BANK, OHIO 3655 (135) balanced_customer_uri /v1/marketplaces/MP2eXZmrOPof80u3Irf94Wre/bank_accounts/BA4c0DBicJjjaCj3PRbLMbgC
[2015-06-08 12:25:46 -0400] - UpdateStripeIdsOnMarket - Allen Market Place (17) - Connecting org BankAccounts - Organization Cultured (3588) - MSU FEDERAL CREDIT UNION 5281 (519) already has stripe_id: ba_15ulfu2VpjOYk6Tm1fFUF1ia
[2015-06-08 12:25:46 -0400] - UpdateStripeIdsOnMarket - Allen Market Place (17) - Connecting org BankAccounts - Organization Lansing Eastern HS (3434) - MasterCard 2644 (513) already has stripe_id: card_15tiRD2VpjOYk6TmidbmOzPz
[2015-06-08 12:25:46 -0400] - UpdateStripeIdsOnMarket - Allen Market Place (17) - Connecting org BankAccounts - Organization Lansing Eastern HS (3434) - Visa 2758 (491) already has stripe_id: card_15pokt2VpjOYk6TmkgBdFkLb
[2015-06-08 12:25:46 -0400] - UpdateStripeIdsOnMarket - Allen Market Place (17) - Connecting org BankAccounts - Organization Rooted Home Farm & Goods (3078) - MISS - No stripe_id found for BANK OF AMERICA, NA 6061 (442) balanced_customer_uri /v1/marketplaces/MP2eXZmrOPof80u3Irf94Wre/bank_accounts/BA2vlAqAYMvexbsYYDBUx5fV
[2015-06-08 12:25:46 -0400] - UpdateStripeIdsOnMarket - Allen Market Place (17) - Connecting org BankAccounts - Organization Bluegrass Farm (2904) - JPMORGAN CHASE BANK, NA 2881 (417) already has stripe_id: ba_15jtCf2VpjOYk6TmSusJ6TBk
[2015-06-08 12:25:46 -0400] - UpdateStripeIdsOnMarket - Allen Market Place (17) - Connecting org BankAccounts - Organization Moores Park Neighborhood (2629) - MasterCard 6261 (420) already has stripe_id: card_15icA32VpjOYk6TmxtdVKrAj
[2015-06-08 12:25:46 -0400] - UpdateStripeIdsOnMarket - Allen Market Place (17) - Connecting org BankAccounts - Organization Stone E River Ranch (2604) - UNION BANK 2617 (376) already has stripe_id: ba_15l24z2VpjOYk6TmoiNh8MQM
[2015-06-08 12:25:46 -0400] - UpdateStripeIdsOnMarket - Allen Market Place (17) - Connecting org BankAccounts - Organization Rita O'Brien (2484) - Visa 2068 (346) already has stripe_id: card_15ic9D2VpjOYk6TmbYaFREsa
[2015-06-08 12:25:46 -0400] - UpdateStripeIdsOnMarket - Allen Market Place (17) - Connecting org BankAccounts - Organization Bloom Coffee Roasters (2457) - MISS - No stripe_id found for JPMORGAN CHASE BANK, NA 8539 (341) balanced_customer_uri /v1/marketplaces/MP2eXZmrOPof80u3Irf94Wre/bank_accounts/BA2ineMvnuxeICs7wTq7KEEq
[2015-06-08 12:25:46 -0400] - UpdateStripeIdsOnMarket - Allen Market Place (17) - Connecting org BankAccounts - Organization Finley's Grill  and Smokehouse (2410) - Visa 4142 (415) already has stripe_id: card_15ic8r2VpjOYk6TmAvT7sfnO
[2015-06-08 12:25:46 -0400] - UpdateStripeIdsOnMarket - Allen Market Place (17) - Connecting org BankAccounts - Organization The Local Grocer (2349) - Visa 7402 (353) already has stripe_id: card_15ic9t2VpjOYk6TmEFBpKHXH
[2015-06-08 12:25:46 -0400] - UpdateStripeIdsOnMarket - Allen Market Place (17) - Connecting org BankAccounts - Organization The Warren (2344) - MSU FEDERAL CREDIT UNION 8981 (335) already has stripe_id: ba_15l24x2VpjOYk6Tm9g5gZ4tU
[2015-06-08 12:25:46 -0400] - UpdateStripeIdsOnMarket - Allen Market Place (17) - Connecting org BankAccounts - Organization Smith Floral & Greenhouses (2332) - MISS - No stripe_id found for COMERICA BANK 0557 (352) balanced_customer_uri /v1/marketplaces/MP2eXZmrOPof80u3Irf94Wre/bank_accounts/BA64UNCzWg98plO0JYGJdnDh
[2015-06-08 12:25:47 -0400] - UpdateStripeIdsOnMarket - Allen Market Place (17) - Connecting org BankAccounts - Organization Twin Sprout Farms (2277) - DFCU FINANCIAL 0125 (307) already has stripe_id: ba_15l24z2VpjOYk6TmYK9ZL7Lk
[2015-06-08 12:25:47 -0400] - UpdateStripeIdsOnMarket - Allen Market Place (17) - Connecting org BankAccounts - Organization Tri-County Regional Planning Commission (2259) - Updated Visa 6860 (300) stripe_id: card_15ic9L2VpjOYk6TmSgWn6MPX
[2015-06-08 12:25:47 -0400] - UpdateStripeIdsOnMarket - Allen Market Place (17) - Connecting org BankAccounts - Organization Suzanne Love (2047) - Visa 5267 (271) already has stripe_id: card_15ic9p2VpjOYk6TmNDsrKrxG
[2015-06-08 12:25:47 -0400] - UpdateStripeIdsOnMarket - Allen Market Place (17) - Connecting org BankAccounts - Organization Ten Hens Farm (1915) - MSU FEDERAL CREDIT UNION 9881 (230) already has stripe_id: ba_15ic9o2VpjOYk6Tm6hODgJmZ
[2015-06-08 12:25:47 -0400] - UpdateStripeIdsOnMarket - Allen Market Place (17) - Connecting org BankAccounts - Organization Rust Belt Roastery (1906) - HUNTINGTON NATIONAL BANK 4694 (221) already has stripe_id: ba_15ic9A2VpjOYk6TmpDZAtdMf
[2015-06-08 12:25:47 -0400] - UpdateStripeIdsOnMarket - Allen Market Place (17) - Connecting org BankAccounts - Organization Heffron Farms Markets (1861) - FIRSTBANK (MT. PLEASANT) 6859 (243) already has stripe_id: ba_15ic922VpjOYk6TmIn1Kowiw
[2015-06-08 12:25:47 -0400] - UpdateStripeIdsOnMarket - Allen Market Place (17) - Connecting org BankAccounts - Organization Cake Art (1621) - Visa 4578 (316) already has stripe_id: card_15ic922VpjOYk6Tmp2703ip8
[2015-06-08 12:25:47 -0400] - UpdateStripeIdsOnMarket - Allen Market Place (17) - Connecting org BankAccounts - Organization Hillcrest Organics (1598) - MSU FEDERAL CREDIT UNION 7189 (253) already has stripe_id: ba_15l24y2VpjOYk6TmWwGgHJWd
[2015-06-08 12:25:47 -0400] - UpdateStripeIdsOnMarket - Allen Market Place (17) - Connecting org BankAccounts - Organization Green Gardens Community Farm (1597) - MISS - No stripe_id found for KELLOGG COMMUNITY FCU 7919 (165) balanced_customer_uri /v1/marketplaces/MP2eXZmrOPof80u3Irf94Wre/bank_accounts/BA4v5fYcu1TxE9AJ62vk10gP
[2015-06-08 12:25:47 -0400] - UpdateStripeIdsOnMarket - Allen Market Place (17) - Connecting org BankAccounts - Organization Fork in The Road Diner (1150) - Visa 7169 (203) already has stripe_id: card_15ic9a2VpjOYk6Tm9pNtah4Q
[2015-06-08 12:25:47 -0400] - UpdateStripeIdsOnMarket - Allen Market Place (17) - Connecting org BankAccounts - Organization Fork in The Road Diner (1150) - PNC BANK, OHIO 0895 (201) already has stripe_id: ba_15ic9O2VpjOYk6TmxkowBAxm
[2015-06-08 12:25:47 -0400] - UpdateStripeIdsOnMarket - Allen Market Place (17) - Connecting org BankAccounts - Organization Fork in The Road Diner (1150) - Visa 7169 (59) already has stripe_id: card_15ic9X2VpjOYk6TmRbPztS2B
[2015-06-08 12:25:47 -0400] - UpdateStripeIdsOnMarket - Allen Market Place (17) - Connecting org BankAccounts - Organization Grazing Fields Cooperative (1149) - CAPITAL AREA SCHOOL EMPLOYEES CU 5202 (155) already has stripe_id: ba_15ic8l2VpjOYk6Tmey7GhhxN
[2015-06-08 12:25:47 -0400] - UpdateStripeIdsOnMarket - Allen Market Place (17) - Connecting org BankAccounts - Organization Lonesome Pines Beef (450) - HASTINGS CITY BANK 4710 (84) already has stripe_id: ba_15l2582VpjOYk6TmfdtiDSrN
[2015-06-08 12:25:47 -0400] - UpdateStripeIdsOnMarket - Allen Market Place (17) - Connecting org BankAccounts - Organization Mark Lelle (448) - Updated American Express 1004 (332) stripe_id: card_15ic9B2VpjOYk6TmA3aMdqKo
[2015-06-08 12:25:47 -0400] - UpdateStripeIdsOnMarket - Allen Market Place (17) - Connecting org BankAccounts - Organization MANNA Acres (437) - MISS - No stripe_id found for FIFTH THIRD BANK 8698 (345) balanced_customer_uri /v1/marketplaces/MP2eXZmrOPof80u3Irf94Wre/bank_accounts/BA7kgZeD6Dm8SRlMM2wWzhWL
[2015-06-08 12:25:47 -0400] - UpdateStripeIdsOnMarket - Allen Market Place (17) - Connecting org BankAccounts - Organization Monroe Family Organics (434) - MISS - No stripe_id found for JPMORGAN CHASE BANK, NA 4427 (145) balanced_customer_uri /v1/marketplaces/MP2eXZmrOPof80u3Irf94Wre/bank_accounts/BA5ju1Dnw7BHW9bjDYu1e8Ph
[2015-06-08 12:25:47 -0400] - UpdateStripeIdsOnMarket - Allen Market Place (17) - Connecting org BankAccounts - Organization Titus Farms (429) - MSU FEDERAL CREDIT UNION 4548 (54) already has stripe_id: ba_15l24q2VpjOYk6TmbuamK1SY
[2015-06-08 12:25:47 -0400] - UpdateStripeIdsOnMarket - Allen Market Place (17) - Connecting org BankAccounts - Organization Glory Bee Sweet Treats (426) - HUNTINGTON NATIONAL BANK 4627 (308) already has stripe_id: ba_15ic9L2VpjOYk6TmDbU4mCZs
[2015-06-08 12:25:47 -0400] - UpdateStripeIdsOnMarket - Allen Market Place (17) - Connecting org BankAccounts - Organization Michigan Environmental Council (421) - Updated Visa 3783 (95) stripe_id: card_15ic9b2VpjOYk6TmVHALAUEl
[2015-06-08 12:25:47 -0400] - UpdateStripeIdsOnMarket - Allen Market Place (17) - Connecting org BankAccounts - Organization Swallowtail Farm (410) - MISS - No stripe_id found for MSU FEDERAL CREDIT UNION 1782 (338) balanced_customer_uri /v1/marketplaces/MP2eXZmrOPof80u3Irf94Wre/bank_accounts/BA517bPMdou47YRvvZ8dB6Jx
[2015-06-08 12:25:47 -0400] - UpdateStripeIdsOnMarket - Allen Market Place (17) - Connecting org BankAccounts - Organization Zumo Eco-Farm and Foods (407) - Updated MasterCard 4775 (260) stripe_id: card_15ic9F2VpjOYk6Tm6Y9QHGgM
[2015-06-08 12:25:47 -0400] - UpdateStripeIdsOnMarket - Allen Market Place (17) - Connecting org BankAccounts - Organization Sarah Fillius (398) - Updated Visa 0959 (242) stripe_id: card_15ic8z2VpjOYk6Tm2fIXJd1h
[2015-06-08 12:25:48 -0400] - UpdateStripeIdsOnMarket - Allen Market Place (17) - Connecting org BankAccounts - Organization Wildflower Eco Farm (393) - MSU FEDERAL CREDIT UNION 9786 (330) already has stripe_id: ba_15l24z2VpjOYk6TmF5RdOcC5
[2015-06-08 12:25:48 -0400] - UpdateStripeIdsOnMarket - Allen Market Place (17) - Connecting org BankAccounts - Organization Allen Market Place (465) - Updated PNC BANK, OHIO 3655 (287) stripe_id: ba_15ic8t2VpjOYk6Tmk21t2u6a
[2015-06-08 12:25:48 -0400] - UpdateStripeIdsOnMarket - Allen Market Place (17) - Connecting org BankAccounts - Organization Allen Market Place (465) - Updated Visa 7169 (167) stripe_id: card_15ic8s2VpjOYk6TmTG2bu28B
[2015-06-08 12:25:48 -0400] - UpdateStripeIdsOnMarket - Allen Market Place (17) - Connecting org BankAccounts - Organization Allen Market Place (465) - Updated Visa 7169 (83) stripe_id: card_15ic8s2VpjOYk6TmTG2bu28B
[2015-06-08 12:25:48 -0400] - UpdateStripeIdsOnMarket - Allen Market Place (17) - Connecting org BankAccounts - Organization MSU Student Organic Farm (464) - Updated BANK OF AMERICA, N.A. 8139 (258) stripe_id: ba_15ic9A2VpjOYk6Tmw4yge1IW
[2015-06-08 12:25:48 -0400] - UpdateStripeIdsOnMarket - Allen Market Place (17) - Connecting org BankAccounts - Organization Better Health Food Stores - Frandor (463) - Updated Visa 7169 (202) stripe_id: card_15ic972VpjOYk6TmVROVUr2I
[2015-06-08 12:25:48 -0400] - UpdateStripeIdsOnMarket - Allen Market Place (17) - Connecting org BankAccounts - Organization Good Bites Food Truck (455) - Updated American Express 1014 (131) stripe_id: card_15ic8l2VpjOYk6Tm2FBNchpr
[2015-06-08 12:25:48 -0400] - UpdateStripeIdsOnMarket - Allen Market Place (17) - Connecting org BankAccounts - Organization Good Bites Food Truck (455) - Updated American Express 1014 (58) stripe_id: card_15ic8n2VpjOYk6TmGrNDGVvm
[2015-06-08 12:25:48 -0400] - UpdateStripeIdsOnMarket - Allen Market Place (17) - Connecting org BankAccounts - Organization Yvonne LeFave (380) - Updated Visa 3943 (235) stripe_id: card_15ic932VpjOYk6TmAMWkeMUD
[2015-06-08 12:25:48 -0400] - UpdateStripeIdsOnMarket - Allen Market Place (17) - Connecting org BankAccounts - Organization Peckham Farms (373) - JPMORGAN CHASE BANK, NA 5940 (379) already has stripe_id: ba_15ic9O2VpjOYk6Tm2H9S2xZ0
[2015-06-08 12:25:48 -0400] - UpdateStripeIdsOnMarket - Allen Market Place (17) - Connecting org BankAccounts - Organization Country Mill Farms (372) - PNC BANK, OHIO 2923 (342) already has stripe_id: ba_15ic9q2VpjOYk6TmXLtg0ueF
[2015-06-08 12:25:49 -0400] - UpdateStripeIdsOnMarket - Allen Market Place (17) - Connecting org BankAccounts - Organization Hickory Knoll Farms Creamery, LLC (371) - MSU FEDERAL CREDIT UNION 0884 (337) already has stripe_id: ba_15l24z2VpjOYk6TmoT4WuZWB
[2015-06-08 12:25:49 -0400] - UpdateStripeIdsOnMarket - Allen Market Place (17) - Connecting org BankAccounts - Organization The VanFleet Farm (370) - ASTERA CREDIT UNION 9766 (187) already has stripe_id: ba_15l24s2VpjOYk6TmH0IObxz0
[2015-06-08 12:25:49 -0400] - UpdateStripeIdsOnMarket - Allen Market Place (17) - Connecting org BankAccounts - Organization James Clift (364) - Updated Visa 8107 (93) stripe_id: card_15ic9h2VpjOYk6TmyDqWLvhE
[2015-06-08 12:25:49 -0400] - UpdateStripeIdsOnMarket - Allen Market Place (17) - Connecting org BankAccounts - Organization AppleSchram (360) - CAPITAL AREA SCHOOL EMPLOYEES CU 8709 (157) already has stripe_id: ba_15ic9i2VpjOYk6TmhF8BN5U5
[2015-06-08 12:25:49 -0400] - UpdateStripeIdsOnMarket - Allen Market Place (17) - Connecting org BankAccounts - Organization CBI's Giving Tree Farm (358) - JPMORGAN CHASE BANK, NA 3649 (156) already has stripe_id: ba_15ic9a2VpjOYk6TmmgiMsHR8
[2015-06-08 12:25:49 -0400] - UpdateStripeIdsOnMarket - Allen Market Place (17) - Connecting org BankAccounts - Organization Ah Vue (354) - Updated Visa 7169 (223) stripe_id: card_15ic912VpjOYk6TmFhElYpeS
[2015-06-08 12:25:49 -0400] - UpdateStripeIdsOnMarket - Allen Market Place (17) - Connecting org BankAccounts - Organization Stone Circle Bakehouse (346) - Updated PNC BANK, OHIO 4583 (489) stripe_id: ba_169TUE2VpjOYk6Tmee58dKOE
[2015-06-08 12:25:49 -0400] - UpdateStripeIdsOnMarket - Allen Market Place (17) - Connecting org BankAccounts - Organization Green Eagle Farm (345) - THE DART BANK 2871 (274) already has stripe_id: ba_15l24q2VpjOYk6TmikSmZbJV
[2015-06-08 12:25:49 -0400] - UpdateStripeIdsOnMarket - Allen Market Place (17) - Connecting org BankAccounts - Organization Hunter Park GardenHouse (344) - PNC BANK, OHIO 3655 (94) already has stripe_id: ba_15ic9Z2VpjOYk6TmsTRgI3a2
[2015-06-08 12:25:49 -0400] - UpdateStripeIdsOnMarket - Allen Market Place (17) - Connecting org BankAccounts - Organization Hillcrest Farms (343) - MISS - No stripe_id found for CONSUMERS PROFESSIONAL CREDIT UNION 6110 (266) balanced_customer_uri /v1/marketplaces/MP2eXZmrOPof80u3Irf94Wre/bank_accounts/BA4sAMHAeny3a6uHiLm72bi3
[2015-06-08 12:25:49 -0400] - UpdateStripeIdsOnMarket - Allen Market Place (17) - Connecting org BankAccounts - Organization Urbandale Farm (342) - MSU FEDERAL CREDIT UNION 9380 (177) already has stripe_id: ba_15ifsS2VpjOYk6TmJ93ygroD
[2015-06-08 12:25:49 -0400] - UpdateStripeIdsOnMarket - Allen Market Place (17) - Connecting org BankAccounts - Organization Winters Calico Fields Farm (341) - PORTLAND FEDERAL CREDIT UNION 9792 (169) already has stripe_id: ba_15l2542VpjOYk6TmUVLk1FjF
