[2015-05-27 10:22:50 -0400] - UpdateStripeIdsOnMarket - Forest Agriculture Enterprises (45) - ====================================================================================================
[2015-05-27 10:22:50 -0400] - UpdateStripeIdsOnMarket - Forest Agriculture Enterprises (45) -  Forest Agriculture Enterprises (45)
[2015-05-27 10:22:50 -0400] - UpdateStripeIdsOnMarket - Forest Agriculture Enterprises (45) -  Updating stripe IDs for market, orgs and bank accounts.
[2015-05-27 10:22:50 -0400] - UpdateStripeIdsOnMarket - Forest Agriculture Enterprises (45) - 
[2015-05-27 10:22:50 -0400] - UpdateStripeIdsOnMarket - Forest Agriculture Enterprises (45) -  Balanced export file: /Users/crosby/git/local_orbit/localorbit/tools/stripe-migration/from_balanced/2015-05-27-1432735944-MP2eXZmrOPof80u3Irf94Wre.csv
[2015-05-27 10:22:50 -0400] - UpdateStripeIdsOnMarket - Forest Agriculture Enterprises (45) - 
[2015-05-27 10:22:50 -0400] - UpdateStripeIdsOnMarket - Forest Agriculture Enterprises (45) -  Rails.env: production
[2015-05-27 10:22:50 -0400] - UpdateStripeIdsOnMarket - Forest Agriculture Enterprises (45) -  Stripe keys:
[2015-05-27 10:22:50 -0400] - UpdateStripeIdsOnMarket - Forest Agriculture Enterprises (45) -   --> STRIPE_PUBLISHABLE_KEY: pk_live_j85VTsrz51POrss3ni460qaf (pk_live_j85VTsrz51POrss3ni460qaf)
[2015-05-27 10:22:50 -0400] - UpdateStripeIdsOnMarket - Forest Agriculture Enterprises (45) - ====================================================================================================
[2015-05-27 10:22:51 -0400] - UpdateStripeIdsOnMarket - Forest Agriculture Enterprises (45) - Connecting market customer - Updated Market stripe_customer_id: cus_5uQ4DaFXDzmhMf
[2015-05-27 10:22:52 -0400] - UpdateStripeIdsOnMarket - Forest Agriculture Enterprises (45) - Connecting market account - Updated Market stripe_account_id: acct_15l1yeBPCBbyCkiW
[2015-05-27 10:22:52 -0400] - UpdateStripeIdsOnMarket - Forest Agriculture Enterprises (45) - Connecting org customers - Updated Organization 608 Community Supported Kitchen (3730) stripe_customer_id: cus_6BxlCFqgM4UFoU
[2015-05-27 10:22:52 -0400] - UpdateStripeIdsOnMarket - Forest Agriculture Enterprises (45) - Connecting org customers - Updated Organization Colleen T. Bell (3572) stripe_customer_id: cus_66FfRJ0ZeguO87
[2015-05-27 10:22:52 -0400] - UpdateStripeIdsOnMarket - Forest Agriculture Enterprises (45) - Connecting org customers - Updated Organization Sam Spiczka (3496) stripe_customer_id: cus_63zhO82vxzcNWo
[2015-05-27 10:22:52 -0400] - UpdateStripeIdsOnMarket - Forest Agriculture Enterprises (45) - Connecting org customers - MISS - No stripe_customer_id found for Organization Full Cirle Farm (3453) balanced_customer_uri /v1/customers/CU6mlyfgu1gOTU2CYV7VJN55
[2015-05-27 10:22:52 -0400] - UpdateStripeIdsOnMarket - Forest Agriculture Enterprises (45) - Connecting org customers - Updated Organization Kb (3432) stripe_customer_id: cus_61p6xny5Iz1cVe
[2015-05-27 10:22:53 -0400] - UpdateStripeIdsOnMarket - Forest Agriculture Enterprises (45) - Connecting org customers - Updated Organization Puchyan Ventures (3186) stripe_customer_id: cus_5uQ5jRDca3aT4d
[2015-05-27 10:22:53 -0400] - UpdateStripeIdsOnMarket - Forest Agriculture Enterprises (45) - Connecting org customers - Updated Organization Coulee Meadow Farm (3171) stripe_customer_id: cus_5uQ5PndTYWX0wf
[2015-05-27 10:22:53 -0400] - UpdateStripeIdsOnMarket - Forest Agriculture Enterprises (45) - Connecting org customers - Updated Organization Soul Springs Collective (3141) stripe_customer_id: cus_5uQ5cSsvI58xbm
[2015-05-27 10:22:53 -0400] - UpdateStripeIdsOnMarket - Forest Agriculture Enterprises (45) - Connecting org customers - Updated Organization Feed the Burbs (3140) stripe_customer_id: cus_5uQ5IvlP1t7Mdc
[2015-05-27 10:22:53 -0400] - UpdateStripeIdsOnMarket - Forest Agriculture Enterprises (45) - Connecting org customers - Updated Organization Zachary Langer (3134) stripe_customer_id: cus_5uQ5N8BcRqyvnk
[2015-05-27 10:22:54 -0400] - UpdateStripeIdsOnMarket - Forest Agriculture Enterprises (45) - Connecting org customers - Updated Organization ed costin (3104) stripe_customer_id: cus_5uS7x5bEReRszr
[2015-05-27 10:22:54 -0400] - UpdateStripeIdsOnMarket - Forest Agriculture Enterprises (45) - Connecting org customers - Updated Organization Myers Livestock (2952) stripe_customer_id: cus_5uQ5BsHTqXhe2R
[2015-05-27 10:22:54 -0400] - UpdateStripeIdsOnMarket - Forest Agriculture Enterprises (45) - Connecting org customers - Updated Organization 10 Acres Flat (2949) stripe_customer_id: cus_5uQ5Q4pe8nz62p
[2015-05-27 10:22:54 -0400] - UpdateStripeIdsOnMarket - Forest Agriculture Enterprises (45) - Connecting org customers - Updated Organization hayskids.org (2945) stripe_customer_id: cus_5uQ5ZVHFunQv2t
[2015-05-27 10:22:54 -0400] - UpdateStripeIdsOnMarket - Forest Agriculture Enterprises (45) - Connecting org customers - Updated Organization Annette Bell (2927) stripe_customer_id: cus_5uQ5aqI0NmOCp8
[2015-05-27 10:22:54 -0400] - UpdateStripeIdsOnMarket - Forest Agriculture Enterprises (45) - Connecting org customers - Updated Organization Marirose Shields (2893) stripe_customer_id: cus_5uQ4YnTrVcbvvT
[2015-05-27 10:22:55 -0400] - UpdateStripeIdsOnMarket - Forest Agriculture Enterprises (45) - Connecting org customers - Updated Organization Phillip Zink (2838) stripe_customer_id: cus_5uQ5CnaBUy3JQ4
[2015-05-27 10:22:55 -0400] - UpdateStripeIdsOnMarket - Forest Agriculture Enterprises (45) - Connecting org customers - Updated Organization Maple Hill Farm (2830) stripe_customer_id: cus_5uQ42OKS7oYaWH
[2015-05-27 10:22:55 -0400] - UpdateStripeIdsOnMarket - Forest Agriculture Enterprises (45) - Connecting org customers - Updated Organization One World Permaculture (2829) stripe_customer_id: cus_5uQ47SG5LYteIP
[2015-05-27 10:22:55 -0400] - UpdateStripeIdsOnMarket - Forest Agriculture Enterprises (45) - Connecting org customers - Updated Organization Josiah Keefer (2811) stripe_customer_id: cus_5uQ4R4aa33s2Vq
[2015-05-27 10:22:55 -0400] - UpdateStripeIdsOnMarket - Forest Agriculture Enterprises (45) - Connecting org customers - Updated Organization Okfuskee Farm (2810) stripe_customer_id: cus_5uQ4zzJjxbFYnV
[2015-05-27 10:22:56 -0400] - UpdateStripeIdsOnMarket - Forest Agriculture Enterprises (45) - Connecting org customers - Updated Organization Garfield Community Farm (2809) stripe_customer_id: cus_5uQ4y9HPeP1bcD
[2015-05-27 10:22:56 -0400] - UpdateStripeIdsOnMarket - Forest Agriculture Enterprises (45) - Connecting org customers - Updated Organization Lisa DeGraff (2801) stripe_customer_id: cus_5uQ4leePSFyur4
[2015-05-27 10:22:56 -0400] - UpdateStripeIdsOnMarket - Forest Agriculture Enterprises (45) - Connecting org customers - Updated Organization Brett Anderson (2782) stripe_customer_id: cus_5uQ4pjk9OB0Z15
[2015-05-27 10:22:56 -0400] - UpdateStripeIdsOnMarket - Forest Agriculture Enterprises (45) - Connecting org customers - Updated Organization Sand Box Enterprises, LLC (2751) stripe_customer_id: cus_5uQ4AEm7oKkJVj
[2015-05-27 10:22:56 -0400] - UpdateStripeIdsOnMarket - Forest Agriculture Enterprises (45) - Connecting org customers - Updated Organization Aaron Underwood (2748) stripe_customer_id: cus_5uQ4HcEQdHOrsk
[2015-05-27 10:22:56 -0400] - UpdateStripeIdsOnMarket - Forest Agriculture Enterprises (45) - Connecting org customers - Updated Organization Homestead (2723) stripe_customer_id: cus_5uQ5dbqTo3m3Zi
[2015-05-27 10:22:57 -0400] - UpdateStripeIdsOnMarket - Forest Agriculture Enterprises (45) - Connecting org customers - Updated Organization Tom Jens (2712) stripe_customer_id: cus_5uQ59SVHqBR2Mk
[2015-05-27 10:22:57 -0400] - UpdateStripeIdsOnMarket - Forest Agriculture Enterprises (45) - Connecting org customers - Updated Organization Ponderosa Farm (2698) stripe_customer_id: cus_5uQ5sbhUChqBac
[2015-05-27 10:22:57 -0400] - UpdateStripeIdsOnMarket - Forest Agriculture Enterprises (45) - Connecting org customers - Updated Organization Farr Electric (2687) stripe_customer_id: cus_5uQ4qN5bTyzt1f
[2015-05-27 10:22:57 -0400] - UpdateStripeIdsOnMarket - Forest Agriculture Enterprises (45) - Connecting org customers - Updated Organization N/A (2674) stripe_customer_id: cus_5uQ4ndWL3nxSBF
[2015-05-27 10:22:57 -0400] - UpdateStripeIdsOnMarket - Forest Agriculture Enterprises (45) - Connecting org customers - Updated Organization Bassing (2671) stripe_customer_id: cus_5uQ5ltkwLwfMqD
[2015-05-27 10:22:58 -0400] - UpdateStripeIdsOnMarket - Forest Agriculture Enterprises (45) - Connecting org customers - Updated Organization Far Out Farms (2670) stripe_customer_id: cus_5uQ4yzb8k4LTo1
[2015-05-27 10:22:58 -0400] - UpdateStripeIdsOnMarket - Forest Agriculture Enterprises (45) - Connecting org customers - Updated Organization BlueMAX farm (2660) stripe_customer_id: cus_5uQ4eoHUlyphSz
[2015-05-27 10:22:58 -0400] - UpdateStripeIdsOnMarket - Forest Agriculture Enterprises (45) - Connecting org customers - Updated Organization Nature's Image Farm (2659) stripe_customer_id: cus_5uQ4Td9Tb8GfqQ
[2015-05-27 10:22:58 -0400] - UpdateStripeIdsOnMarket - Forest Agriculture Enterprises (45) - Connecting org customers - Updated Organization none (2652) stripe_customer_id: cus_5uQ5hQYKLVzr1N
[2015-05-27 10:22:58 -0400] - UpdateStripeIdsOnMarket - Forest Agriculture Enterprises (45) - Connecting org customers - Updated Organization Bossy Acres (2639) stripe_customer_id: cus_5uQ4aBhVkdWg6B
[2015-05-27 10:22:58 -0400] - UpdateStripeIdsOnMarket - Forest Agriculture Enterprises (45) - Connecting org customers - Updated Organization Four Patch Farm LLC (2635) stripe_customer_id: cus_5uQ5QiZWTjVk7N
[2015-05-27 10:22:59 -0400] - UpdateStripeIdsOnMarket - Forest Agriculture Enterprises (45) - Connecting org customers - Updated Organization Mesa Farm, LLC (2633) stripe_customer_id: cus_5uQ4shMQJwWZIb
[2015-05-27 10:22:59 -0400] - UpdateStripeIdsOnMarket - Forest Agriculture Enterprises (45) - Connecting org customers - Updated Organization Standerfer Farms (2632) stripe_customer_id: cus_5uQ4In7Qm36Zkp
[2015-05-27 10:22:59 -0400] - UpdateStripeIdsOnMarket - Forest Agriculture Enterprises (45) - Connecting org customers - Updated Organization Island Grown Initiative  (2630) stripe_customer_id: cus_5uQ4uapjNFGlT9
[2015-05-27 10:22:59 -0400] - UpdateStripeIdsOnMarket - Forest Agriculture Enterprises (45) - Connecting org customers - Updated Organization Barbara Taam (2627) stripe_customer_id: cus_5uQ5cyKcR1XZbu
[2015-05-27 10:22:59 -0400] - UpdateStripeIdsOnMarket - Forest Agriculture Enterprises (45) - Connecting org customers - Updated Organization East Hill Tree Farm (2626) stripe_customer_id: cus_5uQ4ACZ6tuFUD4
[2015-05-27 10:22:59 -0400] - UpdateStripeIdsOnMarket - Forest Agriculture Enterprises (45) - Connecting org customers - Updated Organization Blabaer-Li (2619) stripe_customer_id: cus_5uQ5qzl9nBML68
[2015-05-27 10:23:00 -0400] - UpdateStripeIdsOnMarket - Forest Agriculture Enterprises (45) - Connecting org customers - Updated Organization Root 66 Farm (2607) stripe_customer_id: cus_5uQ4FLqZIszZyB
[2015-05-27 10:23:00 -0400] - UpdateStripeIdsOnMarket - Forest Agriculture Enterprises (45) - Connecting org customers - Updated Organization Peaches and Honey (2603) stripe_customer_id: cus_5uQ4UtgeZwVcW8
[2015-05-27 10:23:00 -0400] - UpdateStripeIdsOnMarket - Forest Agriculture Enterprises (45) - Connecting org customers - Updated Organization renee steines (2595) stripe_customer_id: cus_5uQ57D3uoW9bzk
[2015-05-27 10:23:00 -0400] - UpdateStripeIdsOnMarket - Forest Agriculture Enterprises (45) - Connecting org customers - Updated Organization Youngblood Grassfed Farm (2576) stripe_customer_id: cus_5uQ5MBqXrR5BFc
[2015-05-27 10:23:00 -0400] - UpdateStripeIdsOnMarket - Forest Agriculture Enterprises (45) - Connecting org customers - Updated Organization Esli Farm (2564) stripe_customer_id: cus_5uQ4sADoD1RvGS
[2015-05-27 10:23:01 -0400] - UpdateStripeIdsOnMarket - Forest Agriculture Enterprises (45) - Connecting org customers - Updated Organization The Resiliency Institute (2555) stripe_customer_id: cus_5uQ4LYnfjpckTp
[2015-05-27 10:23:01 -0400] - UpdateStripeIdsOnMarket - Forest Agriculture Enterprises (45) - Connecting org customers - Updated Organization Karen Vanek  (2478) stripe_customer_id: cus_5uQ5DmrNDIXFNS
[2015-05-27 10:23:02 -0400] - UpdateStripeIdsOnMarket - Forest Agriculture Enterprises (45) - Connecting market BankAccounts - Updated WESTBY CO-OP CREDIT UNION 1250 (495) stripe_id: ba_15rCB02VpjOYk6TmSEhM1lBs
[2015-05-27 10:23:02 -0400] - UpdateStripeIdsOnMarket - Forest Agriculture Enterprises (45) - Connecting market BankAccounts - Updated PROVIDENCE BANK 4317 (355) stripe_id: ba_15ic8y2VpjOYk6TmpfT6taJ7
[2015-05-27 10:23:02 -0400] - UpdateStripeIdsOnMarket - Forest Agriculture Enterprises (45) - Connecting org BankAccounts - Organization 608 Community Supported Kitchen (3730) - Updated Visa 8053 (537) stripe_id: card_15zZpW2VpjOYk6TmPGG5G66z
[2015-05-27 10:23:02 -0400] - UpdateStripeIdsOnMarket - Forest Agriculture Enterprises (45) - Connecting org BankAccounts - Organization Colleen T. Bell (3572) - Updated Discover 7928 (516) stripe_id: card_15u3Go2VpjOYk6TmrmlLWu7L
[2015-05-27 10:23:03 -0400] - UpdateStripeIdsOnMarket - Forest Agriculture Enterprises (45) - Connecting org BankAccounts - Organization Sam Spiczka (3496) - Updated Visa 1316 (502) stripe_id: card_15rrhe2VpjOYk6TmuU8KByuR
[2015-05-27 10:23:03 -0400] - UpdateStripeIdsOnMarket - Forest Agriculture Enterprises (45) - Connecting org BankAccounts - Organization Full Cirle Farm (3453) - Updated Visa 5563 (493) stripe_id: tok_15qYBH2VpjOYk6Tm8yuMXw6g
[2015-05-27 10:23:03 -0400] - UpdateStripeIdsOnMarket - Forest Agriculture Enterprises (45) - Connecting org BankAccounts - Organization Kb (3432) - Updated Visa 1167 (490) stripe_id: card_15plS02VpjOYk6Tm6UVYUVCV
[2015-05-27 10:23:03 -0400] - UpdateStripeIdsOnMarket - Forest Agriculture Enterprises (45) - Connecting org BankAccounts - Organization Puchyan Ventures (3186) - Updated Visa 4871 (457) stripe_id: card_15ic9r2VpjOYk6TmRWvqZBIX
[2015-05-27 10:23:04 -0400] - UpdateStripeIdsOnMarket - Forest Agriculture Enterprises (45) - Connecting org BankAccounts - Organization Coulee Meadow Farm (3171) - Updated Visa 1548 (456) stripe_id: card_15icA32VpjOYk6TmfNeB6cPQ
[2015-05-27 10:23:04 -0400] - UpdateStripeIdsOnMarket - Forest Agriculture Enterprises (45) - Connecting org BankAccounts - Organization Soul Springs Collective (3141) - Updated Visa 9733 (463) stripe_id: card_15ic9t2VpjOYk6TmpRjJ1LMV
[2015-05-27 10:23:04 -0400] - UpdateStripeIdsOnMarket - Forest Agriculture Enterprises (45) - Connecting org BankAccounts - Organization Soul Springs Collective (3141) - Updated Visa 3884 (446) stripe_id: card_15ic9y2VpjOYk6TmY5TrKf7M
[2015-05-27 10:23:04 -0400] - UpdateStripeIdsOnMarket - Forest Agriculture Enterprises (45) - Connecting org BankAccounts - Organization Feed the Burbs (3140) - Updated Visa 7725 (447) stripe_id: card_15ic9x2VpjOYk6TmD1nAyJWs
[2015-05-27 10:23:05 -0400] - UpdateStripeIdsOnMarket - Forest Agriculture Enterprises (45) - Connecting org BankAccounts - Organization Zachary Langer (3134) - Updated Visa 4519 (444) stripe_id: card_15ic9u2VpjOYk6Tm75CMYjXi
[2015-05-27 10:23:05 -0400] - UpdateStripeIdsOnMarket - Forest Agriculture Enterprises (45) - Connecting org BankAccounts - Organization ed costin (3104) - Updated Visa 0925 (441) stripe_id: card_15ifsT2VpjOYk6Tmb0QRN9ZA
[2015-05-27 10:23:05 -0400] - UpdateStripeIdsOnMarket - Forest Agriculture Enterprises (45) - Connecting org BankAccounts - Organization Myers Livestock (2952) - Updated Visa 4430 (424) stripe_id: card_15ic9p2VpjOYk6TmJcwq4z2i
[2015-05-27 10:23:06 -0400] - UpdateStripeIdsOnMarket - Forest Agriculture Enterprises (45) - Connecting org BankAccounts - Organization 10 Acres Flat (2949) - Updated Visa 2235 (423) stripe_id: card_15ic9x2VpjOYk6Tm05ieg2VM
[2015-05-27 10:23:06 -0400] - UpdateStripeIdsOnMarket - Forest Agriculture Enterprises (45) - Connecting org BankAccounts - Organization hayskids.org (2945) - Updated Visa 1524 (422) stripe_id: card_15ic9x2VpjOYk6TmbSepMFp3
[2015-05-27 10:23:06 -0400] - UpdateStripeIdsOnMarket - Forest Agriculture Enterprises (45) - Connecting org BankAccounts - Organization Annette Bell (2927) - Updated MasterCard 8093 (419) stripe_id: card_15ic9k2VpjOYk6Tm954FuC9B
[2015-05-27 10:23:06 -0400] - UpdateStripeIdsOnMarket - Forest Agriculture Enterprises (45) - Connecting org BankAccounts - Organization Marirose Shields (2893) - Updated Visa 7714 (418) stripe_id: card_15ic9B2VpjOYk6TmdtSDAxmU
[2015-05-27 10:23:07 -0400] - UpdateStripeIdsOnMarket - Forest Agriculture Enterprises (45) - Connecting org BankAccounts - Organization Phillip Zink (2838) - Updated MasterCard 3131 (440) stripe_id: card_15icA12VpjOYk6Tm0pBAkqc0
[2015-05-27 10:23:07 -0400] - UpdateStripeIdsOnMarket - Forest Agriculture Enterprises (45) - Connecting org BankAccounts - Organization Maple Hill Farm (2830) - Updated Visa 1159 (408) stripe_id: card_15ic8w2VpjOYk6Tm26Dv99a3
[2015-05-27 10:23:07 -0400] - UpdateStripeIdsOnMarket - Forest Agriculture Enterprises (45) - Connecting org BankAccounts - Organization One World Permaculture (2829) - Updated Visa 5862 (414) stripe_id: card_15ic8n2VpjOYk6TmAbYPN7Ef
[2015-05-27 10:23:07 -0400] - UpdateStripeIdsOnMarket - Forest Agriculture Enterprises (45) - Connecting org BankAccounts - Organization Josiah Keefer (2811) - Updated Visa 9749 (406) stripe_id: card_15ic8u2VpjOYk6TmfpKfvpkl
[2015-05-27 10:23:08 -0400] - UpdateStripeIdsOnMarket - Forest Agriculture Enterprises (45) - Connecting org BankAccounts - Organization Okfuskee Farm (2810) - Updated American Express 1039 (403) stripe_id: card_15ic8r2VpjOYk6Tmu1QdAUYO
[2015-05-27 10:23:08 -0400] - UpdateStripeIdsOnMarket - Forest Agriculture Enterprises (45) - Connecting org BankAccounts - Organization Garfield Community Farm (2809) - MISS - No stripe_id found for MasterCard 1057 (405) balanced_customer_uri /v1/marketplaces/MP2eXZmrOPof80u3Irf94Wre/cards/CC3OK7PdVAIsYqszUpFNgBlJ
[2015-05-27 10:23:08 -0400] - UpdateStripeIdsOnMarket - Forest Agriculture Enterprises (45) - Connecting org BankAccounts - Organization Lisa DeGraff (2801) - Updated MasterCard 0833 (402) stripe_id: card_15ic8o2VpjOYk6TmUErYKE01
[2015-05-27 10:23:08 -0400] - UpdateStripeIdsOnMarket - Forest Agriculture Enterprises (45) - Connecting org BankAccounts - Organization Sand Box Enterprises, LLC (2751) - Updated Visa 3339 (396) stripe_id: card_15ic9E2VpjOYk6TmKbmwJIFD
[2015-05-27 10:23:09 -0400] - UpdateStripeIdsOnMarket - Forest Agriculture Enterprises (45) - Connecting org BankAccounts - Organization Aaron Underwood (2748) - Updated Visa 2129 (394) stripe_id: card_15ic9C2VpjOYk6TmWQ5Kg4Q2
[2015-05-27 10:23:09 -0400] - UpdateStripeIdsOnMarket - Forest Agriculture Enterprises (45) - Connecting org BankAccounts - Organization Homestead (2723) - Updated Discover 0663 (391) stripe_id: card_15ic9S2VpjOYk6TmNJziGFvB
[2015-05-27 10:23:09 -0400] - UpdateStripeIdsOnMarket - Forest Agriculture Enterprises (45) - Connecting org BankAccounts - Organization Tom Jens (2712) - Updated American Express 2018 (388) stripe_id: card_15ic9s2VpjOYk6Tm6E92RBcu
[2015-05-27 10:23:09 -0400] - UpdateStripeIdsOnMarket - Forest Agriculture Enterprises (45) - Connecting org BankAccounts - Organization Ponderosa Farm (2698) - Updated American Express 2013 (382) stripe_id: card_15ic9k2VpjOYk6TmJZOZ2F46
[2015-05-27 10:23:10 -0400] - UpdateStripeIdsOnMarket - Forest Agriculture Enterprises (45) - Connecting org BankAccounts - Organization Farr Electric (2687) - Updated MasterCard 0887 (380) stripe_id: card_15ic9K2VpjOYk6TmNTFED3R1
[2015-05-27 10:23:10 -0400] - UpdateStripeIdsOnMarket - Forest Agriculture Enterprises (45) - Connecting org BankAccounts - Organization N/A (2674) - Updated Visa 2460 (393) stripe_id: card_15ic9N2VpjOYk6TmhO4mvCqK
[2015-05-27 10:23:10 -0400] - UpdateStripeIdsOnMarket - Forest Agriculture Enterprises (45) - Connecting org BankAccounts - Organization Bassing (2671) - Updated Visa 3150 (459) stripe_id: card_15ic9q2VpjOYk6TmtxCAvuvk
[2015-05-27 10:23:10 -0400] - UpdateStripeIdsOnMarket - Forest Agriculture Enterprises (45) - Connecting org BankAccounts - Organization Far Out Farms (2670) - Updated MasterCard 8532 (378) stripe_id: card_15ic962VpjOYk6TmZV1iDLby
[2015-05-27 10:23:11 -0400] - UpdateStripeIdsOnMarket - Forest Agriculture Enterprises (45) - Connecting org BankAccounts - Organization BlueMAX farm (2660) - Updated Visa 1243 (395) stripe_id: card_15ic9F2VpjOYk6TmbqbFOw6t
[2015-05-27 10:23:11 -0400] - UpdateStripeIdsOnMarket - Forest Agriculture Enterprises (45) - Connecting org BankAccounts - Organization Nature's Image Farm (2659) - Updated American Express 2000 (404) stripe_id: card_15ic8u2VpjOYk6Tmird2mc4Q
[2015-05-27 10:23:11 -0400] - UpdateStripeIdsOnMarket - Forest Agriculture Enterprises (45) - Connecting org BankAccounts - Organization none (2652) - Updated MasterCard 4780 (377) stripe_id: card_15ic9u2VpjOYk6TmpASOD0pL
[2015-05-27 10:23:12 -0400] - UpdateStripeIdsOnMarket - Forest Agriculture Enterprises (45) - Connecting org BankAccounts - Organization Bossy Acres (2639) - Updated Visa 1142 (373) stripe_id: card_15ic992VpjOYk6Tm5lfcS86L
[2015-05-27 10:23:12 -0400] - UpdateStripeIdsOnMarket - Forest Agriculture Enterprises (45) - Connecting org BankAccounts - Organization Four Patch Farm LLC (2635) - Updated Visa 1619 (372) stripe_id: card_15ic9Z2VpjOYk6TmFpq4WEpa
[2015-05-27 10:23:15 -0400] - UpdateStripeIdsOnMarket - Forest Agriculture Enterprises (45) - Connecting org BankAccounts - Organization Mesa Farm, LLC (2633) - Updated MasterCard 7159 (371) stripe_id: card_15ic9X2VpjOYk6TmxJPU1M2w
[2015-05-27 10:23:18 -0400] - UpdateStripeIdsOnMarket - Forest Agriculture Enterprises (45) - Connecting org BankAccounts - Organization Standerfer Farms (2632) - Updated MasterCard 0041 (370) stripe_id: card_15ic9M2VpjOYk6TmDw06hOvT
[2015-05-27 10:23:19 -0400] - UpdateStripeIdsOnMarket - Forest Agriculture Enterprises (45) - Connecting org BankAccounts - Organization Island Grown Initiative  (2630) - Updated MasterCard 4683 (389) stripe_id: card_15ic9M2VpjOYk6Tm1H9k21a1
[2015-05-27 10:23:23 -0400] - UpdateStripeIdsOnMarket - Forest Agriculture Enterprises (45) - Connecting org BankAccounts - Organization Barbara Taam (2627) - Updated Visa 4201 (369) stripe_id: card_15ic9P2VpjOYk6TmdgKOZw1D
[2015-05-27 10:23:25 -0400] - UpdateStripeIdsOnMarket - Forest Agriculture Enterprises (45) - Connecting org BankAccounts - Organization East Hill Tree Farm (2626) - Updated Visa 9808 (392) stripe_id: card_15ic9h2VpjOYk6TmASqF0iZL
[2015-05-27 10:23:26 -0400] - UpdateStripeIdsOnMarket - Forest Agriculture Enterprises (45) - Connecting org BankAccounts - Organization Blabaer-Li (2619) - Updated Visa 9400 (366) stripe_id: card_15ic9J2VpjOYk6TmItEFjikr
[2015-05-27 10:23:26 -0400] - UpdateStripeIdsOnMarket - Forest Agriculture Enterprises (45) - Connecting org BankAccounts - Organization Root 66 Farm (2607) - Updated BANK OF AMERICA, N.A. 0407 (409) stripe_id: ba_15ic912VpjOYk6TmtzLhFWAT
[2015-05-27 10:23:26 -0400] - UpdateStripeIdsOnMarket - Forest Agriculture Enterprises (45) - Connecting org BankAccounts - Organization Peaches and Honey (2603) - Updated MasterCard 8174 (361) stripe_id: card_15ic9Q2VpjOYk6TmyOP0mAHo
[2015-05-27 10:23:26 -0400] - UpdateStripeIdsOnMarket - Forest Agriculture Enterprises (45) - Connecting org BankAccounts - Organization renee steines (2595) - Updated Visa 1234 (360) stripe_id: card_15ic9r2VpjOYk6Tm0mdxirz7
[2015-05-27 10:23:27 -0400] - UpdateStripeIdsOnMarket - Forest Agriculture Enterprises (45) - Connecting org BankAccounts - Organization Youngblood Grassfed Farm (2576) - Updated Visa 2783 (358) stripe_id: card_15ic9z2VpjOYk6TmSNyTXKhx
