[2015-06-08 12:26:23 -0400] - UpdateStripeIdsOnMarket - Central U.P. Marketplace (19) - ====================================================================================================
[2015-06-08 12:26:23 -0400] - UpdateStripeIdsOnMarket - Central U.P. Marketplace (19) -  Central U.P. Marketplace (19)
[2015-06-08 12:26:23 -0400] - UpdateStripeIdsOnMarket - Central U.P. Marketplace (19) -  Updating stripe IDs for market, orgs and bank accounts.
[2015-06-08 12:26:23 -0400] - UpdateStripeIdsOnMarket - Central U.P. Marketplace (19) - 
[2015-06-08 12:26:23 -0400] - UpdateStripeIdsOnMarket - Central U.P. Marketplace (19) -  Balanced export file: /home/vagrant/git/localorbit/tools/stripe-migration/from_balanced/2015-06-08-1433769720-MP2eXZmrOPof80u3Irf94Wre.csv
[2015-06-08 12:26:23 -0400] - UpdateStripeIdsOnMarket - Central U.P. Marketplace (19) - 
[2015-06-08 12:26:23 -0400] - UpdateStripeIdsOnMarket - Central U.P. Marketplace (19) -  Rails.env: production
[2015-06-08 12:26:23 -0400] - UpdateStripeIdsOnMarket - Central U.P. Marketplace (19) -  Stripe keys:
[2015-06-08 12:26:23 -0400] - UpdateStripeIdsOnMarket - Central U.P. Marketplace (19) -   --> STRIPE_PUBLISHABLE_KEY: pk_live_j85VTsrz51POrss3ni460qaf (pk_live_j85VTsrz51POrss3ni460qaf)
[2015-06-08 12:26:23 -0400] - UpdateStripeIdsOnMarket - Central U.P. Marketplace (19) - ====================================================================================================
[2015-06-08 12:26:23 -0400] - UpdateStripeIdsOnMarket - Central U.P. Marketplace (19) - Connecting market customer - Market already has stripe_customer_id: cus_5uQ5O6iITxAPi1
[2015-06-08 12:26:23 -0400] - UpdateStripeIdsOnMarket - Central U.P. Marketplace (19) - Connecting market account - Market already has stripe_account_id: acct_15l1yTLQ4u01Xv8M
[2015-06-08 12:26:23 -0400] - UpdateStripeIdsOnMarket - Central U.P. Marketplace (19) - Connecting org customers - Organization already has stripe_customer_id: cus_6LbC95HGbSurue
[2015-06-08 12:26:23 -0400] - UpdateStripeIdsOnMarket - Central U.P. Marketplace (19) - Connecting org customers - Organization already has stripe_customer_id: cus_5uQ5wtGkuNpMsH
[2015-06-08 12:26:23 -0400] - UpdateStripeIdsOnMarket - Central U.P. Marketplace (19) - Connecting org customers - Organization already has stripe_customer_id: cus_5uQ4IWcLVuKMVI
[2015-06-08 12:26:23 -0400] - UpdateStripeIdsOnMarket - Central U.P. Marketplace (19) - Connecting org customers - Organization already has stripe_customer_id: cus_5uQ42n7BQHksAL
[2015-06-08 12:26:23 -0400] - UpdateStripeIdsOnMarket - Central U.P. Marketplace (19) - Connecting org customers - Organization already has stripe_customer_id: cus_5vQutq2KInMfpL
[2015-06-08 12:26:23 -0400] - UpdateStripeIdsOnMarket - Central U.P. Marketplace (19) - Connecting org customers - Organization already has stripe_customer_id: cus_5uQ4K6GGY8nYsz
[2015-06-08 12:26:23 -0400] - UpdateStripeIdsOnMarket - Central U.P. Marketplace (19) - Connecting org customers - Organization already has stripe_customer_id: cus_5uQ4GIaxPTtKlQ
[2015-06-08 12:26:23 -0400] - UpdateStripeIdsOnMarket - Central U.P. Marketplace (19) - Connecting org customers - Organization already has stripe_customer_id: cus_5uQ4uyJASwN4iu
[2015-06-08 12:26:23 -0400] - UpdateStripeIdsOnMarket - Central U.P. Marketplace (19) - Connecting org customers - Organization already has stripe_customer_id: cus_5uQ4uKiqxwwjo1
[2015-06-08 12:26:23 -0400] - UpdateStripeIdsOnMarket - Central U.P. Marketplace (19) - Connecting org customers - Organization already has stripe_customer_id: cus_5uQ4GdB7fEyJUa
[2015-06-08 12:26:23 -0400] - UpdateStripeIdsOnMarket - Central U.P. Marketplace (19) - Connecting org customers - Organization already has stripe_customer_id: cus_5vQvzNyy6rJnhN
[2015-06-08 12:26:23 -0400] - UpdateStripeIdsOnMarket - Central U.P. Marketplace (19) - Connecting org customers - Organization already has stripe_customer_id: cus_5uQ5aLVsMUtIY2
[2015-06-08 12:26:23 -0400] - UpdateStripeIdsOnMarket - Central U.P. Marketplace (19) - Connecting org customers - Organization already has stripe_customer_id: cus_5uQ4tDUDxa5Qg1
[2015-06-08 12:26:23 -0400] - UpdateStripeIdsOnMarket - Central U.P. Marketplace (19) - Connecting org customers - Organization already has stripe_customer_id: cus_5uQ49NskHV7gfy
[2015-06-08 12:26:23 -0400] - UpdateStripeIdsOnMarket - Central U.P. Marketplace (19) - Connecting org customers - Organization already has stripe_customer_id: cus_5vQurDRJ3cHoCR
[2015-06-08 12:26:23 -0400] - UpdateStripeIdsOnMarket - Central U.P. Marketplace (19) - Connecting org customers - Organization already has stripe_customer_id: cus_5uQ5w1BHozp5GT
[2015-06-08 12:26:23 -0400] - UpdateStripeIdsOnMarket - Central U.P. Marketplace (19) - Connecting org customers - MISS - No stripe_customer_id found for Organization Dancing Crane Farm (1499) balanced_customer_uri /v1/customers/CUKVR30NYeno40gziLNqd5U
[2015-06-08 12:26:23 -0400] - UpdateStripeIdsOnMarket - Central U.P. Marketplace (19) - Connecting org customers - Organization already has stripe_customer_id: cus_5uQ56W6NwYpcRJ
[2015-06-08 12:26:23 -0400] - UpdateStripeIdsOnMarket - Central U.P. Marketplace (19) - Connecting org customers - MISS - No stripe_customer_id found for Organization Reh-Morr Farm (1148) balanced_customer_uri /v1/customers/CU65HdzUiZyI4fEgwi6lkRUK
[2015-06-08 12:26:23 -0400] - UpdateStripeIdsOnMarket - Central U.P. Marketplace (19) - Connecting org customers - Organization already has stripe_customer_id: cus_5vQuQQ2as6joNu
[2015-06-08 12:26:23 -0400] - UpdateStripeIdsOnMarket - Central U.P. Marketplace (19) - Connecting org customers - Organization already has stripe_customer_id: cus_5vQu6Zjf2QE0r7
[2015-06-08 12:26:23 -0400] - UpdateStripeIdsOnMarket - Central U.P. Marketplace (19) - Connecting org customers - Updated Organization Paladino's Cafe (1082) stripe_customer_id: cus_5uQ4pPQc8V7G6n
[2015-06-08 12:26:23 -0400] - UpdateStripeIdsOnMarket - Central U.P. Marketplace (19) - Connecting org customers - Updated Organization Brownstone Inn (1080) stripe_customer_id: cus_5uQ5tR2lG0OIwy
[2015-06-08 12:26:23 -0400] - UpdateStripeIdsOnMarket - Central U.P. Marketplace (19) - Connecting org customers - Organization already has stripe_customer_id: cus_5vQvuifcpyZ41I
[2015-06-08 12:26:23 -0400] - UpdateStripeIdsOnMarket - Central U.P. Marketplace (19) - Connecting org customers - CONFLICT - Organization stripe_customer_id is ALREADY cus_6M1wdq3nvs83Fz, but export data says it should be cus_5uQ5MxLhhHSgvl
[2015-06-08 12:26:23 -0400] - UpdateStripeIdsOnMarket - Central U.P. Marketplace (19) - Connecting org customers - MISS - No stripe_customer_id found for Organization Trenary Ducks & More (1069) balanced_customer_uri /v1/customers/CU5MYIRFcLmXtTqlw9ycHxNx
[2015-06-08 12:26:23 -0400] - UpdateStripeIdsOnMarket - Central U.P. Marketplace (19) - Connecting org customers - MISS - No stripe_customer_id found for Organization Virgin Earth Farm (1068) balanced_customer_uri /v1/customers/CU6paX22jho9v4AonHHCW1HA
[2015-06-08 12:26:23 -0400] - UpdateStripeIdsOnMarket - Central U.P. Marketplace (19) - Connecting org customers - Updated Organization Das Steinhaus (1066) stripe_customer_id: cus_5uQ586nZqjxaY1
[2015-06-08 12:26:23 -0400] - UpdateStripeIdsOnMarket - Central U.P. Marketplace (19) - Connecting org customers - Organization already has stripe_customer_id: cus_5vQuGcqxW8i0oB
[2015-06-08 12:26:23 -0400] - UpdateStripeIdsOnMarket - Central U.P. Marketplace (19) - Connecting org customers - CONFLICT - Organization stripe_customer_id is ALREADY cus_6MWlJvon27RI2P, but export data says it should be cus_5uQ5z77eq6qwcC
[2015-06-08 12:26:23 -0400] - UpdateStripeIdsOnMarket - Central U.P. Marketplace (19) - Connecting org customers - Organization already has stripe_customer_id: cus_5uQ4yRCqNqxEIq
[2015-06-08 12:26:23 -0400] - UpdateStripeIdsOnMarket - Central U.P. Marketplace (19) - Connecting org customers - Organization already has stripe_customer_id: cus_5uQ4YFv0Xi1CqB
[2015-06-08 12:26:23 -0400] - UpdateStripeIdsOnMarket - Central U.P. Marketplace (19) - Connecting org customers - Organization already has stripe_customer_id: cus_5vQuze6GbtrRAM
[2015-06-08 12:26:23 -0400] - UpdateStripeIdsOnMarket - Central U.P. Marketplace (19) - Connecting org customers - Organization already has stripe_customer_id: cus_5vQuN1IRmtAaUI
[2015-06-08 12:26:23 -0400] - UpdateStripeIdsOnMarket - Central U.P. Marketplace (19) - Connecting org customers - CONFLICT - Organization stripe_customer_id is ALREADY cus_6K9DC2ClUGheHl, but export data says it should be cus_5uQ5C9986wXE6N
[2015-06-08 12:26:23 -0400] - UpdateStripeIdsOnMarket - Central U.P. Marketplace (19) - Connecting market BankAccounts - RANGE BANK, N.A. 7285 (383) already has stripe_id: ba_15ic9d2VpjOYk6Tm9fErLBBJ
[2015-06-08 12:26:23 -0400] - UpdateStripeIdsOnMarket - Central U.P. Marketplace (19) - Connecting org BankAccounts - Organization Wintergreen Farm (1087) - THE MINERS STATE BANK 6629 (216) already has stripe_id: ba_15l2532VpjOYk6TmQCWLUCcx
[2015-06-08 12:26:23 -0400] - UpdateStripeIdsOnMarket - Central U.P. Marketplace (19) - Connecting org BankAccounts - Organization Alger Marquette Community Action Board (2078) - MISS - No stripe_id found for Visa 9599 (265) balanced_customer_uri /v1/marketplaces/MP2eXZmrOPof80u3Irf94Wre/cards/CC50oHEOJRsx8i8no7rxdqaf
[2015-06-08 12:26:23 -0400] - UpdateStripeIdsOnMarket - Central U.P. Marketplace (19) - Connecting org BankAccounts - Organization Sleepy Hollow Farm (2058) - PEOPLES STATE BK 4975 (315) already has stripe_id: ba_15l24x2VpjOYk6TmyYTc1O6C
[2015-06-08 12:26:23 -0400] - UpdateStripeIdsOnMarket - Central U.P. Marketplace (19) - Connecting org BankAccounts - Organization Simply Superior (1961) - MasterCard 2692 (226) already has stripe_id: card_15ic9j2VpjOYk6Tm2RMdiMep
[2015-06-08 12:26:23 -0400] - UpdateStripeIdsOnMarket - Central U.P. Marketplace (19) - Connecting org BankAccounts - Organization MFC Kitchen (1935) - RANGE BANK, N.A. 7285 (325) already has stripe_id: ba_15ic8v2VpjOYk6TmVLqNa8nJ
[2015-06-08 12:26:23 -0400] - UpdateStripeIdsOnMarket - Central U.P. Marketplace (19) - Connecting org BankAccounts - Organization Treasa's Treasures (1596) - PEOPLES STATE BK 9398 (296) already has stripe_id: ba_15l2532VpjOYk6Tm8UNRexGh
[2015-06-08 12:26:23 -0400] - UpdateStripeIdsOnMarket - Central U.P. Marketplace (19) - Connecting org BankAccounts - Organization Dancing Crane Farm (1499) - MISS - No stripe_id found for MBANK 1381 (331) balanced_customer_uri /v1/marketplaces/MP2eXZmrOPof80u3Irf94Wre/bank_accounts/BA2mEzlY2XCUQdkbwnA7Zwro
[2015-06-08 12:26:23 -0400] - UpdateStripeIdsOnMarket - Central U.P. Marketplace (19) - Connecting org BankAccounts - Organization Badger Creek Farm (1153) - Visa 0046 (66) already has stripe_id: card_15ic9Y2VpjOYk6TmvpPceezK
[2015-06-08 12:26:23 -0400] - UpdateStripeIdsOnMarket - Central U.P. Marketplace (19) - Connecting org BankAccounts - Organization Reh-Morr Farm (1148) - MISS - No stripe_id found for NORTHERN MICHIGAN BANK & TRUST 8565 (195) balanced_customer_uri /v1/marketplaces/MP2eXZmrOPof80u3Irf94Wre/bank_accounts/BA644dE57DXr94PDikpatvAv
[2015-06-08 12:26:23 -0400] - UpdateStripeIdsOnMarket - Central U.P. Marketplace (19) - Connecting org BankAccounts - Organization HYER FARM (1146) - WELLS FARGO BANK NA (MICHIGAN) 0070 (210) already has stripe_id: ba_15l2522VpjOYk6TmsP7NPzRs
[2015-06-08 12:26:23 -0400] - UpdateStripeIdsOnMarket - Central U.P. Marketplace (19) - Connecting org BankAccounts - Organization Swanzy Farm (1145) - FIRSTMERIT BANK, N.A. 7762 (309) already has stripe_id: ba_15l24s2VpjOYk6TmrUu8hsL3
[2015-06-08 12:26:23 -0400] - UpdateStripeIdsOnMarket - Central U.P. Marketplace (19) - Connecting org BankAccounts - Organization Paladino's Cafe (1082) - Updated Visa 2745 (200) stripe_id: card_15ic942VpjOYk6TmKOCvk3rs
[2015-06-08 12:26:23 -0400] - UpdateStripeIdsOnMarket - Central U.P. Marketplace (19) - Connecting org BankAccounts - Organization Superior Angus (1079) - UPPER PENNISULA STATE BANK 2248 (107) already has stripe_id: ba_15l24x2VpjOYk6TmcDOnQj2y
[2015-06-08 12:26:24 -0400] - UpdateStripeIdsOnMarket - Central U.P. Marketplace (19) - Connecting org BankAccounts - Organization Superior Entertainment Center (1074) - Updated Visa 5924 (103) stripe_id: card_15ic9b2VpjOYk6TmC9cqH9uL
[2015-06-08 12:26:24 -0400] - UpdateStripeIdsOnMarket - Central U.P. Marketplace (19) - Connecting org BankAccounts - Organization Trenary Ducks & More (1069) - MISS - No stripe_id found for MUNISING COMMUNITY CU 1057 (142) balanced_customer_uri /v1/marketplaces/MP2eXZmrOPof80u3Irf94Wre/bank_accounts/BA5KohETcsowbYBXTFdjctLY
[2015-06-08 12:26:24 -0400] - UpdateStripeIdsOnMarket - Central U.P. Marketplace (19) - Connecting org BankAccounts - Organization Virgin Earth Farm (1068) - MISS - No stripe_id found for FIRST NATIONAL BANK 2371 (173) balanced_customer_uri /v1/marketplaces/MP2eXZmrOPof80u3Irf94Wre/bank_accounts/BA6kXwcy2B7RVbOIHdNC8PqG
[2015-06-08 12:26:24 -0400] - UpdateStripeIdsOnMarket - Central U.P. Marketplace (19) - Connecting org BankAccounts - Organization Das Steinhaus (1066) - Updated Visa 8704 (124) stripe_id: card_15ic9n2VpjOYk6Tmx5wbUUX5
[2015-06-08 12:26:24 -0400] - UpdateStripeIdsOnMarket - Central U.P. Marketplace (19) - Connecting org BankAccounts - Organization Rock River Perennial Garden and Greenhouse  rockriverpg.com (1064) - CHATHAM EBEN CO-OP FCU 9460 (152) already has stripe_id: ba_15l24s2VpjOYk6TmU1zvldiI
[2015-06-08 12:26:24 -0400] - UpdateStripeIdsOnMarket - Central U.P. Marketplace (19) - Connecting org BankAccounts - Organization Rock River Restaurants (1063) - Updated MasterCard 0977 (541) stripe_id: card_161P7L2VpjOYk6Tm1kRrubNt
[2015-06-08 12:26:24 -0400] - UpdateStripeIdsOnMarket - Central U.P. Marketplace (19) - Connecting org BankAccounts - Organization Rock River Restaurants (1063) - Updated CHATHAM EBEN CO-OP FCU 6617 (540) stripe_id: ba_161P5F2VpjOYk6TmKOKCfMmh
[2015-06-08 12:26:24 -0400] - UpdateStripeIdsOnMarket - Central U.P. Marketplace (19) - Connecting org BankAccounts - Organization Seeds & Spores Family Farm (1062) - MARQUETTE COMMUNITY FEDERAL CR UN 1621 (193) already has stripe_id: ba_15ic972VpjOYk6Tmd8wQUZwv
[2015-06-08 12:26:24 -0400] - UpdateStripeIdsOnMarket - Central U.P. Marketplace (19) - Connecting org BankAccounts - Organization Wixtrom Natural Farms (1061) - FIRST NATIONAL BANK 5298 (272) already has stripe_id: ba_15ic932VpjOYk6Tmztm8OZ9r
[2015-06-08 12:26:24 -0400] - UpdateStripeIdsOnMarket - Central U.P. Marketplace (19) - Connecting org BankAccounts - Organization Rock River Farm (1060) - CHATHAM EBEN CO-OP FCU 6406 (85) already has stripe_id: ba_15l24s2VpjOYk6TmW4ybGfKi
[2015-06-08 12:26:24 -0400] - UpdateStripeIdsOnMarket - Central U.P. Marketplace (19) - Connecting org BankAccounts - Organization Dukes Farm (1059) - MARQUETTE COMMUNITY FEDERAL CR UN 1929 (105) already has stripe_id: ba_15l24y2VpjOYk6TmXqDwozwh
[2015-06-08 12:26:24 -0400] - UpdateStripeIdsOnMarket - Central U.P. Marketplace (19) - Connecting org BankAccounts - Organization Marquette Food Cooperative (1058) - Updated RANGE BANK, N.A. 7285 (108) stripe_id: ba_15ic9b2VpjOYk6TmpneOShGh
