[2015-06-08 12:26:20 -0400] - UpdateStripeIdsOnMarket - Nashville Grown (68) - ====================================================================================================
[2015-06-08 12:26:20 -0400] - UpdateStripeIdsOnMarket - Nashville Grown (68) -  Nashville Grown (68)
[2015-06-08 12:26:20 -0400] - UpdateStripeIdsOnMarket - Nashville Grown (68) -  Updating stripe IDs for market, orgs and bank accounts.
[2015-06-08 12:26:20 -0400] - UpdateStripeIdsOnMarket - Nashville Grown (68) - 
[2015-06-08 12:26:20 -0400] - UpdateStripeIdsOnMarket - Nashville Grown (68) -  Balanced export file: /home/vagrant/git/localorbit/tools/stripe-migration/from_balanced/2015-06-08-1433769720-MP2eXZmrOPof80u3Irf94Wre.csv
[2015-06-08 12:26:20 -0400] - UpdateStripeIdsOnMarket - Nashville Grown (68) - 
[2015-06-08 12:26:20 -0400] - UpdateStripeIdsOnMarket - Nashville Grown (68) -  Rails.env: production
[2015-06-08 12:26:20 -0400] - UpdateStripeIdsOnMarket - Nashville Grown (68) -  Stripe keys:
[2015-06-08 12:26:20 -0400] - UpdateStripeIdsOnMarket - Nashville Grown (68) -   --> STRIPE_PUBLISHABLE_KEY: pk_live_j85VTsrz51POrss3ni460qaf (pk_live_j85VTsrz51POrss3ni460qaf)
[2015-06-08 12:26:20 -0400] - UpdateStripeIdsOnMarket - Nashville Grown (68) - ====================================================================================================
[2015-06-08 12:26:20 -0400] - UpdateStripeIdsOnMarket - Nashville Grown (68) - Connecting market customer - Market already has stripe_customer_id: cus_5uQ4CkRCiAoS4b
[2015-06-08 12:26:20 -0400] - UpdateStripeIdsOnMarket - Nashville Grown (68) - Connecting market account - Market already has stripe_account_id: acct_15jsfBJ6lStDVKM4
[2015-06-08 12:26:20 -0400] - UpdateStripeIdsOnMarket - Nashville Grown (68) - Connecting org customers - Organization already has stripe_customer_id: cus_6LLK8ynsmEJSLv
[2015-06-08 12:26:20 -0400] - UpdateStripeIdsOnMarket - Nashville Grown (68) - Connecting org customers - Organization already has stripe_customer_id: cus_6FDHmD3RBzB2UB
[2015-06-08 12:26:20 -0400] - UpdateStripeIdsOnMarket - Nashville Grown (68) - Connecting org customers - Organization already has stripe_customer_id: cus_6DjhGLkPosAVhk
[2015-06-08 12:26:20 -0400] - UpdateStripeIdsOnMarket - Nashville Grown (68) - Connecting org customers - Organization already has stripe_customer_id: cus_68VJJaoZ2FfFeW
[2015-06-08 12:26:20 -0400] - UpdateStripeIdsOnMarket - Nashville Grown (68) - Connecting org customers - Organization already has stripe_customer_id: cus_671p3yywBaEsVQ
[2015-06-08 12:26:20 -0400] - UpdateStripeIdsOnMarket - Nashville Grown (68) - Connecting org customers - Organization already has stripe_customer_id: cus_66yUckfefIGjIi
[2015-06-08 12:26:20 -0400] - UpdateStripeIdsOnMarket - Nashville Grown (68) - Connecting org customers - Organization already has stripe_customer_id: cus_65xiDaqGX94PYv
[2015-06-08 12:26:20 -0400] - UpdateStripeIdsOnMarket - Nashville Grown (68) - Connecting org customers - Organization already has stripe_customer_id: cus_641LyoiIDJOPCh
[2015-06-08 12:26:20 -0400] - UpdateStripeIdsOnMarket - Nashville Grown (68) - Connecting org customers - Organization already has stripe_customer_id: cus_63KURSwj8gJZyV
[2015-06-08 12:26:20 -0400] - UpdateStripeIdsOnMarket - Nashville Grown (68) - Connecting org customers - Updated Organization Jenny Vaughn (3428) stripe_customer_id: cus_61Z6WNFTh7OEEe
[2015-06-08 12:26:20 -0400] - UpdateStripeIdsOnMarket - Nashville Grown (68) - Connecting org customers - MISS - No stripe_customer_id found for Organization Thrive Cafe (3427) balanced_customer_uri /v1/customers/CU3P4dCTHMBg8Kfssv4xrgV1
[2015-06-08 12:26:20 -0400] - UpdateStripeIdsOnMarket - Nashville Grown (68) - Connecting org customers - Organization already has stripe_customer_id: cus_612BQKWxHilPQb
[2015-06-08 12:26:20 -0400] - UpdateStripeIdsOnMarket - Nashville Grown (68) - Connecting org customers - Organization already has stripe_customer_id: cus_6121pvshxPhCdM
[2015-06-08 12:26:20 -0400] - UpdateStripeIdsOnMarket - Nashville Grown (68) - Connecting org customers - Organization already has stripe_customer_id: cus_611phdBKhcfPPV
[2015-06-08 12:26:20 -0400] - UpdateStripeIdsOnMarket - Nashville Grown (68) - Connecting org customers - Organization already has stripe_customer_id: cus_5zFtrfW9KqalaH
[2015-06-08 12:26:20 -0400] - UpdateStripeIdsOnMarket - Nashville Grown (68) - Connecting org customers - Organization already has stripe_customer_id: cus_62y54QOmqOrsaC
[2015-06-08 12:26:20 -0400] - UpdateStripeIdsOnMarket - Nashville Grown (68) - Connecting org customers - Organization already has stripe_customer_id: cus_5vlGMAwFAq50xN
[2015-06-08 12:26:20 -0400] - UpdateStripeIdsOnMarket - Nashville Grown (68) - Connecting org customers - Organization already has stripe_customer_id: cus_5uQ620EDvv85lH
[2015-06-08 12:26:20 -0400] - UpdateStripeIdsOnMarket - Nashville Grown (68) - Connecting org customers - Organization already has stripe_customer_id: cus_642zxwFr97j3bL
[2015-06-08 12:26:20 -0400] - UpdateStripeIdsOnMarket - Nashville Grown (68) - Connecting org customers - Organization already has stripe_customer_id: cus_63JhYyCjIMH7P1
[2015-06-08 12:26:20 -0400] - UpdateStripeIdsOnMarket - Nashville Grown (68) - Connecting org customers - Organization already has stripe_customer_id: cus_5uQ5Q1YLBvbdL6
[2015-06-08 12:26:20 -0400] - UpdateStripeIdsOnMarket - Nashville Grown (68) - Connecting org customers - MISS - No stripe_customer_id found for Organization Scott Greenwood Organic (3139) balanced_customer_uri /v1/customers/CUknYIyUpx7ihy52iBnCZ5Z
[2015-06-08 12:26:21 -0400] - UpdateStripeIdsOnMarket - Nashville Grown (68) - Connecting org customers - Organization already has stripe_customer_id: cus_5uQ5576zgZmtay
[2015-06-08 12:26:21 -0400] - UpdateStripeIdsOnMarket - Nashville Grown (68) - Connecting org customers - Organization already has stripe_customer_id: cus_6C3JbUyG1gkPam
[2015-06-08 12:26:21 -0400] - UpdateStripeIdsOnMarket - Nashville Grown (68) - Connecting org customers - Organization already has stripe_customer_id: cus_644IQZQOO9Hwhh
[2015-06-08 12:26:21 -0400] - UpdateStripeIdsOnMarket - Nashville Grown (68) - Connecting org customers - Organization already has stripe_customer_id: cus_5uQ59iY695Avk5
[2015-06-08 12:26:21 -0400] - UpdateStripeIdsOnMarket - Nashville Grown (68) - Connecting org customers - Organization already has stripe_customer_id: cus_5uQ5sVX8BaOWkt
[2015-06-08 12:26:21 -0400] - UpdateStripeIdsOnMarket - Nashville Grown (68) - Connecting org customers - Organization already has stripe_customer_id: cus_5uQ5Hh1vVuKP5j
[2015-06-08 12:26:21 -0400] - UpdateStripeIdsOnMarket - Nashville Grown (68) - Connecting org customers - Organization already has stripe_customer_id: cus_5uQ5Yf33vlGJqH
[2015-06-08 12:26:21 -0400] - UpdateStripeIdsOnMarket - Nashville Grown (68) - Connecting org customers - Organization already has stripe_customer_id: cus_5uQ5jrKTC61iDB
[2015-06-08 12:26:21 -0400] - UpdateStripeIdsOnMarket - Nashville Grown (68) - Connecting org customers - Organization already has stripe_customer_id: cus_5uQ5GxQajhEqrz
[2015-06-08 12:26:21 -0400] - UpdateStripeIdsOnMarket - Nashville Grown (68) - Connecting org customers - Organization already has stripe_customer_id: cus_5uQ5PkNDbYmxwJ
[2015-06-08 12:26:21 -0400] - UpdateStripeIdsOnMarket - Nashville Grown (68) - Connecting org customers - Organization already has stripe_customer_id: cus_5uQ5SaBJ2yU4XQ
[2015-06-08 12:26:21 -0400] - UpdateStripeIdsOnMarket - Nashville Grown (68) - Connecting org customers - Organization already has stripe_customer_id: cus_5uQ5oh0YFlV68z
[2015-06-08 12:26:21 -0400] - UpdateStripeIdsOnMarket - Nashville Grown (68) - Connecting org customers - Organization already has stripe_customer_id: cus_5uQ5bGEA1ncXc3
[2015-06-08 12:26:21 -0400] - UpdateStripeIdsOnMarket - Nashville Grown (68) - Connecting org customers - Organization already has stripe_customer_id: cus_5uQ5iEycYMxaJl
[2015-06-08 12:26:21 -0400] - UpdateStripeIdsOnMarket - Nashville Grown (68) - Connecting org customers - Organization already has stripe_customer_id: cus_5uQ5JeQ2v7ZGca
[2015-06-08 12:26:21 -0400] - UpdateStripeIdsOnMarket - Nashville Grown (68) - Connecting org customers - Organization already has stripe_customer_id: cus_5uQ5BcrD2pcINe
[2015-06-08 12:26:21 -0400] - UpdateStripeIdsOnMarket - Nashville Grown (68) - Connecting org customers - Organization already has stripe_customer_id: cus_5uQ5rPYJNbRcXl
[2015-06-08 12:26:21 -0400] - UpdateStripeIdsOnMarket - Nashville Grown (68) - Connecting org customers - Organization already has stripe_customer_id: cus_5uQ5pb4xxqv3Bl
[2015-06-08 12:26:21 -0400] - UpdateStripeIdsOnMarket - Nashville Grown (68) - Connecting org customers - Organization already has stripe_customer_id: cus_5uQ6AWFMSTjKxn
[2015-06-08 12:26:21 -0400] - UpdateStripeIdsOnMarket - Nashville Grown (68) - Connecting org customers - Organization already has stripe_customer_id: cus_5uQ5c3knjEvXVt
[2015-06-08 12:26:21 -0400] - UpdateStripeIdsOnMarket - Nashville Grown (68) - Connecting org customers - Organization already has stripe_customer_id: cus_5uQ5ceeGj9Eb6r
[2015-06-08 12:26:21 -0400] - UpdateStripeIdsOnMarket - Nashville Grown (68) - Connecting org customers - Organization already has stripe_customer_id: cus_5uQ5O1rlN5UuzN
[2015-06-08 12:26:21 -0400] - UpdateStripeIdsOnMarket - Nashville Grown (68) - Connecting org customers - Organization already has stripe_customer_id: cus_5uQ5zBFje7ihJJ
[2015-06-08 12:26:21 -0400] - UpdateStripeIdsOnMarket - Nashville Grown (68) - Connecting org customers - Updated Organization 360 Bistro (2896) stripe_customer_id: cus_5uQ4wRko0UMpCP
[2015-06-08 12:26:21 -0400] - UpdateStripeIdsOnMarket - Nashville Grown (68) - Connecting org customers - Organization already has stripe_customer_id: cus_5uQ46qeJKwFj0f
[2015-06-08 12:26:21 -0400] - UpdateStripeIdsOnMarket - Nashville Grown (68) - Connecting org customers - Updated Organization Rumours East (2889) stripe_customer_id: cus_5uQ4I7X873PxMS
[2015-06-08 12:26:21 -0400] - UpdateStripeIdsOnMarket - Nashville Grown (68) - Connecting org customers - CONFLICT - Organization stripe_customer_id is ALREADY cus_6LntbwXNZaKi7R, but export data says it should be cus_5uQ4BeZFNB8a3w
[2015-06-08 12:26:21 -0400] - UpdateStripeIdsOnMarket - Nashville Grown (68) - Connecting org customers - CONFLICT - Organization stripe_customer_id is ALREADY cus_6Lj34KGYO03oHZ, but export data says it should be cus_5uQ42YkXaOCGXV
[2015-06-08 12:26:21 -0400] - UpdateStripeIdsOnMarket - Nashville Grown (68) - Connecting org customers - CONFLICT - Organization stripe_customer_id is ALREADY cus_6Lfjc2DzMjlITR, but export data says it should be cus_5uQ4WY03KjOVf4
[2015-06-08 12:26:21 -0400] - UpdateStripeIdsOnMarket - Nashville Grown (68) - Connecting org customers - CONFLICT - Organization stripe_customer_id is ALREADY cus_6LinwzDsarbpDX, but export data says it should be cus_5uQ4FwhUDEh8Iw
[2015-06-08 12:26:21 -0400] - UpdateStripeIdsOnMarket - Nashville Grown (68) - Connecting org customers - Updated Organization Catbird Seat (2884) stripe_customer_id: cus_5uQ4wxC07UfNDk
[2015-06-08 12:26:21 -0400] - UpdateStripeIdsOnMarket - Nashville Grown (68) - Connecting org customers - Organization already has stripe_customer_id: cus_5uQ45d0fa1KB6G
[2015-06-08 12:26:21 -0400] - UpdateStripeIdsOnMarket - Nashville Grown (68) - Connecting org customers - Organization already has stripe_customer_id: cus_5uQ4wbvG0xYD4q
[2015-06-08 12:26:21 -0400] - UpdateStripeIdsOnMarket - Nashville Grown (68) - Connecting org customers - CONFLICT - Organization stripe_customer_id is ALREADY cus_6KE8h66xSwRqo6, but export data says it should be cus_5uQ4E7yDwQ7td4
[2015-06-08 12:26:21 -0400] - UpdateStripeIdsOnMarket - Nashville Grown (68) - Connecting org customers - Organization already has stripe_customer_id: cus_5uQ4Y6cb5YBjcP
[2015-06-08 12:26:21 -0400] - UpdateStripeIdsOnMarket - Nashville Grown (68) - Connecting org customers - Organization already has stripe_customer_id: cus_5uQ4FWPgNJxORq
[2015-06-08 12:26:21 -0400] - UpdateStripeIdsOnMarket - Nashville Grown (68) - Connecting org customers - Organization already has stripe_customer_id: cus_5uQ4rPCVh230je
[2015-06-08 12:26:21 -0400] - UpdateStripeIdsOnMarket - Nashville Grown (68) - Connecting org customers - Organization already has stripe_customer_id: cus_5uQ4XZdli1aQz0
[2015-06-08 12:26:21 -0400] - UpdateStripeIdsOnMarket - Nashville Grown (68) - Connecting org customers - Organization already has stripe_customer_id: cus_5uQ4cMadW0AArc
[2015-06-08 12:26:21 -0400] - UpdateStripeIdsOnMarket - Nashville Grown (68) - Connecting org customers - Organization already has stripe_customer_id: cus_5uQ4pRHZ3isdHz
[2015-06-08 12:26:21 -0400] - UpdateStripeIdsOnMarket - Nashville Grown (68) - Connecting org customers - Organization already has stripe_customer_id: cus_5uQ4kkkd34VkiI
[2015-06-08 12:26:21 -0400] - UpdateStripeIdsOnMarket - Nashville Grown (68) - Connecting org customers - Organization already has stripe_customer_id: cus_5uQ4MDG8vzYMKS
[2015-06-08 12:26:21 -0400] - UpdateStripeIdsOnMarket - Nashville Grown (68) - Connecting org customers - Organization already has stripe_customer_id: cus_5uQ4Ti68zgpNmo
[2015-06-08 12:26:21 -0400] - UpdateStripeIdsOnMarket - Nashville Grown (68) - Connecting org customers - Organization already has stripe_customer_id: cus_5uQ4Z5jnPns4xh
[2015-06-08 12:26:21 -0400] - UpdateStripeIdsOnMarket - Nashville Grown (68) - Connecting market BankAccounts - Updated AVENUE BANK 5829 (412) stripe_id: ba_169TUT2VpjOYk6Tm2lKb67cx
[2015-06-08 12:26:21 -0400] - UpdateStripeIdsOnMarket - Nashville Grown (68) - Connecting org BankAccounts - Organization Hearts in the Mix (3470) - Visa 9655 (498) already has stripe_id: card_15rDvE2VpjOYk6Tm2DwDhkHV
[2015-06-08 12:26:21 -0400] - UpdateStripeIdsOnMarket - Nashville Grown (68) - Connecting org BankAccounts - Organization Chop Wood Carry Water Farm  (3243) - PINNACLE BANK 8142 (469) already has stripe_id: ba_15jzWd2VpjOYk6Tm7IQoAwwo
[2015-06-08 12:26:21 -0400] - UpdateStripeIdsOnMarket - Nashville Grown (68) - Connecting org BankAccounts - Organization Fresh and Local LLC (3181) - PINNACLE BANK 7001 (503) already has stripe_id: ba_15ruu32VpjOYk6Tmrihpahe5
[2015-06-08 12:26:21 -0400] - UpdateStripeIdsOnMarket - Nashville Grown (68) - Connecting org BankAccounts - Organization Franklin Juice Co. (3161) - MasterCard 2087 (462) already has stripe_id: card_15icAA2VpjOYk6TmJFYQEeVO
[2015-06-08 12:26:21 -0400] - UpdateStripeIdsOnMarket - Nashville Grown (68) - Connecting org BankAccounts - Organization Scott Greenwood Organic (3139) - MISS - No stripe_id found for SUMNER BANK & TRUST 3204 (451) balanced_customer_uri /v1/marketplaces/MP2eXZmrOPof80u3Irf94Wre/bank_accounts/BAjlrJEnOIFiTO7iUo4syj5
