[2015-05-27 11:27:55 -0400] - UpdateStripeIdsOnMarket - Tulsa Farmers' Market -Wholesale Division (67) - ====================================================================================================
[2015-05-27 11:27:55 -0400] - UpdateStripeIdsOnMarket - Tulsa Farmers' Market -Wholesale Division (67) -  Tulsa Farmers' Market -Wholesale Division (67)
[2015-05-27 11:27:55 -0400] - UpdateStripeIdsOnMarket - Tulsa Farmers' Market -Wholesale Division (67) -  Updating stripe IDs for market, orgs and bank accounts.
[2015-05-27 11:27:55 -0400] - UpdateStripeIdsOnMarket - Tulsa Farmers' Market -Wholesale Division (67) - 
[2015-05-27 11:27:55 -0400] - UpdateStripeIdsOnMarket - Tulsa Farmers' Market -Wholesale Division (67) -  Balanced export file: /home/vagrant/git/localorbit/tools/stripe-migration/from_balanced/2015-05-27-1432735944-MP2eXZmrOPof80u3Irf94Wre.csv
[2015-05-27 11:27:55 -0400] - UpdateStripeIdsOnMarket - Tulsa Farmers' Market -Wholesale Division (67) - 
[2015-05-27 11:27:55 -0400] - UpdateStripeIdsOnMarket - Tulsa Farmers' Market -Wholesale Division (67) -  Rails.env: production
[2015-05-27 11:27:55 -0400] - UpdateStripeIdsOnMarket - Tulsa Farmers' Market -Wholesale Division (67) -  Stripe keys:
[2015-05-27 11:27:55 -0400] - UpdateStripeIdsOnMarket - Tulsa Farmers' Market -Wholesale Division (67) -   --> STRIPE_PUBLISHABLE_KEY: pk_live_j85VTsrz51POrss3ni460qaf (pk_live_j85VTsrz51POrss3ni460qaf)
[2015-05-27 11:27:55 -0400] - UpdateStripeIdsOnMarket - Tulsa Farmers' Market -Wholesale Division (67) - ====================================================================================================
[2015-05-27 11:27:56 -0400] - UpdateStripeIdsOnMarket - Tulsa Farmers' Market -Wholesale Division (67) - Connecting market customer - Updated Market stripe_customer_id: cus_5uQ4YmmxyQVBqI
[2015-05-27 11:27:56 -0400] - UpdateStripeIdsOnMarket - Tulsa Farmers' Market -Wholesale Division (67) - Connecting market account - Updated Market stripe_account_id: acct_15l1yULnlQGv511a
[2015-05-27 11:27:56 -0400] - UpdateStripeIdsOnMarket - Tulsa Farmers' Market -Wholesale Division (67) - Connecting org customers - Updated Organization The Dilly Diner (3939) stripe_customer_id: cus_6J0xjFKEyet1vW
[2015-05-27 11:27:56 -0400] - UpdateStripeIdsOnMarket - Tulsa Farmers' Market -Wholesale Division (67) - Connecting org customers - Updated Organization Edible Tulsa (3836) stripe_customer_id: cus_6GS5mQmeeOGa13
[2015-05-27 11:27:56 -0400] - UpdateStripeIdsOnMarket - Tulsa Farmers' Market -Wholesale Division (67) - Connecting org customers - Updated Organization Bodeans (3734) stripe_customer_id: cus_6CGbG2HbrsBogm
[2015-05-27 11:27:56 -0400] - UpdateStripeIdsOnMarket - Tulsa Farmers' Market -Wholesale Division (67) - Connecting org customers - Updated Organization Our Farm (3726) stripe_customer_id: cus_6BsAXEhUa2rs4F
[2015-05-27 11:27:56 -0400] - UpdateStripeIdsOnMarket - Tulsa Farmers' Market -Wholesale Division (67) - Connecting org customers - Updated Organization Doyles Country Garden (3710) stripe_customer_id: cus_6BZd7EHHQABQwr
[2015-05-27 11:27:57 -0400] - UpdateStripeIdsOnMarket - Tulsa Farmers' Market -Wholesale Division (67) - Connecting org customers - Updated Organization Thunderbird Berry Farm (3706) stripe_customer_id: cus_6BV0tKdFkrBSG7
[2015-05-27 11:27:57 -0400] - UpdateStripeIdsOnMarket - Tulsa Farmers' Market -Wholesale Division (67) - Connecting org customers - Updated Organization Tulsa Country Club (3700) stripe_customer_id: cus_6DoV9yXVI0bLaa
[2015-05-27 11:27:57 -0400] - UpdateStripeIdsOnMarket - Tulsa Farmers' Market -Wholesale Division (67) - Connecting org customers - Updated Organization McNellies (3690) stripe_customer_id: cus_6AKxGry2xxFwEq
[2015-05-27 11:27:57 -0400] - UpdateStripeIdsOnMarket - Tulsa Farmers' Market -Wholesale Division (67) - Connecting org customers - Updated Organization Southwood Farm (3649) stripe_customer_id: cus_68sS83iwOd0Jwe
[2015-05-27 11:27:57 -0400] - UpdateStripeIdsOnMarket - Tulsa Farmers' Market -Wholesale Division (67) - Connecting org customers - Updated Organization Sloth Acres (3646) stripe_customer_id: cus_68rEzbxyxqdf7l
[2015-05-27 11:27:57 -0400] - UpdateStripeIdsOnMarket - Tulsa Farmers' Market -Wholesale Division (67) - Connecting org customers - Updated Organization Wilson Bluestem Beef (3591) stripe_customer_id: cus_66dUGVZLCK8GOZ
[2015-05-27 11:27:57 -0400] - UpdateStripeIdsOnMarket - Tulsa Farmers' Market -Wholesale Division (67) - Connecting org customers - Updated Organization Bohemia (3550) stripe_customer_id: cus_65uU09pYvFwLF9
[2015-05-27 11:27:57 -0400] - UpdateStripeIdsOnMarket - Tulsa Farmers' Market -Wholesale Division (67) - Connecting org customers - Updated Organization Mod's Coffee and Crepes (3549) stripe_customer_id: cus_65uNJdoNFvxHdw
[2015-05-27 11:27:57 -0400] - UpdateStripeIdsOnMarket - Tulsa Farmers' Market -Wholesale Division (67) - Connecting org customers - Updated Organization Smoke on cherry street (3532) stripe_customer_id: cus_6B5rMJzNUQ4vOc
[2015-05-27 11:27:57 -0400] - UpdateStripeIdsOnMarket - Tulsa Farmers' Market -Wholesale Division (67) - Connecting org customers - Updated Organization TFMA Buyer Account (3531) stripe_customer_id: cus_65bjM2sHUWTtm7
[2015-05-27 11:27:57 -0400] - UpdateStripeIdsOnMarket - Tulsa Farmers' Market -Wholesale Division (67) - Connecting org customers - Updated Organization Fisher's Produce (3503) stripe_customer_id: cus_6445hAqzp19mue
[2015-05-27 11:27:57 -0400] - UpdateStripeIdsOnMarket - Tulsa Farmers' Market -Wholesale Division (67) - Connecting org customers - Updated Organization Greenwood Farms (3502) stripe_customer_id: cus_641a1rDugZVwUW
[2015-05-27 11:27:57 -0400] - UpdateStripeIdsOnMarket - Tulsa Farmers' Market -Wholesale Division (67) - Connecting org customers - MISS - No stripe_customer_id found for Organization The Vault (3481) balanced_customer_uri /v1/customers/CU7z7PqiYx3cAsPFjMlfXon0
[2015-05-27 11:27:57 -0400] - UpdateStripeIdsOnMarket - Tulsa Farmers' Market -Wholesale Division (67) - Connecting org customers - MISS - No stripe_customer_id found for Organization Brady Tavern (3480) balanced_customer_uri /v1/customers/CULvWctJ1isYN29HMcTXbc
[2015-05-27 11:27:58 -0400] - UpdateStripeIdsOnMarket - Tulsa Farmers' Market -Wholesale Division (67) - Connecting org customers - Updated Organization R&G Grocers (3416) stripe_customer_id: cus_614li2ZTNb5z54
[2015-05-27 11:27:58 -0400] - UpdateStripeIdsOnMarket - Tulsa Farmers' Market -Wholesale Division (67) - Connecting org customers - Updated Organization Meals on Wheels (3412) stripe_customer_id: cus_611gyPtZAgRauW
[2015-05-27 11:27:58 -0400] - UpdateStripeIdsOnMarket - Tulsa Farmers' Market -Wholesale Division (67) - Connecting org customers - Updated Organization Canyon Ridge Farms (3398) stripe_customer_id: cus_60gRW7B1sv7j2j
[2015-05-27 11:27:58 -0400] - UpdateStripeIdsOnMarket - Tulsa Farmers' Market -Wholesale Division (67) - Connecting org customers - Updated Organization Juniper (3389) stripe_customer_id: cus_5zb8v818ajML6R
[2015-05-27 11:27:58 -0400] - UpdateStripeIdsOnMarket - Tulsa Farmers' Market -Wholesale Division (67) - Connecting org customers - Updated Organization Trencher's Delicatessen (3388) stripe_customer_id: cus_5zb2YbJIn0VCD0
[2015-05-27 11:27:58 -0400] - UpdateStripeIdsOnMarket - Tulsa Farmers' Market -Wholesale Division (67) - Connecting org customers - Updated Organization The Living Kitchen Farm and Garden (3386) stripe_customer_id: cus_5zawEfL5qQ4vfn
[2015-05-27 11:27:58 -0400] - UpdateStripeIdsOnMarket - Tulsa Farmers' Market -Wholesale Division (67) - Connecting org customers - Updated Organization Renaissance Hotel (3385) stripe_customer_id: cus_5zar6Ut352X4gl
[2015-05-27 11:27:58 -0400] - UpdateStripeIdsOnMarket - Tulsa Farmers' Market -Wholesale Division (67) - Connecting org customers - Updated Organization Cafe Samana (3384) stripe_customer_id: cus_5zangKluPE1LL8
[2015-05-27 11:27:58 -0400] - UpdateStripeIdsOnMarket - Tulsa Farmers' Market -Wholesale Division (67) - Connecting org customers - Updated Organization Smoke on Cherry Street (3383) stripe_customer_id: cus_5zah9fCvl6v1L2
[2015-05-27 11:27:58 -0400] - UpdateStripeIdsOnMarket - Tulsa Farmers' Market -Wholesale Division (67) - Connecting org customers - Updated Organization Tallgrass Prairie Table (3382) stripe_customer_id: cus_5zaYyHD5I162d4
[2015-05-27 11:27:58 -0400] - UpdateStripeIdsOnMarket - Tulsa Farmers' Market -Wholesale Division (67) - Connecting org customers - Updated Organization Green Country Local Produce (3380) stripe_customer_id: cus_5zZeoiIGQrBXEP
[2015-05-27 11:27:58 -0400] - UpdateStripeIdsOnMarket - Tulsa Farmers' Market -Wholesale Division (67) - Connecting org customers - Updated Organization Antoinette Baking Company (3374) stripe_customer_id: cus_5zFwIsJKs6WFSo
[2015-05-27 11:27:59 -0400] - UpdateStripeIdsOnMarket - Tulsa Farmers' Market -Wholesale Division (67) - Connecting org customers - Updated Organization McClain's (3373) stripe_customer_id: cus_5zFvZNWVDNXqTe
[2015-05-27 11:27:59 -0400] - UpdateStripeIdsOnMarket - Tulsa Farmers' Market -Wholesale Division (67) - Connecting org customers - Updated Organization K2 Farm (3351) stripe_customer_id: cus_5yNaZNu8XKlPoM
[2015-05-27 11:27:59 -0400] - UpdateStripeIdsOnMarket - Tulsa Farmers' Market -Wholesale Division (67) - Connecting org customers - Updated Organization LOMAH Dairy (3346) stripe_customer_id: cus_5y8EDMRqBcbQdV
[2015-05-27 11:27:59 -0400] - UpdateStripeIdsOnMarket - Tulsa Farmers' Market -Wholesale Division (67) - Connecting org customers - Updated Organization Tria Yang Farm (3345) stripe_customer_id: cus_5y8EuK0l6NgpBy
[2015-05-27 11:27:59 -0400] - UpdateStripeIdsOnMarket - Tulsa Farmers' Market -Wholesale Division (67) - Connecting org customers - Updated Organization Koehn's Grassfed (3344) stripe_customer_id: cus_5y8EV6qhhudkOD
[2015-05-27 11:27:59 -0400] - UpdateStripeIdsOnMarket - Tulsa Farmers' Market -Wholesale Division (67) - Connecting org customers - Updated Organization Knight Creek Farm (3343) stripe_customer_id: cus_5y8DKePgc8rH7W
[2015-05-27 11:27:59 -0400] - UpdateStripeIdsOnMarket - Tulsa Farmers' Market -Wholesale Division (67) - Connecting org customers - Updated Organization Cabin Creek Berry Farm (3342) stripe_customer_id: cus_5y8DZIIIfzHjwd
[2015-05-27 11:27:59 -0400] - UpdateStripeIdsOnMarket - Tulsa Farmers' Market -Wholesale Division (67) - Connecting org customers - Updated Organization Wagon Creek Creamery (3341) stripe_customer_id: cus_5y7tF16qWIKCuV
[2015-05-27 11:27:59 -0400] - UpdateStripeIdsOnMarket - Tulsa Farmers' Market -Wholesale Division (67) - Connecting org customers - Updated Organization Chilli's Garden (3340) stripe_customer_id: cus_5y6NLCFHvFVmpF
[2015-05-27 11:28:00 -0400] - UpdateStripeIdsOnMarket - Tulsa Farmers' Market -Wholesale Division (67) - Connecting org customers - Updated Organization Blakley Family Farms (3339) stripe_customer_id: cus_5y5DiVFEFosThF
[2015-05-27 11:28:00 -0400] - UpdateStripeIdsOnMarket - Tulsa Farmers' Market -Wholesale Division (67) - Connecting org customers - Updated Organization Country Garden Farm (3338) stripe_customer_id: cus_5y4aKTgQThVEmj
[2015-05-27 11:28:00 -0400] - UpdateStripeIdsOnMarket - Tulsa Farmers' Market -Wholesale Division (67) - Connecting org customers - Updated Organization Bootstrap Farm (3249) stripe_customer_id: cus_5vUV2eFpROESZU
[2015-05-27 11:28:00 -0400] - UpdateStripeIdsOnMarket - Tulsa Farmers' Market -Wholesale Division (67) - Connecting market BankAccounts - Updated BOKF, N.A. 1752 (443) stripe_id: ba_15ic8n2VpjOYk6Tmpxbl6F2D
[2015-05-27 11:28:00 -0400] - UpdateStripeIdsOnMarket - Tulsa Farmers' Market -Wholesale Division (67) - Connecting org BankAccounts - Organization Bodeans (3734) - Updated MasterCard 3884 (553) stripe_id: card_163tH92VpjOYk6Tm8FOvSQby
[2015-05-27 11:28:00 -0400] - UpdateStripeIdsOnMarket - Tulsa Farmers' Market -Wholesale Division (67) - Connecting org BankAccounts - Organization Smoke on cherry street (3532) - Updated Visa 3955 (538) stripe_id: card_15yjgA2VpjOYk6TmSF0YLK3J
[2015-05-27 11:28:00 -0400] - UpdateStripeIdsOnMarket - Tulsa Farmers' Market -Wholesale Division (67) - Connecting org BankAccounts - Organization Smoke on cherry street (3532) - Updated Visa 3955 (533) stripe_id: card_15yjgA2VpjOYk6TmSF0YLK3J
[2015-05-27 11:28:00 -0400] - UpdateStripeIdsOnMarket - Tulsa Farmers' Market -Wholesale Division (67) - Connecting org BankAccounts - Organization TFMA Buyer Account (3531) - Updated MasterCard 0636 (514) stripe_id: card_15tiU92VpjOYk6TmCgMzTDht
[2015-05-27 11:28:00 -0400] - UpdateStripeIdsOnMarket - Tulsa Farmers' Market -Wholesale Division (67) - Connecting org BankAccounts - Organization Juniper (3389) - Updated Visa 3421 (542) stripe_id: card_161Pm72VpjOYk6Tms5VCAMJ3
[2015-05-27 11:28:00 -0400] - UpdateStripeIdsOnMarket - Tulsa Farmers' Market -Wholesale Division (67) - Connecting org BankAccounts - Organization Cafe Samana (3384) - Updated Visa 1883 (543) stripe_id: card_161SZv2VpjOYk6TmUbcOXiyI
[2015-05-27 11:28:01 -0400] - UpdateStripeIdsOnMarket - Tulsa Farmers' Market -Wholesale Division (67) - Connecting org BankAccounts - Organization Smoke on Cherry Street (3383) - Updated Visa 3955 (520) stripe_id: card_15uqhq2VpjOYk6TmyQSh6ZrD
[2015-05-27 11:28:01 -0400] - UpdateStripeIdsOnMarket - Tulsa Farmers' Market -Wholesale Division (67) - Connecting org BankAccounts - Organization Antoinette Baking Company (3374) - Updated MasterCard 4546 (510) stripe_id: card_15tbCK2VpjOYk6Tmw2pz5UvL
