[2015-05-26 16:00:32 -0400] - UpdateStripeIdsOnMarket - Happy Valley Fresh/Farm to School (39) - ====================================================================================================
[2015-05-26 16:00:32 -0400] - UpdateStripeIdsOnMarket - Happy Valley Fresh/Farm to School (39) -  Happy Valley Fresh/Farm to School (39)
[2015-05-26 16:00:32 -0400] - UpdateStripeIdsOnMarket - Happy Valley Fresh/Farm to School (39) -  Updating stripe IDs for market, orgs and bank accounts.
[2015-05-26 16:00:32 -0400] - UpdateStripeIdsOnMarket - Happy Valley Fresh/Farm to School (39) - 
[2015-05-26 16:00:32 -0400] - UpdateStripeIdsOnMarket - Happy Valley Fresh/Farm to School (39) -  Rails.env: production
[2015-05-26 16:00:32 -0400] - UpdateStripeIdsOnMarket - Happy Valley Fresh/Farm to School (39) -  Stripe keys:
[2015-05-26 16:00:32 -0400] - UpdateStripeIdsOnMarket - Happy Valley Fresh/Farm to School (39) -   --> STRIPE_PUBLISHABLE_KEY: pk_live_j85VTsrz51POrss3ni460qaf (pk_live_j85VTsrz51POrss3ni460qaf)
[2015-05-26 16:00:32 -0400] - UpdateStripeIdsOnMarket - Happy Valley Fresh/Farm to School (39) - ====================================================================================================
[2015-05-26 16:00:32 -0400] - UpdateStripeIdsOnMarket - Happy Valley Fresh/Farm to School (39) - Connecting market customer - MISS - No stripe_customer_id found for market balanced_customer_uri /v1/customers/CU7is1HNN7GnaCuKp7dKnok2
[2015-05-26 16:00:32 -0400] - UpdateStripeIdsOnMarket - Happy Valley Fresh/Farm to School (39) - Connecting market account - MISS - No stripe_account_id found for market balanced_customer_uri /v1/customers/CU7is1HNN7GnaCuKp7dKnok2
[2015-05-26 16:00:33 -0400] - UpdateStripeIdsOnMarket - Happy Valley Fresh/Farm to School (39) - Connecting org customers - Updated Organization Feather River Packaging, Gridley (1605) stripe_customer_id: cus_5uQ5bKUSNHsMKI
[2015-05-26 16:00:36 -0400] - UpdateStripeIdsOnMarket - Happy Valley Fresh/Farm to School (39) - Connecting org customers - Updated Organization O'Connell Ranch, Colusa  (1602) stripe_customer_id: cus_5uQ56B29CD0ur8
[2015-05-26 16:00:36 -0400] - UpdateStripeIdsOnMarket - Happy Valley Fresh/Farm to School (39) - Connecting org customers - Updated Organization Irvine Fruit Growers (1926) stripe_customer_id: cus_5uQ4ZNyndsZFQS
[2015-05-26 16:00:37 -0400] - UpdateStripeIdsOnMarket - Happy Valley Fresh/Farm to School (39) - Connecting org customers - Updated Organization Stephen's Ranch, Yuba City (1844) stripe_customer_id: cus_5uQ4W3z9WsJeWR
[2015-05-26 16:00:37 -0400] - UpdateStripeIdsOnMarket - Happy Valley Fresh/Farm to School (39) - Connecting org customers - Updated Organization Gateway Unified School District, Sean Hayes (1931) stripe_customer_id: cus_5uQ4bSLxDlWq9X
[2015-05-26 16:00:38 -0400] - UpdateStripeIdsOnMarket - Happy Valley Fresh/Farm to School (39) - Connecting org customers - Updated Organization Amy's Quality Produce (1955) stripe_customer_id: cus_5uQ5dYqCbmKaDY
[2015-05-26 16:00:39 -0400] - UpdateStripeIdsOnMarket - Happy Valley Fresh/Farm to School (39) - Connecting org customers - Updated Organization Noble Orchards, Paradise, CA (1956) stripe_customer_id: cus_5uQ47pkU9yNbti
[2015-05-26 16:00:40 -0400] - UpdateStripeIdsOnMarket - Happy Valley Fresh/Farm to School (39) - Connecting org customers - Updated Organization Rose Valley, Woodland  (1848) stripe_customer_id: cus_5uQ4bl1cSNpQZN
[2015-05-26 16:00:40 -0400] - UpdateStripeIdsOnMarket - Happy Valley Fresh/Farm to School (39) - Connecting org customers - Updated Organization Jim and Stacy Bianchi (1964) stripe_customer_id: cus_5uQ4XxV44PauLp
[2015-05-26 16:00:40 -0400] - UpdateStripeIdsOnMarket - Happy Valley Fresh/Farm to School (39) - Connecting org customers - Updated Organization UC CalFresh Nutrition Ed program, Vicki Lawrence (1997) stripe_customer_id: cus_5uQ4yAHEmibBxl
[2015-05-26 16:00:40 -0400] - UpdateStripeIdsOnMarket - Happy Valley Fresh/Farm to School (39) - Connecting org customers - Updated Organization Trinity Alps Unified School District, Ellen Eggers (1985) stripe_customer_id: cus_5uQ5YsjyZQb7yW
[2015-05-26 16:00:41 -0400] - UpdateStripeIdsOnMarket - Happy Valley Fresh/Farm to School (39) - Connecting org customers - Updated Organization Corning Union Elementary School District, Leslie Passantino (2009) stripe_customer_id: cus_5uQ45CtmQ270uR
[2015-05-26 16:00:41 -0400] - UpdateStripeIdsOnMarket - Happy Valley Fresh/Farm to School (39) - Connecting org customers - Updated Organization EESD Parson's Junior High School, Leslie Reynolds (2014) stripe_customer_id: cus_5uQ4egZPerTWwY
[2015-05-26 16:00:41 -0400] - UpdateStripeIdsOnMarket - Happy Valley Fresh/Farm to School (39) - Connecting org customers - Updated Organization Grant Elementary School, Lorena Anderson (2008) stripe_customer_id: cus_5uQ5S1DAtiGYLM
[2015-05-26 16:00:42 -0400] - UpdateStripeIdsOnMarket - Happy Valley Fresh/Farm to School (39) - Connecting org customers - Updated Organization OUSD, Mill Street School, Valerie Logan (2021) stripe_customer_id: cus_5uQ4YEJ5kkJ6hS
[2015-05-26 16:00:42 -0400] - UpdateStripeIdsOnMarket - Happy Valley Fresh/Farm to School (39) - Connecting org customers - Updated Organization EESD-Lassen View, Kathy Sardeson (2012) stripe_customer_id: cus_5uQ4iCfiVAKSW6
[2015-05-26 16:00:42 -0400] - UpdateStripeIdsOnMarket - Happy Valley Fresh/Farm to School (39) - Connecting org customers - Updated Organization EESD- Boulder Creek School, Sally Birka-White (2011) stripe_customer_id: cus_5uQ4IjuFieh29X
[2015-05-26 16:00:42 -0400] - UpdateStripeIdsOnMarket - Happy Valley Fresh/Farm to School (39) - Connecting org customers - Updated Organization Chartwells, Simpson University (1987) stripe_customer_id: cus_5uQ4PhKCpz6Gs1
[2015-05-26 16:00:43 -0400] - UpdateStripeIdsOnMarket - Happy Valley Fresh/Farm to School (39) - Connecting org customers - Updated Organization OUSD Fairview School, Bobby Brewster (2019) stripe_customer_id: cus_5uQ4RAc5fJE4zx
[2015-05-26 16:00:43 -0400] - UpdateStripeIdsOnMarket - Happy Valley Fresh/Farm to School (39) - Connecting org customers - Updated Organization Happy Valley Union School District, Debbie Andrew (1982) stripe_customer_id: cus_5uQ5PxWc7VrBBe
[2015-05-26 16:00:43 -0400] - UpdateStripeIdsOnMarket - Happy Valley Fresh/Farm to School (39) - Connecting org customers - Updated Organization RSD, Cypress School, Jackie Thurman (2028) stripe_customer_id: cus_5uQ4QGygx6ubbf
[2015-05-26 16:00:43 -0400] - UpdateStripeIdsOnMarket - Happy Valley Fresh/Farm to School (39) - Connecting org customers - Updated Organization Bella Vista Elementary, Kim Morris (2043) stripe_customer_id: cus_5uQ4SlcZL57v5t
[2015-05-26 16:00:44 -0400] - UpdateStripeIdsOnMarket - Happy Valley Fresh/Farm to School (39) - Connecting org customers - Updated Organization RSD Juniper Academy, Connie Elsemore (2045) stripe_customer_id: cus_5uQ5pHbo5gTev4
[2015-05-26 16:00:44 -0400] - UpdateStripeIdsOnMarket - Happy Valley Fresh/Farm to School (39) - Connecting org customers - Updated Organization ESD, Evergreen Middle School, Vicky Wooley (2039) stripe_customer_id: cus_5uQ47Uk8zZAWOC
[2015-05-26 16:00:44 -0400] - UpdateStripeIdsOnMarket - Happy Valley Fresh/Farm to School (39) - Connecting org customers - Updated Organization ESD,Evergreen Elementary School, Vicky Wooley (2037) stripe_customer_id: cus_5uQ45eiEhGkx7C
[2015-05-26 16:00:44 -0400] - UpdateStripeIdsOnMarket - Happy Valley Fresh/Farm to School (39) - Connecting org customers - Updated Organization EESD, Rother Elementary , Mary Hanrahan (2042) stripe_customer_id: cus_5uQ5x2jXWNX6rX
[2015-05-26 16:00:45 -0400] - UpdateStripeIdsOnMarket - Happy Valley Fresh/Farm to School (39) - Connecting org customers - Updated Organization RSD, Sycamore Elementary School, Cherie Aicher (2038) stripe_customer_id: cus_5uQ45HH17372GN
[2015-05-26 16:00:45 -0400] - UpdateStripeIdsOnMarket - Happy Valley Fresh/Farm to School (39) - Connecting org customers - Updated Organization CascadeUSD Meadow Lane, Debby Andrew (2031) stripe_customer_id: cus_5uQ4KJFcObf13R
[2015-05-26 16:00:45 -0400] - UpdateStripeIdsOnMarket - Happy Valley Fresh/Farm to School (39) - Connecting org customers - Updated Organization West Valley High School (2054) stripe_customer_id: cus_5uQ4s3mEJUIRon
[2015-05-26 16:00:46 -0400] - UpdateStripeIdsOnMarket - Happy Valley Fresh/Farm to School (39) - Connecting org customers - Updated Organization RSD Bonnyview School, Carolyn Bloom (2060) stripe_customer_id: cus_5uQ5ftGhM0YtCC
[2015-05-26 16:00:46 -0400] - UpdateStripeIdsOnMarket - Happy Valley Fresh/Farm to School (39) - Connecting org customers - Updated Organization Grant Preschool (2065) stripe_customer_id: cus_5uQ5ZdhZX7D5DY
[2015-05-26 16:00:46 -0400] - UpdateStripeIdsOnMarket - Happy Valley Fresh/Farm to School (39) - Connecting org customers - Updated Organization OUSD - Orland High School (2085) stripe_customer_id: cus_5uQ4V2T2oc3AWp
[2015-05-26 16:00:46 -0400] - UpdateStripeIdsOnMarket - Happy Valley Fresh/Farm to School (39) - Connecting org customers - Updated Organization SUHSD, Shasta High School, Marci  (2086) stripe_customer_id: cus_5uQ4k2JnMJdlcT
[2015-05-26 16:00:47 -0400] - UpdateStripeIdsOnMarket - Happy Valley Fresh/Farm to School (39) - Connecting org customers - Updated Organization Pacheco Union School Distict Food Service (2084) stripe_customer_id: cus_5uQ4QshRZsWAHj
[2015-05-26 16:00:47 -0400] - UpdateStripeIdsOnMarket - Happy Valley Fresh/Farm to School (39) - Connecting org customers - Updated Organization Maxwell Unified School District, Food Service, Danna Burrious (2089) stripe_customer_id: cus_5uQ4Pw46zaRWhu
[2015-05-26 16:00:47 -0400] - UpdateStripeIdsOnMarket - Happy Valley Fresh/Farm to School (39) - Connecting org customers - Updated Organization Paradise Unified School District (1984) stripe_customer_id: cus_5uQ40FTfNtIaZU
[2015-05-26 16:00:47 -0400] - UpdateStripeIdsOnMarket - Happy Valley Fresh/Farm to School (39) - Connecting org customers - Updated Organization Corning High School, Kim Vasquez (2090) stripe_customer_id: cus_5uQ5ibJvbRFMoe
[2015-05-26 16:00:48 -0400] - UpdateStripeIdsOnMarket - Happy Valley Fresh/Farm to School (39) - Connecting org customers - Updated Organization Williams Unified, High School (2071) stripe_customer_id: cus_5uQ4ww0zgakP2F
[2015-05-26 16:00:48 -0400] - UpdateStripeIdsOnMarket - Happy Valley Fresh/Farm to School (39) - Connecting org customers - Updated Organization Monte Vista, Kory Metz (2082) stripe_customer_id: cus_5uQ5louHbnkk3h
[2015-05-26 16:00:48 -0400] - UpdateStripeIdsOnMarket - Happy Valley Fresh/Farm to School (39) - Connecting org customers - Updated Organization RSD, Manzanita School, Megan Pires (2091) stripe_customer_id: cus_5uQ5ByJDTyjCfO
[2015-05-26 16:00:49 -0400] - UpdateStripeIdsOnMarket - Happy Valley Fresh/Farm to School (39) - Connecting org customers - Updated Organization RSD Sequoia School, Jennifer Flynn (2092) stripe_customer_id: cus_5uQ4khdTlIJPgq
[2015-05-26 16:00:49 -0400] - UpdateStripeIdsOnMarket - Happy Valley Fresh/Farm to School (39) - Connecting org customers - Updated Organization EESD Mistletoe School, Lori Leach (2093) stripe_customer_id: cus_5uQ48MXTg86X7k
[2015-05-26 16:00:49 -0400] - UpdateStripeIdsOnMarket - Happy Valley Fresh/Farm to School (39) - Connecting org customers - Updated Organization EESD Alta Mesa, Becky Patterson (2094) stripe_customer_id: cus_5uQ4SpBco2WJT8
[2015-05-26 16:00:49 -0400] - UpdateStripeIdsOnMarket - Happy Valley Fresh/Farm to School (39) - Connecting org customers - Updated Organization EESD Shasta Meadows School,  (2095) stripe_customer_id: cus_5uQ474oYE1MrCw
[2015-05-26 16:00:50 -0400] - UpdateStripeIdsOnMarket - Happy Valley Fresh/Farm to School (39) - Connecting org customers - Updated Organization CESD Mountain View Middle School, Morgan Cook (2096) stripe_customer_id: cus_5uQ4fdwJReMz5C
[2015-05-26 16:00:50 -0400] - UpdateStripeIdsOnMarket - Happy Valley Fresh/Farm to School (39) - Connecting org customers - Updated Organization AUHSD West Valley High School, Jill Azevedo (2098) stripe_customer_id: cus_5uQ4Kb7RIW8Rcb
[2015-05-26 16:00:50 -0400] - UpdateStripeIdsOnMarket - Happy Valley Fresh/Farm to School (39) - Connecting org customers - Updated Organization OUSD CK Price Middle School, Linda Schroer (2099) stripe_customer_id: cus_5uQ4vGUR3gmU2D
[2015-05-26 16:00:50 -0400] - UpdateStripeIdsOnMarket - Happy Valley Fresh/Farm to School (39) - Connecting org customers - Updated Organization Capay School, Bobbie McNary (2100) stripe_customer_id: cus_5uQ56qa5Ek3OiW
[2015-05-26 16:00:51 -0400] - UpdateStripeIdsOnMarket - Happy Valley Fresh/Farm to School (39) - Connecting org customers - Updated Organization Shasta County Jail (2101) stripe_customer_id: cus_5uQ4TLOEjgJ6dl
[2015-05-26 16:00:51 -0400] - UpdateStripeIdsOnMarket - Happy Valley Fresh/Farm to School (39) - Connecting org customers - Updated Organization CESD Columbia School, Morgan Cook (2097) stripe_customer_id: cus_5uQ4BsQdU55xUU
[2015-05-26 16:00:51 -0400] - UpdateStripeIdsOnMarket - Happy Valley Fresh/Farm to School (39) - Connecting org customers - Updated Organization Happy Valley Olive Oil (2139) stripe_customer_id: cus_5uQ4V1ThoTzIYU
[2015-05-26 16:00:52 -0400] - UpdateStripeIdsOnMarket - Happy Valley Fresh/Farm to School (39) - Connecting org customers - Updated Organization CascadeUSD Anderson Heights, Debby Andrew (2156) stripe_customer_id: cus_5uQ4GYRp3NfJGI
[2015-05-26 16:00:52 -0400] - UpdateStripeIdsOnMarket - Happy Valley Fresh/Farm to School (39) - Connecting org customers - Updated Organization Cascade ESD, Anderson Middle School, Debby Andrew (2155) stripe_customer_id: cus_5uQ5FDEekFFAul
[2015-05-26 16:00:52 -0400] - UpdateStripeIdsOnMarket - Happy Valley Fresh/Farm to School (39) - Connecting org customers - Updated Organization Chico Unified School District (2144) stripe_customer_id: cus_5uQ4iQvWeaoQfE
[2015-05-26 16:00:52 -0400] - UpdateStripeIdsOnMarket - Happy Valley Fresh/Farm to School (39) - Connecting org customers - Updated Organization AUHSD Anderson High School, Laura Spromberg (2153) stripe_customer_id: cus_5uQ4CjiIJF4p7R
[2015-05-26 16:00:53 -0400] - UpdateStripeIdsOnMarket - Happy Valley Fresh/Farm to School (39) - Connecting org customers - Updated Organization Williams Unified Elementary School, Lynda Reynolds (2152) stripe_customer_id: cus_5uQ5I7zXDTUboc
[2015-05-26 16:00:53 -0400] - UpdateStripeIdsOnMarket - Happy Valley Fresh/Farm to School (39) - Connecting org customers - Updated Organization Antelope Elementary School District (2184) stripe_customer_id: cus_5uQ4eNz8ULbOLL
[2015-05-26 16:00:53 -0400] - UpdateStripeIdsOnMarket - Happy Valley Fresh/Farm to School (39) - Connecting org customers - Updated Organization Shasta College Food Service (2173) stripe_customer_id: cus_5uQ4GdnsEMplZl
[2015-05-26 16:00:53 -0400] - UpdateStripeIdsOnMarket - Happy Valley Fresh/Farm to School (39) - Connecting org customers - Updated Organization OCESD  Bird Street Elementary School, Angela Smith (2163) stripe_customer_id: cus_5uQ4PohTv6YZfQ
[2015-05-26 16:00:54 -0400] - UpdateStripeIdsOnMarket - Happy Valley Fresh/Farm to School (39) - Connecting org customers - Updated Organization OCESD Oakdale Heights Elementary School, Debbie Anderson (2165) stripe_customer_id: cus_5uQ4bNGTIWt0sk
[2015-05-26 16:00:54 -0400] - UpdateStripeIdsOnMarket - Happy Valley Fresh/Farm to School (39) - Connecting org customers - Updated Organization OCESD Ophir Elementary School, Nicol Dow (2174) stripe_customer_id: cus_5uQ5nrfP9ntzfr
[2015-05-26 16:00:54 -0400] - UpdateStripeIdsOnMarket - Happy Valley Fresh/Farm to School (39) - Connecting org customers - Updated Organization OCESD  Stanford Avenue Elementary School, Carrie Pedrini-Pierson (2186) stripe_customer_id: cus_5uQ4o4NcZW860W
[2015-05-26 16:00:54 -0400] - UpdateStripeIdsOnMarket - Happy Valley Fresh/Farm to School (39) - Connecting org customers - Updated Organization OCESD Central Middle School (2198) stripe_customer_id: cus_5uQ4Ue6gW4OPoP
[2015-05-26 16:00:55 -0400] - UpdateStripeIdsOnMarket - Happy Valley Fresh/Farm to School (39) - Connecting org customers - Updated Organization OCESD Ishi Hills Middle School, Patty Norton (2199) stripe_customer_id: cus_5uQ4lbIalyNTCm
[2015-05-26 16:00:55 -0400] - UpdateStripeIdsOnMarket - Happy Valley Fresh/Farm to School (39) - Connecting org customers - Updated Organization OCESD Wyandotte Avenue Elementary School, Ella Abercrombie (2197) stripe_customer_id: cus_5uQ4zEotDGcQ3x
[2015-05-26 16:00:55 -0400] - UpdateStripeIdsOnMarket - Happy Valley Fresh/Farm to School (39) - Connecting org customers - Updated Organization RSD Turtle Bay Elementary School, Michelle McClain (2202) stripe_customer_id: cus_5uQ4AesAzEcpSA
[2015-05-26 16:00:56 -0400] - UpdateStripeIdsOnMarket - Happy Valley Fresh/Farm to School (39) - Connecting org customers - Updated Organization Willows USD Murdock Elementary School (2272) stripe_customer_id: cus_5uQ4Yulm8xBvgE
[2015-05-26 16:00:56 -0400] - UpdateStripeIdsOnMarket - Happy Valley Fresh/Farm to School (39) - Connecting org customers - Updated Organization Hand in Hand Learning Center, Colusa (2321) stripe_customer_id: cus_5uQ4GXpA8P61WA
[2015-05-26 16:00:56 -0400] - UpdateStripeIdsOnMarket - Happy Valley Fresh/Farm to School (39) - Connecting org customers - Updated Organization Whitely Mandarins, Corning (2364) stripe_customer_id: cus_5uQ4g6hUh3gKNk
[2015-05-26 16:00:57 -0400] - UpdateStripeIdsOnMarket - Happy Valley Fresh/Farm to School (39) - Connecting org customers - Updated Organization Cook's Citrus, Orland (2391) stripe_customer_id: cus_5uQ4AwUiEp4Lol
[2015-05-26 16:00:57 -0400] - UpdateStripeIdsOnMarket - Happy Valley Fresh/Farm to School (39) - Connecting org customers - Updated Organization Wild River Farming (2679) stripe_customer_id: cus_5uQ4LXWbesiHMN
[2015-05-26 16:00:58 -0400] - UpdateStripeIdsOnMarket - Happy Valley Fresh/Farm to School (39) - Connecting org customers - Updated Organization Kaki Farms (2709) stripe_customer_id: cus_5uQ5l7bnyxh9L9
[2015-05-26 16:00:58 -0400] - UpdateStripeIdsOnMarket - Happy Valley Fresh/Farm to School (39) - Connecting org customers - Updated Organization Lucero Olive Oil (3143) stripe_customer_id: cus_5uQ5Rud2AqbqOD
[2015-05-26 16:00:59 -0400] - UpdateStripeIdsOnMarket - Happy Valley Fresh/Farm to School (39) - Connecting org customers - Updated Organization William Saefong (3476) stripe_customer_id: cus_63bCuBnT60e9Ms
[2015-05-26 16:00:59 -0400] - UpdateStripeIdsOnMarket - Happy Valley Fresh/Farm to School (39) - Connecting market BankAccounts - MISS - No stripe_id found for REDDING BANK OF COMMERCE 8596 (252) balanced_customer_uri /v1/marketplaces/MP2eXZmrOPof80u3Irf94Wre/bank_accounts/BA6SF1yBqVpQbqBmemWdnSfp
[2015-05-26 16:01:01 -0400] - UpdateStripeIdsOnMarket - Happy Valley Fresh/Farm to School (39) - Connecting org BankAccounts - Organization Chartwells, Simpson University (1987) - Updated MasterCard 9796 (244) stripe_id: card_15ic8w2VpjOYk6TmwsP6PLIy
